#
# There is insufficient memory for the Java Runtime Environment to continue.
# Native memory allocation (malloc) failed to allocate 982896 bytes for Chunk::new
# Possible reasons:
#   The system is out of physical RAM or swap space
#   The process is running with CompressedOops enabled, and the Java Heap may be blocking the growth of the native heap
# Possible solutions:
#   Reduce memory load on the system
#   Increase physical memory or swap space
#   Check if swap backing store is full
#   Decrease Java heap size (-Xmx/-Xms)
#   Decrease number of Java threads
#   Decrease Java thread stack sizes (-Xss)
#   Set larger code cache with -XX:ReservedCodeCacheSize=
#   JVM is running with Unscaled Compressed Oops mode in which the Java heap is
#     placed in the first 4GB address space. The Java Heap base address is the
#     maximum limit for the native heap growth. Please use -XX:HeapBaseMinAddress
#     to set the Java Heap base and to place the Java Heap above 4GB virtual address.
# This output file may be truncated or incomplete.
#
#  Out of Memory Error (./src/hotspot/share/memory/arena.cpp:197), pid=12556, tid=6372
#
# JRE version: OpenJDK Runtime Environment (11.0.13) (build 11.0.13+0-b1751.21-8125866)
# Java VM: OpenJDK 64-Bit Server VM (11.0.13+0-b1751.21-8125866, mixed mode, tiered, compressed oops, g1 gc, windows-amd64)
# No core dump will be written. Minidumps are not enabled by default on client versions of Windows
#

---------------  S U M M A R Y ------------

Command Line: --add-opens=java.base/java.util=ALL-UNNAMED --add-opens=java.base/java.lang=ALL-UNNAMED --add-opens=java.base/java.lang.invoke=ALL-UNNAMED --add-opens=java.base/java.util=ALL-UNNAMED --add-opens=java.prefs/java.util.prefs=ALL-UNNAMED --add-opens=java.prefs/java.util.prefs=ALL-UNNAMED --add-opens=java.base/java.nio.charset=ALL-UNNAMED --add-opens=java.base/java.net=ALL-UNNAMED --add-opens=java.base/java.util.concurrent.atomic=ALL-UNNAMED -Xmx2048m -Dfile.encoding=UTF-8 -Duser.country=US -Duser.language=en -Duser.variant org.gradle.launcher.daemon.bootstrap.GradleDaemon 7.4

Host: Intel(R) Core(TM) i5-3570 CPU @ 3.40GHz, 4 cores, 15G,  Windows 10 , 64 bit Build 19041 (10.0.19041.2546)
Time: Mon Feb 27 03:13:50 2023 Malay Peninsula Standard Time elapsed time: 7739.535930 seconds (0d 2h 8m 59s)

---------------  T H R E A D  ---------------

Current thread (0x000001fa19223000):  JavaThread "C2 CompilerThread1" daemon [_thread_in_native, id=6372, stack(0x000000c0add00000,0x000000c0ade00000)]


Current CompileTask:
C2:7739535 27214       4       com.sun.tools.javac.tree.JCTree$JCVariableDecl::accept (9 bytes)

Stack: [0x000000c0add00000,0x000000c0ade00000]
Native frames: (J=compiled Java code, j=interpreted, Vv=VM code, C=native code)
V  [jvm.dll+0x6100fa]
V  [jvm.dll+0x747090]
V  [jvm.dll+0x7486ad]
V  [jvm.dll+0x748d83]
V  [jvm.dll+0x24ab48]
V  [jvm.dll+0xc04dc]
V  [jvm.dll+0xc0a0c]
V  [jvm.dll+0x35eb9d]
V  [jvm.dll+0x32b833]
V  [jvm.dll+0x32ad2a]
V  [jvm.dll+0x2032b2]
V  [jvm.dll+0x202437]
V  [jvm.dll+0x188e01]
V  [jvm.dll+0x21106b]
V  [jvm.dll+0x20f8c1]
V  [jvm.dll+0x70de0f]
V  [jvm.dll+0x706a75]
V  [jvm.dll+0x60ed66]
C  [ucrtbase.dll+0x21bb2]
C  [KERNEL32.DLL+0x17614]
C  [ntdll.dll+0x526a1]


---------------  P R O C E S S  ---------------

Threads class SMR info:
_java_thread_list=0x000001fa1df98580, length=88, elements={
0x000001fa7a568000, 0x000001fa16955800, 0x000001fa16961800, 0x000001fa169b5800,
0x000001fa169b7000, 0x000001fa169b9800, 0x000001fa169be800, 0x000001fa169bf800,
0x000001fa169dd800, 0x000001fa16b25800, 0x000001fa17d95000, 0x000001fa16d1d000,
0x000001fa18503800, 0x000001fa18274000, 0x000001fa18275800, 0x000001fa18275000,
0x000001fa18276800, 0x000001fa19c0d800, 0x000001fa19c08000, 0x000001fa19c0e800,
0x000001fa19c0c800, 0x000001fa19c14000, 0x000001fa19c16800, 0x000001fa193b0000,
0x000001fa193af000, 0x000001fa17306000, 0x000001fa193b4000, 0x000001fa193ab000,
0x000001fa193ac800, 0x000001fa1cd8e000, 0x000001fa1cd89800, 0x000001fa1cd8a800,
0x000001fa1cd88000, 0x000001fa1cd8e800, 0x000001fa1cd89000, 0x000001fa1cd8b800,
0x000001fa1cd8f800, 0x000001fa1cd90000, 0x000001fa1cd8c000, 0x000001fa1cd8d000,
0x000001fa1cd96800, 0x000001fa1cd92000, 0x000001fa1cd93800, 0x000001fa1cd94800,
0x000001fa1cd95000, 0x000001fa1cd92800, 0x000001fa17307800, 0x000001fa17306800,
0x000001fa17302000, 0x000001fa17305000, 0x000001fa17303800, 0x000001fa17304800,
0x000001fa17308800, 0x000001fa17302800, 0x000001fa1730d800, 0x000001fa1730c800,
0x000001fa17309000, 0x000001fa1730a000, 0x000001fa17310800, 0x000001fa1730e000,
0x000001fa1730b800, 0x000001fa1730b000, 0x000001fa1730f800, 0x000001fa1730f000,
0x000001fa1c2ae000, 0x000001fa1c2af000, 0x000001fa1c2ab000, 0x000001fa1c2b0000,
0x000001fa1c2aa000, 0x000001fa1c2ab800, 0x000001fa1c2b0800, 0x000001fa1c2b2000,
0x000001fa1c2b1800, 0x000001fa1c2ac800, 0x000001fa1c2b3000, 0x000001fa1c2ad800,
0x000001fa1c2b6800, 0x000001fa1c2b4000, 0x000001fa1c2b7000, 0x000001fa1c2b8000,
0x000001fa1c2b4800, 0x000001fa1c2b5800, 0x000001fa193ad800, 0x000001fa193ae000,
0x000001fa193ab800, 0x000001fa193a8800, 0x000001fa193a9000, 0x000001fa19223000
}

Java Threads: ( => current thread )
  0x000001fa7a568000 JavaThread "main" [_thread_blocked, id=13444, stack(0x000000c0a8900000,0x000000c0a8a00000)]
  0x000001fa16955800 JavaThread "Reference Handler" daemon [_thread_blocked, id=8920, stack(0x000000c0a9000000,0x000000c0a9100000)]
  0x000001fa16961800 JavaThread "Finalizer" daemon [_thread_blocked, id=10640, stack(0x000000c0a9100000,0x000000c0a9200000)]
  0x000001fa169b5800 JavaThread "Signal Dispatcher" daemon [_thread_blocked, id=12196, stack(0x000000c0a9200000,0x000000c0a9300000)]
  0x000001fa169b7000 JavaThread "Attach Listener" daemon [_thread_blocked, id=5196, stack(0x000000c0a9300000,0x000000c0a9400000)]
  0x000001fa169b9800 JavaThread "Service Thread" daemon [_thread_blocked, id=1432, stack(0x000000c0a9400000,0x000000c0a9500000)]
  0x000001fa169be800 JavaThread "C2 CompilerThread0" daemon [_thread_in_native, id=14112, stack(0x000000c0a9500000,0x000000c0a9600000)]
  0x000001fa169bf800 JavaThread "C1 CompilerThread0" daemon [_thread_blocked, id=15140, stack(0x000000c0a9600000,0x000000c0a9700000)]
  0x000001fa169dd800 JavaThread "Sweeper thread" daemon [_thread_blocked, id=9204, stack(0x000000c0a9700000,0x000000c0a9800000)]
  0x000001fa16b25800 JavaThread "Common-Cleaner" daemon [_thread_blocked, id=17552, stack(0x000000c0a9800000,0x000000c0a9900000)]
  0x000001fa17d95000 JavaThread "Daemon health stats" [_thread_blocked, id=13928, stack(0x000000c0a9e00000,0x000000c0a9f00000)]
  0x000001fa16d1d000 JavaThread "Incoming local TCP Connector on port 52340" [_thread_in_native, id=16864, stack(0x000000c0a9a00000,0x000000c0a9b00000)]
  0x000001fa18503800 JavaThread "Daemon periodic checks" [_thread_blocked, id=15276, stack(0x000000c0a9f00000,0x000000c0aa000000)]
  0x000001fa18274000 JavaThread "Cache worker for journal cache (C:\Users\babyu\.gradle\caches\journal-1)" [_thread_blocked, id=19248, stack(0x000000c0aa700000,0x000000c0aa800000)]
  0x000001fa18275800 JavaThread "File lock request listener" [_thread_in_native, id=15048, stack(0x000000c0aa800000,0x000000c0aa900000)]
  0x000001fa18275000 JavaThread "Cache worker for file hash cache (C:\Users\babyu\.gradle\caches\7.4\fileHashes)" [_thread_blocked, id=8868, stack(0x000000c0aa900000,0x000000c0aaa00000)]
  0x000001fa18276800 JavaThread "File watcher server" daemon [_thread_in_native, id=10688, stack(0x000000c0aab00000,0x000000c0aac00000)]
  0x000001fa19c0d800 JavaThread "File watcher consumer" daemon [_thread_blocked, id=19972, stack(0x000000c0aac00000,0x000000c0aad00000)]
  0x000001fa19c08000 JavaThread "Cache worker for execution history cache (C:\Users\babyu\.gradle\caches\7.4\executionHistory)" [_thread_blocked, id=16416, stack(0x000000c0ab100000,0x000000c0ab200000)]
  0x000001fa19c0e800 JavaThread "jar transforms" [_thread_blocked, id=20412, stack(0x000000c0ab200000,0x000000c0ab300000)]
  0x000001fa19c0c800 JavaThread "jar transforms Thread 2" [_thread_blocked, id=11636, stack(0x000000c0ab300000,0x000000c0ab400000)]
  0x000001fa19c14000 JavaThread "Cache worker for file content cache (C:\Users\babyu\.gradle\caches\7.4\fileContent)" [_thread_blocked, id=12340, stack(0x000000c0ab400000,0x000000c0ab500000)]
  0x000001fa19c16800 JavaThread "jar transforms Thread 3" [_thread_blocked, id=13628, stack(0x000000c0ab600000,0x000000c0ab700000)]
  0x000001fa193b0000 JavaThread "jar transforms Thread 4" [_thread_blocked, id=8664, stack(0x000000c0ae000000,0x000000c0ae100000)]
  0x000001fa193af000 JavaThread "Memory manager" [_thread_blocked, id=8916, stack(0x000000c0ae100000,0x000000c0ae200000)]
  0x000001fa17306000 JavaThread "Cache worker for Java compile cache (C:\Users\babyu\.gradle\caches\7.4\javaCompile)" [_thread_blocked, id=17932, stack(0x000000c0aaa00000,0x000000c0aab00000)]
  0x000001fa193b4000 JavaThread "ForkJoinPool.commonPool-worker-3" daemon [_thread_blocked, id=9860, stack(0x000000c0af600000,0x000000c0af700000)]
  0x000001fa193ab000 JavaThread "Daemon Thread 8" [_thread_blocked, id=7528, stack(0x000000c0a8600000,0x000000c0a8700000)]
  0x000001fa193ac800 JavaThread "Daemon worker Thread 8" [_thread_blocked, id=13284, stack(0x000000c0aa000000,0x000000c0aa100000)]
  0x000001fa1cd8e000 JavaThread "included builds" [_thread_blocked, id=5928, stack(0x000000c0adf00000,0x000000c0ae000000)]
  0x000001fa1cd89800 JavaThread "Handler for socket connection from /127.0.0.1:52340 to /127.0.0.1:54074" [_thread_in_native, id=7920, stack(0x000000c0a8700000,0x000000c0a8800000)]
  0x000001fa1cd8a800 JavaThread "Cancel handler" [_thread_blocked, id=20100, stack(0x000000c0a8800000,0x000000c0a8900000)]
  0x000001fa1cd88000 JavaThread "Asynchronous log dispatcher for DefaultDaemonConnection: socket connection from /127.0.0.1:52340 to /127.0.0.1:54074" [_thread_blocked, id=2060, stack(0x000000c0aa100000,0x000000c0aa200000)]
  0x000001fa1cd8e800 JavaThread "Stdin handler" [_thread_blocked, id=4468, stack(0x000000c0aa200000,0x000000c0aa300000)]
  0x000001fa1cd89000 JavaThread "Daemon client event forwarder" [_thread_blocked, id=11680, stack(0x000000c0aa300000,0x000000c0aa400000)]
  0x000001fa1cd8b800 JavaThread "Cache worker for checksums cache (D:\Bitoy\3rd Yr 2nd Sem\CAPSTONE\App\.gradle\7.4\checksums)" [_thread_blocked, id=3756, stack(0x000000c0aa400000,0x000000c0aa500000)]
  0x000001fa1cd8f800 JavaThread "Cache worker for cache directory md-rule (C:\Users\babyu\.gradle\caches\7.4\md-rule)" [_thread_blocked, id=17280, stack(0x000000c0aa500000,0x000000c0aa600000)]
  0x000001fa1cd90000 JavaThread "Cache worker for file hash cache (D:\Bitoy\3rd Yr 2nd Sem\CAPSTONE\App\.gradle\7.4\fileHashes)" [_thread_blocked, id=3544, stack(0x000000c0aa600000,0x000000c0aa700000)]
  0x000001fa1cd8c000 JavaThread "Cache worker for cache directory md-supplier (C:\Users\babyu\.gradle\caches\7.4\md-supplier)" [_thread_blocked, id=6988, stack(0x000000c0aad00000,0x000000c0aae00000)]
  0x000001fa1cd8d000 JavaThread "Cache worker for dependencies-accessors (D:\Bitoy\3rd Yr 2nd Sem\CAPSTONE\App\.gradle\7.4\dependencies-accessors)" [_thread_blocked, id=14348, stack(0x000000c0aae00000,0x000000c0aaf00000)]
  0x000001fa1cd96800 JavaThread "Cache worker for Build Output Cleanup Cache (D:\Bitoy\3rd Yr 2nd Sem\CAPSTONE\App\.gradle\buildOutputCleanup)" [_thread_blocked, id=11540, stack(0x000000c0aaf00000,0x000000c0ab000000)]
  0x000001fa1cd92000 JavaThread "Unconstrained build operations" [_thread_blocked, id=1720, stack(0x000000c0ab000000,0x000000c0ab100000)]
  0x000001fa1cd93800 JavaThread "Unconstrained build operations Thread 2" [_thread_blocked, id=6768, stack(0x000000c0ab500000,0x000000c0ab600000)]
  0x000001fa1cd94800 JavaThread "Unconstrained build operations Thread 3" [_thread_blocked, id=12352, stack(0x000000c0ab700000,0x000000c0ab800000)]
  0x000001fa1cd95000 JavaThread "Unconstrained build operations Thread 4" [_thread_blocked, id=18664, stack(0x000000c0ab800000,0x000000c0ab900000)]
  0x000001fa1cd92800 JavaThread "Unconstrained build operations Thread 5" [_thread_blocked, id=3856, stack(0x000000c0ab900000,0x000000c0aba00000)]
  0x000001fa17307800 JavaThread "Unconstrained build operations Thread 6" [_thread_blocked, id=20020, stack(0x000000c0aba00000,0x000000c0abb00000)]
  0x000001fa17306800 JavaThread "Unconstrained build operations Thread 7" [_thread_blocked, id=15932, stack(0x000000c0abb00000,0x000000c0abc00000)]
  0x000001fa17302000 JavaThread "Unconstrained build operations Thread 8" [_thread_blocked, id=10944, stack(0x000000c0abc00000,0x000000c0abd00000)]
  0x000001fa17305000 JavaThread "Unconstrained build operations Thread 9" [_thread_blocked, id=15652, stack(0x000000c0abd00000,0x000000c0abe00000)]
  0x000001fa17303800 JavaThread "Unconstrained build operations Thread 10" [_thread_blocked, id=11044, stack(0x000000c0abe00000,0x000000c0abf00000)]
  0x000001fa17304800 JavaThread "Unconstrained build operations Thread 11" [_thread_blocked, id=18600, stack(0x000000c0abf00000,0x000000c0ac000000)]
  0x000001fa17308800 JavaThread "Unconstrained build operations Thread 12" [_thread_blocked, id=18408, stack(0x000000c0ac000000,0x000000c0ac100000)]
  0x000001fa17302800 JavaThread "Unconstrained build operations Thread 13" [_thread_blocked, id=12036, stack(0x000000c0ac100000,0x000000c0ac200000)]
  0x000001fa1730d800 JavaThread "Unconstrained build operations Thread 14" [_thread_blocked, id=17284, stack(0x000000c0ac200000,0x000000c0ac300000)]
  0x000001fa1730c800 JavaThread "Unconstrained build operations Thread 15" [_thread_blocked, id=6196, stack(0x000000c0ac300000,0x000000c0ac400000)]
  0x000001fa17309000 JavaThread "Unconstrained build operations Thread 16" [_thread_blocked, id=3492, stack(0x000000c0ac400000,0x000000c0ac500000)]
  0x000001fa1730a000 JavaThread "Unconstrained build operations Thread 17" [_thread_blocked, id=19500, stack(0x000000c0ac500000,0x000000c0ac600000)]
  0x000001fa17310800 JavaThread "Unconstrained build operations Thread 18" [_thread_blocked, id=2340, stack(0x000000c0ac600000,0x000000c0ac700000)]
  0x000001fa1730e000 JavaThread "Unconstrained build operations Thread 19" [_thread_blocked, id=15636, stack(0x000000c0ac700000,0x000000c0ac800000)]
  0x000001fa1730b800 JavaThread "Unconstrained build operations Thread 20" [_thread_blocked, id=9852, stack(0x000000c0ac800000,0x000000c0ac900000)]
  0x000001fa1730b000 JavaThread "Unconstrained build operations Thread 21" [_thread_blocked, id=14680, stack(0x000000c0ac900000,0x000000c0aca00000)]
  0x000001fa1730f800 JavaThread "Unconstrained build operations Thread 22" [_thread_blocked, id=12336, stack(0x000000c0aca00000,0x000000c0acb00000)]
  0x000001fa1730f000 JavaThread "Unconstrained build operations Thread 23" [_thread_blocked, id=7500, stack(0x000000c0acb00000,0x000000c0acc00000)]
  0x000001fa1c2ae000 JavaThread "Unconstrained build operations Thread 24" [_thread_blocked, id=19652, stack(0x000000c0acc00000,0x000000c0acd00000)]
  0x000001fa1c2af000 JavaThread "Unconstrained build operations Thread 25" [_thread_blocked, id=14768, stack(0x000000c0acd00000,0x000000c0ace00000)]
  0x000001fa1c2ab000 JavaThread "Unconstrained build operations Thread 26" [_thread_blocked, id=8676, stack(0x000000c0ace00000,0x000000c0acf00000)]
  0x000001fa1c2b0000 JavaThread "Unconstrained build operations Thread 27" [_thread_blocked, id=13380, stack(0x000000c0acf00000,0x000000c0ad000000)]
  0x000001fa1c2aa000 JavaThread "Unconstrained build operations Thread 28" [_thread_blocked, id=13124, stack(0x000000c0ad000000,0x000000c0ad100000)]
  0x000001fa1c2ab800 JavaThread "Unconstrained build operations Thread 29" [_thread_blocked, id=12572, stack(0x000000c0ad100000,0x000000c0ad200000)]
  0x000001fa1c2b0800 JavaThread "Unconstrained build operations Thread 30" [_thread_blocked, id=19256, stack(0x000000c0ad200000,0x000000c0ad300000)]
  0x000001fa1c2b2000 JavaThread "Unconstrained build operations Thread 31" [_thread_blocked, id=3068, stack(0x000000c0ad300000,0x000000c0ad400000)]
  0x000001fa1c2b1800 JavaThread "Unconstrained build operations Thread 32" [_thread_blocked, id=2884, stack(0x000000c0ad400000,0x000000c0ad500000)]
  0x000001fa1c2ac800 JavaThread "Unconstrained build operations Thread 33" [_thread_blocked, id=19036, stack(0x000000c0ad500000,0x000000c0ad600000)]
  0x000001fa1c2b3000 JavaThread "Unconstrained build operations Thread 34" [_thread_blocked, id=4448, stack(0x000000c0ad600000,0x000000c0ad700000)]
  0x000001fa1c2ad800 JavaThread "Unconstrained build operations Thread 35" [_thread_blocked, id=7680, stack(0x000000c0ad700000,0x000000c0ad800000)]
  0x000001fa1c2b6800 JavaThread "Unconstrained build operations Thread 36" [_thread_blocked, id=13264, stack(0x000000c0ad800000,0x000000c0ad900000)]
  0x000001fa1c2b4000 JavaThread "Unconstrained build operations Thread 37" [_thread_blocked, id=17600, stack(0x000000c0ad900000,0x000000c0ada00000)]
  0x000001fa1c2b7000 JavaThread "Unconstrained build operations Thread 38" [_thread_blocked, id=18236, stack(0x000000c0ada00000,0x000000c0adb00000)]
  0x000001fa1c2b8000 JavaThread "Unconstrained build operations Thread 39" [_thread_blocked, id=17628, stack(0x000000c0adb00000,0x000000c0adc00000)]
  0x000001fa1c2b4800 JavaThread "Unconstrained build operations Thread 40" [_thread_blocked, id=14188, stack(0x000000c0adc00000,0x000000c0add00000)]
  0x000001fa1c2b5800 JavaThread "build event listener" [_thread_blocked, id=16572, stack(0x000000c0ade00000,0x000000c0adf00000)]
  0x000001fa193ad800 JavaThread "included builds" [_thread_blocked, id=13540, stack(0x000000c0ae200000,0x000000c0ae300000)]
  0x000001fa193ae000 JavaThread "Execution worker for ':'" [_thread_blocked, id=6504, stack(0x000000c0ae300000,0x000000c0ae400000)]
  0x000001fa193ab800 JavaThread "Execution worker for ':' Thread 2" [_thread_in_vm, id=10612, stack(0x000000c0ae400000,0x000000c0ae500000)]
  0x000001fa193a8800 JavaThread "Execution worker for ':' Thread 3" [_thread_blocked, id=10580, stack(0x000000c0ae500000,0x000000c0ae600000)]
  0x000001fa193a9000 JavaThread "Cache worker for execution history cache (D:\Bitoy\3rd Yr 2nd Sem\CAPSTONE\App\.gradle\7.4\executionHistory)" [_thread_blocked, id=4268, stack(0x000000c0ae600000,0x000000c0ae700000)]
=>0x000001fa19223000 JavaThread "C2 CompilerThread1" daemon [_thread_in_native, id=6372, stack(0x000000c0add00000,0x000000c0ade00000)]

Other Threads:
  0x000001fa1612d800 VMThread "VM Thread" [stack: 0x000000c0a8f00000,0x000000c0a9000000] [id=13588]
  0x000001fa16b59000 WatcherThread [stack: 0x000000c0a9900000,0x000000c0a9a00000] [id=4924]
  0x000001fa7a581000 GCTaskThread "GC Thread#0" [stack: 0x000000c0a8a00000,0x000000c0a8b00000] [id=3800]
  0x000001fa17699000 GCTaskThread "GC Thread#1" [stack: 0x000000c0a9b00000,0x000000c0a9c00000] [id=4460]
  0x000001fa16f8e800 GCTaskThread "GC Thread#2" [stack: 0x000000c0a9c00000,0x000000c0a9d00000] [id=20392]
  0x000001fa16fa1000 GCTaskThread "GC Thread#3" [stack: 0x000000c0a9d00000,0x000000c0a9e00000] [id=14832]
  0x000001fa7a5b2000 ConcurrentGCThread "G1 Main Marker" [stack: 0x000000c0a8b00000,0x000000c0a8c00000] [id=17100]
  0x000001fa7a5b3000 ConcurrentGCThread "G1 Conc#0" [stack: 0x000000c0a8c00000,0x000000c0a8d00000] [id=16140]
  0x000001fa15f9c800 ConcurrentGCThread "G1 Refine#0" [stack: 0x000000c0a8d00000,0x000000c0a8e00000] [id=15480]
  0x000001fa1e440000 ConcurrentGCThread "G1 Refine#1" [stack: 0x000000c0aeb00000,0x000000c0aec00000] [id=17028]
  0x000001fa1e7ce000 ConcurrentGCThread "G1 Refine#2" [stack: 0x000000c0aec00000,0x000000c0aed00000] [id=560]
  0x000001fa15f9d800 ConcurrentGCThread "G1 Young RemSet Sampling" [stack: 0x000000c0a8e00000,0x000000c0a8f00000] [id=8532]

Threads with active compile tasks:
C2 CompilerThread07739561 27217       4       com.sun.tools.javac.comp.Attr::visitIdent (582 bytes)
C1 CompilerThread07739561 27234       3       com.sun.tools.javac.comp.Check::checkPotentiallyAmbiguousOverloads (443 bytes)
C2 CompilerThread17739561 27214       4       com.sun.tools.javac.tree.JCTree$JCVariableDecl::accept (9 bytes)

VM state:not at safepoint (normal execution)

VM Mutex/Monitor currently owned by a thread: None

Heap address: 0x0000000080000000, size: 2048 MB, Compressed Oops mode: 32-bit
Narrow klass base: 0x0000000000000000, Narrow klass shift: 3
Compressed class space size: 1073741824 Address: 0x0000000100000000

Heap:
 garbage-first heap   total 270336K, used 146443K [0x0000000080000000, 0x0000000100000000)
  region size 1024K, 19 young (19456K), 4 survivors (4096K)
 Metaspace       used 130279K, capacity 134301K, committed 134444K, reserved 1167360K
  class space    used 16038K, capacity 17534K, committed 17536K, reserved 1048576K
Heap Regions: E=young(eden), S=young(survivor), O=old, HS=humongous(starts), HC=humongous(continues), CS=collection set, F=free, A=archive, TAMS=top-at-mark-start (previous, next)
|   0|0x0000000080000000, 0x0000000080100000, 0x0000000080100000|100%|HS|  |TAMS 0x0000000080100000, 0x0000000080000000| Complete 
|   1|0x0000000080100000, 0x0000000080200000, 0x0000000080200000|100%|HC|  |TAMS 0x0000000080200000, 0x0000000080100000| Complete 
|   2|0x0000000080200000, 0x0000000080300000, 0x0000000080300000|100%|HC|  |TAMS 0x0000000080300000, 0x0000000080200000| Complete 
|   3|0x0000000080300000, 0x0000000080400000, 0x0000000080400000|100%| O|  |TAMS 0x0000000080400000, 0x0000000080300000| Untracked 
|   4|0x0000000080400000, 0x0000000080500000, 0x0000000080500000|100%| O|  |TAMS 0x0000000080500000, 0x0000000080400000| Untracked 
|   5|0x0000000080500000, 0x0000000080600000, 0x0000000080600000|100%| O|  |TAMS 0x0000000080600000, 0x0000000080500000| Untracked 
|   6|0x0000000080600000, 0x0000000080700000, 0x0000000080700000|100%| O|  |TAMS 0x0000000080700000, 0x0000000080600000| Untracked 
|   7|0x0000000080700000, 0x0000000080800000, 0x0000000080800000|100%| O|  |TAMS 0x0000000080800000, 0x0000000080700000| Untracked 
|   8|0x0000000080800000, 0x0000000080900000, 0x0000000080900000|100%| O|  |TAMS 0x0000000080900000, 0x0000000080800000| Untracked 
|   9|0x0000000080900000, 0x0000000080a00000, 0x0000000080a00000|100%| O|  |TAMS 0x0000000080a00000, 0x0000000080900000| Untracked 
|  10|0x0000000080a00000, 0x0000000080b00000, 0x0000000080b00000|100%| O|  |TAMS 0x0000000080b00000, 0x0000000080a00000| Complete 
|  11|0x0000000080b00000, 0x0000000080c00000, 0x0000000080c00000|100%| O|  |TAMS 0x0000000080c00000, 0x0000000080b00000| Untracked 
|  12|0x0000000080c00000, 0x0000000080d00000, 0x0000000080d00000|100%| O|  |TAMS 0x0000000080d00000, 0x0000000080c00000| Complete 
|  13|0x0000000080d00000, 0x0000000080e00000, 0x0000000080e00000|100%| O|  |TAMS 0x0000000080e00000, 0x0000000080d00000| Untracked 
|  14|0x0000000080e00000, 0x0000000080f00000, 0x0000000080f00000|100%| O|  |TAMS 0x0000000080f00000, 0x0000000080e00000| Untracked 
|  15|0x0000000080f00000, 0x0000000081000000, 0x0000000081000000|100%| O|  |TAMS 0x0000000081000000, 0x0000000080f00000| Complete 
|  16|0x0000000081000000, 0x0000000081100000, 0x0000000081100000|100%|HS|  |TAMS 0x0000000081100000, 0x0000000081000000| Complete 
|  17|0x0000000081100000, 0x0000000081200000, 0x0000000081200000|100%|HS|  |TAMS 0x0000000081200000, 0x0000000081100000| Complete 
|  18|0x0000000081200000, 0x0000000081300000, 0x0000000081300000|100%| O|  |TAMS 0x0000000081300000, 0x0000000081200000| Complete 
|  19|0x0000000081300000, 0x0000000081400000, 0x0000000081400000|100%|HS|  |TAMS 0x0000000081400000, 0x0000000081300000| Complete 
|  20|0x0000000081400000, 0x0000000081500000, 0x0000000081500000|100%|HC|  |TAMS 0x0000000081500000, 0x0000000081400000| Complete 
|  21|0x0000000081500000, 0x0000000081600000, 0x0000000081600000|100%| O|  |TAMS 0x0000000081600000, 0x0000000081500000| Complete 
|  22|0x0000000081600000, 0x0000000081700000, 0x0000000081700000|100%| O|  |TAMS 0x0000000081700000, 0x0000000081600000| Complete 
|  23|0x0000000081700000, 0x0000000081800000, 0x0000000081800000|100%| O|  |TAMS 0x0000000081800000, 0x0000000081700000| Complete 
|  24|0x0000000081800000, 0x0000000081900000, 0x0000000081900000|100%| O|  |TAMS 0x0000000081900000, 0x0000000081800000| Complete 
|  25|0x0000000081900000, 0x0000000081a00000, 0x0000000081a00000|100%| O|  |TAMS 0x0000000081a00000, 0x0000000081900000| Complete 
|  26|0x0000000081a00000, 0x0000000081b00000, 0x0000000081b00000|100%| O|  |TAMS 0x0000000081b00000, 0x0000000081a00000| Complete 
|  27|0x0000000081b00000, 0x0000000081c00000, 0x0000000081c00000|100%| O|  |TAMS 0x0000000081c00000, 0x0000000081b00000| Untracked 
|  28|0x0000000081c00000, 0x0000000081d00000, 0x0000000081d00000|100%| O|  |TAMS 0x0000000081d00000, 0x0000000081c00000| Untracked 
|  29|0x0000000081d00000, 0x0000000081e00000, 0x0000000081e00000|100%| O|  |TAMS 0x0000000081e00000, 0x0000000081d00000| Untracked 
|  30|0x0000000081e00000, 0x0000000081f00000, 0x0000000081f00000|100%| O|  |TAMS 0x0000000081f00000, 0x0000000081e00000| Untracked 
|  31|0x0000000081f00000, 0x0000000082000000, 0x0000000082000000|100%| O|  |TAMS 0x0000000082000000, 0x0000000081f00000| Untracked 
|  32|0x0000000082000000, 0x0000000082100000, 0x0000000082100000|100%| O|  |TAMS 0x0000000082100000, 0x0000000082000000| Complete 
|  33|0x0000000082100000, 0x0000000082200000, 0x0000000082200000|100%| O|  |TAMS 0x0000000082200000, 0x0000000082100000| Untracked 
|  34|0x0000000082200000, 0x0000000082300000, 0x0000000082300000|100%| O|  |TAMS 0x0000000082300000, 0x0000000082200000| Complete 
|  35|0x0000000082300000, 0x0000000082400000, 0x0000000082400000|100%| O|  |TAMS 0x0000000082400000, 0x0000000082300000| Complete 
|  36|0x0000000082400000, 0x0000000082500000, 0x0000000082500000|100%| O|  |TAMS 0x0000000082500000, 0x0000000082400000| Complete 
|  37|0x0000000082500000, 0x0000000082600000, 0x0000000082600000|100%| O|  |TAMS 0x0000000082600000, 0x0000000082500000| Untracked 
|  38|0x0000000082600000, 0x0000000082700000, 0x0000000082700000|100%| O|  |TAMS 0x0000000082700000, 0x0000000082600000| Untracked 
|  39|0x0000000082700000, 0x0000000082800000, 0x0000000082800000|100%| O|  |TAMS 0x0000000082800000, 0x0000000082700000| Complete 
|  40|0x0000000082800000, 0x0000000082900000, 0x0000000082900000|100%| O|  |TAMS 0x0000000082900000, 0x0000000082800000| Complete 
|  41|0x0000000082900000, 0x0000000082a00000, 0x0000000082a00000|100%| O|  |TAMS 0x0000000082a00000, 0x0000000082900000| Untracked 
|  42|0x0000000082a00000, 0x0000000082a00000, 0x0000000082b00000|  0%| F|  |TAMS 0x0000000082a00000, 0x0000000082a00000| Untracked 
|  43|0x0000000082b00000, 0x0000000082c00000, 0x0000000082c00000|100%| O|  |TAMS 0x0000000082c00000, 0x0000000082b00000| Complete 
|  44|0x0000000082c00000, 0x0000000082d00000, 0x0000000082d00000|100%| O|  |TAMS 0x0000000082d00000, 0x0000000082c00000| Complete 
|  45|0x0000000082d00000, 0x0000000082e00000, 0x0000000082e00000|100%| O|  |TAMS 0x0000000082e00000, 0x0000000082d00000| Complete 
|  46|0x0000000082e00000, 0x0000000082f00000, 0x0000000082f00000|100%| O|  |TAMS 0x0000000082f00000, 0x0000000082e00000| Complete 
|  47|0x0000000082f00000, 0x0000000083000000, 0x0000000083000000|100%| O|  |TAMS 0x0000000083000000, 0x0000000082f00000| Untracked 
|  48|0x0000000083000000, 0x0000000083100000, 0x0000000083100000|100%| O|  |TAMS 0x0000000083100000, 0x0000000083000000| Complete 
|  49|0x0000000083100000, 0x0000000083100000, 0x0000000083200000|  0%| F|  |TAMS 0x0000000083100000, 0x0000000083100000| Untracked 
|  50|0x0000000083200000, 0x0000000083200000, 0x0000000083300000|  0%| F|  |TAMS 0x0000000083200000, 0x0000000083200000| Untracked 
|  51|0x0000000083300000, 0x0000000083300000, 0x0000000083400000|  0%| F|  |TAMS 0x0000000083300000, 0x0000000083300000| Untracked 
|  52|0x0000000083400000, 0x0000000083500000, 0x0000000083500000|100%| O|  |TAMS 0x0000000083500000, 0x0000000083400000| Complete 
|  53|0x0000000083500000, 0x0000000083600000, 0x0000000083600000|100%| O|  |TAMS 0x0000000083600000, 0x0000000083500000| Complete 
|  54|0x0000000083600000, 0x0000000083700000, 0x0000000083700000|100%| O|  |TAMS 0x0000000083700000, 0x0000000083600000| Untracked 
|  55|0x0000000083700000, 0x0000000083800000, 0x0000000083800000|100%| O|  |TAMS 0x0000000083800000, 0x0000000083700000| Complete 
|  56|0x0000000083800000, 0x0000000083900000, 0x0000000083900000|100%| O|  |TAMS 0x0000000083900000, 0x0000000083800000| Complete 
|  57|0x0000000083900000, 0x0000000083900000, 0x0000000083a00000|  0%| F|  |TAMS 0x0000000083900000, 0x0000000083900000| Untracked 
|  58|0x0000000083a00000, 0x0000000083a00000, 0x0000000083b00000|  0%| F|  |TAMS 0x0000000083a00000, 0x0000000083a00000| Untracked 
|  59|0x0000000083b00000, 0x0000000083b00000, 0x0000000083c00000|  0%| F|  |TAMS 0x0000000083b00000, 0x0000000083b00000| Untracked 
|  60|0x0000000083c00000, 0x0000000083c00000, 0x0000000083d00000|  0%| F|  |TAMS 0x0000000083c00000, 0x0000000083c00000| Untracked 
|  61|0x0000000083d00000, 0x0000000083e00000, 0x0000000083e00000|100%|HS|  |TAMS 0x0000000083e00000, 0x0000000083d00000| Complete 
|  62|0x0000000083e00000, 0x0000000083f00000, 0x0000000083f00000|100%|HC|  |TAMS 0x0000000083f00000, 0x0000000083e00000| Complete 
|  63|0x0000000083f00000, 0x0000000083f00000, 0x0000000084000000|  0%| F|  |TAMS 0x0000000083f00000, 0x0000000083f00000| Untracked 
|  64|0x0000000084000000, 0x0000000084100000, 0x0000000084100000|100%| O|  |TAMS 0x0000000084100000, 0x0000000084000000| Complete 
|  65|0x0000000084100000, 0x0000000084100000, 0x0000000084200000|  0%| F|  |TAMS 0x0000000084100000, 0x0000000084100000| Untracked 
|  66|0x0000000084200000, 0x0000000084300000, 0x0000000084300000|100%| O|  |TAMS 0x0000000084300000, 0x0000000084200000| Untracked 
|  67|0x0000000084300000, 0x0000000084400000, 0x0000000084400000|100%| O|  |TAMS 0x0000000084400000, 0x0000000084300000| Complete 
|  68|0x0000000084400000, 0x0000000084500000, 0x0000000084500000|100%| O|  |TAMS 0x0000000084500000, 0x0000000084400000| Complete 
|  69|0x0000000084500000, 0x0000000084600000, 0x0000000084600000|100%| O|  |TAMS 0x0000000084600000, 0x0000000084500000| Untracked 
|  70|0x0000000084600000, 0x0000000084700000, 0x0000000084700000|100%| O|  |TAMS 0x0000000084700000, 0x0000000084600000| Complete 
|  71|0x0000000084700000, 0x0000000084800000, 0x0000000084800000|100%| O|  |TAMS 0x0000000084800000, 0x0000000084700000| Complete 
|  72|0x0000000084800000, 0x0000000084900000, 0x0000000084900000|100%| O|  |TAMS 0x0000000084900000, 0x0000000084800000| Complete 
|  73|0x0000000084900000, 0x0000000084a00000, 0x0000000084a00000|100%| O|  |TAMS 0x0000000084a00000, 0x0000000084900000| Untracked 
|  74|0x0000000084a00000, 0x0000000084b00000, 0x0000000084b00000|100%| O|  |TAMS 0x0000000084b00000, 0x0000000084a00000| Complete 
|  75|0x0000000084b00000, 0x0000000084c00000, 0x0000000084c00000|100%| O|  |TAMS 0x0000000084c00000, 0x0000000084b00000| Untracked 
|  76|0x0000000084c00000, 0x0000000084d00000, 0x0000000084d00000|100%| O|  |TAMS 0x0000000084d00000, 0x0000000084c00000| Complete 
|  77|0x0000000084d00000, 0x0000000084e00000, 0x0000000084e00000|100%| O|  |TAMS 0x0000000084e00000, 0x0000000084d00000| Complete 
|  78|0x0000000084e00000, 0x0000000084f00000, 0x0000000084f00000|100%| O|  |TAMS 0x0000000084f00000, 0x0000000084e00000| Complete 
|  79|0x0000000084f00000, 0x0000000085000000, 0x0000000085000000|100%| O|  |TAMS 0x0000000085000000, 0x0000000084f00000| Complete 
|  80|0x0000000085000000, 0x0000000085100000, 0x0000000085100000|100%| O|  |TAMS 0x0000000085100000, 0x0000000085000000| Complete 
|  81|0x0000000085100000, 0x0000000085200000, 0x0000000085200000|100%| O|  |TAMS 0x0000000085200000, 0x0000000085100000| Untracked 
|  82|0x0000000085200000, 0x0000000085300000, 0x0000000085300000|100%| O|  |TAMS 0x0000000085300000, 0x0000000085200000| Untracked 
|  83|0x0000000085300000, 0x0000000085400000, 0x0000000085400000|100%| O|  |TAMS 0x0000000085400000, 0x0000000085300000| Complete 
|  84|0x0000000085400000, 0x0000000085500000, 0x0000000085500000|100%| O|  |TAMS 0x0000000085500000, 0x0000000085400000| Complete 
|  85|0x0000000085500000, 0x0000000085600000, 0x0000000085600000|100%| O|  |TAMS 0x0000000085600000, 0x0000000085500000| Untracked 
|  86|0x0000000085600000, 0x0000000085700000, 0x0000000085700000|100%| O|  |TAMS 0x0000000085700000, 0x0000000085600000| Complete 
|  87|0x0000000085700000, 0x0000000085800000, 0x0000000085800000|100%| O|  |TAMS 0x0000000085800000, 0x0000000085700000| Untracked 
|  88|0x0000000085800000, 0x0000000085900000, 0x0000000085900000|100%| O|  |TAMS 0x0000000085900000, 0x0000000085800000| Untracked 
|  89|0x0000000085900000, 0x0000000085a00000, 0x0000000085a00000|100%| O|  |TAMS 0x0000000085a00000, 0x0000000085900000| Untracked 
|  90|0x0000000085a00000, 0x0000000085b00000, 0x0000000085b00000|100%| O|  |TAMS 0x0000000085b00000, 0x0000000085a00000| Untracked 
|  91|0x0000000085b00000, 0x0000000085c00000, 0x0000000085c00000|100%| O|  |TAMS 0x0000000085c00000, 0x0000000085b00000| Untracked 
|  92|0x0000000085c00000, 0x0000000085d00000, 0x0000000085d00000|100%| O|  |TAMS 0x0000000085d00000, 0x0000000085c00000| Complete 
|  93|0x0000000085d00000, 0x0000000085e00000, 0x0000000085e00000|100%| O|  |TAMS 0x0000000085e00000, 0x0000000085d00000| Untracked 
|  94|0x0000000085e00000, 0x0000000085f00000, 0x0000000085f00000|100%| O|  |TAMS 0x0000000085f00000, 0x0000000085e00000| Complete 
|  95|0x0000000085f00000, 0x0000000086000000, 0x0000000086000000|100%| O|  |TAMS 0x0000000086000000, 0x0000000085f00000| Complete 
|  96|0x0000000086000000, 0x0000000086100000, 0x0000000086100000|100%| O|  |TAMS 0x0000000086100000, 0x0000000086000000| Untracked 
|  97|0x0000000086100000, 0x0000000086200000, 0x0000000086200000|100%| O|  |TAMS 0x0000000086200000, 0x0000000086100000| Complete 
|  98|0x0000000086200000, 0x0000000086300000, 0x0000000086300000|100%| O|  |TAMS 0x0000000086300000, 0x0000000086200000| Untracked 
|  99|0x0000000086300000, 0x0000000086400000, 0x0000000086400000|100%| O|  |TAMS 0x0000000086400000, 0x0000000086300000| Complete 
| 100|0x0000000086400000, 0x0000000086500000, 0x0000000086500000|100%| O|  |TAMS 0x0000000086500000, 0x0000000086400000| Untracked 
| 101|0x0000000086500000, 0x0000000086600000, 0x0000000086600000|100%| O|  |TAMS 0x0000000086600000, 0x0000000086500000| Untracked 
| 102|0x0000000086600000, 0x0000000086700000, 0x0000000086700000|100%| O|  |TAMS 0x0000000086700000, 0x0000000086600000| Untracked 
| 103|0x0000000086700000, 0x0000000086800000, 0x0000000086800000|100%| O|  |TAMS 0x0000000086800000, 0x0000000086700000| Untracked 
| 104|0x0000000086800000, 0x0000000086900000, 0x0000000086900000|100%| O|  |TAMS 0x0000000086900000, 0x0000000086800000| Untracked 
| 105|0x0000000086900000, 0x0000000086a00000, 0x0000000086a00000|100%| O|  |TAMS 0x0000000086a00000, 0x0000000086900000| Untracked 
| 106|0x0000000086a00000, 0x0000000086b00000, 0x0000000086b00000|100%| O|  |TAMS 0x0000000086b00000, 0x0000000086a00000| Untracked 
| 107|0x0000000086b00000, 0x0000000086c00000, 0x0000000086c00000|100%| O|  |TAMS 0x0000000086c00000, 0x0000000086b00000| Untracked 
| 108|0x0000000086c00000, 0x0000000086d00000, 0x0000000086d00000|100%| O|  |TAMS 0x0000000086d00000, 0x0000000086c00000| Untracked 
| 109|0x0000000086d00000, 0x0000000086e00000, 0x0000000086e00000|100%| O|  |TAMS 0x0000000086e00000, 0x0000000086d00000| Untracked 
| 110|0x0000000086e00000, 0x0000000086f00000, 0x0000000086f00000|100%| O|  |TAMS 0x0000000086f00000, 0x0000000086e00000| Untracked 
| 111|0x0000000086f00000, 0x0000000087000000, 0x0000000087000000|100%| O|  |TAMS 0x0000000087000000, 0x0000000086f00000| Untracked 
| 112|0x0000000087000000, 0x0000000087100000, 0x0000000087100000|100%| O|  |TAMS 0x0000000087100000, 0x0000000087000000| Untracked 
| 113|0x0000000087100000, 0x0000000087200000, 0x0000000087200000|100%| O|  |TAMS 0x0000000087200000, 0x0000000087100000| Untracked 
| 114|0x0000000087200000, 0x0000000087300000, 0x0000000087300000|100%| O|  |TAMS 0x0000000087300000, 0x0000000087200000| Untracked 
| 115|0x0000000087300000, 0x0000000087400000, 0x0000000087400000|100%| O|  |TAMS 0x0000000087400000, 0x0000000087300000| Untracked 
| 116|0x0000000087400000, 0x0000000087500000, 0x0000000087500000|100%| O|  |TAMS 0x0000000087500000, 0x0000000087400000| Untracked 
| 117|0x0000000087500000, 0x0000000087600000, 0x0000000087600000|100%| O|  |TAMS 0x0000000087600000, 0x0000000087500000| Untracked 
| 118|0x0000000087600000, 0x0000000087700000, 0x0000000087700000|100%| O|  |TAMS 0x0000000087700000, 0x0000000087600000| Untracked 
| 119|0x0000000087700000, 0x0000000087800000, 0x0000000087800000|100%| O|  |TAMS 0x0000000087800000, 0x0000000087700000| Untracked 
| 120|0x0000000087800000, 0x0000000087900000, 0x0000000087900000|100%| O|  |TAMS 0x0000000087900000, 0x0000000087800000| Untracked 
| 121|0x0000000087900000, 0x0000000087a00000, 0x0000000087a00000|100%| O|  |TAMS 0x0000000087a00000, 0x0000000087900000| Untracked 
| 122|0x0000000087a00000, 0x0000000087b00000, 0x0000000087b00000|100%| O|  |TAMS 0x0000000087b00000, 0x0000000087a00000| Untracked 
| 123|0x0000000087b00000, 0x0000000087c00000, 0x0000000087c00000|100%| O|  |TAMS 0x0000000087c00000, 0x0000000087b00000| Untracked 
| 124|0x0000000087c00000, 0x0000000087d00000, 0x0000000087d00000|100%| O|  |TAMS 0x0000000087d00000, 0x0000000087c00000| Complete 
| 125|0x0000000087d00000, 0x0000000087e00000, 0x0000000087e00000|100%| O|  |TAMS 0x0000000087e00000, 0x0000000087d00000| Untracked 
| 126|0x0000000087e00000, 0x0000000087f00000, 0x0000000087f00000|100%| O|  |TAMS 0x0000000087f00000, 0x0000000087e00000| Untracked 
| 127|0x0000000087f00000, 0x0000000088000000, 0x0000000088000000|100%| O|  |TAMS 0x0000000088000000, 0x0000000087f00000| Untracked 
| 128|0x0000000088000000, 0x0000000088100000, 0x0000000088100000|100%| O|  |TAMS 0x0000000088100000, 0x0000000088000000| Untracked 
| 129|0x0000000088100000, 0x0000000088200000, 0x0000000088200000|100%| O|  |TAMS 0x0000000088200000, 0x0000000088100000| Untracked 
| 130|0x0000000088200000, 0x0000000088300000, 0x0000000088300000|100%| O|  |TAMS 0x0000000088300000, 0x0000000088200000| Untracked 
| 131|0x0000000088300000, 0x0000000088400000, 0x0000000088400000|100%| O|  |TAMS 0x0000000088400000, 0x0000000088300000| Untracked 
| 132|0x0000000088400000, 0x0000000088500000, 0x0000000088500000|100%| O|  |TAMS 0x0000000088500000, 0x0000000088400000| Complete 
| 133|0x0000000088500000, 0x0000000088600000, 0x0000000088600000|100%| O|  |TAMS 0x0000000088600000, 0x0000000088500000| Complete 
| 134|0x0000000088600000, 0x000000008867ae00, 0x0000000088700000| 47%| O|  |TAMS 0x000000008867ae00, 0x0000000088600000| Untracked 
| 135|0x0000000088700000, 0x0000000088700000, 0x0000000088800000|  0%| F|  |TAMS 0x0000000088700000, 0x0000000088700000| Untracked 
| 136|0x0000000088800000, 0x0000000088800000, 0x0000000088900000|  0%| F|  |TAMS 0x0000000088800000, 0x0000000088800000| Untracked 
| 137|0x0000000088900000, 0x0000000088900000, 0x0000000088a00000|  0%| F|  |TAMS 0x0000000088900000, 0x0000000088900000| Untracked 
| 138|0x0000000088a00000, 0x0000000088a00000, 0x0000000088b00000|  0%| F|  |TAMS 0x0000000088a00000, 0x0000000088a00000| Untracked 
| 139|0x0000000088b00000, 0x0000000088b00000, 0x0000000088c00000|  0%| F|  |TAMS 0x0000000088b00000, 0x0000000088b00000| Untracked 
| 140|0x0000000088c00000, 0x0000000088c00000, 0x0000000088d00000|  0%| F|  |TAMS 0x0000000088c00000, 0x0000000088c00000| Untracked 
| 141|0x0000000088d00000, 0x0000000088e00000, 0x0000000088e00000|100%| O|  |TAMS 0x0000000088e00000, 0x0000000088d00000| Complete 
| 142|0x0000000088e00000, 0x0000000088e00000, 0x0000000088f00000|  0%| F|  |TAMS 0x0000000088e00000, 0x0000000088e00000| Untracked 
| 143|0x0000000088f00000, 0x0000000088f00000, 0x0000000089000000|  0%| F|  |TAMS 0x0000000088f00000, 0x0000000088f00000| Untracked 
| 144|0x0000000089000000, 0x0000000089000000, 0x0000000089100000|  0%| F|  |TAMS 0x0000000089000000, 0x0000000089000000| Untracked 
| 145|0x0000000089100000, 0x0000000089100000, 0x0000000089200000|  0%| F|  |TAMS 0x0000000089100000, 0x0000000089100000| Untracked 
| 146|0x0000000089200000, 0x0000000089200000, 0x0000000089300000|  0%| F|  |TAMS 0x0000000089200000, 0x0000000089200000| Untracked 
| 147|0x0000000089300000, 0x0000000089300000, 0x0000000089400000|  0%| F|  |TAMS 0x0000000089300000, 0x0000000089300000| Untracked 
| 148|0x0000000089400000, 0x0000000089400000, 0x0000000089500000|  0%| F|  |TAMS 0x0000000089400000, 0x0000000089400000| Untracked 
| 149|0x0000000089500000, 0x0000000089500000, 0x0000000089600000|  0%| F|  |TAMS 0x0000000089500000, 0x0000000089500000| Untracked 
| 150|0x0000000089600000, 0x0000000089600000, 0x0000000089700000|  0%| F|  |TAMS 0x0000000089600000, 0x0000000089600000| Untracked 
| 151|0x0000000089700000, 0x0000000089700000, 0x0000000089800000|  0%| F|  |TAMS 0x0000000089700000, 0x0000000089700000| Untracked 
| 152|0x0000000089800000, 0x0000000089800000, 0x0000000089900000|  0%| F|  |TAMS 0x0000000089800000, 0x0000000089800000| Untracked 
| 153|0x0000000089900000, 0x0000000089900000, 0x0000000089a00000|  0%| F|  |TAMS 0x0000000089900000, 0x0000000089900000| Untracked 
| 154|0x0000000089a00000, 0x0000000089a00000, 0x0000000089b00000|  0%| F|  |TAMS 0x0000000089a00000, 0x0000000089a00000| Untracked 
| 155|0x0000000089b00000, 0x0000000089b00000, 0x0000000089c00000|  0%| F|  |TAMS 0x0000000089b00000, 0x0000000089b00000| Untracked 
| 156|0x0000000089c00000, 0x0000000089c00000, 0x0000000089d00000|  0%| F|  |TAMS 0x0000000089c00000, 0x0000000089c00000| Untracked 
| 157|0x0000000089d00000, 0x0000000089d00000, 0x0000000089e00000|  0%| F|  |TAMS 0x0000000089d00000, 0x0000000089d00000| Untracked 
| 158|0x0000000089e00000, 0x0000000089e00000, 0x0000000089f00000|  0%| F|  |TAMS 0x0000000089e00000, 0x0000000089e00000| Untracked 
| 159|0x0000000089f00000, 0x0000000089f00000, 0x000000008a000000|  0%| F|  |TAMS 0x0000000089f00000, 0x0000000089f00000| Untracked 
| 160|0x000000008a000000, 0x000000008a000000, 0x000000008a100000|  0%| F|  |TAMS 0x000000008a000000, 0x000000008a000000| Untracked 
| 161|0x000000008a100000, 0x000000008a100000, 0x000000008a200000|  0%| F|  |TAMS 0x000000008a100000, 0x000000008a100000| Untracked 
| 162|0x000000008a200000, 0x000000008a200000, 0x000000008a300000|  0%| F|  |TAMS 0x000000008a200000, 0x000000008a200000| Untracked 
| 163|0x000000008a300000, 0x000000008a300000, 0x000000008a400000|  0%| F|  |TAMS 0x000000008a300000, 0x000000008a300000| Untracked 
| 164|0x000000008a400000, 0x000000008a400000, 0x000000008a500000|  0%| F|  |TAMS 0x000000008a400000, 0x000000008a400000| Untracked 
| 165|0x000000008a500000, 0x000000008a500000, 0x000000008a600000|  0%| F|  |TAMS 0x000000008a500000, 0x000000008a500000| Untracked 
| 166|0x000000008a600000, 0x000000008a600000, 0x000000008a700000|  0%| F|  |TAMS 0x000000008a600000, 0x000000008a600000| Untracked 
| 167|0x000000008a700000, 0x000000008a700000, 0x000000008a800000|  0%| F|  |TAMS 0x000000008a700000, 0x000000008a700000| Untracked 
| 168|0x000000008a800000, 0x000000008a800000, 0x000000008a900000|  0%| F|  |TAMS 0x000000008a800000, 0x000000008a800000| Untracked 
| 169|0x000000008a900000, 0x000000008a900000, 0x000000008aa00000|  0%| F|  |TAMS 0x000000008a900000, 0x000000008a900000| Untracked 
| 170|0x000000008aa00000, 0x000000008aa00000, 0x000000008ab00000|  0%| F|  |TAMS 0x000000008aa00000, 0x000000008aa00000| Untracked 
| 171|0x000000008ab00000, 0x000000008ab00000, 0x000000008ac00000|  0%| F|  |TAMS 0x000000008ab00000, 0x000000008ab00000| Untracked 
| 172|0x000000008ac00000, 0x000000008ac00000, 0x000000008ad00000|  0%| F|  |TAMS 0x000000008ac00000, 0x000000008ac00000| Untracked 
| 173|0x000000008ad00000, 0x000000008ad00000, 0x000000008ae00000|  0%| F|  |TAMS 0x000000008ad00000, 0x000000008ad00000| Untracked 
| 174|0x000000008ae00000, 0x000000008ae00000, 0x000000008af00000|  0%| F|  |TAMS 0x000000008ae00000, 0x000000008ae00000| Untracked 
| 175|0x000000008af00000, 0x000000008af00000, 0x000000008b000000|  0%| F|  |TAMS 0x000000008af00000, 0x000000008af00000| Untracked 
| 176|0x000000008b000000, 0x000000008b000000, 0x000000008b100000|  0%| F|  |TAMS 0x000000008b000000, 0x000000008b000000| Untracked 
| 177|0x000000008b100000, 0x000000008b100000, 0x000000008b200000|  0%| F|  |TAMS 0x000000008b100000, 0x000000008b100000| Untracked 
| 178|0x000000008b200000, 0x000000008b200000, 0x000000008b300000|  0%| F|  |TAMS 0x000000008b200000, 0x000000008b200000| Untracked 
| 179|0x000000008b300000, 0x000000008b300000, 0x000000008b400000|  0%| F|  |TAMS 0x000000008b300000, 0x000000008b300000| Untracked 
| 180|0x000000008b400000, 0x000000008b400000, 0x000000008b500000|  0%| F|  |TAMS 0x000000008b400000, 0x000000008b400000| Untracked 
| 181|0x000000008b500000, 0x000000008b500000, 0x000000008b600000|  0%| F|  |TAMS 0x000000008b500000, 0x000000008b500000| Untracked 
| 182|0x000000008b600000, 0x000000008b600000, 0x000000008b700000|  0%| F|  |TAMS 0x000000008b600000, 0x000000008b600000| Untracked 
| 183|0x000000008b700000, 0x000000008b787f80, 0x000000008b800000| 53%| S|CS|TAMS 0x000000008b700000, 0x000000008b700000| Complete 
| 184|0x000000008b800000, 0x000000008b900000, 0x000000008b900000|100%| S|CS|TAMS 0x000000008b800000, 0x000000008b800000| Complete 
| 185|0x000000008b900000, 0x000000008ba00000, 0x000000008ba00000|100%| S|CS|TAMS 0x000000008b900000, 0x000000008b900000| Complete 
| 186|0x000000008ba00000, 0x000000008bb00000, 0x000000008bb00000|100%| S|CS|TAMS 0x000000008ba00000, 0x000000008ba00000| Complete 
| 187|0x000000008bb00000, 0x000000008bb00000, 0x000000008bc00000|  0%| F|  |TAMS 0x000000008bb00000, 0x000000008bb00000| Untracked 
| 188|0x000000008bc00000, 0x000000008bc00000, 0x000000008bd00000|  0%| F|  |TAMS 0x000000008bc00000, 0x000000008bc00000| Untracked 
| 189|0x000000008bd00000, 0x000000008bd00000, 0x000000008be00000|  0%| F|  |TAMS 0x000000008bd00000, 0x000000008bd00000| Untracked 
| 190|0x000000008be00000, 0x000000008be00000, 0x000000008bf00000|  0%| F|  |TAMS 0x000000008be00000, 0x000000008be00000| Untracked 
| 191|0x000000008bf00000, 0x000000008bf00000, 0x000000008c000000|  0%| F|  |TAMS 0x000000008bf00000, 0x000000008bf00000| Untracked 
| 192|0x000000008c000000, 0x000000008c000000, 0x000000008c100000|  0%| F|  |TAMS 0x000000008c000000, 0x000000008c000000| Untracked 
| 193|0x000000008c100000, 0x000000008c100000, 0x000000008c200000|  0%| F|  |TAMS 0x000000008c100000, 0x000000008c100000| Untracked 
| 194|0x000000008c200000, 0x000000008c200000, 0x000000008c300000|  0%| F|  |TAMS 0x000000008c200000, 0x000000008c200000| Untracked 
| 195|0x000000008c300000, 0x000000008c300000, 0x000000008c400000|  0%| F|  |TAMS 0x000000008c300000, 0x000000008c300000| Untracked 
| 196|0x000000008c400000, 0x000000008c400000, 0x000000008c500000|  0%| F|  |TAMS 0x000000008c400000, 0x000000008c400000| Untracked 
| 197|0x000000008c500000, 0x000000008c500000, 0x000000008c600000|  0%| F|  |TAMS 0x000000008c500000, 0x000000008c500000| Untracked 
| 198|0x000000008c600000, 0x000000008c600000, 0x000000008c700000|  0%| F|  |TAMS 0x000000008c600000, 0x000000008c600000| Untracked 
| 199|0x000000008c700000, 0x000000008c700000, 0x000000008c800000|  0%| F|  |TAMS 0x000000008c700000, 0x000000008c700000| Untracked 
| 200|0x000000008c800000, 0x000000008c800000, 0x000000008c900000|  0%| F|  |TAMS 0x000000008c800000, 0x000000008c800000| Untracked 
| 201|0x000000008c900000, 0x000000008c900000, 0x000000008ca00000|  0%| F|  |TAMS 0x000000008c900000, 0x000000008c900000| Untracked 
| 202|0x000000008ca00000, 0x000000008ca00000, 0x000000008cb00000|  0%| F|  |TAMS 0x000000008ca00000, 0x000000008ca00000| Untracked 
| 203|0x000000008cb00000, 0x000000008cb00000, 0x000000008cc00000|  0%| F|  |TAMS 0x000000008cb00000, 0x000000008cb00000| Untracked 
| 204|0x000000008cc00000, 0x000000008cc00000, 0x000000008cd00000|  0%| F|  |TAMS 0x000000008cc00000, 0x000000008cc00000| Untracked 
| 205|0x000000008cd00000, 0x000000008cd00000, 0x000000008ce00000|  0%| F|  |TAMS 0x000000008cd00000, 0x000000008cd00000| Untracked 
| 206|0x000000008ce00000, 0x000000008ce00000, 0x000000008cf00000|  0%| F|  |TAMS 0x000000008ce00000, 0x000000008ce00000| Untracked 
| 207|0x000000008cf00000, 0x000000008cf00000, 0x000000008d000000|  0%| F|  |TAMS 0x000000008cf00000, 0x000000008cf00000| Untracked 
| 208|0x000000008d000000, 0x000000008d000000, 0x000000008d100000|  0%| F|  |TAMS 0x000000008d000000, 0x000000008d000000| Untracked 
| 209|0x000000008d100000, 0x000000008d100000, 0x000000008d200000|  0%| F|  |TAMS 0x000000008d100000, 0x000000008d100000| Untracked 
| 210|0x000000008d200000, 0x000000008d200000, 0x000000008d300000|  0%| F|  |TAMS 0x000000008d200000, 0x000000008d200000| Untracked 
| 211|0x000000008d300000, 0x000000008d300000, 0x000000008d400000|  0%| F|  |TAMS 0x000000008d300000, 0x000000008d300000| Untracked 
| 212|0x000000008d400000, 0x000000008d400000, 0x000000008d500000|  0%| F|  |TAMS 0x000000008d400000, 0x000000008d400000| Untracked 
| 213|0x000000008d500000, 0x000000008d500000, 0x000000008d600000|  0%| F|  |TAMS 0x000000008d500000, 0x000000008d500000| Untracked 
| 214|0x000000008d600000, 0x000000008d600000, 0x000000008d700000|  0%| F|  |TAMS 0x000000008d600000, 0x000000008d600000| Untracked 
| 215|0x000000008d700000, 0x000000008d700000, 0x000000008d800000|  0%| F|  |TAMS 0x000000008d700000, 0x000000008d700000| Untracked 
| 216|0x000000008d800000, 0x000000008d800000, 0x000000008d900000|  0%| F|  |TAMS 0x000000008d800000, 0x000000008d800000| Untracked 
| 217|0x000000008d900000, 0x000000008d900000, 0x000000008da00000|  0%| F|  |TAMS 0x000000008d900000, 0x000000008d900000| Untracked 
| 218|0x000000008da00000, 0x000000008da00000, 0x000000008db00000|  0%| F|  |TAMS 0x000000008da00000, 0x000000008da00000| Untracked 
| 219|0x000000008db00000, 0x000000008db00000, 0x000000008dc00000|  0%| F|  |TAMS 0x000000008db00000, 0x000000008db00000| Untracked 
| 220|0x000000008dc00000, 0x000000008dc00000, 0x000000008dd00000|  0%| F|  |TAMS 0x000000008dc00000, 0x000000008dc00000| Untracked 
| 221|0x000000008dd00000, 0x000000008dd00000, 0x000000008de00000|  0%| F|  |TAMS 0x000000008dd00000, 0x000000008dd00000| Untracked 
| 222|0x000000008de00000, 0x000000008de00000, 0x000000008df00000|  0%| F|  |TAMS 0x000000008de00000, 0x000000008de00000| Untracked 
| 223|0x000000008df00000, 0x000000008df00000, 0x000000008e000000|  0%| F|  |TAMS 0x000000008df00000, 0x000000008df00000| Untracked 
| 224|0x000000008e000000, 0x000000008e000000, 0x000000008e100000|  0%| F|  |TAMS 0x000000008e000000, 0x000000008e000000| Untracked 
| 225|0x000000008e100000, 0x000000008e100000, 0x000000008e200000|  0%| F|  |TAMS 0x000000008e100000, 0x000000008e100000| Untracked 
| 226|0x000000008e200000, 0x000000008e200000, 0x000000008e300000|  0%| F|  |TAMS 0x000000008e200000, 0x000000008e200000| Untracked 
| 227|0x000000008e300000, 0x000000008e300000, 0x000000008e400000|  0%| F|  |TAMS 0x000000008e300000, 0x000000008e300000| Untracked 
| 228|0x000000008e400000, 0x000000008e400000, 0x000000008e500000|  0%| F|  |TAMS 0x000000008e400000, 0x000000008e400000| Untracked 
| 229|0x000000008e500000, 0x000000008e500000, 0x000000008e600000|  0%| F|  |TAMS 0x000000008e500000, 0x000000008e500000| Untracked 
| 230|0x000000008e600000, 0x000000008e600000, 0x000000008e700000|  0%| F|  |TAMS 0x000000008e600000, 0x000000008e600000| Untracked 
| 231|0x000000008e700000, 0x000000008e700000, 0x000000008e800000|  0%| F|  |TAMS 0x000000008e700000, 0x000000008e700000| Untracked 
| 232|0x000000008e800000, 0x000000008e800000, 0x000000008e900000|  0%| F|  |TAMS 0x000000008e800000, 0x000000008e800000| Untracked 
| 233|0x000000008e900000, 0x000000008e900000, 0x000000008ea00000|  0%| F|  |TAMS 0x000000008e900000, 0x000000008e900000| Untracked 
| 234|0x000000008ea00000, 0x000000008ea00000, 0x000000008eb00000|  0%| F|  |TAMS 0x000000008ea00000, 0x000000008ea00000| Untracked 
| 235|0x000000008eb00000, 0x000000008eb00000, 0x000000008ec00000|  0%| F|  |TAMS 0x000000008eb00000, 0x000000008eb00000| Untracked 
| 236|0x000000008ec00000, 0x000000008ec00000, 0x000000008ed00000|  0%| F|  |TAMS 0x000000008ec00000, 0x000000008ec00000| Untracked 
| 237|0x000000008ed00000, 0x000000008ed00000, 0x000000008ee00000|  0%| F|  |TAMS 0x000000008ed00000, 0x000000008ed00000| Untracked 
| 238|0x000000008ee00000, 0x000000008ee00000, 0x000000008ef00000|  0%| F|  |TAMS 0x000000008ee00000, 0x000000008ee00000| Untracked 
| 239|0x000000008ef00000, 0x000000008ef00000, 0x000000008f000000|  0%| F|  |TAMS 0x000000008ef00000, 0x000000008ef00000| Untracked 
| 240|0x000000008f000000, 0x000000008f000000, 0x000000008f100000|  0%| F|  |TAMS 0x000000008f000000, 0x000000008f000000| Untracked 
| 241|0x000000008f100000, 0x000000008f100000, 0x000000008f200000|  0%| F|  |TAMS 0x000000008f100000, 0x000000008f100000| Untracked 
| 242|0x000000008f200000, 0x000000008f200000, 0x000000008f300000|  0%| F|  |TAMS 0x000000008f200000, 0x000000008f200000| Untracked 
| 243|0x000000008f300000, 0x000000008f300000, 0x000000008f400000|  0%| F|  |TAMS 0x000000008f300000, 0x000000008f300000| Untracked 
| 244|0x000000008f400000, 0x000000008f400000, 0x000000008f500000|  0%| F|  |TAMS 0x000000008f400000, 0x000000008f400000| Untracked 
| 245|0x000000008f500000, 0x000000008f500000, 0x000000008f600000|  0%| F|  |TAMS 0x000000008f500000, 0x000000008f500000| Untracked 
| 246|0x000000008f600000, 0x000000008f600000, 0x000000008f700000|  0%| F|  |TAMS 0x000000008f600000, 0x000000008f600000| Untracked 
| 247|0x000000008f700000, 0x000000008f700000, 0x000000008f800000|  0%| F|  |TAMS 0x000000008f700000, 0x000000008f700000| Untracked 
| 248|0x000000008f800000, 0x000000008f800000, 0x000000008f900000|  0%| F|  |TAMS 0x000000008f800000, 0x000000008f800000| Untracked 
| 249|0x000000008f900000, 0x000000008f901a68, 0x000000008fa00000|  0%| E|  |TAMS 0x000000008f900000, 0x000000008f900000| Complete 
| 250|0x000000008fa00000, 0x000000008fb00000, 0x000000008fb00000|100%| E|CS|TAMS 0x000000008fa00000, 0x000000008fa00000| Complete 
| 251|0x000000008fb00000, 0x000000008fc00000, 0x000000008fc00000|100%| E|CS|TAMS 0x000000008fb00000, 0x000000008fb00000| Complete 
| 252|0x000000008fc00000, 0x000000008fd00000, 0x000000008fd00000|100%| E|CS|TAMS 0x000000008fc00000, 0x000000008fc00000| Complete 
| 253|0x000000008fd00000, 0x000000008fe00000, 0x000000008fe00000|100%| E|CS|TAMS 0x000000008fd00000, 0x000000008fd00000| Complete 
| 254|0x000000008fe00000, 0x000000008ff00000, 0x000000008ff00000|100%| E|CS|TAMS 0x000000008fe00000, 0x000000008fe00000| Complete 
| 255|0x000000008ff00000, 0x0000000090000000, 0x0000000090000000|100%| E|CS|TAMS 0x000000008ff00000, 0x000000008ff00000| Complete 
| 256|0x0000000090000000, 0x0000000090100000, 0x0000000090100000|100%| E|CS|TAMS 0x0000000090000000, 0x0000000090000000| Complete 
| 257|0x0000000090100000, 0x0000000090200000, 0x0000000090200000|100%| E|CS|TAMS 0x0000000090100000, 0x0000000090100000| Complete 
| 258|0x0000000090200000, 0x0000000090300000, 0x0000000090300000|100%| E|CS|TAMS 0x0000000090200000, 0x0000000090200000| Complete 
| 259|0x0000000090300000, 0x0000000090400000, 0x0000000090400000|100%| E|CS|TAMS 0x0000000090300000, 0x0000000090300000| Complete 
| 260|0x0000000090400000, 0x0000000090500000, 0x0000000090500000|100%| E|CS|TAMS 0x0000000090400000, 0x0000000090400000| Complete 
| 261|0x0000000090500000, 0x0000000090600000, 0x0000000090600000|100%| E|CS|TAMS 0x0000000090500000, 0x0000000090500000| Complete 
| 262|0x0000000090600000, 0x0000000090700000, 0x0000000090700000|100%| E|CS|TAMS 0x0000000090600000, 0x0000000090600000| Complete 
| 263|0x0000000090700000, 0x0000000090800000, 0x0000000090800000|100%| E|CS|TAMS 0x0000000090700000, 0x0000000090700000| Complete 

Card table byte_map: [0x000001fa0f400000,0x000001fa0f800000] _byte_map_base: 0x000001fa0f000000

Marking Bits (Prev, Next): (CMBitMap*) 0x000001fa7a5a9320, (CMBitMap*) 0x000001fa7a5a92e8
 Prev Bits: [0x000001fa11c00000, 0x000001fa13c00000)
 Next Bits: [0x000001fa0fc00000, 0x000001fa11c00000)

Polling page: 0x000001fa7a640000

Metaspace:

Usage:
  Non-class:    114.03 MB capacity,   111.57 MB ( 98%) used,     1.98 MB (  2%) free+waste,   495.69 KB ( <1%) overhead. 
      Class:     17.12 MB capacity,    15.66 MB ( 91%) used,     1.25 MB (  7%) free+waste,   215.44 KB (  1%) overhead. 
       Both:    131.15 MB capacity,   127.23 MB ( 97%) used,     3.23 MB (  2%) free+waste,   711.13 KB ( <1%) overhead. 

Virtual space:
  Non-class space:      116.00 MB reserved,     114.17 MB ( 98%) committed 
      Class space:        1.00 GB reserved,      17.13 MB (  2%) committed 
             Both:        1.11 GB reserved,     131.29 MB ( 12%) committed 

Chunk freelists:
   Non-Class:  13.00 KB
       Class:  0 bytes
        Both:  13.00 KB

MaxMetaspaceSize: 17179869184.00 GB
CompressedClassSpaceSize: 1.00 GB
Initial GC threshold: 20.80 MB
Current GC threshold: 218.82 MB
CDS: off

CodeHeap 'non-profiled nmethods': size=120064Kb used=20555Kb max_used=20892Kb free=99508Kb
 bounds [0x000001fa07ac0000, 0x000001fa08f30000, 0x000001fa0f000000]
CodeHeap 'profiled nmethods': size=120000Kb used=52708Kb max_used=54407Kb free=67291Kb
 bounds [0x000001fa00590000, 0x000001fa03ad0000, 0x000001fa07ac0000]
CodeHeap 'non-nmethods': size=5696Kb used=2455Kb max_used=2509Kb free=3240Kb
 bounds [0x000001fa00000000, 0x000001fa00280000, 0x000001fa00590000]
 total_blobs=24404 nmethods=23419 adapters=896
 compilation: enabled
              stopped_count=0, restarted_count=0
 full_count=0

Compilation events (20 events):
Event: 7739.132 Thread 0x000001fa169be800 nmethod 27206 0x000001fa07bf0590 code [0x000001fa07bf0740, 0x000001fa07bf0b18]
Event: 7739.137 Thread 0x000001fa169bf800 27208       3       com.sun.tools.javac.code.Symbol::isEnclosedBy (29 bytes)
Event: 7739.137 Thread 0x000001fa169bf800 nmethod 27208 0x000001fa00a97f90 code [0x000001fa00a98140, 0x000001fa00a98358]
Event: 7739.137 Thread 0x000001fa169bf800 27209   !   3       com.sun.tools.javac.comp.Check::isUnchecked (16 bytes)
Event: 7739.137 Thread 0x000001fa169bf800 nmethod 27209 0x000001fa027e0210 code [0x000001fa027e0460, 0x000001fa027e0eb8]
Event: 7739.156 Thread 0x000001fa169be800 27210       4       com.sun.tools.javac.code.TypeAnnotations$TypeAnnotationPositions::visitVarDef (303 bytes)
Event: 7739.176 Thread 0x000001fa169be800 nmethod 27210 0x000001fa07f39810 code [0x000001fa07f39a80, 0x000001fa07f3ac60]
Event: 7739.176 Thread 0x000001fa169be800 27211       4       com.sun.tools.javac.tree.TreeScanner::visitIf (25 bytes)
Event: 7739.177 Thread 0x000001fa169be800 nmethod 27211 0x000001fa08620110 code [0x000001fa086202c0, 0x000001fa08620398]
Event: 7739.202 Thread 0x000001fa169be800 27212   !   4       com.sun.tools.javac.comp.Flow$AssignAnalyzer::visitVarDef (119 bytes)
Event: 7739.202 Thread 0x000001fa169bf800 27213       3       com.sun.tools.javac.comp.Flow$FlowAnalyzer::markThrown (74 bytes)
Event: 7739.203 Thread 0x000001fa169bf800 nmethod 27213 0x000001fa007c0c90 code [0x000001fa007c0fc0, 0x000001fa007c25a8]
Event: 7739.209 Thread 0x000001fa169bf800 27215       3       com.sun.tools.javac.main.JavaCompiler::errorCount (45 bytes)
Event: 7739.210 Thread 0x000001fa169bf800 nmethod 27215 0x000001fa00b4e310 code [0x000001fa00b4e540, 0x000001fa00b4eb98]
Event: 7739.220 Thread 0x000001fa19223000 nmethod 27207 0x000001fa07f89910 code [0x000001fa07f89e80, 0x000001fa07f8cce0]
Event: 7739.220 Thread 0x000001fa19223000 27214       4       com.sun.tools.javac.tree.JCTree$JCVariableDecl::accept (9 bytes)
Event: 7739.231 Thread 0x000001fa169bf800 27216       3       com.sun.tools.javac.code.Symbol::setAttributes (26 bytes)
Event: 7739.231 Thread 0x000001fa169bf800 nmethod 27216 0x000001fa00ab2110 code [0x000001fa00ab2300, 0x000001fa00ab2678]
Event: 7739.245 Thread 0x000001fa169bf800 27220       3       org.gradle.internal.compiler.java.listeners.constants.ConstantsTreeVisitor::visitClass (53 bytes)
Event: 7739.246 Thread 0x000001fa169bf800 nmethod 27220 0x000001fa02664310 code [0x000001fa02664580, 0x000001fa02665058]

GC Heap History (20 events):
Event: 6529.993 GC heap before
{Heap before GC invocations=78 (full 0):
 garbage-first heap   total 270336K, used 114049K [0x0000000080000000, 0x0000000100000000)
  region size 1024K, 3 young (3072K), 1 survivors (1024K)
 Metaspace       used 129537K, capacity 133480K, committed 133676K, reserved 1165312K
  class space    used 15994K, capacity 17455K, committed 17536K, reserved 1048576K
}
Event: 6529.996 GC heap after
{Heap after GC invocations=79 (full 0):
 garbage-first heap   total 270336K, used 113823K [0x0000000080000000, 0x0000000100000000)
  region size 1024K, 1 young (1024K), 1 survivors (1024K)
 Metaspace       used 129537K, capacity 133480K, committed 133676K, reserved 1165312K
  class space    used 15994K, capacity 17455K, committed 17536K, reserved 1048576K
}
Event: 7720.091 GC heap before
{Heap before GC invocations=80 (full 0):
 garbage-first heap   total 270336K, used 222367K [0x0000000080000000, 0x0000000100000000)
  region size 1024K, 72 young (73728K), 1 survivors (1024K)
 Metaspace       used 129780K, capacity 133713K, committed 133932K, reserved 1165312K
  class space    used 16021K, capacity 17504K, committed 17536K, reserved 1048576K
}
Event: 7720.100 GC heap after
{Heap after GC invocations=81 (full 0):
 garbage-first heap   total 270336K, used 118428K [0x0000000080000000, 0x0000000100000000)
  region size 1024K, 6 young (6144K), 6 survivors (6144K)
 Metaspace       used 129780K, capacity 133713K, committed 133932K, reserved 1165312K
  class space    used 16021K, capacity 17504K, committed 17536K, reserved 1048576K
}
Event: 7720.149 GC heap before
{Heap before GC invocations=81 (full 0):
 garbage-first heap   total 270336K, used 125596K [0x0000000080000000, 0x0000000100000000)
  region size 1024K, 13 young (13312K), 6 survivors (6144K)
 Metaspace       used 129785K, capacity 133713K, committed 133932K, reserved 1165312K
  class space    used 16021K, capacity 17504K, committed 17536K, reserved 1048576K
}
Event: 7720.159 GC heap after
{Heap after GC invocations=82 (full 0):
 garbage-first heap   total 270336K, used 117346K [0x0000000080000000, 0x0000000100000000)
  region size 1024K, 2 young (2048K), 2 survivors (2048K)
 Metaspace       used 129785K, capacity 133713K, committed 133932K, reserved 1165312K
  class space    used 16021K, capacity 17504K, committed 17536K, reserved 1048576K
}
Event: 7720.720 GC heap before
{Heap before GC invocations=82 (full 0):
 garbage-first heap   total 270336K, used 147042K [0x0000000080000000, 0x0000000100000000)
  region size 1024K, 33 young (33792K), 2 survivors (2048K)
 Metaspace       used 129821K, capacity 133780K, committed 133932K, reserved 1165312K
  class space    used 16021K, capacity 17504K, committed 17536K, reserved 1048576K
}
Event: 7720.735 GC heap after
{Heap after GC invocations=83 (full 0):
 garbage-first heap   total 270336K, used 121043K [0x0000000080000000, 0x0000000100000000)
  region size 1024K, 5 young (5120K), 5 survivors (5120K)
 Metaspace       used 129821K, capacity 133780K, committed 133932K, reserved 1165312K
  class space    used 16021K, capacity 17504K, committed 17536K, reserved 1048576K
}
Event: 7721.650 GC heap before
{Heap before GC invocations=84 (full 0):
 garbage-first heap   total 270336K, used 199891K [0x0000000080000000, 0x0000000100000000)
  region size 1024K, 81 young (82944K), 5 survivors (5120K)
 Metaspace       used 129942K, capacity 133911K, committed 133932K, reserved 1165312K
  class space    used 16032K, capacity 17525K, committed 17536K, reserved 1048576K
}
Event: 7721.655 GC heap after
{Heap after GC invocations=85 (full 0):
 garbage-first heap   total 270336K, used 123275K [0x0000000080000000, 0x0000000100000000)
  region size 1024K, 5 young (5120K), 5 survivors (5120K)
 Metaspace       used 129942K, capacity 133911K, committed 133932K, reserved 1165312K
  class space    used 16032K, capacity 17525K, committed 17536K, reserved 1048576K
}
Event: 7734.146 GC heap before
{Heap before GC invocations=85 (full 0):
 garbage-first heap   total 270336K, used 131467K [0x0000000080000000, 0x0000000100000000)
  region size 1024K, 13 young (13312K), 5 survivors (5120K)
 Metaspace       used 129995K, capacity 133965K, committed 134188K, reserved 1167360K
  class space    used 16038K, capacity 17534K, committed 17536K, reserved 1048576K
}
Event: 7734.155 GC heap after
{Heap after GC invocations=86 (full 0):
 garbage-first heap   total 270336K, used 109252K [0x0000000080000000, 0x0000000100000000)
  region size 1024K, 2 young (2048K), 2 survivors (2048K)
 Metaspace       used 129995K, capacity 133965K, committed 134188K, reserved 1167360K
  class space    used 16038K, capacity 17534K, committed 17536K, reserved 1048576K
}
Event: 7737.200 GC heap before
{Heap before GC invocations=86 (full 0):
 garbage-first heap   total 270336K, used 182980K [0x0000000080000000, 0x0000000100000000)
  region size 1024K, 76 young (77824K), 2 survivors (2048K)
 Metaspace       used 130108K, capacity 134158K, committed 134188K, reserved 1167360K
  class space    used 16038K, capacity 17534K, committed 17536K, reserved 1048576K
}
Event: 7737.217 GC heap after
{Heap after GC invocations=87 (full 0):
 garbage-first heap   total 270336K, used 118711K [0x0000000080000000, 0x0000000100000000)
  region size 1024K, 12 young (12288K), 12 survivors (12288K)
 Metaspace       used 130108K, capacity 134158K, committed 134188K, reserved 1167360K
  class space    used 16038K, capacity 17534K, committed 17536K, reserved 1048576K
}
Event: 7737.847 GC heap before
{Heap before GC invocations=88 (full 0):
 garbage-first heap   total 270336K, used 203703K [0x0000000080000000, 0x0000000100000000)
  region size 1024K, 94 young (96256K), 12 survivors (12288K)
 Metaspace       used 130152K, capacity 134164K, committed 134188K, reserved 1167360K
  class space    used 16038K, capacity 17534K, committed 17536K, reserved 1048576K
}
Event: 7737.872 GC heap after
{Heap after GC invocations=89 (full 0):
 garbage-first heap   total 270336K, used 135491K [0x0000000080000000, 0x0000000100000000)
  region size 1024K, 12 young (12288K), 12 survivors (12288K)
 Metaspace       used 130152K, capacity 134164K, committed 134188K, reserved 1167360K
  class space    used 16038K, capacity 17534K, committed 17536K, reserved 1048576K
}
Event: 7737.877 GC heap before
{Heap before GC invocations=89 (full 0):
 garbage-first heap   total 270336K, used 136515K [0x0000000080000000, 0x0000000100000000)
  region size 1024K, 13 young (13312K), 12 survivors (12288K)
 Metaspace       used 130152K, capacity 134164K, committed 134188K, reserved 1167360K
  class space    used 16038K, capacity 17534K, committed 17536K, reserved 1048576K
}
Event: 7737.893 GC heap after
{Heap after GC invocations=90 (full 0):
 garbage-first heap   total 270336K, used 130539K [0x0000000080000000, 0x0000000100000000)
  region size 1024K, 2 young (2048K), 2 survivors (2048K)
 Metaspace       used 130152K, capacity 134164K, committed 134188K, reserved 1167360K
  class space    used 16038K, capacity 17534K, committed 17536K, reserved 1048576K
}
Event: 7738.994 GC heap before
{Heap before GC invocations=90 (full 0):
 garbage-first heap   total 270336K, used 207339K [0x0000000080000000, 0x0000000100000000)
  region size 1024K, 77 young (78848K), 2 survivors (2048K)
 Metaspace       used 130258K, capacity 134298K, committed 134444K, reserved 1167360K
  class space    used 16038K, capacity 17534K, committed 17536K, reserved 1048576K
}
Event: 7739.003 GC heap after
{Heap after GC invocations=91 (full 0):
 garbage-first heap   total 270336K, used 132107K [0x0000000080000000, 0x0000000100000000)
  region size 1024K, 4 young (4096K), 4 survivors (4096K)
 Metaspace       used 130258K, capacity 134298K, committed 134444K, reserved 1167360K
  class space    used 16038K, capacity 17534K, committed 17536K, reserved 1048576K
}

Deoptimization events (20 events):
Event: 7738.084 Thread 0x000001fa193ab800 DEOPT PACKING pc=0x000001fa08be5ea0 sp=0x000000c0ae4f8320
Event: 7738.084 Thread 0x000001fa193ab800 DEOPT UNPACKING pc=0x000001fa0004a1af sp=0x000000c0ae4f8328 mode 2
Event: 7738.750 Thread 0x000001fa193ab800 DEOPT PACKING pc=0x000001fa028865f5 sp=0x000000c0ae4f9340
Event: 7738.750 Thread 0x000001fa193ab800 DEOPT UNPACKING pc=0x000001fa0004a95e sp=0x000000c0ae4f8988 mode 0
Event: 7738.804 Thread 0x000001fa193ab800 Uncommon trap: trap_request=0xffffffde fr.pc=0x000001fa08ed5f94 relative=0x00000000000000d4
Event: 7738.804 Thread 0x000001fa193ab800 Uncommon trap: reason=class_check action=maybe_recompile pc=0x000001fa08ed5f94 method=com.sun.tools.javac.code.Type$ClassType.isRaw()Z @ 31 c2
Event: 7738.804 Thread 0x000001fa193ab800 DEOPT PACKING pc=0x000001fa08ed5f94 sp=0x000000c0ae4f9090
Event: 7738.804 Thread 0x000001fa193ab800 DEOPT UNPACKING pc=0x000001fa0004a1af sp=0x000000c0ae4f9028 mode 2
Event: 7738.804 Thread 0x000001fa193ab800 Uncommon trap: trap_request=0xffffff4d fr.pc=0x000001fa07c30254 relative=0x00000000000006d4
Event: 7738.804 Thread 0x000001fa193ab800 Uncommon trap: reason=unstable_if action=reinterpret pc=0x000001fa07c30254 method=com.sun.tools.javac.code.Types$14.visitClassType(Lcom/sun/tools/javac/code/Type$ClassType;Ljava/lang/Boolean;)Lcom/sun/tools/javac/code/Type; @ 16 c2
Event: 7738.804 Thread 0x000001fa193ab800 DEOPT PACKING pc=0x000001fa07c30254 sp=0x000000c0ae4f8f60
Event: 7738.804 Thread 0x000001fa193ab800 DEOPT UNPACKING pc=0x000001fa0004a1af sp=0x000000c0ae4f8f40 mode 2
Event: 7738.810 Thread 0x000001fa193ab800 Uncommon trap: trap_request=0xffffff4d fr.pc=0x000001fa081726dc relative=0x000000000000053c
Event: 7738.810 Thread 0x000001fa193ab800 Uncommon trap: reason=unstable_if action=reinterpret pc=0x000001fa081726dc method=com.sun.tools.javac.comp.Lower.access(Lcom/sun/tools/javac/code/Symbol;Lcom/sun/tools/javac/tree/JCTree$JCExpression;Lcom/sun/tools/javac/tree/JCTree$JCExpression;Z)Lcom/sun
Event: 7738.810 Thread 0x000001fa193ab800 DEOPT PACKING pc=0x000001fa081726dc sp=0x000000c0ae4f7da0
Event: 7738.810 Thread 0x000001fa193ab800 DEOPT UNPACKING pc=0x000001fa0004a1af sp=0x000000c0ae4f7d88 mode 2
Event: 7738.912 Thread 0x000001fa193ab800 DEOPT PACKING pc=0x000001fa028d5c1b sp=0x000000c0ae4f94e0
Event: 7738.912 Thread 0x000001fa193ab800 DEOPT UNPACKING pc=0x000001fa0004a95e sp=0x000000c0ae4f8958 mode 0
Event: 7739.111 Thread 0x000001fa193ab800 DEOPT PACKING pc=0x000001fa0296121e sp=0x000000c0ae4f9530
Event: 7739.111 Thread 0x000001fa193ab800 DEOPT UNPACKING pc=0x000001fa0004a95e sp=0x000000c0ae4f8ac0 mode 0

Classes redefined (0 events):
No events

Internal exceptions (20 events):
Event: 7739.079 Thread 0x000001fa193ab800 Exception <a 'sun/nio/fs/WindowsException'{0x0000000090587c30}> (0x0000000090587c30) thrown at [./src/hotspot/share/prims/jni.cpp, line 616]
Event: 7739.088 Thread 0x000001fa193ab800 Exception <a 'sun/nio/fs/WindowsException'{0x00000000905c5e60}> (0x00000000905c5e60) thrown at [./src/hotspot/share/prims/jni.cpp, line 616]
Event: 7739.099 Thread 0x000001fa193ab800 Exception <a 'sun/nio/fs/WindowsException'{0x0000000090410cd0}> (0x0000000090410cd0) thrown at [./src/hotspot/share/prims/jni.cpp, line 616]
Event: 7739.105 Thread 0x000001fa193ab800 Exception <a 'sun/nio/fs/WindowsException'{0x0000000090460090}> (0x0000000090460090) thrown at [./src/hotspot/share/prims/jni.cpp, line 616]
Event: 7739.110 Thread 0x000001fa193ab800 Exception <a 'sun/nio/fs/WindowsException'{0x00000000904a7a88}> (0x00000000904a7a88) thrown at [./src/hotspot/share/prims/jni.cpp, line 616]
Event: 7739.115 Thread 0x000001fa193ab800 Exception <a 'sun/nio/fs/WindowsException'{0x00000000904dce98}> (0x00000000904dce98) thrown at [./src/hotspot/share/prims/jni.cpp, line 616]
Event: 7739.120 Thread 0x000001fa193ab800 Exception <a 'sun/nio/fs/WindowsException'{0x0000000090323070}> (0x0000000090323070) thrown at [./src/hotspot/share/prims/jni.cpp, line 616]
Event: 7739.123 Thread 0x000001fa193ab800 Exception <a 'sun/nio/fs/WindowsException'{0x0000000090379c10}> (0x0000000090379c10) thrown at [./src/hotspot/share/prims/jni.cpp, line 616]
Event: 7739.129 Thread 0x000001fa193ab800 Exception <a 'sun/nio/fs/WindowsException'{0x00000000903e41d8}> (0x00000000903e41d8) thrown at [./src/hotspot/share/prims/jni.cpp, line 616]
Event: 7739.133 Thread 0x000001fa193ab800 Exception <a 'sun/nio/fs/WindowsException'{0x000000009022b4f0}> (0x000000009022b4f0) thrown at [./src/hotspot/share/prims/jni.cpp, line 616]
Event: 7739.138 Thread 0x000001fa193ab800 Exception <a 'sun/nio/fs/WindowsException'{0x00000000902c03b0}> (0x00000000902c03b0) thrown at [./src/hotspot/share/prims/jni.cpp, line 616]
Event: 7739.158 Thread 0x000001fa193ab800 Exception <a 'sun/nio/fs/WindowsException'{0x00000000901c93f8}> (0x00000000901c93f8) thrown at [./src/hotspot/share/prims/jni.cpp, line 616]
Event: 7739.169 Thread 0x000001fa193ab800 Exception <a 'sun/nio/fs/WindowsException'{0x0000000090028a98}> (0x0000000090028a98) thrown at [./src/hotspot/share/prims/jni.cpp, line 616]
Event: 7739.174 Thread 0x000001fa193ab800 Exception <a 'sun/nio/fs/WindowsException'{0x00000000900663a0}> (0x00000000900663a0) thrown at [./src/hotspot/share/prims/jni.cpp, line 616]
Event: 7739.181 Thread 0x000001fa193ab800 Exception <a 'sun/nio/fs/WindowsException'{0x00000000900b5c40}> (0x00000000900b5c40) thrown at [./src/hotspot/share/prims/jni.cpp, line 616]
Event: 7739.199 Thread 0x000001fa193ab800 Exception <a 'sun/nio/fs/WindowsException'{0x000000008ff04a50}> (0x000000008ff04a50) thrown at [./src/hotspot/share/prims/jni.cpp, line 616]
Event: 7739.204 Thread 0x000001fa193ab800 Exception <a 'sun/nio/fs/WindowsException'{0x000000008ff77418}> (0x000000008ff77418) thrown at [./src/hotspot/share/prims/jni.cpp, line 616]
Event: 7739.211 Thread 0x000001fa193ab800 Exception <a 'sun/nio/fs/WindowsException'{0x000000008ffba018}> (0x000000008ffba018) thrown at [./src/hotspot/share/prims/jni.cpp, line 616]
Event: 7739.221 Thread 0x000001fa193ab800 Exception <a 'sun/nio/fs/WindowsException'{0x000000008fe020a8}> (0x000000008fe020a8) thrown at [./src/hotspot/share/prims/jni.cpp, line 616]
Event: 7739.232 Thread 0x000001fa193ab800 Exception <a 'sun/nio/fs/WindowsException'{0x000000008fe6c188}> (0x000000008fe6c188) thrown at [./src/hotspot/share/prims/jni.cpp, line 616]

Events (20 events):
Event: 7738.734 Thread 0x000001fa169dd800 flushing nmethod 0x000001fa02b96a10
Event: 7738.734 Thread 0x000001fa169dd800 flushing nmethod 0x000001fa02b97510
Event: 7738.734 Thread 0x000001fa169dd800 flushing nmethod 0x000001fa02b9df90
Event: 7738.734 Thread 0x000001fa169dd800 flushing nmethod 0x000001fa02b9e710
Event: 7738.734 Thread 0x000001fa169dd800 flushing nmethod 0x000001fa02b9ff90
Event: 7738.734 Thread 0x000001fa169dd800 flushing nmethod 0x000001fa02ba0510
Event: 7738.734 Thread 0x000001fa169dd800 flushing nmethod 0x000001fa02ba1190
Event: 7738.734 Thread 0x000001fa169dd800 flushing nmethod 0x000001fa02ba2390
Event: 7738.734 Thread 0x000001fa169dd800 flushing nmethod 0x000001fa02ba2d90
Event: 7738.734 Thread 0x000001fa169dd800 flushing nmethod 0x000001fa02bb0490
Event: 7738.734 Thread 0x000001fa169dd800 flushing nmethod 0x000001fa02bbcc10
Event: 7738.734 Thread 0x000001fa169dd800 flushing nmethod 0x000001fa02bc6f90
Event: 7738.734 Thread 0x000001fa169dd800 flushing nmethod 0x000001fa02bf6610
Event: 7738.734 Thread 0x000001fa169dd800 flushing nmethod 0x000001fa02bf6c90
Event: 7738.734 Thread 0x000001fa169dd800 flushing nmethod 0x000001fa02bffa90
Event: 7738.735 Thread 0x000001fa169dd800 flushing nmethod 0x000001fa02e51490
Event: 7738.994 Executing VM operation: G1CollectForAllocation
Event: 7739.003 Executing VM operation: G1CollectForAllocation done
Event: 7739.183 Executing VM operation: CGC_Operation
Event: 7739.197 Executing VM operation: CGC_Operation done


Dynamic libraries:
0x00007ff63a860000 - 0x00007ff63a86a000 	C:\Program Files\Android\Android Studio\jre\bin\java.exe
0x00007ff84e430000 - 0x00007ff84e628000 	C:\WINDOWS\SYSTEM32\ntdll.dll
0x00007ff84c470000 - 0x00007ff84c52f000 	C:\WINDOWS\System32\KERNEL32.DLL
0x00007ff84bb20000 - 0x00007ff84bdf2000 	C:\WINDOWS\System32\KERNELBASE.dll
0x00007ff849360000 - 0x00007ff8493f0000 	C:\WINDOWS\SYSTEM32\apphelp.dll
0x00007ff84c0d0000 - 0x00007ff84c1d0000 	C:\WINDOWS\System32\ucrtbase.dll
0x00007ff8358d0000 - 0x00007ff8358e9000 	C:\Program Files\Android\Android Studio\jre\bin\jli.dll
0x00007ff84daa0000 - 0x00007ff84dc41000 	C:\WINDOWS\System32\USER32.dll
0x00007ff84c1d0000 - 0x00007ff84c1f2000 	C:\WINDOWS\System32\win32u.dll
0x00007ff835020000 - 0x00007ff835037000 	C:\Program Files\Android\Android Studio\jre\bin\VCRUNTIME140.dll
0x00007ff84cc00000 - 0x00007ff84cc2b000 	C:\WINDOWS\System32\GDI32.dll
0x00007ff84c200000 - 0x00007ff84c30f000 	C:\WINDOWS\System32\gdi32full.dll
0x00007ff84c030000 - 0x00007ff84c0cd000 	C:\WINDOWS\System32\msvcp_win.dll
0x00007ff838e80000 - 0x00007ff83911a000 	C:\WINDOWS\WinSxS\amd64_microsoft.windows.common-controls_6595b64144ccf1df_6.0.19041.1110_none_60b5254171f9507e\COMCTL32.dll
0x00007ff84da00000 - 0x00007ff84da9e000 	C:\WINDOWS\System32\msvcrt.dll
0x00007ff84ddd0000 - 0x00007ff84de02000 	C:\WINDOWS\System32\IMM32.DLL
0x00007ff80a520000 - 0x00007ff80a5bd000 	C:\Program Files\Android\Android Studio\jre\bin\msvcp140.dll
0x00007ffff4040000 - 0x00007ffff4b42000 	C:\Program Files\Android\Android Studio\jre\bin\server\jvm.dll
0x00007ff84d5f0000 - 0x00007ff84d69e000 	C:\WINDOWS\System32\ADVAPI32.dll
0x00007ff84c6e0000 - 0x00007ff84c77c000 	C:\WINDOWS\System32\sechost.dll
0x00007ff84c810000 - 0x00007ff84c935000 	C:\WINDOWS\System32\RPCRT4.dll
0x00007ff84e380000 - 0x00007ff84e388000 	C:\WINDOWS\System32\PSAPI.DLL
0x00007ff842a20000 - 0x00007ff842a29000 	C:\WINDOWS\SYSTEM32\WSOCK32.dll
0x00007ff84d510000 - 0x00007ff84d57b000 	C:\WINDOWS\System32\WS2_32.dll
0x00007ff845b00000 - 0x00007ff845b0a000 	C:\WINDOWS\SYSTEM32\VERSION.dll
0x00007ff83de50000 - 0x00007ff83de77000 	C:\WINDOWS\SYSTEM32\WINMM.dll
0x00007ff849a00000 - 0x00007ff849a12000 	C:\WINDOWS\SYSTEM32\kernel.appcore.dll
0x00007ff83a780000 - 0x00007ff83a791000 	C:\Program Files\Android\Android Studio\jre\bin\verify.dll
0x00007ff83ae50000 - 0x00007ff83b034000 	C:\WINDOWS\SYSTEM32\DBGHELP.DLL
0x00007ff8380e0000 - 0x00007ff838115000 	C:\WINDOWS\SYSTEM32\dbgcore.DLL
0x00007ff84be00000 - 0x00007ff84be82000 	C:\WINDOWS\System32\bcryptPrimitives.dll
0x00007ff81ebe0000 - 0x00007ff81ec09000 	C:\Program Files\Android\Android Studio\jre\bin\java.dll
0x00007ff83bf40000 - 0x00007ff83bf4b000 	C:\Program Files\Android\Android Studio\jre\bin\jimage.dll
0x00007ff831730000 - 0x00007ff831748000 	C:\Program Files\Android\Android Studio\jre\bin\zip.dll
0x00007ff84cc90000 - 0x00007ff84d3d5000 	C:\WINDOWS\System32\SHELL32.dll
0x00007ff849c00000 - 0x00007ff84a392000 	C:\WINDOWS\SYSTEM32\windows.storage.dll
0x00007ff84d6a0000 - 0x00007ff84d9f5000 	C:\WINDOWS\System32\combase.dll
0x00007ff84b580000 - 0x00007ff84b5b0000 	C:\WINDOWS\SYSTEM32\Wldp.dll
0x00007ff84cb50000 - 0x00007ff84cbfd000 	C:\WINDOWS\System32\SHCORE.dll
0x00007ff84e320000 - 0x00007ff84e375000 	C:\WINDOWS\System32\shlwapi.dll
0x00007ff84ba60000 - 0x00007ff84ba7f000 	C:\WINDOWS\SYSTEM32\profapi.dll
0x00007ff83bd50000 - 0x00007ff83bd6a000 	C:\Program Files\Android\Android Studio\jre\bin\net.dll
0x00007ff845b70000 - 0x00007ff845c7c000 	C:\WINDOWS\SYSTEM32\WINHTTP.dll
0x00007ff84b2e0000 - 0x00007ff84b34a000 	C:\WINDOWS\system32\mswsock.dll
0x00007ff83bd30000 - 0x00007ff83bd44000 	C:\Program Files\Android\Android Studio\jre\bin\nio.dll
0x00007ff8259a0000 - 0x00007ff8259c7000 	C:\Users\babyu\.gradle\native\e1d6ef7f7dcc3fd88c89a11ec53ec762bb8ba0a96d01ffa2cd45eb1d1d8dd5c5\windows-amd64\native-platform.dll
0x00007ffff9c60000 - 0x00007ffff9da4000 	C:\Users\babyu\.gradle\native\0d407fdbe67a94daf76414ababcb853783967236a71b16ec16e742cd7a986fd3\windows-amd64\native-platform-file-events.dll
0x00007ff842a50000 - 0x00007ff842a5a000 	C:\Program Files\Android\Android Studio\jre\bin\management.dll
0x00007ff839670000 - 0x00007ff83967d000 	C:\Program Files\Android\Android Studio\jre\bin\management_ext.dll
0x00007ff84b4e0000 - 0x00007ff84b4f8000 	C:\WINDOWS\SYSTEM32\CRYPTSP.dll
0x00007ff84ab20000 - 0x00007ff84ab54000 	C:\WINDOWS\system32\rsaenh.dll
0x00007ff84be90000 - 0x00007ff84beb7000 	C:\WINDOWS\System32\bcrypt.dll
0x00007ff84b9e0000 - 0x00007ff84ba0e000 	C:\WINDOWS\SYSTEM32\USERENV.dll
0x00007ff84b4d0000 - 0x00007ff84b4dc000 	C:\WINDOWS\SYSTEM32\CRYPTBASE.dll
0x00007ff84af80000 - 0x00007ff84afbb000 	C:\WINDOWS\SYSTEM32\IPHLPAPI.DLL
0x00007ff84ca20000 - 0x00007ff84ca28000 	C:\WINDOWS\System32\NSI.dll
0x00007ff846290000 - 0x00007ff8462a7000 	C:\WINDOWS\SYSTEM32\dhcpcsvc6.DLL
0x00007ff846270000 - 0x00007ff84628d000 	C:\WINDOWS\SYSTEM32\dhcpcsvc.DLL
0x00007ff84afc0000 - 0x00007ff84b08b000 	C:\WINDOWS\SYSTEM32\DNSAPI.dll
0x00007ff81d8b0000 - 0x00007ff81d8d7000 	C:\Program Files\Android\Android Studio\jre\bin\sunec.dll

dbghelp: loaded successfully - version: 4.0.5 - missing functions: none
symbol engine: initialized successfully - sym options: 0x614 - pdb path: .;C:\Program Files\Android\Android Studio\jre\bin;C:\WINDOWS\SYSTEM32;C:\WINDOWS\WinSxS\amd64_microsoft.windows.common-controls_6595b64144ccf1df_6.0.19041.1110_none_60b5254171f9507e;C:\Program Files\Android\Android Studio\jre\bin\server;C:\Users\babyu\.gradle\native\e1d6ef7f7dcc3fd88c89a11ec53ec762bb8ba0a96d01ffa2cd45eb1d1d8dd5c5\windows-amd64;C:\Users\babyu\.gradle\native\0d407fdbe67a94daf76414ababcb853783967236a71b16ec16e742cd7a986fd3\windows-amd64

VM Arguments:
jvm_args: --add-opens=java.base/java.util=ALL-UNNAMED --add-opens=java.base/java.lang=ALL-UNNAMED --add-opens=java.base/java.lang.invoke=ALL-UNNAMED --add-opens=java.base/java.util=ALL-UNNAMED --add-opens=java.prefs/java.util.prefs=ALL-UNNAMED --add-opens=java.prefs/java.util.prefs=ALL-UNNAMED --add-opens=java.base/java.nio.charset=ALL-UNNAMED --add-opens=java.base/java.net=ALL-UNNAMED --add-opens=java.base/java.util.concurrent.atomic=ALL-UNNAMED -Xmx2048m -Dfile.encoding=UTF-8 -Duser.country=US -Duser.language=en -Duser.variant 
java_command: org.gradle.launcher.daemon.bootstrap.GradleDaemon 7.4
java_class_path (initial): C:\Users\babyu\.gradle\wrapper\dists\gradle-7.4-bin\c0gwcg53nkjbqw7r0h0umtfvt\gradle-7.4\lib\gradle-launcher-7.4.jar
Launcher Type: SUN_STANDARD

[Global flags]
     intx CICompilerCount                          = 3                                         {product} {ergonomic}
     uint ConcGCThreads                            = 1                                         {product} {ergonomic}
     uint G1ConcRefinementThreads                  = 4                                         {product} {ergonomic}
   size_t G1HeapRegionSize                         = 1048576                                   {product} {ergonomic}
    uintx GCDrainStackTargetSize                   = 64                                        {product} {ergonomic}
   size_t InitialHeapSize                          = 268435456                                 {product} {ergonomic}
   size_t MarkStackSize                            = 4194304                                   {product} {ergonomic}
   size_t MaxHeapSize                              = 2147483648                                {product} {command line}
   size_t MaxNewSize                               = 1287651328                                {product} {ergonomic}
   size_t MinHeapDeltaBytes                        = 1048576                                   {product} {ergonomic}
    uintx NonNMethodCodeHeapSize                   = 5830732                                {pd product} {ergonomic}
    uintx NonProfiledCodeHeapSize                  = 122913754                              {pd product} {ergonomic}
    uintx ProfiledCodeHeapSize                     = 122913754                              {pd product} {ergonomic}
    uintx ReservedCodeCacheSize                    = 251658240                              {pd product} {ergonomic}
     bool SegmentedCodeCache                       = true                                      {product} {ergonomic}
     bool UseCompressedClassPointers               = true                                 {lp64_product} {ergonomic}
     bool UseCompressedOops                        = true                                 {lp64_product} {ergonomic}
     bool UseG1GC                                  = true                                      {product} {ergonomic}
     bool UseLargePagesIndividualAllocation        = false                                  {pd product} {ergonomic}

Logging:
Log output configuration:
 #0: stdout all=warning uptime,level,tags
 #1: stderr all=off uptime,level,tags

Environment Variables:
JAVA_HOME=C:\Program Files\Eclipse Adoptium\jdk-8.0.332.9-hotspot\
PATH=C:\Program Files (x86)\Common Files\Oracle\Java\javapath;C:\Program Files\Common Files\Oracle\Java\javapath;C:\Python27\;C:\Python27\Scripts;C:\Program Files\Eclipse Adoptium\jdk-8.0.332.9-hotspot\bin;C:\WINDOWS\system32;C:\WINDOWS;C:\WINDOWS\System32\Wbem;C:\WINDOWS\System32\WindowsPowerShell\v1.0\;C:\WINDOWS\System32\OpenSSH\;C:\Program Files\NVIDIA Corporation\NVIDIA NvDLISR;C:\Program Files (x86)\NVIDIA Corporation\PhysX\Common;C:\Program Files\Microsoft SQL Server\130\Tools\Binn\;C:\Program Files\Microsoft SQL Server\Client SDK\ODBC\170\Tools\Binn\;C:\Program Files (x86)\Microsoft SQL Server\150\DTS\Binn\;C:\Program Files\Azure Data Studio\bin;C:\Program Files (x86)\Microsoft SQL Server\150\Tools\Binn\;C:\Program Files\Microsoft SQL Server\150\Tools\Binn\;C:\Program Files\Microsoft SQL Server\150\DTS\Binn\;C:\Program Files\MongoDB\Server\5.0\bin;C:\Program Files\dotnet\;C:\Users\babyu\AppData\Local\Microsoft\WindowsApps;C:\Users\babyu\.dotnet\tools
USERNAME=babyu
OS=Windows_NT
PROCESSOR_IDENTIFIER=Intel64 Family 6 Model 58 Stepping 9, GenuineIntel



---------------  S Y S T E M  ---------------

OS: Windows 10 , 64 bit Build 19041 (10.0.19041.2546)
OS uptime: 2 days 8:01 hours

CPU:total 4 (initial active 4) (4 cores per cpu, 1 threads per core) family 6 model 58 stepping 9 microcode 0x21, cmov, cx8, fxsr, mmx, sse, sse2, sse3, ssse3, sse4.1, sse4.2, popcnt, avx, aes, clmul, erms, tsc, tscinvbit, tscinv

Memory: 4k page, system-wide physical 16332M (2036M free)
TotalPageFile size 24524M (AvailPageFile size 0M)
current process WorkingSet (physical memory assigned to process): 565M, peak: 617M
current process commit charge ("private bytes"): 663M, peak: 669M

vm_info: OpenJDK 64-Bit Server VM (11.0.13+0-b1751.21-8125866) for windows-amd64 JRE (11.0.13+0-b1751.21-8125866), built on Feb  2 2022 03:00:22 by "builder" with MS VC++ 14.0 (VS2015)

END.
