#
# There is insufficient memory for the Java Runtime Environment to continue.
# Native memory allocation (malloc) failed to allocate 1488816 bytes for Chunk::new
# Possible reasons:
#   The system is out of physical RAM or swap space
#   The process is running with CompressedOops enabled, and the Java Heap may be blocking the growth of the native heap
# Possible solutions:
#   Reduce memory load on the system
#   Increase physical memory or swap space
#   Check if swap backing store is full
#   Decrease Java heap size (-Xmx/-Xms)
#   Decrease number of Java threads
#   Decrease Java thread stack sizes (-Xss)
#   Set larger code cache with -XX:ReservedCodeCacheSize=
#   JVM is running with Unscaled Compressed Oops mode in which the Java heap is
#     placed in the first 4GB address space. The Java Heap base address is the
#     maximum limit for the native heap growth. Please use -XX:HeapBaseMinAddress
#     to set the Java Heap base and to place the Java Heap above 4GB virtual address.
# This output file may be truncated or incomplete.
#
#  Out of Memory Error (./src/hotspot/share/memory/arena.cpp:197), pid=19808, tid=17888
#
# JRE version: OpenJDK Runtime Environment (11.0.13) (build 11.0.13+0-b1751.21-8125866)
# Java VM: OpenJDK 64-Bit Server VM (11.0.13+0-b1751.21-8125866, mixed mode, tiered, compressed oops, g1 gc, windows-amd64)
# No core dump will be written. Minidumps are not enabled by default on client versions of Windows
#

---------------  S U M M A R Y ------------

Command Line: --add-opens=java.base/java.util=ALL-UNNAMED --add-opens=java.base/java.lang=ALL-UNNAMED --add-opens=java.base/java.lang.invoke=ALL-UNNAMED --add-opens=java.base/java.util=ALL-UNNAMED --add-opens=java.prefs/java.util.prefs=ALL-UNNAMED --add-opens=java.prefs/java.util.prefs=ALL-UNNAMED --add-opens=java.base/java.nio.charset=ALL-UNNAMED --add-opens=java.base/java.net=ALL-UNNAMED --add-opens=java.base/java.util.concurrent.atomic=ALL-UNNAMED -Xmx2048m -Dfile.encoding=UTF-8 -Duser.country=US -Duser.language=en -Duser.variant org.gradle.launcher.daemon.bootstrap.GradleDaemon 7.4

Host: Intel(R) Core(TM) i5-3570 CPU @ 3.40GHz, 4 cores, 15G,  Windows 10 , 64 bit Build 19041 (10.0.19041.2546)
Time: Sun Feb 19 22:02:58 2023 Malay Peninsula Standard Time elapsed time: 34.856447 seconds (0d 0h 0m 34s)

---------------  T H R E A D  ---------------

Current thread (0x0000022fcbd7c000):  JavaThread "C2 CompilerThread0" daemon [_thread_in_native, id=17888, stack(0x000000357f500000,0x000000357f600000)]


Current CompileTask:
C2:  34856 12640   !   4       java.io.ObjectOutputStream::writeObject0 (619 bytes)

Stack: [0x000000357f500000,0x000000357f600000]
Native frames: (J=compiled Java code, j=interpreted, Vv=VM code, C=native code)
V  [jvm.dll+0x6100fa]
V  [jvm.dll+0x747090]
V  [jvm.dll+0x7486ad]
V  [jvm.dll+0x748d83]
V  [jvm.dll+0x24ab48]
V  [jvm.dll+0xc04dc]
V  [jvm.dll+0xc0a0c]
V  [jvm.dll+0x35eb5b]
V  [jvm.dll+0x32b833]
V  [jvm.dll+0x32ad2a]
V  [jvm.dll+0x2032b2]
V  [jvm.dll+0x202437]
V  [jvm.dll+0x188e01]
V  [jvm.dll+0x21106b]
V  [jvm.dll+0x20f8c1]
V  [jvm.dll+0x70de0f]
V  [jvm.dll+0x706a75]
V  [jvm.dll+0x60ed66]
C  [ucrtbase.dll+0x21bb2]
C  [KERNEL32.DLL+0x17614]
C  [ntdll.dll+0x526a1]


---------------  P R O C E S S  ---------------

Threads class SMR info:
_java_thread_list=0x0000022fd1b2f980, length=88, elements={
0x0000022fb189f800, 0x0000022fcb4e6800, 0x0000022fcbd14000, 0x0000022fcbd73000,
0x0000022fcbd74000, 0x0000022fcbd76000, 0x0000022fcbd7c000, 0x0000022fcbd7d000,
0x0000022fcbddb800, 0x0000022fcbed1000, 0x0000022fce359000, 0x0000022fcbfb0800,
0x0000022fcd6ff800, 0x0000022fcccbf000, 0x0000022fce157000, 0x0000022fcd3fb000,
0x0000022fcdc2a800, 0x0000022fce2e1800, 0x0000022fcdc05800, 0x0000022fce335800,
0x0000022fcde39000, 0x0000022fcde3b800, 0x0000022fcde3d000, 0x0000022fcde3a000,
0x0000022fcde3e800, 0x0000022fcde3e000, 0x0000022fcde3c000, 0x0000022fcde3f800,
0x0000022fcde3a800, 0x0000022fce09f000, 0x0000022fce099800, 0x0000022fce09d800,
0x0000022fce09a000, 0x0000022fce0a0800, 0x0000022fce09c800, 0x0000022fce09b000,
0x0000022fce09e000, 0x0000022fce0a1800, 0x0000022fce09c000, 0x0000022fce0a6800,
0x0000022fce0a2800, 0x0000022fce0a7000, 0x0000022fce0a8000, 0x0000022fce0a3000,
0x0000022fce0a5800, 0x0000022fce0a4000, 0x0000022fce0a4800, 0x0000022fd1df3800,
0x0000022fd1df2000, 0x0000022fd1df4000, 0x0000022fd1df2800, 0x0000022fd1df5000,
0x0000022fd1df6800, 0x0000022fd1df6000, 0x0000022fd1df1000, 0x0000022fd1dfa000,
0x0000022fd1dfa800, 0x0000022fd1dfd000, 0x0000022fd1dfb800, 0x0000022fd1df7800,
0x0000022fd1dfe000, 0x0000022fd1dfc800, 0x0000022fd1df8800, 0x0000022fd1dff000,
0x0000022fd1df9000, 0x0000022fd1dff800, 0x0000022fce68c000, 0x0000022fce691000,
0x0000022fce68d800, 0x0000022fce690000, 0x0000022fce68f800, 0x0000022fce68b800,
0x0000022fce68d000, 0x0000022fce693800, 0x0000022fce692800, 0x0000022fce694800,
0x0000022fce68e800, 0x0000022fce697800, 0x0000022fce696000, 0x0000022fce699000,
0x0000022fce69a000, 0x0000022fd4894000, 0x0000022fd4899800, 0x0000022fd4899000,
0x0000022fd4897800, 0x0000022fd4898000, 0x0000022fd489a800, 0x0000022fd4896800
}

Java Threads: ( => current thread )
  0x0000022fb189f800 JavaThread "main" [_thread_blocked, id=19916, stack(0x000000357e900000,0x000000357ea00000)]
  0x0000022fcb4e6800 JavaThread "Reference Handler" daemon [_thread_blocked, id=14224, stack(0x000000357f000000,0x000000357f100000)]
  0x0000022fcbd14000 JavaThread "Finalizer" daemon [_thread_blocked, id=19592, stack(0x000000357f100000,0x000000357f200000)]
  0x0000022fcbd73000 JavaThread "Signal Dispatcher" daemon [_thread_blocked, id=3112, stack(0x000000357f200000,0x000000357f300000)]
  0x0000022fcbd74000 JavaThread "Attach Listener" daemon [_thread_blocked, id=716, stack(0x000000357f300000,0x000000357f400000)]
  0x0000022fcbd76000 JavaThread "Service Thread" daemon [_thread_blocked, id=10360, stack(0x000000357f400000,0x000000357f500000)]
=>0x0000022fcbd7c000 JavaThread "C2 CompilerThread0" daemon [_thread_in_native, id=17888, stack(0x000000357f500000,0x000000357f600000)]
  0x0000022fcbd7d000 JavaThread "C1 CompilerThread0" daemon [_thread_blocked, id=11856, stack(0x000000357f600000,0x000000357f700000)]
  0x0000022fcbddb800 JavaThread "Sweeper thread" daemon [_thread_blocked, id=7132, stack(0x000000357f700000,0x000000357f800000)]
  0x0000022fcbed1000 JavaThread "Common-Cleaner" daemon [_thread_blocked, id=19240, stack(0x000000357f800000,0x000000357f900000)]
  0x0000022fce359000 JavaThread "Daemon health stats" [_thread_blocked, id=1632, stack(0x000000357fe00000,0x000000357ff00000)]
  0x0000022fcbfb0800 JavaThread "Incoming local TCP Connector on port 63863" [_thread_in_native, id=15156, stack(0x000000357fa00000,0x000000357fb00000)]
  0x0000022fcd6ff800 JavaThread "Daemon periodic checks" [_thread_blocked, id=3256, stack(0x000000357ff00000,0x0000003580000000)]
  0x0000022fcccbf000 JavaThread "Daemon" [_thread_blocked, id=14612, stack(0x0000003500000000,0x0000003500100000)]
  0x0000022fce157000 JavaThread "Handler for socket connection from /127.0.0.1:63863 to /127.0.0.1:63864" [_thread_in_native, id=9188, stack(0x0000003500100000,0x0000003500200000)]
  0x0000022fcd3fb000 JavaThread "Cancel handler" [_thread_blocked, id=10320, stack(0x0000003500200000,0x0000003500300000)]
  0x0000022fcdc2a800 JavaThread "Daemon worker" [_thread_in_native, id=4624, stack(0x0000003500300000,0x0000003500400000)]
  0x0000022fce2e1800 JavaThread "Asynchronous log dispatcher for DefaultDaemonConnection: socket connection from /127.0.0.1:63863 to /127.0.0.1:63864" [_thread_blocked, id=12964, stack(0x0000003500400000,0x0000003500500000)]
  0x0000022fcdc05800 JavaThread "Stdin handler" [_thread_blocked, id=18784, stack(0x0000003500500000,0x0000003500600000)]
  0x0000022fce335800 JavaThread "Daemon client event forwarder" [_thread_blocked, id=4536, stack(0x0000003500600000,0x0000003500700000)]
  0x0000022fcde39000 JavaThread "Cache worker for journal cache (C:\Users\babyu\.gradle\caches\journal-1)" [_thread_blocked, id=19036, stack(0x0000003500700000,0x0000003500800000)]
  0x0000022fcde3b800 JavaThread "File lock request listener" [_thread_in_native, id=5936, stack(0x0000003500800000,0x0000003500900000)]
  0x0000022fcde3d000 JavaThread "Cache worker for file hash cache (C:\Users\babyu\.gradle\caches\7.4\fileHashes)" [_thread_blocked, id=15084, stack(0x0000003500900000,0x0000003500a00000)]
  0x0000022fcde3a000 JavaThread "File watcher server" daemon [_thread_in_native, id=18228, stack(0x0000003500b00000,0x0000003500c00000)]
  0x0000022fcde3e800 JavaThread "File watcher consumer" daemon [_thread_blocked, id=17304, stack(0x0000003500c00000,0x0000003500d00000)]
  0x0000022fcde3e000 JavaThread "Cache worker for checksums cache (D:\Bitoy\3rd Yr 2nd Sem\CAPSTONE\App\.gradle\7.4\checksums)" [_thread_blocked, id=2024, stack(0x0000003500d00000,0x0000003500e00000)]
  0x0000022fcde3c000 JavaThread "Cache worker for cache directory md-rule (C:\Users\babyu\.gradle\caches\7.4\md-rule)" [_thread_blocked, id=11272, stack(0x0000003500e00000,0x0000003500f00000)]
  0x0000022fcde3f800 JavaThread "Cache worker for file hash cache (D:\Bitoy\3rd Yr 2nd Sem\CAPSTONE\App\.gradle\7.4\fileHashes)" [_thread_blocked, id=15008, stack(0x0000003500f00000,0x0000003501000000)]
  0x0000022fcde3a800 JavaThread "Cache worker for cache directory md-supplier (C:\Users\babyu\.gradle\caches\7.4\md-supplier)" [_thread_blocked, id=11516, stack(0x0000003501000000,0x0000003501100000)]
  0x0000022fce09f000 JavaThread "Cache worker for execution history cache (C:\Users\babyu\.gradle\caches\7.4\executionHistory)" [_thread_blocked, id=17592, stack(0x0000003501100000,0x0000003501200000)]
  0x0000022fce099800 JavaThread "jar transforms" [_thread_blocked, id=15864, stack(0x0000003501200000,0x0000003501300000)]
  0x0000022fce09d800 JavaThread "jar transforms Thread 2" [_thread_blocked, id=8988, stack(0x0000003501300000,0x0000003501400000)]
  0x0000022fce09a000 JavaThread "Cache worker for file content cache (C:\Users\babyu\.gradle\caches\7.4\fileContent)" [_thread_blocked, id=12620, stack(0x0000003501400000,0x0000003501500000)]
  0x0000022fce0a0800 JavaThread "Cache worker for dependencies-accessors (D:\Bitoy\3rd Yr 2nd Sem\CAPSTONE\App\.gradle\7.4\dependencies-accessors)" [_thread_blocked, id=11416, stack(0x0000003501500000,0x0000003501600000)]
  0x0000022fce09c800 JavaThread "jar transforms Thread 3" [_thread_blocked, id=7584, stack(0x0000003501600000,0x0000003501700000)]
  0x0000022fce09b000 JavaThread "Cache worker for Build Output Cleanup Cache (D:\Bitoy\3rd Yr 2nd Sem\CAPSTONE\App\.gradle\buildOutputCleanup)" [_thread_blocked, id=8600, stack(0x0000003501700000,0x0000003501800000)]
  0x0000022fce09e000 JavaThread "Unconstrained build operations" [_thread_blocked, id=3612, stack(0x0000003501800000,0x0000003501900000)]
  0x0000022fce0a1800 JavaThread "Unconstrained build operations Thread 2" [_thread_blocked, id=9052, stack(0x0000003501900000,0x0000003501a00000)]
  0x0000022fce09c000 JavaThread "Unconstrained build operations Thread 3" [_thread_blocked, id=14968, stack(0x0000003501a00000,0x0000003501b00000)]
  0x0000022fce0a6800 JavaThread "Unconstrained build operations Thread 4" [_thread_blocked, id=14088, stack(0x0000003501b00000,0x0000003501c00000)]
  0x0000022fce0a2800 JavaThread "Unconstrained build operations Thread 5" [_thread_blocked, id=17512, stack(0x0000003501c00000,0x0000003501d00000)]
  0x0000022fce0a7000 JavaThread "Unconstrained build operations Thread 6" [_thread_blocked, id=640, stack(0x0000003501d00000,0x0000003501e00000)]
  0x0000022fce0a8000 JavaThread "Unconstrained build operations Thread 7" [_thread_blocked, id=3952, stack(0x0000003501e00000,0x0000003501f00000)]
  0x0000022fce0a3000 JavaThread "Unconstrained build operations Thread 8" [_thread_blocked, id=12776, stack(0x0000003501f00000,0x0000003502000000)]
  0x0000022fce0a5800 JavaThread "Unconstrained build operations Thread 9" [_thread_blocked, id=15040, stack(0x0000003502000000,0x0000003502100000)]
  0x0000022fce0a4000 JavaThread "Unconstrained build operations Thread 10" [_thread_blocked, id=20372, stack(0x0000003502100000,0x0000003502200000)]
  0x0000022fce0a4800 JavaThread "Unconstrained build operations Thread 11" [_thread_blocked, id=16636, stack(0x0000003502200000,0x0000003502300000)]
  0x0000022fd1df3800 JavaThread "Unconstrained build operations Thread 12" [_thread_blocked, id=232, stack(0x0000003502300000,0x0000003502400000)]
  0x0000022fd1df2000 JavaThread "Unconstrained build operations Thread 13" [_thread_blocked, id=3424, stack(0x0000003502400000,0x0000003502500000)]
  0x0000022fd1df4000 JavaThread "Unconstrained build operations Thread 14" [_thread_blocked, id=4380, stack(0x0000003502500000,0x0000003502600000)]
  0x0000022fd1df2800 JavaThread "Unconstrained build operations Thread 15" [_thread_blocked, id=5776, stack(0x0000003502600000,0x0000003502700000)]
  0x0000022fd1df5000 JavaThread "Unconstrained build operations Thread 16" [_thread_blocked, id=11872, stack(0x0000003502700000,0x0000003502800000)]
  0x0000022fd1df6800 JavaThread "Unconstrained build operations Thread 17" [_thread_blocked, id=3400, stack(0x0000003502800000,0x0000003502900000)]
  0x0000022fd1df6000 JavaThread "Unconstrained build operations Thread 18" [_thread_blocked, id=19556, stack(0x0000003502900000,0x0000003502a00000)]
  0x0000022fd1df1000 JavaThread "Unconstrained build operations Thread 19" [_thread_blocked, id=10948, stack(0x0000003502a00000,0x0000003502b00000)]
  0x0000022fd1dfa000 JavaThread "Unconstrained build operations Thread 20" [_thread_blocked, id=580, stack(0x0000003502b00000,0x0000003502c00000)]
  0x0000022fd1dfa800 JavaThread "Unconstrained build operations Thread 21" [_thread_blocked, id=5920, stack(0x0000003502c00000,0x0000003502d00000)]
  0x0000022fd1dfd000 JavaThread "Unconstrained build operations Thread 22" [_thread_blocked, id=16528, stack(0x0000003502d00000,0x0000003502e00000)]
  0x0000022fd1dfb800 JavaThread "Unconstrained build operations Thread 23" [_thread_blocked, id=14032, stack(0x0000003502e00000,0x0000003502f00000)]
  0x0000022fd1df7800 JavaThread "Unconstrained build operations Thread 24" [_thread_blocked, id=18360, stack(0x0000003502f00000,0x0000003503000000)]
  0x0000022fd1dfe000 JavaThread "Unconstrained build operations Thread 25" [_thread_blocked, id=10204, stack(0x0000003503000000,0x0000003503100000)]
  0x0000022fd1dfc800 JavaThread "Unconstrained build operations Thread 26" [_thread_blocked, id=4604, stack(0x0000003503100000,0x0000003503200000)]
  0x0000022fd1df8800 JavaThread "Unconstrained build operations Thread 27" [_thread_blocked, id=8212, stack(0x0000003503200000,0x0000003503300000)]
  0x0000022fd1dff000 JavaThread "Unconstrained build operations Thread 28" [_thread_blocked, id=10936, stack(0x0000003503300000,0x0000003503400000)]
  0x0000022fd1df9000 JavaThread "Unconstrained build operations Thread 29" [_thread_blocked, id=11676, stack(0x0000003503400000,0x0000003503500000)]
  0x0000022fd1dff800 JavaThread "Unconstrained build operations Thread 30" [_thread_blocked, id=19948, stack(0x0000003503500000,0x0000003503600000)]
  0x0000022fce68c000 JavaThread "Unconstrained build operations Thread 31" [_thread_blocked, id=4480, stack(0x0000003503600000,0x0000003503700000)]
  0x0000022fce691000 JavaThread "Unconstrained build operations Thread 32" [_thread_blocked, id=17436, stack(0x0000003503700000,0x0000003503800000)]
  0x0000022fce68d800 JavaThread "Unconstrained build operations Thread 33" [_thread_blocked, id=20444, stack(0x0000003503800000,0x0000003503900000)]
  0x0000022fce690000 JavaThread "Unconstrained build operations Thread 34" [_thread_blocked, id=17348, stack(0x0000003503900000,0x0000003503a00000)]
  0x0000022fce68f800 JavaThread "Unconstrained build operations Thread 35" [_thread_blocked, id=14796, stack(0x0000003503a00000,0x0000003503b00000)]
  0x0000022fce68b800 JavaThread "Unconstrained build operations Thread 36" [_thread_blocked, id=14388, stack(0x0000003503b00000,0x0000003503c00000)]
  0x0000022fce68d000 JavaThread "Unconstrained build operations Thread 37" [_thread_blocked, id=9228, stack(0x0000003503c00000,0x0000003503d00000)]
  0x0000022fce693800 JavaThread "Unconstrained build operations Thread 38" [_thread_blocked, id=9232, stack(0x0000003503d00000,0x0000003503e00000)]
  0x0000022fce692800 JavaThread "Unconstrained build operations Thread 39" [_thread_blocked, id=20464, stack(0x0000003503e00000,0x0000003503f00000)]
  0x0000022fce694800 JavaThread "Unconstrained build operations Thread 40" [_thread_blocked, id=8708, stack(0x0000003503f00000,0x0000003504000000)]
  0x0000022fce68e800 JavaThread "jar transforms Thread 4" [_thread_blocked, id=10052, stack(0x0000003504000000,0x0000003504100000)]
  0x0000022fce697800 JavaThread "Memory manager" [_thread_blocked, id=15968, stack(0x0000003504100000,0x0000003504200000)]
  0x0000022fce696000 JavaThread "included builds" [_thread_blocked, id=7440, stack(0x0000003504300000,0x0000003504400000)]
  0x0000022fce699000 JavaThread "Cache worker for execution history cache (D:\Bitoy\3rd Yr 2nd Sem\CAPSTONE\App\.gradle\7.4\executionHistory)" [_thread_blocked, id=9824, stack(0x0000003504700000,0x0000003504800000)]
  0x0000022fce69a000 JavaThread "WorkerExecutor Queue" [_thread_blocked, id=3060, stack(0x0000003504800000,0x0000003504900000)]
  0x0000022fd4894000 Thread [stack: 0x0000003504900000,0x0000003504a00000] [id=12124]
  0x0000022fd4899800 JavaThread "stderr" [_thread_in_native, id=14660, stack(0x0000003504a00000,0x0000003504b00000)]
  0x0000022fd4899000 JavaThread "stdout" [_thread_in_native, id=16180, stack(0x0000003504b00000,0x0000003504c00000)]
  0x0000022fd4897800 JavaThread "WorkerExecutor Queue Thread 2" [_thread_blocked, id=20228, stack(0x0000003504e00000,0x0000003504f00000)]
  0x0000022fd4898000 JavaThread "ForkJoinPool.commonPool-worker-3" daemon [_thread_blocked, id=4812, stack(0x0000003504f00000,0x0000003505000000)]
  0x0000022fd489a800 JavaThread "ForkJoinPool.commonPool-worker-5" daemon [_thread_blocked, id=19088, stack(0x0000003505000000,0x0000003505100000)]
  0x0000022fd4896800 JavaThread "ForkJoinPool.commonPool-worker-7" daemon [_thread_blocked, id=17380, stack(0x0000003505100000,0x0000003505200000)]

Other Threads:
  0x0000022fcb4e0000 VMThread "VM Thread" [stack: 0x000000357ef00000,0x000000357f000000] [id=15696]
  0x0000022fcbefa800 WatcherThread [stack: 0x000000357f900000,0x000000357fa00000] [id=18708]
  0x0000022fb18b7800 GCTaskThread "GC Thread#0" [stack: 0x000000357ea00000,0x000000357eb00000] [id=13504]
  0x0000022fcc234000 GCTaskThread "GC Thread#1" [stack: 0x000000357fb00000,0x000000357fc00000] [id=11472]
  0x0000022fcc0ed800 GCTaskThread "GC Thread#2" [stack: 0x000000357fc00000,0x000000357fd00000] [id=16532]
  0x0000022fcc2c1800 GCTaskThread "GC Thread#3" [stack: 0x000000357fd00000,0x000000357fe00000] [id=13088]
  0x0000022fb18e9800 ConcurrentGCThread "G1 Main Marker" [stack: 0x000000357eb00000,0x000000357ec00000] [id=6392]
  0x0000022fb18ea800 ConcurrentGCThread "G1 Conc#0" [stack: 0x000000357ec00000,0x000000357ed00000] [id=16516]
  0x0000022fcb352800 ConcurrentGCThread "G1 Refine#0" [stack: 0x000000357ed00000,0x000000357ee00000] [id=4492]
  0x0000022fcb353000 ConcurrentGCThread "G1 Young RemSet Sampling" [stack: 0x000000357ee00000,0x000000357ef00000] [id=15288]

Threads with active compile tasks:
C2 CompilerThread0  34897 12640   !   4       java.io.ObjectOutputStream::writeObject0 (619 bytes)

VM state:not at safepoint (normal execution)

VM Mutex/Monitor currently owned by a thread: None

Heap address: 0x0000000080000000, size: 2048 MB, Compressed Oops mode: 32-bit
Narrow klass base: 0x0000000000000000, Narrow klass shift: 3
Compressed class space size: 1073741824 Address: 0x0000000100000000

Heap:
 garbage-first heap   total 262144K, used 142381K [0x0000000080000000, 0x0000000100000000)
  region size 1024K, 9 young (9216K), 3 survivors (3072K)
 Metaspace       used 95605K, capacity 98051K, committed 98216K, reserved 1134592K
  class space    used 12279K, capacity 13205K, committed 13336K, reserved 1048576K
Heap Regions: E=young(eden), S=young(survivor), O=old, HS=humongous(starts), HC=humongous(continues), CS=collection set, F=free, A=archive, TAMS=top-at-mark-start (previous, next)
|   0|0x0000000080000000, 0x0000000080100000, 0x0000000080100000|100%|HS|  |TAMS 0x0000000080100000, 0x0000000080000000| Complete 
|   1|0x0000000080100000, 0x0000000080200000, 0x0000000080200000|100%|HC|  |TAMS 0x0000000080200000, 0x0000000080100000| Complete 
|   2|0x0000000080200000, 0x0000000080300000, 0x0000000080300000|100%|HC|  |TAMS 0x0000000080300000, 0x0000000080200000| Complete 
|   3|0x0000000080300000, 0x0000000080400000, 0x0000000080400000|100%| O|  |TAMS 0x0000000080400000, 0x0000000080300000| Untracked 
|   4|0x0000000080400000, 0x0000000080500000, 0x0000000080500000|100%| O|  |TAMS 0x0000000080500000, 0x0000000080400000| Untracked 
|   5|0x0000000080500000, 0x0000000080600000, 0x0000000080600000|100%| O|  |TAMS 0x0000000080600000, 0x0000000080500000| Untracked 
|   6|0x0000000080600000, 0x0000000080700000, 0x0000000080700000|100%| O|  |TAMS 0x0000000080700000, 0x0000000080600000| Untracked 
|   7|0x0000000080700000, 0x0000000080800000, 0x0000000080800000|100%| O|  |TAMS 0x0000000080800000, 0x0000000080700000| Untracked 
|   8|0x0000000080800000, 0x0000000080900000, 0x0000000080900000|100%| O|  |TAMS 0x0000000080900000, 0x0000000080800000| Untracked 
|   9|0x0000000080900000, 0x0000000080a00000, 0x0000000080a00000|100%| O|  |TAMS 0x0000000080a00000, 0x0000000080900000| Untracked 
|  10|0x0000000080a00000, 0x0000000080b00000, 0x0000000080b00000|100%| O|  |TAMS 0x0000000080b00000, 0x0000000080a00000| Untracked 
|  11|0x0000000080b00000, 0x0000000080c00000, 0x0000000080c00000|100%| O|  |TAMS 0x0000000080c00000, 0x0000000080b00000| Untracked 
|  12|0x0000000080c00000, 0x0000000080d00000, 0x0000000080d00000|100%| O|  |TAMS 0x0000000080d00000, 0x0000000080c00000| Untracked 
|  13|0x0000000080d00000, 0x0000000080e00000, 0x0000000080e00000|100%| O|  |TAMS 0x0000000080e00000, 0x0000000080d00000| Untracked 
|  14|0x0000000080e00000, 0x0000000080f00000, 0x0000000080f00000|100%| O|  |TAMS 0x0000000080f00000, 0x0000000080e00000| Untracked 
|  15|0x0000000080f00000, 0x0000000081000000, 0x0000000081000000|100%| O|  |TAMS 0x0000000081000000, 0x0000000080f00000| Untracked 
|  16|0x0000000081000000, 0x0000000081100000, 0x0000000081100000|100%| O|  |TAMS 0x0000000081100000, 0x0000000081000000| Untracked 
|  17|0x0000000081100000, 0x0000000081200000, 0x0000000081200000|100%|HS|  |TAMS 0x0000000081200000, 0x0000000081100000| Complete 
|  18|0x0000000081200000, 0x0000000081300000, 0x0000000081300000|100%|HS|  |TAMS 0x0000000081300000, 0x0000000081200000| Complete 
|  19|0x0000000081300000, 0x0000000081400000, 0x0000000081400000|100%| O|  |TAMS 0x0000000081400000, 0x0000000081300000| Untracked 
|  20|0x0000000081400000, 0x0000000081500000, 0x0000000081500000|100%| O|  |TAMS 0x0000000081500000, 0x0000000081400000| Untracked 
|  21|0x0000000081500000, 0x0000000081600000, 0x0000000081600000|100%|HS|  |TAMS 0x0000000081600000, 0x0000000081500000| Complete 
|  22|0x0000000081600000, 0x0000000081700000, 0x0000000081700000|100%|HC|  |TAMS 0x0000000081700000, 0x0000000081600000| Complete 
|  23|0x0000000081700000, 0x0000000081800000, 0x0000000081800000|100%| O|  |TAMS 0x0000000081800000, 0x0000000081700000| Untracked 
|  24|0x0000000081800000, 0x0000000081900000, 0x0000000081900000|100%| O|  |TAMS 0x0000000081900000, 0x0000000081800000| Untracked 
|  25|0x0000000081900000, 0x0000000081a00000, 0x0000000081a00000|100%| O|  |TAMS 0x0000000081a00000, 0x0000000081900000| Untracked 
|  26|0x0000000081a00000, 0x0000000081b00000, 0x0000000081b00000|100%| O|  |TAMS 0x0000000081b00000, 0x0000000081a00000| Untracked 
|  27|0x0000000081b00000, 0x0000000081c00000, 0x0000000081c00000|100%| O|  |TAMS 0x0000000081c00000, 0x0000000081b00000| Untracked 
|  28|0x0000000081c00000, 0x0000000081d00000, 0x0000000081d00000|100%| O|  |TAMS 0x0000000081d00000, 0x0000000081c00000| Untracked 
|  29|0x0000000081d00000, 0x0000000081e00000, 0x0000000081e00000|100%| O|  |TAMS 0x0000000081e00000, 0x0000000081d00000| Untracked 
|  30|0x0000000081e00000, 0x0000000081f00000, 0x0000000081f00000|100%| O|  |TAMS 0x0000000081f00000, 0x0000000081e00000| Untracked 
|  31|0x0000000081f00000, 0x0000000082000000, 0x0000000082000000|100%| O|  |TAMS 0x0000000082000000, 0x0000000081f00000| Untracked 
|  32|0x0000000082000000, 0x0000000082100000, 0x0000000082100000|100%| O|  |TAMS 0x0000000082100000, 0x0000000082000000| Untracked 
|  33|0x0000000082100000, 0x0000000082200000, 0x0000000082200000|100%| O|  |TAMS 0x0000000082200000, 0x0000000082100000| Untracked 
|  34|0x0000000082200000, 0x0000000082300000, 0x0000000082300000|100%| O|  |TAMS 0x0000000082300000, 0x0000000082200000| Untracked 
|  35|0x0000000082300000, 0x0000000082400000, 0x0000000082400000|100%| O|  |TAMS 0x0000000082400000, 0x0000000082300000| Untracked 
|  36|0x0000000082400000, 0x0000000082500000, 0x0000000082500000|100%| O|  |TAMS 0x0000000082500000, 0x0000000082400000| Untracked 
|  37|0x0000000082500000, 0x0000000082600000, 0x0000000082600000|100%| O|  |TAMS 0x0000000082600000, 0x0000000082500000| Untracked 
|  38|0x0000000082600000, 0x0000000082700000, 0x0000000082700000|100%| O|  |TAMS 0x0000000082700000, 0x0000000082600000| Untracked 
|  39|0x0000000082700000, 0x0000000082800000, 0x0000000082800000|100%| O|  |TAMS 0x0000000082800000, 0x0000000082700000| Untracked 
|  40|0x0000000082800000, 0x0000000082900000, 0x0000000082900000|100%| O|  |TAMS 0x0000000082900000, 0x0000000082800000| Untracked 
|  41|0x0000000082900000, 0x0000000082a00000, 0x0000000082a00000|100%| O|  |TAMS 0x0000000082a00000, 0x0000000082900000| Untracked 
|  42|0x0000000082a00000, 0x0000000082b00000, 0x0000000082b00000|100%| O|  |TAMS 0x0000000082b00000, 0x0000000082a00000| Untracked 
|  43|0x0000000082b00000, 0x0000000082c00000, 0x0000000082c00000|100%| O|  |TAMS 0x0000000082c00000, 0x0000000082b00000| Untracked 
|  44|0x0000000082c00000, 0x0000000082d00000, 0x0000000082d00000|100%| O|  |TAMS 0x0000000082d00000, 0x0000000082c00000| Untracked 
|  45|0x0000000082d00000, 0x0000000082e00000, 0x0000000082e00000|100%| O|  |TAMS 0x0000000082e00000, 0x0000000082d00000| Untracked 
|  46|0x0000000082e00000, 0x0000000082f00000, 0x0000000082f00000|100%| O|  |TAMS 0x0000000082f00000, 0x0000000082e00000| Untracked 
|  47|0x0000000082f00000, 0x0000000083000000, 0x0000000083000000|100%| O|  |TAMS 0x0000000083000000, 0x0000000082f00000| Untracked 
|  48|0x0000000083000000, 0x0000000083100000, 0x0000000083100000|100%| O|  |TAMS 0x0000000083100000, 0x0000000083000000| Untracked 
|  49|0x0000000083100000, 0x0000000083200000, 0x0000000083200000|100%| O|  |TAMS 0x0000000083200000, 0x0000000083100000| Untracked 
|  50|0x0000000083200000, 0x0000000083300000, 0x0000000083300000|100%| O|  |TAMS 0x0000000083300000, 0x0000000083200000| Untracked 
|  51|0x0000000083300000, 0x0000000083400000, 0x0000000083400000|100%| O|  |TAMS 0x0000000083400000, 0x0000000083300000| Untracked 
|  52|0x0000000083400000, 0x0000000083500000, 0x0000000083500000|100%| O|  |TAMS 0x0000000083500000, 0x0000000083400000| Untracked 
|  53|0x0000000083500000, 0x0000000083600000, 0x0000000083600000|100%| O|  |TAMS 0x0000000083600000, 0x0000000083500000| Untracked 
|  54|0x0000000083600000, 0x0000000083700000, 0x0000000083700000|100%| O|  |TAMS 0x0000000083700000, 0x0000000083600000| Untracked 
|  55|0x0000000083700000, 0x0000000083800000, 0x0000000083800000|100%| O|  |TAMS 0x0000000083800000, 0x0000000083700000| Untracked 
|  56|0x0000000083800000, 0x0000000083900000, 0x0000000083900000|100%| O|  |TAMS 0x0000000083900000, 0x0000000083800000| Untracked 
|  57|0x0000000083900000, 0x0000000083a00000, 0x0000000083a00000|100%| O|  |TAMS 0x0000000083a00000, 0x0000000083900000| Untracked 
|  58|0x0000000083a00000, 0x0000000083b00000, 0x0000000083b00000|100%| O|  |TAMS 0x0000000083b00000, 0x0000000083a00000| Untracked 
|  59|0x0000000083b00000, 0x0000000083c00000, 0x0000000083c00000|100%| O|  |TAMS 0x0000000083c00000, 0x0000000083b00000| Untracked 
|  60|0x0000000083c00000, 0x0000000083d00000, 0x0000000083d00000|100%| O|  |TAMS 0x0000000083d00000, 0x0000000083c00000| Untracked 
|  61|0x0000000083d00000, 0x0000000083e00000, 0x0000000083e00000|100%| O|  |TAMS 0x0000000083e00000, 0x0000000083d00000| Untracked 
|  62|0x0000000083e00000, 0x0000000083f00000, 0x0000000083f00000|100%| O|  |TAMS 0x0000000083f00000, 0x0000000083e00000| Untracked 
|  63|0x0000000083f00000, 0x0000000084000000, 0x0000000084000000|100%| O|  |TAMS 0x0000000084000000, 0x0000000083f00000| Untracked 
|  64|0x0000000084000000, 0x0000000084100000, 0x0000000084100000|100%| O|  |TAMS 0x0000000084100000, 0x0000000084000000| Untracked 
|  65|0x0000000084100000, 0x0000000084200000, 0x0000000084200000|100%| O|  |TAMS 0x0000000084200000, 0x0000000084100000| Untracked 
|  66|0x0000000084200000, 0x0000000084300000, 0x0000000084300000|100%| O|  |TAMS 0x0000000084300000, 0x0000000084200000| Untracked 
|  67|0x0000000084300000, 0x0000000084400000, 0x0000000084400000|100%| O|  |TAMS 0x0000000084400000, 0x0000000084300000| Untracked 
|  68|0x0000000084400000, 0x0000000084500000, 0x0000000084500000|100%| O|  |TAMS 0x0000000084500000, 0x0000000084400000| Untracked 
|  69|0x0000000084500000, 0x0000000084600000, 0x0000000084600000|100%| O|  |TAMS 0x0000000084600000, 0x0000000084500000| Untracked 
|  70|0x0000000084600000, 0x0000000084700000, 0x0000000084700000|100%| O|  |TAMS 0x0000000084700000, 0x0000000084600000| Untracked 
|  71|0x0000000084700000, 0x0000000084800000, 0x0000000084800000|100%| O|  |TAMS 0x0000000084800000, 0x0000000084700000| Untracked 
|  72|0x0000000084800000, 0x0000000084900000, 0x0000000084900000|100%| O|  |TAMS 0x0000000084900000, 0x0000000084800000| Untracked 
|  73|0x0000000084900000, 0x0000000084a00000, 0x0000000084a00000|100%| O|  |TAMS 0x0000000084a00000, 0x0000000084900000| Untracked 
|  74|0x0000000084a00000, 0x0000000084b00000, 0x0000000084b00000|100%| O|  |TAMS 0x0000000084b00000, 0x0000000084a00000| Untracked 
|  75|0x0000000084b00000, 0x0000000084c00000, 0x0000000084c00000|100%| O|  |TAMS 0x0000000084c00000, 0x0000000084b00000| Untracked 
|  76|0x0000000084c00000, 0x0000000084d00000, 0x0000000084d00000|100%| O|  |TAMS 0x0000000084d00000, 0x0000000084c00000| Untracked 
|  77|0x0000000084d00000, 0x0000000084e00000, 0x0000000084e00000|100%| O|  |TAMS 0x0000000084e00000, 0x0000000084d00000| Untracked 
|  78|0x0000000084e00000, 0x0000000084f00000, 0x0000000084f00000|100%| O|  |TAMS 0x0000000084f00000, 0x0000000084e00000| Untracked 
|  79|0x0000000084f00000, 0x0000000085000000, 0x0000000085000000|100%| O|  |TAMS 0x0000000085000000, 0x0000000084f00000| Untracked 
|  80|0x0000000085000000, 0x0000000085100000, 0x0000000085100000|100%| O|  |TAMS 0x0000000085100000, 0x0000000085000000| Untracked 
|  81|0x0000000085100000, 0x0000000085200000, 0x0000000085200000|100%| O|  |TAMS 0x0000000085200000, 0x0000000085100000| Untracked 
|  82|0x0000000085200000, 0x0000000085300000, 0x0000000085300000|100%| O|  |TAMS 0x0000000085300000, 0x0000000085200000| Untracked 
|  83|0x0000000085300000, 0x0000000085400000, 0x0000000085400000|100%| O|  |TAMS 0x0000000085400000, 0x0000000085300000| Untracked 
|  84|0x0000000085400000, 0x0000000085500000, 0x0000000085500000|100%| O|  |TAMS 0x0000000085500000, 0x0000000085400000| Untracked 
|  85|0x0000000085500000, 0x0000000085600000, 0x0000000085600000|100%| O|  |TAMS 0x0000000085600000, 0x0000000085500000| Untracked 
|  86|0x0000000085600000, 0x0000000085700000, 0x0000000085700000|100%|HS|  |TAMS 0x0000000085600000, 0x0000000085600000| Complete 
|  87|0x0000000085700000, 0x0000000085800000, 0x0000000085800000|100%|HC|  |TAMS 0x0000000085700000, 0x0000000085700000| Complete 
|  88|0x0000000085800000, 0x0000000085900000, 0x0000000085900000|100%|HS|  |TAMS 0x0000000085800000, 0x0000000085800000| Complete 
|  89|0x0000000085900000, 0x0000000085a00000, 0x0000000085a00000|100%|HC|  |TAMS 0x0000000085900000, 0x0000000085900000| Complete 
|  90|0x0000000085a00000, 0x0000000085b00000, 0x0000000085b00000|100%|HS|  |TAMS 0x0000000085a00000, 0x0000000085a00000| Complete 
|  91|0x0000000085b00000, 0x0000000085c00000, 0x0000000085c00000|100%|HC|  |TAMS 0x0000000085b00000, 0x0000000085b00000| Complete 
|  92|0x0000000085c00000, 0x0000000085d00000, 0x0000000085d00000|100%|HS|  |TAMS 0x0000000085c00000, 0x0000000085c00000| Complete 
|  93|0x0000000085d00000, 0x0000000085e00000, 0x0000000085e00000|100%|HC|  |TAMS 0x0000000085d00000, 0x0000000085d00000| Complete 
|  94|0x0000000085e00000, 0x0000000085f00000, 0x0000000085f00000|100%|HS|  |TAMS 0x0000000085e00000, 0x0000000085e00000| Complete 
|  95|0x0000000085f00000, 0x0000000086000000, 0x0000000086000000|100%|HC|  |TAMS 0x0000000085f00000, 0x0000000085f00000| Complete 
|  96|0x0000000086000000, 0x0000000086100000, 0x0000000086100000|100%|HS|  |TAMS 0x0000000086000000, 0x0000000086000000| Complete 
|  97|0x0000000086100000, 0x0000000086200000, 0x0000000086200000|100%|HC|  |TAMS 0x0000000086100000, 0x0000000086100000| Complete 
|  98|0x0000000086200000, 0x0000000086300000, 0x0000000086300000|100%|HS|  |TAMS 0x0000000086200000, 0x0000000086200000| Complete 
|  99|0x0000000086300000, 0x0000000086400000, 0x0000000086400000|100%|HC|  |TAMS 0x0000000086300000, 0x0000000086300000| Complete 
| 100|0x0000000086400000, 0x0000000086500000, 0x0000000086500000|100%|HS|  |TAMS 0x0000000086400000, 0x0000000086400000| Complete 
| 101|0x0000000086500000, 0x0000000086600000, 0x0000000086600000|100%|HC|  |TAMS 0x0000000086500000, 0x0000000086500000| Complete 
| 102|0x0000000086600000, 0x0000000086700000, 0x0000000086700000|100%|HS|  |TAMS 0x0000000086600000, 0x0000000086600000| Complete 
| 103|0x0000000086700000, 0x0000000086800000, 0x0000000086800000|100%|HC|  |TAMS 0x0000000086700000, 0x0000000086700000| Complete 
| 104|0x0000000086800000, 0x0000000086900000, 0x0000000086900000|100%|HS|  |TAMS 0x0000000086800000, 0x0000000086800000| Complete 
| 105|0x0000000086900000, 0x0000000086a00000, 0x0000000086a00000|100%|HC|  |TAMS 0x0000000086900000, 0x0000000086900000| Complete 
| 106|0x0000000086a00000, 0x0000000086b00000, 0x0000000086b00000|100%|HS|  |TAMS 0x0000000086a00000, 0x0000000086a00000| Complete 
| 107|0x0000000086b00000, 0x0000000086c00000, 0x0000000086c00000|100%|HC|  |TAMS 0x0000000086b00000, 0x0000000086b00000| Complete 
| 108|0x0000000086c00000, 0x0000000086d00000, 0x0000000086d00000|100%|HS|  |TAMS 0x0000000086c00000, 0x0000000086c00000| Complete 
| 109|0x0000000086d00000, 0x0000000086e00000, 0x0000000086e00000|100%|HC|  |TAMS 0x0000000086d00000, 0x0000000086d00000| Complete 
| 110|0x0000000086e00000, 0x0000000086f00000, 0x0000000086f00000|100%|HS|  |TAMS 0x0000000086e00000, 0x0000000086e00000| Complete 
| 111|0x0000000086f00000, 0x0000000087000000, 0x0000000087000000|100%|HC|  |TAMS 0x0000000086f00000, 0x0000000086f00000| Complete 
| 112|0x0000000087000000, 0x0000000087100000, 0x0000000087100000|100%|HS|  |TAMS 0x0000000087000000, 0x0000000087000000| Complete 
| 113|0x0000000087100000, 0x0000000087200000, 0x0000000087200000|100%|HC|  |TAMS 0x0000000087100000, 0x0000000087100000| Complete 
| 114|0x0000000087200000, 0x0000000087300000, 0x0000000087300000|100%|HS|  |TAMS 0x0000000087200000, 0x0000000087200000| Complete 
| 115|0x0000000087300000, 0x0000000087400000, 0x0000000087400000|100%| O|  |TAMS 0x0000000087400000, 0x0000000087300000| Untracked 
| 116|0x0000000087400000, 0x0000000087500000, 0x0000000087500000|100%| O|  |TAMS 0x0000000087500000, 0x0000000087400000| Untracked 
| 117|0x0000000087500000, 0x0000000087600000, 0x0000000087600000|100%| O|  |TAMS 0x0000000087600000, 0x0000000087500000| Untracked 
| 118|0x0000000087600000, 0x0000000087700000, 0x0000000087700000|100%| O|  |TAMS 0x0000000087700000, 0x0000000087600000| Untracked 
| 119|0x0000000087700000, 0x0000000087800000, 0x0000000087800000|100%| O|  |TAMS 0x0000000087800000, 0x0000000087700000| Untracked 
| 120|0x0000000087800000, 0x0000000087900000, 0x0000000087900000|100%| O|  |TAMS 0x0000000087900000, 0x0000000087800000| Untracked 
| 121|0x0000000087900000, 0x0000000087a00000, 0x0000000087a00000|100%| O|  |TAMS 0x0000000087a00000, 0x0000000087900000| Untracked 
| 122|0x0000000087a00000, 0x0000000087b00000, 0x0000000087b00000|100%|HS|  |TAMS 0x0000000087a00000, 0x0000000087a00000| Complete 
| 123|0x0000000087b00000, 0x0000000087c00000, 0x0000000087c00000|100%|HC|  |TAMS 0x0000000087b00000, 0x0000000087b00000| Complete 
| 124|0x0000000087c00000, 0x0000000087d00000, 0x0000000087d00000|100%|HS|  |TAMS 0x0000000087c00000, 0x0000000087c00000| Complete 
| 125|0x0000000087d00000, 0x0000000087e00000, 0x0000000087e00000|100%|HC|  |TAMS 0x0000000087d00000, 0x0000000087d00000| Complete 
| 126|0x0000000087e00000, 0x0000000087e00000, 0x0000000087f00000|  0%| F|  |TAMS 0x0000000087e00000, 0x0000000087e00000| Untracked 
| 127|0x0000000087f00000, 0x0000000087f00000, 0x0000000088000000|  0%| F|  |TAMS 0x0000000087f00000, 0x0000000087f00000| Untracked 
| 128|0x0000000088000000, 0x0000000088000000, 0x0000000088100000|  0%| F|  |TAMS 0x0000000088000000, 0x0000000088000000| Untracked 
| 129|0x0000000088100000, 0x0000000088100000, 0x0000000088200000|  0%| F|  |TAMS 0x0000000088100000, 0x0000000088100000| Untracked 
| 130|0x0000000088200000, 0x0000000088200000, 0x0000000088300000|  0%| F|  |TAMS 0x0000000088200000, 0x0000000088200000| Untracked 
| 131|0x0000000088300000, 0x0000000088400000, 0x0000000088400000|100%| O|  |TAMS 0x0000000088400000, 0x0000000088300000| Untracked 
| 132|0x0000000088400000, 0x0000000088500000, 0x0000000088500000|100%| O|  |TAMS 0x0000000088500000, 0x0000000088400000| Untracked 
| 133|0x0000000088500000, 0x0000000088600000, 0x0000000088600000|100%| O|  |TAMS 0x0000000088600000, 0x0000000088500000| Untracked 
| 134|0x0000000088600000, 0x0000000088700000, 0x0000000088700000|100%| O|  |TAMS 0x0000000088700000, 0x0000000088600000| Untracked 
| 135|0x0000000088700000, 0x0000000088800000, 0x0000000088800000|100%| O|  |TAMS 0x0000000088800000, 0x0000000088700000| Untracked 
| 136|0x0000000088800000, 0x000000008889f400, 0x0000000088900000| 62%| O|  |TAMS 0x000000008889f400, 0x0000000088800000| Untracked 
| 137|0x0000000088900000, 0x0000000088900000, 0x0000000088a00000|  0%| F|  |TAMS 0x0000000088900000, 0x0000000088900000| Untracked 
| 138|0x0000000088a00000, 0x0000000088a00000, 0x0000000088b00000|  0%| F|  |TAMS 0x0000000088a00000, 0x0000000088a00000| Untracked 
| 139|0x0000000088b00000, 0x0000000088b00000, 0x0000000088c00000|  0%| F|  |TAMS 0x0000000088b00000, 0x0000000088b00000| Untracked 
| 140|0x0000000088c00000, 0x0000000088c00000, 0x0000000088d00000|  0%| F|  |TAMS 0x0000000088c00000, 0x0000000088c00000| Untracked 
| 141|0x0000000088d00000, 0x0000000088d00000, 0x0000000088e00000|  0%| F|  |TAMS 0x0000000088d00000, 0x0000000088d00000| Untracked 
| 142|0x0000000088e00000, 0x0000000088e00000, 0x0000000088f00000|  0%| F|  |TAMS 0x0000000088e00000, 0x0000000088e00000| Untracked 
| 143|0x0000000088f00000, 0x0000000088f00000, 0x0000000089000000|  0%| F|  |TAMS 0x0000000088f00000, 0x0000000088f00000| Untracked 
| 144|0x0000000089000000, 0x0000000089000000, 0x0000000089100000|  0%| F|  |TAMS 0x0000000089000000, 0x0000000089000000| Untracked 
| 145|0x0000000089100000, 0x0000000089100000, 0x0000000089200000|  0%| F|  |TAMS 0x0000000089100000, 0x0000000089100000| Untracked 
| 146|0x0000000089200000, 0x0000000089200000, 0x0000000089300000|  0%| F|  |TAMS 0x0000000089200000, 0x0000000089200000| Untracked 
| 147|0x0000000089300000, 0x0000000089300000, 0x0000000089400000|  0%| F|  |TAMS 0x0000000089300000, 0x0000000089300000| Untracked 
| 148|0x0000000089400000, 0x0000000089400000, 0x0000000089500000|  0%| F|  |TAMS 0x0000000089400000, 0x0000000089400000| Untracked 
| 149|0x0000000089500000, 0x0000000089500000, 0x0000000089600000|  0%| F|  |TAMS 0x0000000089500000, 0x0000000089500000| Untracked 
| 150|0x0000000089600000, 0x0000000089600000, 0x0000000089700000|  0%| F|  |TAMS 0x0000000089600000, 0x0000000089600000| Untracked 
| 151|0x0000000089700000, 0x0000000089700000, 0x0000000089800000|  0%| F|  |TAMS 0x0000000089700000, 0x0000000089700000| Untracked 
| 152|0x0000000089800000, 0x0000000089800000, 0x0000000089900000|  0%| F|  |TAMS 0x0000000089800000, 0x0000000089800000| Untracked 
| 153|0x0000000089900000, 0x0000000089900000, 0x0000000089a00000|  0%| F|  |TAMS 0x0000000089900000, 0x0000000089900000| Untracked 
| 154|0x0000000089a00000, 0x0000000089a00000, 0x0000000089b00000|  0%| F|  |TAMS 0x0000000089a00000, 0x0000000089a00000| Untracked 
| 155|0x0000000089b00000, 0x0000000089b00000, 0x0000000089c00000|  0%| F|  |TAMS 0x0000000089b00000, 0x0000000089b00000| Untracked 
| 156|0x0000000089c00000, 0x0000000089c00000, 0x0000000089d00000|  0%| F|  |TAMS 0x0000000089c00000, 0x0000000089c00000| Untracked 
| 157|0x0000000089d00000, 0x0000000089d00000, 0x0000000089e00000|  0%| F|  |TAMS 0x0000000089d00000, 0x0000000089d00000| Untracked 
| 158|0x0000000089e00000, 0x0000000089e00000, 0x0000000089f00000|  0%| F|  |TAMS 0x0000000089e00000, 0x0000000089e00000| Untracked 
| 159|0x0000000089f00000, 0x0000000089f00000, 0x000000008a000000|  0%| F|  |TAMS 0x0000000089f00000, 0x0000000089f00000| Untracked 
| 160|0x000000008a000000, 0x000000008a000000, 0x000000008a100000|  0%| F|  |TAMS 0x000000008a000000, 0x000000008a000000| Untracked 
| 161|0x000000008a100000, 0x000000008a100000, 0x000000008a200000|  0%| F|  |TAMS 0x000000008a100000, 0x000000008a100000| Untracked 
| 162|0x000000008a200000, 0x000000008a200000, 0x000000008a300000|  0%| F|  |TAMS 0x000000008a200000, 0x000000008a200000| Untracked 
| 163|0x000000008a300000, 0x000000008a300000, 0x000000008a400000|  0%| F|  |TAMS 0x000000008a300000, 0x000000008a300000| Untracked 
| 164|0x000000008a400000, 0x000000008a400000, 0x000000008a500000|  0%| F|  |TAMS 0x000000008a400000, 0x000000008a400000| Untracked 
| 165|0x000000008a500000, 0x000000008a500000, 0x000000008a600000|  0%| F|  |TAMS 0x000000008a500000, 0x000000008a500000| Untracked 
| 166|0x000000008a600000, 0x000000008a600000, 0x000000008a700000|  0%| F|  |TAMS 0x000000008a600000, 0x000000008a600000| Untracked 
| 167|0x000000008a700000, 0x000000008a700000, 0x000000008a800000|  0%| F|  |TAMS 0x000000008a700000, 0x000000008a700000| Untracked 
| 168|0x000000008a800000, 0x000000008a800000, 0x000000008a900000|  0%| F|  |TAMS 0x000000008a800000, 0x000000008a800000| Untracked 
| 169|0x000000008a900000, 0x000000008a900000, 0x000000008aa00000|  0%| F|  |TAMS 0x000000008a900000, 0x000000008a900000| Untracked 
| 170|0x000000008aa00000, 0x000000008aa00000, 0x000000008ab00000|  0%| F|  |TAMS 0x000000008aa00000, 0x000000008aa00000| Untracked 
| 171|0x000000008ab00000, 0x000000008ab00000, 0x000000008ac00000|  0%| F|  |TAMS 0x000000008ab00000, 0x000000008ab00000| Untracked 
| 172|0x000000008ac00000, 0x000000008ac00000, 0x000000008ad00000|  0%| F|  |TAMS 0x000000008ac00000, 0x000000008ac00000| Untracked 
| 173|0x000000008ad00000, 0x000000008ad00000, 0x000000008ae00000|  0%| F|  |TAMS 0x000000008ad00000, 0x000000008ad00000| Untracked 
| 174|0x000000008ae00000, 0x000000008ae00000, 0x000000008af00000|  0%| F|  |TAMS 0x000000008ae00000, 0x000000008ae00000| Untracked 
| 175|0x000000008af00000, 0x000000008af00000, 0x000000008b000000|  0%| F|  |TAMS 0x000000008af00000, 0x000000008af00000| Untracked 
| 176|0x000000008b000000, 0x000000008b000000, 0x000000008b100000|  0%| F|  |TAMS 0x000000008b000000, 0x000000008b000000| Untracked 
| 177|0x000000008b100000, 0x000000008b100000, 0x000000008b200000|  0%| F|  |TAMS 0x000000008b100000, 0x000000008b100000| Untracked 
| 178|0x000000008b200000, 0x000000008b200000, 0x000000008b300000|  0%| F|  |TAMS 0x000000008b200000, 0x000000008b200000| Untracked 
| 179|0x000000008b300000, 0x000000008b300000, 0x000000008b400000|  0%| F|  |TAMS 0x000000008b300000, 0x000000008b300000| Untracked 
| 180|0x000000008b400000, 0x000000008b400000, 0x000000008b500000|  0%| F|  |TAMS 0x000000008b400000, 0x000000008b400000| Untracked 
| 181|0x000000008b500000, 0x000000008b500000, 0x000000008b600000|  0%| F|  |TAMS 0x000000008b500000, 0x000000008b500000| Untracked 
| 182|0x000000008b600000, 0x000000008b600000, 0x000000008b700000|  0%| F|  |TAMS 0x000000008b600000, 0x000000008b600000| Untracked 
| 183|0x000000008b700000, 0x000000008b700000, 0x000000008b800000|  0%| F|  |TAMS 0x000000008b700000, 0x000000008b700000| Untracked 
| 184|0x000000008b800000, 0x000000008b800000, 0x000000008b900000|  0%| F|  |TAMS 0x000000008b800000, 0x000000008b800000| Untracked 
| 185|0x000000008b900000, 0x000000008b900000, 0x000000008ba00000|  0%| F|  |TAMS 0x000000008b900000, 0x000000008b900000| Untracked 
| 186|0x000000008ba00000, 0x000000008ba00000, 0x000000008bb00000|  0%| F|  |TAMS 0x000000008ba00000, 0x000000008ba00000| Untracked 
| 187|0x000000008bb00000, 0x000000008bb00000, 0x000000008bc00000|  0%| F|  |TAMS 0x000000008bb00000, 0x000000008bb00000| Untracked 
| 188|0x000000008bc00000, 0x000000008bc00000, 0x000000008bd00000|  0%| F|  |TAMS 0x000000008bc00000, 0x000000008bc00000| Untracked 
| 189|0x000000008bd00000, 0x000000008bd00000, 0x000000008be00000|  0%| F|  |TAMS 0x000000008bd00000, 0x000000008bd00000| Untracked 
| 190|0x000000008be00000, 0x000000008be00000, 0x000000008bf00000|  0%| F|  |TAMS 0x000000008be00000, 0x000000008be00000| Untracked 
| 191|0x000000008bf00000, 0x000000008bf00000, 0x000000008c000000|  0%| F|  |TAMS 0x000000008bf00000, 0x000000008bf00000| Untracked 
| 192|0x000000008c000000, 0x000000008c000000, 0x000000008c100000|  0%| F|  |TAMS 0x000000008c000000, 0x000000008c000000| Untracked 
| 193|0x000000008c100000, 0x000000008c100000, 0x000000008c200000|  0%| F|  |TAMS 0x000000008c100000, 0x000000008c100000| Untracked 
| 194|0x000000008c200000, 0x000000008c200000, 0x000000008c300000|  0%| F|  |TAMS 0x000000008c200000, 0x000000008c200000| Untracked 
| 195|0x000000008c300000, 0x000000008c300000, 0x000000008c400000|  0%| F|  |TAMS 0x000000008c300000, 0x000000008c300000| Untracked 
| 196|0x000000008c400000, 0x000000008c400000, 0x000000008c500000|  0%| F|  |TAMS 0x000000008c400000, 0x000000008c400000| Untracked 
| 197|0x000000008c500000, 0x000000008c500000, 0x000000008c600000|  0%| F|  |TAMS 0x000000008c500000, 0x000000008c500000| Untracked 
| 198|0x000000008c600000, 0x000000008c600000, 0x000000008c700000|  0%| F|  |TAMS 0x000000008c600000, 0x000000008c600000| Untracked 
| 199|0x000000008c700000, 0x000000008c700000, 0x000000008c800000|  0%| F|  |TAMS 0x000000008c700000, 0x000000008c700000| Untracked 
| 200|0x000000008c800000, 0x000000008c800000, 0x000000008c900000|  0%| F|  |TAMS 0x000000008c800000, 0x000000008c800000| Untracked 
| 201|0x000000008c900000, 0x000000008c900000, 0x000000008ca00000|  0%| F|  |TAMS 0x000000008c900000, 0x000000008c900000| Untracked 
| 202|0x000000008ca00000, 0x000000008ca00000, 0x000000008cb00000|  0%| F|  |TAMS 0x000000008ca00000, 0x000000008ca00000| Untracked 
| 203|0x000000008cb00000, 0x000000008cb00000, 0x000000008cc00000|  0%| F|  |TAMS 0x000000008cb00000, 0x000000008cb00000| Untracked 
| 204|0x000000008cc00000, 0x000000008cc00000, 0x000000008cd00000|  0%| F|  |TAMS 0x000000008cc00000, 0x000000008cc00000| Untracked 
| 205|0x000000008cd00000, 0x000000008cd00000, 0x000000008ce00000|  0%| F|  |TAMS 0x000000008cd00000, 0x000000008cd00000| Untracked 
| 206|0x000000008ce00000, 0x000000008ce00000, 0x000000008cf00000|  0%| F|  |TAMS 0x000000008ce00000, 0x000000008ce00000| Untracked 
| 207|0x000000008cf00000, 0x000000008cf00000, 0x000000008d000000|  0%| F|  |TAMS 0x000000008cf00000, 0x000000008cf00000| Untracked 
| 208|0x000000008d000000, 0x000000008d000000, 0x000000008d100000|  0%| F|  |TAMS 0x000000008d000000, 0x000000008d000000| Untracked 
| 209|0x000000008d100000, 0x000000008d100000, 0x000000008d200000|  0%| F|  |TAMS 0x000000008d100000, 0x000000008d100000| Untracked 
| 210|0x000000008d200000, 0x000000008d200000, 0x000000008d300000|  0%| F|  |TAMS 0x000000008d200000, 0x000000008d200000| Untracked 
| 211|0x000000008d300000, 0x000000008d300000, 0x000000008d400000|  0%| F|  |TAMS 0x000000008d300000, 0x000000008d300000| Untracked 
| 212|0x000000008d400000, 0x000000008d400000, 0x000000008d500000|  0%| F|  |TAMS 0x000000008d400000, 0x000000008d400000| Untracked 
| 213|0x000000008d500000, 0x000000008d500000, 0x000000008d600000|  0%| F|  |TAMS 0x000000008d500000, 0x000000008d500000| Untracked 
| 214|0x000000008d600000, 0x000000008d600000, 0x000000008d700000|  0%| F|  |TAMS 0x000000008d600000, 0x000000008d600000| Untracked 
| 215|0x000000008d700000, 0x000000008d700000, 0x000000008d800000|  0%| F|  |TAMS 0x000000008d700000, 0x000000008d700000| Untracked 
| 216|0x000000008d800000, 0x000000008d800000, 0x000000008d900000|  0%| F|  |TAMS 0x000000008d800000, 0x000000008d800000| Untracked 
| 217|0x000000008d900000, 0x000000008d900000, 0x000000008da00000|  0%| F|  |TAMS 0x000000008d900000, 0x000000008d900000| Untracked 
| 218|0x000000008da00000, 0x000000008da00000, 0x000000008db00000|  0%| F|  |TAMS 0x000000008da00000, 0x000000008da00000| Untracked 
| 219|0x000000008db00000, 0x000000008db00000, 0x000000008dc00000|  0%| F|  |TAMS 0x000000008db00000, 0x000000008db00000| Untracked 
| 220|0x000000008dc00000, 0x000000008dc00000, 0x000000008dd00000|  0%| F|  |TAMS 0x000000008dc00000, 0x000000008dc00000| Untracked 
| 221|0x000000008dd00000, 0x000000008dd00000, 0x000000008de00000|  0%| F|  |TAMS 0x000000008dd00000, 0x000000008dd00000| Untracked 
| 222|0x000000008de00000, 0x000000008de00000, 0x000000008df00000|  0%| F|  |TAMS 0x000000008de00000, 0x000000008de00000| Untracked 
| 223|0x000000008df00000, 0x000000008df00000, 0x000000008e000000|  0%| F|  |TAMS 0x000000008df00000, 0x000000008df00000| Untracked 
| 224|0x000000008e000000, 0x000000008e000000, 0x000000008e100000|  0%| F|  |TAMS 0x000000008e000000, 0x000000008e000000| Untracked 
| 225|0x000000008e100000, 0x000000008e100000, 0x000000008e200000|  0%| F|  |TAMS 0x000000008e100000, 0x000000008e100000| Untracked 
| 226|0x000000008e200000, 0x000000008e200000, 0x000000008e300000|  0%| F|  |TAMS 0x000000008e200000, 0x000000008e200000| Untracked 
| 227|0x000000008e300000, 0x000000008e300000, 0x000000008e400000|  0%| F|  |TAMS 0x000000008e300000, 0x000000008e300000| Untracked 
| 228|0x000000008e400000, 0x000000008e400000, 0x000000008e500000|  0%| F|  |TAMS 0x000000008e400000, 0x000000008e400000| Untracked 
| 229|0x000000008e500000, 0x000000008e500000, 0x000000008e600000|  0%| F|  |TAMS 0x000000008e500000, 0x000000008e500000| Untracked 
| 230|0x000000008e600000, 0x000000008e600000, 0x000000008e700000|  0%| F|  |TAMS 0x000000008e600000, 0x000000008e600000| Untracked 
| 231|0x000000008e700000, 0x000000008e700000, 0x000000008e800000|  0%| F|  |TAMS 0x000000008e700000, 0x000000008e700000| Untracked 
| 232|0x000000008e800000, 0x000000008e800000, 0x000000008e900000|  0%| F|  |TAMS 0x000000008e800000, 0x000000008e800000| Untracked 
| 233|0x000000008e900000, 0x000000008e900000, 0x000000008ea00000|  0%| F|  |TAMS 0x000000008e900000, 0x000000008e900000| Untracked 
| 234|0x000000008ea00000, 0x000000008ea00000, 0x000000008eb00000|  0%| F|  |TAMS 0x000000008ea00000, 0x000000008ea00000| Untracked 
| 235|0x000000008eb00000, 0x000000008eb00000, 0x000000008ec00000|  0%| F|  |TAMS 0x000000008eb00000, 0x000000008eb00000| Untracked 
| 236|0x000000008ec00000, 0x000000008ec00000, 0x000000008ed00000|  0%| F|  |TAMS 0x000000008ec00000, 0x000000008ec00000| Untracked 
| 237|0x000000008ed00000, 0x000000008ed00000, 0x000000008ee00000|  0%| F|  |TAMS 0x000000008ed00000, 0x000000008ed00000| Untracked 
| 238|0x000000008ee00000, 0x000000008ee00000, 0x000000008ef00000|  0%| F|  |TAMS 0x000000008ee00000, 0x000000008ee00000| Untracked 
| 239|0x000000008ef00000, 0x000000008ef00000, 0x000000008f000000|  0%| F|  |TAMS 0x000000008ef00000, 0x000000008ef00000| Untracked 
| 240|0x000000008f000000, 0x000000008f000000, 0x000000008f100000|  0%| F|  |TAMS 0x000000008f000000, 0x000000008f000000| Untracked 
| 241|0x000000008f100000, 0x000000008f100000, 0x000000008f200000|  0%| F|  |TAMS 0x000000008f100000, 0x000000008f100000| Untracked 
| 242|0x000000008f200000, 0x000000008f200000, 0x000000008f300000|  0%| F|  |TAMS 0x000000008f200000, 0x000000008f200000| Untracked 
| 243|0x000000008f300000, 0x000000008f300000, 0x000000008f400000|  0%| F|  |TAMS 0x000000008f300000, 0x000000008f300000| Untracked 
| 244|0x000000008f400000, 0x000000008f400000, 0x000000008f500000|  0%| F|  |TAMS 0x000000008f400000, 0x000000008f400000| Untracked 
| 245|0x000000008f500000, 0x000000008f500000, 0x000000008f600000|  0%| F|  |TAMS 0x000000008f500000, 0x000000008f500000| Untracked 
| 246|0x000000008f600000, 0x000000008f600000, 0x000000008f700000|  0%| F|  |TAMS 0x000000008f600000, 0x000000008f600000| Untracked 
| 247|0x000000008f700000, 0x000000008f705e30, 0x000000008f800000|  2%| E|  |TAMS 0x000000008f700000, 0x000000008f700000| Complete 
| 248|0x000000008f800000, 0x000000008f900000, 0x000000008f900000|100%| E|CS|TAMS 0x000000008f800000, 0x000000008f800000| Complete 
| 249|0x000000008f900000, 0x000000008fa00000, 0x000000008fa00000|100%| E|CS|TAMS 0x000000008f900000, 0x000000008f900000| Complete 
| 250|0x000000008fa00000, 0x000000008fb00000, 0x000000008fb00000|100%| E|CS|TAMS 0x000000008fa00000, 0x000000008fa00000| Complete 
| 251|0x000000008fb00000, 0x000000008fb6c3e0, 0x000000008fc00000| 42%| S|CS|TAMS 0x000000008fb00000, 0x000000008fb00000| Complete 
| 252|0x000000008fc00000, 0x000000008fd00000, 0x000000008fd00000|100%| S|CS|TAMS 0x000000008fc00000, 0x000000008fc00000| Complete 
| 253|0x000000008fd00000, 0x000000008fe00000, 0x000000008fe00000|100%| S|CS|TAMS 0x000000008fd00000, 0x000000008fd00000| Complete 
| 254|0x000000008fe00000, 0x000000008ff00000, 0x000000008ff00000|100%| E|CS|TAMS 0x000000008fe00000, 0x000000008fe00000| Complete 
| 255|0x000000008ff00000, 0x0000000090000000, 0x0000000090000000|100%| E|CS|TAMS 0x000000008ff00000, 0x000000008ff00000| Complete 

Card table byte_map: [0x0000022fc47c0000,0x0000022fc4bc0000] _byte_map_base: 0x0000022fc43c0000

Marking Bits (Prev, Next): (CMBitMap*) 0x0000022fb18e08d0, (CMBitMap*) 0x0000022fb18e0898
 Prev Bits: [0x0000022fc6fc0000, 0x0000022fc8fc0000)
 Next Bits: [0x0000022fc4fc0000, 0x0000022fc6fc0000)

Polling page: 0x0000022faf6b0000

Metaspace:

Usage:
  Non-class:     82.86 MB capacity,    81.37 MB ( 98%) used,     1.21 MB (  1%) free+waste,   279.56 KB ( <1%) overhead. 
      Class:     12.90 MB capacity,    11.99 MB ( 93%) used,   799.94 KB (  6%) free+waste,   125.31 KB ( <1%) overhead. 
       Both:     95.75 MB capacity,    93.36 MB ( 98%) used,     1.99 MB (  2%) free+waste,   404.88 KB ( <1%) overhead. 

Virtual space:
  Non-class space:       84.00 MB reserved,      82.89 MB ( 99%) committed 
      Class space:        1.00 GB reserved,      13.02 MB (  1%) committed 
             Both:        1.08 GB reserved,      95.91 MB (  9%) committed 

Chunk freelists:
   Non-Class:  34.00 KB
       Class:  43.00 KB
        Both:  77.00 KB

MaxMetaspaceSize: 17179869184.00 GB
CompressedClassSpaceSize: 1.00 GB
Initial GC threshold: 20.80 MB
Current GC threshold: 159.86 MB
CDS: off

CodeHeap 'non-profiled nmethods': size=120064Kb used=9432Kb max_used=9432Kb free=110631Kb
 bounds [0x0000022fbce80000, 0x0000022fbd7c0000, 0x0000022fc43c0000]
CodeHeap 'profiled nmethods': size=120000Kb used=27620Kb max_used=27620Kb free=92380Kb
 bounds [0x0000022fb5950000, 0x0000022fb7450000, 0x0000022fbce80000]
CodeHeap 'non-nmethods': size=5696Kb used=2411Kb max_used=2455Kb free=3284Kb
 bounds [0x0000022fb53c0000, 0x0000022fb5630000, 0x0000022fb5950000]
 total_blobs=13574 nmethods=12630 adapters=855
 compilation: enabled
              stopped_count=0, restarted_count=0
 full_count=0

Compilation events (20 events):
Event: 34.627 Thread 0x0000022fcbd7d000 nmethod 12635 0x0000022fb743c590 code [0x0000022fb743c740, 0x0000022fb743c898]
Event: 34.628 Thread 0x0000022fcbd7d000 12636       3       com.google.gson.internal.Excluder::excludeClassChecks (67 bytes)
Event: 34.629 Thread 0x0000022fcbd7d000 nmethod 12636 0x0000022fb743c990 code [0x0000022fb743cde0, 0x0000022fb743eb68]
Event: 34.738 Thread 0x0000022fcbd7d000 12637       3       java.util.ArrayDeque::pop (5 bytes)
Event: 34.738 Thread 0x0000022fcbd7d000 nmethod 12637 0x0000022fb743f390 code [0x0000022fb743f560, 0x0000022fb743f7f8]
Event: 34.738 Thread 0x0000022fcbd7d000 12638       3       com.google.common.collect.Iterators$ConcatenatedIterator::next (33 bytes)
Event: 34.738 Thread 0x0000022fcbd7d000 nmethod 12638 0x0000022fb743f910 code [0x0000022fb743fb00, 0x0000022fb743fe68]
Event: 34.739 Thread 0x0000022fcbd7d000 12639   !   3       org.gradle.internal.resources.DefaultResourceLockCoordinationService::notifyStateChange (25 bytes)
Event: 34.739 Thread 0x0000022fcbd7d000 nmethod 12639 0x0000022fb743ff90 code [0x0000022fb7440160, 0x0000022fb7440448]
Event: 34.741 Thread 0x0000022fcbd7c000 12640   !   4       java.io.ObjectOutputStream::writeObject0 (619 bytes)
Event: 34.741 Thread 0x0000022fcbd7d000 12641       3       java.io.ObjectOutputStream$HandleTable::growSpine (67 bytes)
Event: 34.742 Thread 0x0000022fcbd7d000 nmethod 12641 0x0000022fb7440590 code [0x0000022fb7440780, 0x0000022fb7440b18]
Event: 34.774 Thread 0x0000022fcbd7d000 12642       1       org.gradle.api.internal.tasks.properties.DefaultTaskProperties::getOutputFileProperties (5 bytes)
Event: 34.774 Thread 0x0000022fcbd7d000 nmethod 12642 0x0000022fbd7b5d90 code [0x0000022fbd7b5f40, 0x0000022fbd7b5ff8]
Event: 34.776 Thread 0x0000022fcbd7d000 12643       3       org.gradle.api.internal.tasks.PropertyFileCollection::visitChildren (11 bytes)
Event: 34.776 Thread 0x0000022fcbd7d000 nmethod 12643 0x0000022fb7440c90 code [0x0000022fb7440e40, 0x0000022fb7441008]
Event: 34.777 Thread 0x0000022fcbd7d000 12644       3       org.gradle.tooling.internal.provider.runner.OperationDependenciesResolver$$Lambda$876/0x0000000100b17440::test (8 bytes)
Event: 34.777 Thread 0x0000022fcbd7d000 nmethod 12644 0x0000022fb7441110 code [0x0000022fb74412e0, 0x0000022fb7441598]
Event: 34.855 Thread 0x0000022fcbd7d000 12646       3       java.util.Formatter$Flags::<init> (10 bytes)
Event: 34.855 Thread 0x0000022fcbd7d000 nmethod 12646 0x0000022fb7441690 code [0x0000022fb7441840, 0x0000022fb7441998]

GC Heap History (20 events):
Event: 11.864 GC heap before
{Heap before GC invocations=9 (full 0):
 garbage-first heap   total 262144K, used 126523K [0x0000000080000000, 0x0000000100000000)
  region size 1024K, 98 young (100352K), 14 survivors (14336K)
 Metaspace       used 59155K, capacity 60602K, committed 60636K, reserved 1101824K
  class space    used 7453K, capacity 7979K, committed 8012K, reserved 1048576K
}
Event: 11.879 GC heap after
{Heap after GC invocations=10 (full 0):
 garbage-first heap   total 262144K, used 46973K [0x0000000080000000, 0x0000000100000000)
  region size 1024K, 14 young (14336K), 14 survivors (14336K)
 Metaspace       used 59155K, capacity 60602K, committed 60636K, reserved 1101824K
  class space    used 7453K, capacity 7979K, committed 8012K, reserved 1048576K
}
Event: 13.860 GC heap before
{Heap before GC invocations=11 (full 0):
 garbage-first heap   total 262144K, used 167805K [0x0000000080000000, 0x0000000100000000)
  region size 1024K, 125 young (128000K), 14 survivors (14336K)
 Metaspace       used 65691K, capacity 67377K, committed 67496K, reserved 1107968K
  class space    used 8297K, capacity 8917K, committed 8984K, reserved 1048576K
}
Event: 13.876 GC heap after
{Heap after GC invocations=12 (full 0):
 garbage-first heap   total 262144K, used 55728K [0x0000000080000000, 0x0000000100000000)
  region size 1024K, 13 young (13312K), 13 survivors (13312K)
 Metaspace       used 65691K, capacity 67377K, committed 67496K, reserved 1107968K
  class space    used 8297K, capacity 8917K, committed 8984K, reserved 1048576K
}
Event: 16.038 GC heap before
{Heap before GC invocations=12 (full 0):
 garbage-first heap   total 262144K, used 172464K [0x0000000080000000, 0x0000000100000000)
  region size 1024K, 127 young (130048K), 13 survivors (13312K)
 Metaspace       used 73224K, capacity 74939K, committed 75176K, reserved 1114112K
  class space    used 9472K, capacity 10119K, committed 10264K, reserved 1048576K
}
Event: 16.054 GC heap after
{Heap after GC invocations=13 (full 0):
 garbage-first heap   total 262144K, used 64612K [0x0000000080000000, 0x0000000100000000)
  region size 1024K, 9 young (9216K), 9 survivors (9216K)
 Metaspace       used 73224K, capacity 74939K, committed 75176K, reserved 1114112K
  class space    used 9472K, capacity 10119K, committed 10264K, reserved 1048576K
}
Event: 19.071 GC heap before
{Heap before GC invocations=13 (full 0):
 garbage-first heap   total 262144K, used 181348K [0x0000000080000000, 0x0000000100000000)
  region size 1024K, 124 young (126976K), 9 survivors (9216K)
 Metaspace       used 82811K, capacity 84912K, committed 85032K, reserved 1122304K
  class space    used 10799K, capacity 11580K, committed 11672K, reserved 1048576K
}
Event: 19.085 GC heap after
{Heap after GC invocations=14 (full 0):
 garbage-first heap   total 262144K, used 72292K [0x0000000080000000, 0x0000000100000000)
  region size 1024K, 16 young (16384K), 16 survivors (16384K)
 Metaspace       used 82811K, capacity 84912K, committed 85032K, reserved 1122304K
  class space    used 10799K, capacity 11580K, committed 11672K, reserved 1048576K
}
Event: 20.975 GC heap before
{Heap before GC invocations=14 (full 0):
 garbage-first heap   total 262144K, used 190052K [0x0000000080000000, 0x0000000100000000)
  region size 1024K, 132 young (135168K), 16 survivors (16384K)
 Metaspace       used 83896K, capacity 86129K, committed 86312K, reserved 1124352K
  class space    used 10855K, capacity 11650K, committed 11672K, reserved 1048576K
}
Event: 20.994 GC heap after
{Heap after GC invocations=15 (full 0):
 garbage-first heap   total 262144K, used 80291K [0x0000000080000000, 0x0000000100000000)
  region size 1024K, 17 young (17408K), 17 survivors (17408K)
 Metaspace       used 83896K, capacity 86129K, committed 86312K, reserved 1124352K
  class space    used 10855K, capacity 11650K, committed 11672K, reserved 1048576K
}
Event: 22.290 GC heap before
{Heap before GC invocations=15 (full 0):
 garbage-first heap   total 262144K, used 196003K [0x0000000080000000, 0x0000000100000000)
  region size 1024K, 131 young (134144K), 17 survivors (17408K)
 Metaspace       used 86454K, capacity 88648K, committed 88744K, reserved 1126400K
  class space    used 11137K, capacity 11980K, committed 12056K, reserved 1048576K
}
Event: 22.308 GC heap after
{Heap after GC invocations=16 (full 0):
 garbage-first heap   total 262144K, used 87654K [0x0000000080000000, 0x0000000100000000)
  region size 1024K, 15 young (15360K), 15 survivors (15360K)
 Metaspace       used 86454K, capacity 88648K, committed 88744K, reserved 1126400K
  class space    used 11137K, capacity 11980K, committed 12056K, reserved 1048576K
}
Event: 23.430 GC heap before
{Heap before GC invocations=16 (full 0):
 garbage-first heap   total 262144K, used 201318K [0x0000000080000000, 0x0000000100000000)
  region size 1024K, 127 young (130048K), 15 survivors (15360K)
 Metaspace       used 88985K, capacity 91161K, committed 91304K, reserved 1128448K
  class space    used 11424K, capacity 12238K, committed 12312K, reserved 1048576K
}
Event: 23.445 GC heap after
{Heap after GC invocations=17 (full 0):
 garbage-first heap   total 262144K, used 94720K [0x0000000080000000, 0x0000000100000000)
  region size 1024K, 14 young (14336K), 14 survivors (14336K)
 Metaspace       used 88985K, capacity 91161K, committed 91304K, reserved 1128448K
  class space    used 11424K, capacity 12238K, committed 12312K, reserved 1048576K
}
Event: 32.931 GC heap before
{Heap before GC invocations=17 (full 0):
 garbage-first heap   total 262144K, used 206336K [0x0000000080000000, 0x0000000100000000)
  region size 1024K, 123 young (125952K), 14 survivors (14336K)
 Metaspace       used 93684K, capacity 96031K, committed 96168K, reserved 1132544K
  class space    used 12037K, capacity 12949K, committed 13080K, reserved 1048576K
}
Event: 32.947 GC heap after
{Heap after GC invocations=18 (full 0):
 garbage-first heap   total 262144K, used 100603K [0x0000000080000000, 0x0000000100000000)
  region size 1024K, 13 young (13312K), 13 survivors (13312K)
 Metaspace       used 93684K, capacity 96031K, committed 96168K, reserved 1132544K
  class space    used 12037K, capacity 12949K, committed 13080K, reserved 1048576K
}
Event: 34.045 GC heap before
{Heap before GC invocations=18 (full 0):
 garbage-first heap   total 262144K, used 166139K [0x0000000080000000, 0x0000000100000000)
  region size 1024K, 50 young (51200K), 13 survivors (13312K)
 Metaspace       used 95164K, capacity 97683K, committed 97960K, reserved 1134592K
  class space    used 12225K, capacity 13191K, committed 13336K, reserved 1048576K
}
Event: 34.057 GC heap after
{Heap after GC invocations=19 (full 0):
 garbage-first heap   total 262144K, used 131219K [0x0000000080000000, 0x0000000100000000)
  region size 1024K, 9 young (9216K), 9 survivors (9216K)
 Metaspace       used 95164K, capacity 97683K, committed 97960K, reserved 1134592K
  class space    used 12225K, capacity 13191K, committed 13336K, reserved 1048576K
}
Event: 34.366 GC heap before
{Heap before GC invocations=20 (full 0):
 garbage-first heap   total 262144K, used 143507K [0x0000000080000000, 0x0000000100000000)
  region size 1024K, 11 young (11264K), 9 survivors (9216K)
 Metaspace       used 95190K, capacity 97642K, committed 97960K, reserved 1134592K
  class space    used 12222K, capacity 13154K, committed 13336K, reserved 1048576K
}
Event: 34.374 GC heap after
{Heap after GC invocations=21 (full 0):
 garbage-first heap   total 262144K, used 103469K [0x0000000080000000, 0x0000000100000000)
  region size 1024K, 3 young (3072K), 3 survivors (3072K)
 Metaspace       used 95190K, capacity 97642K, committed 97960K, reserved 1134592K
  class space    used 12222K, capacity 13154K, committed 13336K, reserved 1048576K
}

Deoptimization events (20 events):
Event: 34.737 Thread 0x0000022fce699000 Uncommon trap: trap_request=0xffffff7e fr.pc=0x0000022fbd472b30 relative=0x0000000000000170
Event: 34.737 Thread 0x0000022fce699000 Uncommon trap: reason=predicate action=maybe_recompile pc=0x0000022fbd472b30 method=java.util.Collections.indexedBinarySearch(Ljava/util/List;Ljava/lang/Object;)I @ 13 c2
Event: 34.737 Thread 0x0000022fce699000 DEOPT PACKING pc=0x0000022fbd472b30 sp=0x00000035047fe3f0
Event: 34.737 Thread 0x0000022fce699000 DEOPT UNPACKING pc=0x0000022fb540a1af sp=0x00000035047fe370 mode 2
Event: 34.772 Thread 0x0000022fce699000 Uncommon trap: trap_request=0xffffff4d fr.pc=0x0000022fbd4c4b0c relative=0x000000000000016c
Event: 34.772 Thread 0x0000022fce699000 Uncommon trap: reason=unstable_if action=reinterpret pc=0x0000022fbd4c4b0c method=org.gradle.internal.io.StreamByteBuffer.prepareRead()I @ 30 c2
Event: 34.772 Thread 0x0000022fce699000 DEOPT PACKING pc=0x0000022fbd4c4b0c sp=0x00000035047fe320
Event: 34.772 Thread 0x0000022fce699000 DEOPT UNPACKING pc=0x0000022fb540a1af sp=0x00000035047fe2d0 mode 2
Event: 34.772 Thread 0x0000022fce699000 Uncommon trap: trap_request=0xffffff4d fr.pc=0x0000022fbd467030 relative=0x0000000000002370
Event: 34.772 Thread 0x0000022fce699000 Uncommon trap: reason=unstable_if action=reinterpret pc=0x0000022fbd467030 method=com.google.common.collect.MapMakerInternalMap$Segment.drainKeyReferenceQueue(Ljava/lang/ref/ReferenceQueue;)V @ 8 c2
Event: 34.772 Thread 0x0000022fce699000 DEOPT PACKING pc=0x0000022fbd467030 sp=0x00000035047fe450
Event: 34.773 Thread 0x0000022fce699000 DEOPT UNPACKING pc=0x0000022fb540a1af sp=0x00000035047fe258 mode 2
Event: 34.806 Thread 0x0000022fcdc2a800 Uncommon trap: trap_request=0xffffff4d fr.pc=0x0000022fbd2dfbfc relative=0x000000000000021c
Event: 34.806 Thread 0x0000022fcdc2a800 Uncommon trap: reason=unstable_if action=reinterpret pc=0x0000022fbd2dfbfc method=org.gradle.internal.util.Trie.find(Ljava/lang/CharSequence;)Z @ 91 c2
Event: 34.806 Thread 0x0000022fcdc2a800 DEOPT PACKING pc=0x0000022fbd2dfbfc sp=0x00000035003fb240
Event: 34.806 Thread 0x0000022fcdc2a800 DEOPT UNPACKING pc=0x0000022fb540a1af sp=0x00000035003fb198 mode 2
Event: 34.807 Thread 0x0000022fcde3e800 Uncommon trap: trap_request=0xffffff4d fr.pc=0x0000022fbd786078 relative=0x0000000000000db8
Event: 34.808 Thread 0x0000022fcde3e800 Uncommon trap: reason=unstable_if action=reinterpret pc=0x0000022fbd786078 method=org.gradle.internal.snapshot.AbstractListChildMap.withReplacedChild(ILjava/lang/String;Ljava/lang/Object;)Lorg/gradle/internal/snapshot/ChildMap; @ 36 c2
Event: 34.808 Thread 0x0000022fcde3e800 DEOPT PACKING pc=0x0000022fbd786078 sp=0x0000003500cfe620
Event: 34.808 Thread 0x0000022fcde3e800 DEOPT UNPACKING pc=0x0000022fb540a1af sp=0x0000003500cfe600 mode 2

Classes redefined (0 events):
No events

Internal exceptions (20 events):
Event: 24.493 Thread 0x0000022fce696800 Exception <a 'sun/nio/fs/WindowsException'{0x000000008d590d40}> (0x000000008d590d40) thrown at [./src/hotspot/share/prims/jni.cpp, line 616]
Event: 24.557 Thread 0x0000022fce696800 Implicit null exception at 0x0000022fbcfb9ab0 to 0x0000022fbcfbd068
Event: 32.445 Thread 0x0000022fce69a000 Exception <a 'sun/nio/fs/WindowsException'{0x000000008aed2e20}> (0x000000008aed2e20) thrown at [./src/hotspot/share/prims/jni.cpp, line 616]
Event: 32.448 Thread 0x0000022fce69a000 Exception <a 'sun/nio/fs/WindowsException'{0x000000008aef4b78}> (0x000000008aef4b78) thrown at [./src/hotspot/share/prims/jni.cpp, line 616]
Event: 32.448 Thread 0x0000022fce69a000 Exception <a 'sun/nio/fs/WindowsException'{0x000000008aef4c60}> (0x000000008aef4c60) thrown at [./src/hotspot/share/prims/jni.cpp, line 616]
Event: 32.812 Thread 0x0000022fce696000 Exception <a 'java/lang/NoSuchMethodError'{0x00000000897c5aa0}: 'java.lang.Object java.lang.invoke.DirectMethodHandle$Holder.newInvokeSpecial(java.lang.Object, java.lang.Object, java.lang.Object, java.lang.Object)'> (0x00000000897c5aa0) thrown at [./src/hotspot/share/interpreter/linkResolver.cpp, line 773]
Event: 33.424 Thread 0x0000022fce696000 Exception <a 'sun/nio/fs/WindowsException'{0x000000008e916a58}> (0x000000008e916a58) thrown at [./src/hotspot/share/prims/jni.cpp, line 616]
Event: 33.425 Thread 0x0000022fce696000 Exception <a 'sun/nio/fs/WindowsException'{0x000000008e917b70}> (0x000000008e917b70) thrown at [./src/hotspot/share/prims/jni.cpp, line 616]
Event: 33.595 Thread 0x0000022fce69a000 Exception <a 'java/lang/NoSuchMethodError'{0x000000008e4342d0}: 'java.lang.Object java.lang.invoke.DirectMethodHandle$Holder.invokeStatic(java.lang.Object, java.lang.Object, java.lang.Object, java.lang.Object, java.lang.Object, int, java.lang.Object)'> (0x000000008e4342d0) thrown at [./src/hotspot/share/interpreter/linkResolver.cpp, line 773]
Event: 33.671 Thread 0x0000022fce69a000 Exception <a 'java/lang/NoSuchMethodError'{0x000000008e01f850}: 'java.lang.Object java.lang.invoke.DirectMethodHandle$Holder.invokeStatic(java.lang.Object, java.lang.Object, java.lang.Object, java.lang.Object, java.lang.Object, java.lang.Object, java.lang.Object, int)'> (0x000000008e01f850) thrown at [./src/hotspot/share/interpreter/linkResolver.cpp, line 773]
Event: 33.671 Thread 0x0000022fce69a000 Exception <a 'java/lang/NoSuchMethodError'{0x000000008e023f30}: 'java.lang.Object java.lang.invoke.DirectMethodHandle$Holder.invokeSpecial(java.lang.Object, java.lang.Object, java.lang.Object, java.lang.Object, java.lang.Object, java.lang.Object, java.lang.Object, java.lang.Object, int)'> (0x000000008e023f30) thrown at [./src/hotspot/share/interpreter/linkResolver.cpp, line 773]
Event: 33.671 Thread 0x0000022fce69a000 Exception <a 'java/lang/NoSuchMethodError'{0x000000008e027f90}: 'java.lang.Object java.lang.invoke.Invokers$Holder.linkToTargetMethod(java.lang.Object, java.lang.Object, java.lang.Object, java.lang.Object, java.lang.Object, java.lang.Object, int, java.lang.Object)'> (0x000000008e027f90) thrown at [./src/hotspot/share/interpreter/linkResolver.cpp, line 773]
Event: 33.788 Thread 0x0000022fce69a000 Exception <a 'sun/nio/fs/WindowsException'{0x000000008de9f648}> (0x000000008de9f648) thrown at [./src/hotspot/share/prims/jni.cpp, line 616]
Event: 33.788 Thread 0x0000022fce69a000 Exception <a 'sun/nio/fs/WindowsException'{0x000000008de9f6c8}> (0x000000008de9f6c8) thrown at [./src/hotspot/share/prims/jni.cpp, line 616]
Event: 34.550 Thread 0x0000022fce69a000 Exception <a 'java/lang/NoSuchMethodError'{0x000000008fea8880}: 'java.lang.Object java.lang.invoke.DirectMethodHandle$Holder.invokeVirtual(java.lang.Object, java.lang.Object, int)'> (0x000000008fea8880) thrown at [./src/hotspot/share/interpreter/linkResolver.cpp, line 773]
Event: 34.557 Thread 0x0000022fce69a000 Implicit null exception at 0x0000022fbd030eeb to 0x0000022fbd030f0c
Event: 34.568 Thread 0x0000022fce69a000 Exception <a 'java/lang/NoSuchMethodError'{0x000000008fa7fa50}: 'void java.lang.invoke.DirectMethodHandle$Holder.invokeStatic(java.lang.Object, java.lang.Object, java.lang.Object, int)'> (0x000000008fa7fa50) thrown at [./src/hotspot/share/interpreter/linkResolver.cpp, line 773]
Event: 34.808 Thread 0x0000022fcdc2a800 Exception <a 'sun/nio/fs/WindowsException'{0x000000008f86b9d8}> (0x000000008f86b9d8) thrown at [./src/hotspot/share/prims/jni.cpp, line 616]
Event: 34.808 Thread 0x0000022fcdc2a800 Exception <a 'sun/nio/fs/WindowsException'{0x000000008f86ba58}> (0x000000008f86ba58) thrown at [./src/hotspot/share/prims/jni.cpp, line 616]
Event: 34.808 Thread 0x0000022fcdc2a800 Exception <a 'sun/nio/fs/WindowsException'{0x000000008f86d3a0}> (0x000000008f86d3a0) thrown at [./src/hotspot/share/prims/jni.cpp, line 616]

Events (20 events):
Event: 34.791 loading class org/gradle/internal/build/ExecutionResult done
Event: 34.791 loading class org/gradle/internal/build/DefaultBuildLifecycleController
Event: 34.791 loading class org/gradle/internal/build/DefaultBuildLifecycleController done
Event: 34.791 loading class org/gradle/internal/model/StateTransitionController$State
Event: 34.791 loading class org/gradle/internal/model/StateTransitionController$State done
Event: 34.791 loading class org/gradle/internal/model/StateTransitionController
Event: 34.791 loading class org/gradle/internal/model/StateTransitionController done
Event: 34.792 Executing VM operation: RevokeBias
Event: 34.792 Executing VM operation: RevokeBias done
Event: 34.803 Thread 0x0000022fce695000 Thread exited: 0x0000022fce695000
Event: 34.804 loading class org/gradle/api/services/BuildService
Event: 34.804 loading class org/gradle/api/services/BuildService done
Event: 34.804 loading class org/gradle/api/services/BuildService
Event: 34.804 loading class org/gradle/api/services/BuildService done
Event: 34.804 loading class org/gradle/api/services/internal/BuildServiceProvider
Event: 34.804 loading class org/gradle/api/services/internal/BuildServiceProvider done
Event: 34.805 loading class com/android/ide/common/attribution/AndroidGradlePluginAttributionData
Event: 34.805 loading class com/android/ide/common/attribution/AndroidGradlePluginAttributionData done
Event: 34.806 loading class com/android/ide/common/attribution/AndroidGradlePluginAttributionData$Companion
Event: 34.806 loading class com/android/ide/common/attribution/AndroidGradlePluginAttributionData$Companion done


Dynamic libraries:
0x00007ff611f80000 - 0x00007ff611f8a000 	C:\Program Files\Android\Android Studio\jre\bin\java.exe
0x00007fff62d30000 - 0x00007fff62f28000 	C:\WINDOWS\SYSTEM32\ntdll.dll
0x00007fff62b90000 - 0x00007fff62c4f000 	C:\WINDOWS\System32\KERNEL32.DLL
0x00007fff60780000 - 0x00007fff60a52000 	C:\WINDOWS\System32\KERNELBASE.dll
0x00007fff60a60000 - 0x00007fff60b60000 	C:\WINDOWS\System32\ucrtbase.dll
0x00007fff35d70000 - 0x00007fff35d89000 	C:\Program Files\Android\Android Studio\jre\bin\jli.dll
0x00007fff610a0000 - 0x00007fff61241000 	C:\WINDOWS\System32\USER32.dll
0x00007fff35d50000 - 0x00007fff35d67000 	C:\Program Files\Android\Android Studio\jre\bin\VCRUNTIME140.dll
0x00007fff60420000 - 0x00007fff60442000 	C:\WINDOWS\System32\win32u.dll
0x00007fff61380000 - 0x00007fff613ab000 	C:\WINDOWS\System32\GDI32.dll
0x00007fff42080000 - 0x00007fff4231a000 	C:\WINDOWS\WinSxS\amd64_microsoft.windows.common-controls_6595b64144ccf1df_6.0.19041.1110_none_60b5254171f9507e\COMCTL32.dll
0x00007fff60b60000 - 0x00007fff60c6f000 	C:\WINDOWS\System32\gdi32full.dll
0x00007fff626e0000 - 0x00007fff6277e000 	C:\WINDOWS\System32\msvcrt.dll
0x00007fff60510000 - 0x00007fff605ad000 	C:\WINDOWS\System32\msvcp_win.dll
0x00007fff613b0000 - 0x00007fff613e2000 	C:\WINDOWS\System32\IMM32.DLL
0x00007fff1cb00000 - 0x00007fff1cb9d000 	C:\Program Files\Android\Android Studio\jre\bin\msvcp140.dll
0x00007fff1b400000 - 0x00007fff1bf02000 	C:\Program Files\Android\Android Studio\jre\bin\server\jvm.dll
0x00007fff628d0000 - 0x00007fff6297e000 	C:\WINDOWS\System32\ADVAPI32.dll
0x00007fff62c50000 - 0x00007fff62cec000 	C:\WINDOWS\System32\sechost.dll
0x00007fff60d80000 - 0x00007fff60ea5000 	C:\WINDOWS\System32\RPCRT4.dll
0x00007fff60fe0000 - 0x00007fff60fe8000 	C:\WINDOWS\System32\PSAPI.DLL
0x00007fff5c0e0000 - 0x00007fff5c0e9000 	C:\WINDOWS\SYSTEM32\WSOCK32.dll
0x00007fff62860000 - 0x00007fff628cb000 	C:\WINDOWS\System32\WS2_32.dll
0x00007fff584d0000 - 0x00007fff584f7000 	C:\WINDOWS\SYSTEM32\WINMM.dll
0x00007fff5a5b0000 - 0x00007fff5a5ba000 	C:\WINDOWS\SYSTEM32\VERSION.dll
0x00007fff5e300000 - 0x00007fff5e312000 	C:\WINDOWS\SYSTEM32\kernel.appcore.dll
0x00007fff580c0000 - 0x00007fff580d1000 	C:\Program Files\Android\Android Studio\jre\bin\verify.dll
0x00007fff55510000 - 0x00007fff556f4000 	C:\WINDOWS\SYSTEM32\DBGHELP.DLL
0x00007fff4a6c0000 - 0x00007fff4a6f5000 	C:\WINDOWS\SYSTEM32\dbgcore.DLL
0x00007fff60480000 - 0x00007fff60502000 	C:\WINDOWS\System32\bcryptPrimitives.dll
0x00007fff4a200000 - 0x00007fff4a229000 	C:\Program Files\Android\Android Studio\jre\bin\java.dll
0x00007fff5bf50000 - 0x00007fff5bf5b000 	C:\Program Files\Android\Android Studio\jre\bin\jimage.dll
0x00007fff56d10000 - 0x00007fff56d28000 	C:\Program Files\Android\Android Studio\jre\bin\zip.dll
0x00007fff61860000 - 0x00007fff61fa5000 	C:\WINDOWS\System32\SHELL32.dll
0x00007fff5e500000 - 0x00007fff5ec92000 	C:\WINDOWS\SYSTEM32\windows.storage.dll
0x00007fff62320000 - 0x00007fff62675000 	C:\WINDOWS\System32\combase.dll
0x00007fff5fe80000 - 0x00007fff5feb0000 	C:\WINDOWS\SYSTEM32\Wldp.dll
0x00007fff60ff0000 - 0x00007fff6109d000 	C:\WINDOWS\System32\SHCORE.dll
0x00007fff62b30000 - 0x00007fff62b85000 	C:\WINDOWS\System32\shlwapi.dll
0x00007fff60360000 - 0x00007fff6037f000 	C:\WINDOWS\SYSTEM32\profapi.dll
0x00007fff55e70000 - 0x00007fff55e8a000 	C:\Program Files\Android\Android Studio\jre\bin\net.dll
0x00007fff59960000 - 0x00007fff59a6c000 	C:\WINDOWS\SYSTEM32\WINHTTP.dll
0x00007fff5fbe0000 - 0x00007fff5fc4a000 	C:\WINDOWS\system32\mswsock.dll
0x00007fff4b220000 - 0x00007fff4b234000 	C:\Program Files\Android\Android Studio\jre\bin\nio.dll
0x00007fff5dc50000 - 0x00007fff5dc77000 	C:\Users\babyu\.gradle\native\e1d6ef7f7dcc3fd88c89a11ec53ec762bb8ba0a96d01ffa2cd45eb1d1d8dd5c5\windows-amd64\native-platform.dll
0x00007fff19e30000 - 0x00007fff19f74000 	C:\Users\babyu\.gradle\native\0d407fdbe67a94daf76414ababcb853783967236a71b16ec16e742cd7a986fd3\windows-amd64\native-platform-file-events.dll
0x00007fff5bf10000 - 0x00007fff5bf1a000 	C:\Program Files\Android\Android Studio\jre\bin\management.dll
0x00007fff5bef0000 - 0x00007fff5befd000 	C:\Program Files\Android\Android Studio\jre\bin\management_ext.dll
0x00007fff5fde0000 - 0x00007fff5fdf8000 	C:\WINDOWS\SYSTEM32\CRYPTSP.dll
0x00007fff5f490000 - 0x00007fff5f4c4000 	C:\WINDOWS\system32\rsaenh.dll
0x00007fff60450000 - 0x00007fff60477000 	C:\WINDOWS\System32\bcrypt.dll
0x00007fff602e0000 - 0x00007fff6030e000 	C:\WINDOWS\SYSTEM32\USERENV.dll
0x00007fff5fdd0000 - 0x00007fff5fddc000 	C:\WINDOWS\SYSTEM32\CRYPTBASE.dll
0x00007fff5f880000 - 0x00007fff5f8bb000 	C:\WINDOWS\SYSTEM32\IPHLPAPI.DLL
0x00007fff61370000 - 0x00007fff61378000 	C:\WINDOWS\System32\NSI.dll
0x00007fff5a910000 - 0x00007fff5a927000 	C:\WINDOWS\SYSTEM32\dhcpcsvc6.DLL
0x00007fff5a8f0000 - 0x00007fff5a90d000 	C:\WINDOWS\SYSTEM32\dhcpcsvc.DLL
0x00007fff5f8c0000 - 0x00007fff5f98b000 	C:\WINDOWS\SYSTEM32\DNSAPI.dll
0x00007fff48c90000 - 0x00007fff48cb7000 	C:\Program Files\Android\Android Studio\jre\bin\sunec.dll

dbghelp: loaded successfully - version: 4.0.5 - missing functions: none
symbol engine: initialized successfully - sym options: 0x614 - pdb path: .;C:\Program Files\Android\Android Studio\jre\bin;C:\WINDOWS\SYSTEM32;C:\WINDOWS\WinSxS\amd64_microsoft.windows.common-controls_6595b64144ccf1df_6.0.19041.1110_none_60b5254171f9507e;C:\Program Files\Android\Android Studio\jre\bin\server;C:\Users\babyu\.gradle\native\e1d6ef7f7dcc3fd88c89a11ec53ec762bb8ba0a96d01ffa2cd45eb1d1d8dd5c5\windows-amd64;C:\Users\babyu\.gradle\native\0d407fdbe67a94daf76414ababcb853783967236a71b16ec16e742cd7a986fd3\windows-amd64

VM Arguments:
jvm_args: --add-opens=java.base/java.util=ALL-UNNAMED --add-opens=java.base/java.lang=ALL-UNNAMED --add-opens=java.base/java.lang.invoke=ALL-UNNAMED --add-opens=java.base/java.util=ALL-UNNAMED --add-opens=java.prefs/java.util.prefs=ALL-UNNAMED --add-opens=java.prefs/java.util.prefs=ALL-UNNAMED --add-opens=java.base/java.nio.charset=ALL-UNNAMED --add-opens=java.base/java.net=ALL-UNNAMED --add-opens=java.base/java.util.concurrent.atomic=ALL-UNNAMED -Xmx2048m -Dfile.encoding=UTF-8 -Duser.country=US -Duser.language=en -Duser.variant 
java_command: org.gradle.launcher.daemon.bootstrap.GradleDaemon 7.4
java_class_path (initial): C:\Users\babyu\.gradle\wrapper\dists\gradle-7.4-bin\c0gwcg53nkjbqw7r0h0umtfvt\gradle-7.4\lib\gradle-launcher-7.4.jar
Launcher Type: SUN_STANDARD

[Global flags]
     intx CICompilerCount                          = 3                                         {product} {ergonomic}
     uint ConcGCThreads                            = 1                                         {product} {ergonomic}
     uint G1ConcRefinementThreads                  = 4                                         {product} {ergonomic}
   size_t G1HeapRegionSize                         = 1048576                                   {product} {ergonomic}
    uintx GCDrainStackTargetSize                   = 64                                        {product} {ergonomic}
   size_t InitialHeapSize                          = 268435456                                 {product} {ergonomic}
   size_t MarkStackSize                            = 4194304                                   {product} {ergonomic}
   size_t MaxHeapSize                              = 2147483648                                {product} {command line}
   size_t MaxNewSize                               = 1287651328                                {product} {ergonomic}
   size_t MinHeapDeltaBytes                        = 1048576                                   {product} {ergonomic}
    uintx NonNMethodCodeHeapSize                   = 5830732                                {pd product} {ergonomic}
    uintx NonProfiledCodeHeapSize                  = 122913754                              {pd product} {ergonomic}
    uintx ProfiledCodeHeapSize                     = 122913754                              {pd product} {ergonomic}
    uintx ReservedCodeCacheSize                    = 251658240                              {pd product} {ergonomic}
     bool SegmentedCodeCache                       = true                                      {product} {ergonomic}
     bool UseCompressedClassPointers               = true                                 {lp64_product} {ergonomic}
     bool UseCompressedOops                        = true                                 {lp64_product} {ergonomic}
     bool UseG1GC                                  = true                                      {product} {ergonomic}
     bool UseLargePagesIndividualAllocation        = false                                  {pd product} {ergonomic}

Logging:
Log output configuration:
 #0: stdout all=warning uptime,level,tags
 #1: stderr all=off uptime,level,tags

Environment Variables:
JAVA_HOME=C:\Program Files\Eclipse Adoptium\jdk-8.0.332.9-hotspot\
PATH=C:\Program Files (x86)\Common Files\Oracle\Java\javapath;C:\Program Files\Common Files\Oracle\Java\javapath;C:\Python27\;C:\Python27\Scripts;C:\Program Files\Eclipse Adoptium\jdk-8.0.332.9-hotspot\bin;C:\WINDOWS\system32;C:\WINDOWS;C:\WINDOWS\System32\Wbem;C:\WINDOWS\System32\WindowsPowerShell\v1.0\;C:\WINDOWS\System32\OpenSSH\;C:\Program Files\NVIDIA Corporation\NVIDIA NvDLISR;C:\Program Files (x86)\NVIDIA Corporation\PhysX\Common;C:\Program Files\Microsoft SQL Server\130\Tools\Binn\;C:\Program Files\Microsoft SQL Server\Client SDK\ODBC\170\Tools\Binn\;C:\Program Files (x86)\Microsoft SQL Server\150\DTS\Binn\;C:\Program Files\Azure Data Studio\bin;C:\Program Files (x86)\Microsoft SQL Server\150\Tools\Binn\;C:\Program Files\Microsoft SQL Server\150\Tools\Binn\;C:\Program Files\Microsoft SQL Server\150\DTS\Binn\;C:\Program Files\MongoDB\Server\5.0\bin;C:\Program Files\dotnet\;C:\Users\babyu\AppData\Local\Microsoft\WindowsApps;C:\Program Files\Azure Data Studio\bin;C:\Users\babyu\.dotnet\tools
USERNAME=babyu
OS=Windows_NT
PROCESSOR_IDENTIFIER=Intel64 Family 6 Model 58 Stepping 9, GenuineIntel



---------------  S Y S T E M  ---------------

OS: Windows 10 , 64 bit Build 19041 (10.0.19041.2546)
OS uptime: 1 days 13:05 hours

CPU:total 4 (initial active 4) (4 cores per cpu, 1 threads per core) family 6 model 58 stepping 9 microcode 0x21, cmov, cx8, fxsr, mmx, sse, sse2, sse3, ssse3, sse4.1, sse4.2, popcnt, avx, aes, clmul, erms, tsc, tscinvbit, tscinv

Memory: 4k page, system-wide physical 16332M (455M free)
TotalPageFile size 24524M (AvailPageFile size 2M)
current process WorkingSet (physical memory assigned to process): 549M, peak: 549M
current process commit charge ("private bytes"): 581M, peak: 583M

vm_info: OpenJDK 64-Bit Server VM (11.0.13+0-b1751.21-8125866) for windows-amd64 JRE (11.0.13+0-b1751.21-8125866), built on Feb  2 2022 03:00:22 by "builder" with MS VC++ 14.0 (VS2015)

END.
