#
# There is insufficient memory for the Java Runtime Environment to continue.
# Native memory allocation (mmap) failed to map 1417674752 bytes for G1 virtual space
# Possible reasons:
#   The system is out of physical RAM or swap space
#   The process is running with CompressedOops enabled, and the Java Heap may be blocking the growth of the native heap
# Possible solutions:
#   Reduce memory load on the system
#   Increase physical memory or swap space
#   Check if swap backing store is full
#   Decrease Java heap size (-Xmx/-Xms)
#   Decrease number of Java threads
#   Decrease Java thread stack sizes (-Xss)
#   Set larger code cache with -XX:ReservedCodeCacheSize=
#   JVM is running with Zero Based Compressed Oops mode in which the Java heap is
#     placed in the first 32GB address space. The Java Heap base address is the
#     maximum limit for the native heap growth. Please use -XX:HeapBaseMinAddress
#     to set the Java Heap base and to place the Java Heap above 32GB virtual address.
# This output file may be truncated or incomplete.
#
#  Out of Memory Error (os_windows.cpp:3769), pid=9552, tid=4284
#
# JRE version: OpenJDK Runtime Environment (17.0.6) (build 17.0.6+0-b2043.56-9586694)
# Java VM: OpenJDK 64-Bit Server VM (17.0.6+0-b2043.56-9586694, mixed mode, tiered, compressed oops, compressed class ptrs, g1 gc, windows-amd64)
# No core dump will be written. Minidumps are not enabled by default on client versions of Windows
#

---------------  S U M M A R Y ------------

Command Line: --add-opens=java.base/java.util=ALL-UNNAMED --add-opens=java.base/java.lang=ALL-UNNAMED --add-opens=java.base/java.lang.invoke=ALL-UNNAMED --add-opens=java.prefs/java.util.prefs=ALL-UNNAMED --add-opens=java.base/java.nio.charset=ALL-UNNAMED --add-opens=java.base/java.net=ALL-UNNAMED --add-opens=java.base/java.util.concurrent.atomic=ALL-UNNAMED -Xmx10240m -Dfile.encoding=UTF-8 -Duser.country=US -Duser.language=en -Duser.variant org.gradle.launcher.daemon.bootstrap.GradleDaemon 8.0

Host: Intel(R) Core(TM) i5-3570 CPU @ 3.40GHz, 4 cores, 15G,  Windows 10 , 64 bit Build 19041 (10.0.19041.2788)
Time: Sun Apr 23 22:40:30 2023 Malay Peninsula Standard Time elapsed time: 311.629596 seconds (0d 0h 5m 11s)

---------------  T H R E A D  ---------------

Current thread (0x000002ccbba9e170):  VMThread "VM Thread" [stack: 0x000000ee22600000,0x000000ee22700000] [id=4284]

Stack: [0x000000ee22600000,0x000000ee22700000]
Native frames: (J=compiled Java code, j=interpreted, Vv=VM code, C=native code)
V  [jvm.dll+0x683b4a]
V  [jvm.dll+0x842654]
V  [jvm.dll+0x843dfe]
V  [jvm.dll+0x844463]
V  [jvm.dll+0x249b75]
V  [jvm.dll+0x680a19]
V  [jvm.dll+0x674f0a]
V  [jvm.dll+0x309acb]
V  [jvm.dll+0x310f86]
V  [jvm.dll+0x3608ee]
V  [jvm.dll+0x360b1f]
V  [jvm.dll+0x2dfbf8]
V  [jvm.dll+0x2ddec4]
V  [jvm.dll+0x2dd4cc]
V  [jvm.dll+0x321f3b]
V  [jvm.dll+0x84893b]
V  [jvm.dll+0x849674]
V  [jvm.dll+0x849b8d]
V  [jvm.dll+0x849f64]
V  [jvm.dll+0x84a030]
V  [jvm.dll+0x7f25fa]
V  [jvm.dll+0x682985]
C  [ucrtbase.dll+0x21bb2]
C  [KERNEL32.DLL+0x17604]
C  [ntdll.dll+0x526a1]

VM_Operation (0x000000ee28ffe8b0): G1CollectForAllocation, mode: safepoint, requested by thread 0x000002ccc6ae9760


---------------  P R O C E S S  ---------------

Threads class SMR info:
_java_thread_list=0x000002ccc691cfd0, length=99, elements={
0x000002cc8f4e0200, 0x000002ccbc409540, 0x000002ccbc40b410, 0x000002ccbc472030,
0x000002ccbc474900, 0x000002ccbc4751c0, 0x000002ccbc478f80, 0x000002ccbc479b70,
0x000002ccbc47a470, 0x000002ccbc47b160, 0x000002ccbc604ef0, 0x000002ccbc6093e0,
0x000002ccbdac7260, 0x000002ccbd920c90, 0x000002ccbedb9020, 0x000002ccbda70f60,
0x000002ccbda71430, 0x000002ccbe946210, 0x000002ccbe944a00, 0x000002ccbe944ed0,
0x000002ccbe9466e0, 0x000002ccbe944060, 0x000002ccbe945870, 0x000002ccbe944530,
0x000002ccbe946bb0, 0x000002ccbe947080, 0x000002ccbe947550, 0x000002ccbf3dc100,
0x000002ccbf3dcaa0, 0x000002ccbf3dc5d0, 0x000002ccbf3dff90, 0x000002ccbf3dadc0,
0x000002ccbf3dbc30, 0x000002ccbf3d9a80, 0x000002ccbf3ddde0, 0x000002ccbf3de780,
0x000002ccbf3dec50, 0x000002ccbf3db290, 0x000002ccbf3d9f50, 0x000002ccbf3da420,
0x000002ccbf3da8f0, 0x000002ccbf3db760, 0x000002ccbea5e390, 0x000002ccbea5dec0,
0x000002ccbea5b840, 0x000002ccbea5fba0, 0x000002ccbea5c6b0, 0x000002ccbea5a9d0,
0x000002ccbea5d9f0, 0x000002ccbea5bd10, 0x000002ccbea60ee0, 0x000002ccbea60070,
0x000002ccbea61d50, 0x000002ccbea5b370, 0x000002ccbea5e860, 0x000002ccbea613b0,
0x000002ccbea5a500, 0x000002ccbea5c1e0, 0x000002ccbea5ed30, 0x000002ccbea5f200,
0x000002ccbea60540, 0x000002ccbea5f6d0, 0x000002ccbea5cb80, 0x000002ccbea60a10,
0x000002ccbea5d050, 0x000002ccbea61880, 0x000002ccbea5aea0, 0x000002ccbea5d520,
0x000002ccbf60c030, 0x000002ccbf609e80, 0x000002ccbf60a350, 0x000002ccbf60e1e0,
0x000002ccbf60b690, 0x000002ccbf607330, 0x000002ccbf608670, 0x000002ccbf60c9d0,
0x000002ccbf60d840, 0x000002ccbf60cea0, 0x000002ccbf60acf0, 0x000002ccbf60c500,
0x000002ccbf60bb60, 0x000002ccbf4e6240, 0x000002ccbf4e4f00, 0x000002ccbf4e70b0,
0x000002ccbf4eaf40, 0x000002ccbf4e9730, 0x000002ccbf4e7f20, 0x000002ccbf4e9c00,
0x000002ccbf4e5d70, 0x000002ccbf4e8d90, 0x000002ccc383a380, 0x000002ccc383bb90,
0x000002ccc383c530, 0x000002ccc6ae8420, 0x000002ccc38381d0, 0x000002ccc38386a0,
0x000002ccc3839eb0, 0x000002ccc6ae9760, 0x000002ccca2f1e00
}

Java Threads: ( => current thread )
  0x000002cc8f4e0200 JavaThread "main" [_thread_blocked, id=14800, stack(0x000000ee22000000,0x000000ee22100000)]
  0x000002ccbc409540 JavaThread "Reference Handler" daemon [_thread_blocked, id=7888, stack(0x000000ee22700000,0x000000ee22800000)]
  0x000002ccbc40b410 JavaThread "Finalizer" daemon [_thread_blocked, id=3460, stack(0x000000ee22800000,0x000000ee22900000)]
  0x000002ccbc472030 JavaThread "Signal Dispatcher" daemon [_thread_blocked, id=15944, stack(0x000000ee22900000,0x000000ee22a00000)]
  0x000002ccbc474900 JavaThread "Attach Listener" daemon [_thread_blocked, id=1152, stack(0x000000ee22a00000,0x000000ee22b00000)]
  0x000002ccbc4751c0 JavaThread "Service Thread" daemon [_thread_blocked, id=796, stack(0x000000ee22b00000,0x000000ee22c00000)]
  0x000002ccbc478f80 JavaThread "Monitor Deflation Thread" daemon [_thread_blocked, id=2988, stack(0x000000ee22c00000,0x000000ee22d00000)]
  0x000002ccbc479b70 JavaThread "C2 CompilerThread0" daemon [_thread_blocked, id=11548, stack(0x000000ee22d00000,0x000000ee22e00000)]
  0x000002ccbc47a470 JavaThread "C1 CompilerThread0" daemon [_thread_blocked, id=16112, stack(0x000000ee22e00000,0x000000ee22f00000)]
  0x000002ccbc47b160 JavaThread "Sweeper thread" daemon [_thread_blocked, id=2412, stack(0x000000ee22f00000,0x000000ee23000000)]
  0x000002ccbc604ef0 JavaThread "Common-Cleaner" daemon [_thread_blocked, id=8860, stack(0x000000ee23000000,0x000000ee23100000)]
  0x000002ccbc6093e0 JavaThread "Notification Thread" daemon [_thread_blocked, id=5096, stack(0x000000ee23100000,0x000000ee23200000)]
  0x000002ccbdac7260 JavaThread "Daemon health stats" [_thread_blocked, id=8920, stack(0x000000ee23700000,0x000000ee23800000)]
  0x000002ccbd920c90 JavaThread "Incoming local TCP Connector on port 51831" [_thread_in_native, id=1220, stack(0x000000ee23800000,0x000000ee23900000)]
  0x000002ccbedb9020 JavaThread "Daemon periodic checks" [_thread_blocked, id=6636, stack(0x000000ee23900000,0x000000ee23a00000)]
  0x000002ccbda70f60 JavaThread "Daemon" [_thread_blocked, id=3572, stack(0x000000ee23600000,0x000000ee23700000)]
  0x000002ccbda71430 JavaThread "Handler for socket connection from /127.0.0.1:51831 to /127.0.0.1:51832" [_thread_in_native, id=5832, stack(0x000000ee23a00000,0x000000ee23b00000)]
  0x000002ccbe946210 JavaThread "Cancel handler" [_thread_blocked, id=6452, stack(0x000000ee23b00000,0x000000ee23c00000)]
  0x000002ccbe944a00 JavaThread "Daemon worker" [_thread_blocked, id=14248, stack(0x000000ee23c00000,0x000000ee23d00000)]
  0x000002ccbe944ed0 JavaThread "Asynchronous log dispatcher for DefaultDaemonConnection: socket connection from /127.0.0.1:51831 to /127.0.0.1:51832" [_thread_blocked, id=11524, stack(0x000000ee23d00000,0x000000ee23e00000)]
  0x000002ccbe9466e0 JavaThread "Daemon client event forwarder" [_thread_blocked, id=1500, stack(0x000000ee23f00000,0x000000ee24000000)]
  0x000002ccbe944060 JavaThread "Cache worker for journal cache (D:\Program Files\New folder\.gradle\caches\journal-1)" [_thread_blocked, id=16176, stack(0x000000ee24000000,0x000000ee24100000)]
  0x000002ccbe945870 JavaThread "File lock request listener" [_thread_in_native, id=15544, stack(0x000000ee24100000,0x000000ee24200000)]
  0x000002ccbe944530 JavaThread "Cache worker for file hash cache (D:\Program Files\New folder\.gradle\caches\8.0\fileHashes)" [_thread_blocked, id=12516, stack(0x000000ee24200000,0x000000ee24300000)]
  0x000002ccbe946bb0 JavaThread "Cache worker for file hash cache (D:\Bitoy\3rd Yr 2nd Sem\CAPSTONE\App\.gradle\8.0\fileHashes)" [_thread_blocked, id=15364, stack(0x000000ee24300000,0x000000ee24400000)]
  0x000002ccbe947080 JavaThread "Cache worker for file content cache (D:\Program Files\New folder\.gradle\caches\8.0\fileContent)" [_thread_blocked, id=11312, stack(0x000000ee24400000,0x000000ee24500000)]
  0x000002ccbe947550 JavaThread "Cache worker for checksums cache (D:\Bitoy\3rd Yr 2nd Sem\CAPSTONE\App\.gradle\8.0\checksums)" [_thread_blocked, id=492, stack(0x000000ee24500000,0x000000ee24600000)]
  0x000002ccbf3dc100 JavaThread "File watcher server" daemon [_thread_blocked, id=16120, stack(0x000000ee24600000,0x000000ee24700000)]
  0x000002ccbf3dcaa0 JavaThread "File watcher consumer" daemon [_thread_blocked, id=15760, stack(0x000000ee24700000,0x000000ee24800000)]
  0x000002ccbf3dc5d0 JavaThread "Cache worker for cache directory md-rule (D:\Program Files\New folder\.gradle\caches\8.0\md-rule)" [_thread_blocked, id=7224, stack(0x000000ee24800000,0x000000ee24900000)]
  0x000002ccbf3dff90 JavaThread "Cache worker for cache directory md-supplier (D:\Program Files\New folder\.gradle\caches\8.0\md-supplier)" [_thread_blocked, id=16712, stack(0x000000ee24900000,0x000000ee24a00000)]
  0x000002ccbf3dadc0 JavaThread "Cache worker for execution history cache (D:\Program Files\New folder\.gradle\caches\8.0\executionHistory)" [_thread_blocked, id=7960, stack(0x000000ee24a00000,0x000000ee24b00000)]
  0x000002ccbf3dbc30 JavaThread "jar transforms" [_thread_blocked, id=12772, stack(0x000000ee24b00000,0x000000ee24c00000)]
  0x000002ccbf3d9a80 JavaThread "jar transforms Thread 2" [_thread_blocked, id=16192, stack(0x000000ee24c00000,0x000000ee24d00000)]
  0x000002ccbf3ddde0 JavaThread "jar transforms Thread 3" [_thread_blocked, id=16832, stack(0x000000ee25000000,0x000000ee25100000)]
  0x000002ccbf3de780 JavaThread "jar transforms Thread 4" [_thread_blocked, id=7288, stack(0x000000ee25100000,0x000000ee25200000)]
  0x000002ccbf3dec50 JavaThread "Cache worker for dependencies-accessors (D:\Bitoy\3rd Yr 2nd Sem\CAPSTONE\App\.gradle\8.0\dependencies-accessors)" [_thread_blocked, id=9820, stack(0x000000ee24d00000,0x000000ee24e00000)]
  0x000002ccbf3db290 JavaThread "Cache worker for Build Output Cleanup Cache (D:\Bitoy\3rd Yr 2nd Sem\CAPSTONE\App\.gradle\buildOutputCleanup)" [_thread_blocked, id=16416, stack(0x000000ee25300000,0x000000ee25400000)]
  0x000002ccbf3d9f50 JavaThread "Unconstrained build operations" [_thread_blocked, id=3032, stack(0x000000ee25200000,0x000000ee25300000)]
  0x000002ccbf3da420 JavaThread "Unconstrained build operations Thread 2" [_thread_blocked, id=1908, stack(0x000000ee25400000,0x000000ee25500000)]
  0x000002ccbf3da8f0 JavaThread "Unconstrained build operations Thread 3" [_thread_blocked, id=3016, stack(0x000000ee25500000,0x000000ee25600000)]
  0x000002ccbf3db760 JavaThread "Unconstrained build operations Thread 4" [_thread_blocked, id=3100, stack(0x000000ee25600000,0x000000ee25700000)]
  0x000002ccbea5e390 JavaThread "Unconstrained build operations Thread 5" [_thread_blocked, id=7416, stack(0x000000ee25700000,0x000000ee25800000)]
  0x000002ccbea5dec0 JavaThread "Unconstrained build operations Thread 6" [_thread_blocked, id=8424, stack(0x000000ee25800000,0x000000ee25900000)]
  0x000002ccbea5b840 JavaThread "Unconstrained build operations Thread 7" [_thread_blocked, id=6936, stack(0x000000ee25900000,0x000000ee25a00000)]
  0x000002ccbea5fba0 JavaThread "Unconstrained build operations Thread 8" [_thread_blocked, id=14436, stack(0x000000ee25a00000,0x000000ee25b00000)]
  0x000002ccbea5c6b0 JavaThread "Unconstrained build operations Thread 9" [_thread_blocked, id=6912, stack(0x000000ee25b00000,0x000000ee25c00000)]
  0x000002ccbea5a9d0 JavaThread "Unconstrained build operations Thread 10" [_thread_blocked, id=6732, stack(0x000000ee25c00000,0x000000ee25d00000)]
  0x000002ccbea5d9f0 JavaThread "Unconstrained build operations Thread 11" [_thread_blocked, id=7372, stack(0x000000ee25d00000,0x000000ee25e00000)]
  0x000002ccbea5bd10 JavaThread "Unconstrained build operations Thread 12" [_thread_blocked, id=11072, stack(0x000000ee25e00000,0x000000ee25f00000)]
  0x000002ccbea60ee0 JavaThread "Unconstrained build operations Thread 13" [_thread_blocked, id=3852, stack(0x000000ee25f00000,0x000000ee26000000)]
  0x000002ccbea60070 JavaThread "Unconstrained build operations Thread 14" [_thread_blocked, id=11648, stack(0x000000ee26000000,0x000000ee26100000)]
  0x000002ccbea61d50 JavaThread "Unconstrained build operations Thread 15" [_thread_blocked, id=14788, stack(0x000000ee26100000,0x000000ee26200000)]
  0x000002ccbea5b370 JavaThread "Unconstrained build operations Thread 16" [_thread_blocked, id=1804, stack(0x000000ee26200000,0x000000ee26300000)]
  0x000002ccbea5e860 JavaThread "Unconstrained build operations Thread 17" [_thread_blocked, id=4060, stack(0x000000ee26300000,0x000000ee26400000)]
  0x000002ccbea613b0 JavaThread "Unconstrained build operations Thread 18" [_thread_blocked, id=15756, stack(0x000000ee26400000,0x000000ee26500000)]
  0x000002ccbea5a500 JavaThread "Unconstrained build operations Thread 19" [_thread_blocked, id=8076, stack(0x000000ee26500000,0x000000ee26600000)]
  0x000002ccbea5c1e0 JavaThread "Unconstrained build operations Thread 20" [_thread_blocked, id=3508, stack(0x000000ee26600000,0x000000ee26700000)]
  0x000002ccbea5ed30 JavaThread "Unconstrained build operations Thread 21" [_thread_blocked, id=16380, stack(0x000000ee26700000,0x000000ee26800000)]
  0x000002ccbea5f200 JavaThread "Unconstrained build operations Thread 22" [_thread_blocked, id=5896, stack(0x000000ee26800000,0x000000ee26900000)]
  0x000002ccbea60540 JavaThread "Unconstrained build operations Thread 23" [_thread_blocked, id=16020, stack(0x000000ee26900000,0x000000ee26a00000)]
  0x000002ccbea5f6d0 JavaThread "Unconstrained build operations Thread 24" [_thread_blocked, id=6180, stack(0x000000ee26a00000,0x000000ee26b00000)]
  0x000002ccbea5cb80 JavaThread "Unconstrained build operations Thread 25" [_thread_blocked, id=9644, stack(0x000000ee26b00000,0x000000ee26c00000)]
  0x000002ccbea60a10 JavaThread "Unconstrained build operations Thread 26" [_thread_blocked, id=2520, stack(0x000000ee26c00000,0x000000ee26d00000)]
  0x000002ccbea5d050 JavaThread "Unconstrained build operations Thread 27" [_thread_blocked, id=15004, stack(0x000000ee26d00000,0x000000ee26e00000)]
  0x000002ccbea61880 JavaThread "Unconstrained build operations Thread 28" [_thread_blocked, id=5228, stack(0x000000ee26e00000,0x000000ee26f00000)]
  0x000002ccbea5aea0 JavaThread "Unconstrained build operations Thread 29" [_thread_blocked, id=17400, stack(0x000000ee26f00000,0x000000ee27000000)]
  0x000002ccbea5d520 JavaThread "Unconstrained build operations Thread 30" [_thread_blocked, id=17044, stack(0x000000ee27000000,0x000000ee27100000)]
  0x000002ccbf60c030 JavaThread "Unconstrained build operations Thread 31" [_thread_blocked, id=4784, stack(0x000000ee27100000,0x000000ee27200000)]
  0x000002ccbf609e80 JavaThread "Unconstrained build operations Thread 32" [_thread_blocked, id=14908, stack(0x000000ee27200000,0x000000ee27300000)]
  0x000002ccbf60a350 JavaThread "Unconstrained build operations Thread 33" [_thread_blocked, id=984, stack(0x000000ee27300000,0x000000ee27400000)]
  0x000002ccbf60e1e0 JavaThread "Unconstrained build operations Thread 34" [_thread_blocked, id=5756, stack(0x000000ee27400000,0x000000ee27500000)]
  0x000002ccbf60b690 JavaThread "Unconstrained build operations Thread 35" [_thread_blocked, id=5052, stack(0x000000ee27500000,0x000000ee27600000)]
  0x000002ccbf607330 JavaThread "Unconstrained build operations Thread 36" [_thread_blocked, id=6040, stack(0x000000ee27600000,0x000000ee27700000)]
  0x000002ccbf608670 JavaThread "Unconstrained build operations Thread 37" [_thread_blocked, id=7184, stack(0x000000ee27700000,0x000000ee27800000)]
  0x000002ccbf60c9d0 JavaThread "Unconstrained build operations Thread 38" [_thread_blocked, id=17052, stack(0x000000ee27800000,0x000000ee27900000)]
  0x000002ccbf60d840 JavaThread "Unconstrained build operations Thread 39" [_thread_blocked, id=14420, stack(0x000000ee27900000,0x000000ee27a00000)]
  0x000002ccbf60cea0 JavaThread "Unconstrained build operations Thread 40" [_thread_blocked, id=7356, stack(0x000000ee27a00000,0x000000ee27b00000)]
  0x000002ccbf60acf0 JavaThread "Configuration cache report writer" [_thread_blocked, id=7444, stack(0x000000ee27d00000,0x000000ee27e00000)]
  0x000002ccbf60c500 JavaThread "build event listener" [_thread_blocked, id=860, stack(0x000000ee27e00000,0x000000ee27f00000)]
  0x000002ccbf60bb60 JavaThread "Memory manager" [_thread_blocked, id=9420, stack(0x000000ee27f00000,0x000000ee28000000)]
  0x000002ccbf4e6240 JavaThread "included builds" [_thread_blocked, id=16392, stack(0x000000ee28100000,0x000000ee28200000)]
  0x000002ccbf4e4f00 JavaThread "Execution worker" [_thread_blocked, id=6848, stack(0x000000ee28200000,0x000000ee28300000)]
  0x000002ccbf4e70b0 JavaThread "Execution worker Thread 2" [_thread_blocked, id=15732, stack(0x000000ee28300000,0x000000ee28400000)]
  0x000002ccbf4eaf40 JavaThread "Execution worker Thread 3" [_thread_blocked, id=17244, stack(0x000000ee28400000,0x000000ee28500000)]
  0x000002ccbf4e9730 JavaThread "Cache worker for execution history cache (D:\Bitoy\3rd Yr 2nd Sem\CAPSTONE\App\.gradle\8.0\executionHistory)" [_thread_blocked, id=13060, stack(0x000000ee28500000,0x000000ee28600000)]
  0x000002ccbf4e7f20 JavaThread "WorkerExecutor Queue Thread 2" [_thread_blocked, id=10800, stack(0x000000ee28a00000,0x000000ee28b00000)]
  0x000002ccbf4e9c00 JavaThread "WorkerExecutor Queue Thread 4" [_thread_blocked, id=3184, stack(0x000000ee28c00000,0x000000ee28d00000)]
  0x000002ccbf4e5d70 JavaThread "WorkerExecutor Queue Thread 5" [_thread_blocked, id=4876, stack(0x000000ee28d00000,0x000000ee28e00000)]
  0x000002ccbf4e8d90 JavaThread "WorkerExecutor Queue Thread 6" [_thread_blocked, id=4076, stack(0x000000ee28000000,0x000000ee28100000)]
  0x000002ccc383a380 JavaThread "pool-3-thread-1" [_thread_blocked, id=14840, stack(0x000000ee21e00000,0x000000ee21f00000)]
  0x000002ccc383bb90 JavaThread "stderr" [_thread_in_native, id=1624, stack(0x000000ee21f00000,0x000000ee22000000)]
  0x000002ccc383c530 JavaThread "stdout" [_thread_in_native, id=5864, stack(0x000000ee23e00000,0x000000ee23f00000)]
  0x000002ccc6ae8420 JavaThread "Cache worker for Java compile cache (D:\Program Files\New folder\.gradle\caches\8.0\javaCompile)" [_thread_blocked, id=17328, stack(0x000000ee27b00000,0x000000ee27c00000)]
  0x000002ccc38381d0 JavaThread "ForkJoinPool-1-worker-1" daemon [_thread_blocked, id=9372, stack(0x000000ee28600000,0x000000ee28700000)]
  0x000002ccc38386a0 JavaThread "ForkJoinPool-1-worker-2" daemon [_thread_blocked, id=14904, stack(0x000000ee28b00000,0x000000ee28c00000)]
  0x000002ccc3839eb0 JavaThread "ForkJoinPool-1-worker-3" daemon [_thread_blocked, id=1980, stack(0x000000ee28e00000,0x000000ee28f00000)]
  0x000002ccc6ae9760 JavaThread "ForkJoinPool-1-worker-4" daemon [_thread_blocked, id=7800, stack(0x000000ee28f00000,0x000000ee29000000)]
  0x000002ccca2f1e00 JavaThread "C2 CompilerThread1" daemon [_thread_blocked, id=8372, stack(0x000000ee29000000,0x000000ee29100000)]

Other Threads:
=>0x000002ccbba9e170 VMThread "VM Thread" [stack: 0x000000ee22600000,0x000000ee22700000] [id=4284]
  0x000002ccbc45ae70 WatcherThread [stack: 0x000000ee23200000,0x000000ee23300000] [id=12128]
  0x000002cc8f57c6e0 GCTaskThread "GC Thread#0" [stack: 0x000000ee22100000,0x000000ee22200000] [id=14728]
  0x000002ccbc7fcdf0 GCTaskThread "GC Thread#1" [stack: 0x000000ee23300000,0x000000ee23400000] [id=1188]
  0x000002ccbc7fd0a0 GCTaskThread "GC Thread#2" [stack: 0x000000ee23400000,0x000000ee23500000] [id=9488]
  0x000002ccbc6e9ee0 GCTaskThread "GC Thread#3" [stack: 0x000000ee23500000,0x000000ee23600000] [id=1204]
  0x000002cc8f588540 ConcurrentGCThread "G1 Main Marker" [stack: 0x000000ee22200000,0x000000ee22300000] [id=11820]
  0x000002cc8f589600 ConcurrentGCThread "G1 Conc#0" [stack: 0x000000ee22300000,0x000000ee22400000] [id=16812]
  0x000002cc8f5ae0d0 ConcurrentGCThread "G1 Refine#0" [stack: 0x000000ee22400000,0x000000ee22500000] [id=3920]
  0x000002ccbf7ce890 ConcurrentGCThread "G1 Refine#1" [stack: 0x000000ee24e00000,0x000000ee24f00000] [id=3124]
  0x000002ccbf7ccbd0 ConcurrentGCThread "G1 Refine#2" [stack: 0x000000ee24f00000,0x000000ee25000000] [id=11732]
  0x000002ccc58d6550 ConcurrentGCThread "G1 Refine#3" [stack: 0x000000ee28900000,0x000000ee28a00000] [id=14044]
  0x000002cc8f5aea00 ConcurrentGCThread "G1 Service" [stack: 0x000000ee22500000,0x000000ee22600000] [id=15124]

Threads with active compile tasks:
C2 CompilerThread0   311776 38685   !   4       com.android.tools.r8.dex.J::a (3692 bytes)

VM state: at safepoint (normal execution)

VM Mutex/Monitor currently owned by a thread:  ([mutex/lock_event])
[0x000002cc8f4dca20] Threads_lock - owner thread: 0x000002ccbba9e170
[0x000002cc8f4de250] Heap_lock - owner thread: 0x000002ccc6ae9760

Heap address: 0x0000000580000000, size: 10240 MB, Compressed Oops mode: Zero based, Oop shift amount: 3

CDS archive(s) not mapped
Compressed class space mapped at: 0x0000000800000000-0x0000000840000000, reserved size: 1073741824
Narrow klass base: 0x0000000800000000, Narrow klass shift: 0, Narrow klass range: 0x40000000

GC Precious Log:
 CPUs: 4 total, 4 available
 Memory: 16332M
 Large Page Support: Disabled
 NUMA Support: Disabled
 Compressed Oops: Enabled (Zero based)
 Heap Region Size: 8M
 Heap Min Capacity: 8M
 Heap Initial Capacity: 256M
 Heap Max Capacity: 10G
 Pre-touch: Disabled
 Parallel Workers: 4
 Concurrent Workers: 1
 Concurrent Refinement Workers: 4
 Periodic GC: Disabled

Heap:
 garbage-first heap   total 811008K, used 448447K [0x0000000580000000, 0x0000000800000000)
  region size 8192K, 4 young (32768K), 4 survivors (32768K)
 Metaspace       used 154512K, committed 155712K, reserved 1187840K
  class space    used 19724K, committed 20288K, reserved 1048576K

Heap Regions: E=young(eden), S=young(survivor), O=old, HS=humongous(starts), HC=humongous(continues), CS=collection set, F=free, OA=open archive, CA=closed archive, TAMS=top-at-mark-start (previous, next)
|   0|0x0000000580000000, 0x000000058076a000, 0x0000000580800000| 92%| O|  |TAMS 0x000000058076a000, 0x0000000580000000| Untracked 
|   1|0x0000000580800000, 0x0000000581000000, 0x0000000581000000|100%| O|  |TAMS 0x0000000581000000, 0x0000000580800000| Untracked 
|   2|0x0000000581000000, 0x0000000581800000, 0x0000000581800000|100%| O|  |TAMS 0x0000000581800000, 0x0000000581000000| Untracked 
|   3|0x0000000581800000, 0x0000000582000000, 0x0000000582000000|100%| O|  |TAMS 0x0000000582000000, 0x0000000581800000| Untracked 
|   4|0x0000000582000000, 0x0000000582800000, 0x0000000582800000|100%| O|  |TAMS 0x0000000582800000, 0x0000000582000000| Untracked 
|   5|0x0000000582800000, 0x0000000583000000, 0x0000000583000000|100%| O|  |TAMS 0x0000000583000000, 0x0000000582800000| Untracked 
|   6|0x0000000583000000, 0x0000000583800000, 0x0000000583800000|100%| O|  |TAMS 0x0000000583800000, 0x0000000583000000| Untracked 
|   7|0x0000000583800000, 0x0000000583800000, 0x0000000584000000|  0%| F|  |TAMS 0x0000000583800000, 0x0000000583800000| Untracked 
|   8|0x0000000584000000, 0x0000000584800000, 0x0000000584800000|100%| O|  |TAMS 0x0000000584800000, 0x0000000584000000| Untracked 
|   9|0x0000000584800000, 0x0000000585000000, 0x0000000585000000|100%|HS|  |TAMS 0x0000000584800000, 0x0000000584800000| Complete 
|  10|0x0000000585000000, 0x0000000585800000, 0x0000000585800000|100%|HC|  |TAMS 0x0000000585000000, 0x0000000585000000| Complete 
|  11|0x0000000585800000, 0x0000000585800000, 0x0000000586000000|  0%| F|  |TAMS 0x0000000585800000, 0x0000000585800000| Untracked 
|  12|0x0000000586000000, 0x0000000586800000, 0x0000000586800000|100%| O|  |TAMS 0x0000000586000000, 0x0000000586000000| Untracked 
|  13|0x0000000586800000, 0x0000000587000000, 0x0000000587000000|100%| O|  |TAMS 0x0000000586800000, 0x0000000586800000| Untracked 
|  14|0x0000000587000000, 0x0000000587800000, 0x0000000587800000|100%| O|  |TAMS 0x0000000587800000, 0x0000000587000000| Untracked 
|  15|0x0000000587800000, 0x0000000588000000, 0x0000000588000000|100%| O|  |TAMS 0x0000000587800000, 0x0000000587800000| Untracked 
|  16|0x0000000588000000, 0x0000000588000000, 0x0000000588800000|  0%| F|  |TAMS 0x0000000588000000, 0x0000000588000000| Untracked 
|  17|0x0000000588800000, 0x0000000589000000, 0x0000000589000000|100%| O|  |TAMS 0x0000000588800000, 0x0000000588800000| Untracked 
|  18|0x0000000589000000, 0x0000000589800000, 0x0000000589800000|100%| O|  |TAMS 0x0000000589000000, 0x0000000589000000| Untracked 
|  19|0x0000000589800000, 0x000000058a000000, 0x000000058a000000|100%| O|  |TAMS 0x000000058a000000, 0x0000000589800000| Untracked 
|  20|0x000000058a000000, 0x000000058a000000, 0x000000058a800000|  0%| F|  |TAMS 0x000000058a000000, 0x000000058a000000| Untracked 
|  21|0x000000058a800000, 0x000000058b000000, 0x000000058b000000|100%| O|  |TAMS 0x000000058a800000, 0x000000058a800000| Untracked 
|  22|0x000000058b000000, 0x000000058b800000, 0x000000058b800000|100%| O|  |TAMS 0x000000058b000000, 0x000000058b000000| Untracked 
|  23|0x000000058b800000, 0x000000058c000000, 0x000000058c000000|100%| O|  |TAMS 0x000000058b800000, 0x000000058b800000| Untracked 
|  24|0x000000058c000000, 0x000000058c800000, 0x000000058c800000|100%| O|  |TAMS 0x000000058c000000, 0x000000058c000000| Untracked 
|  25|0x000000058c800000, 0x000000058d000000, 0x000000058d000000|100%|HS|  |TAMS 0x000000058c800000, 0x000000058c800000| Complete 
|  26|0x000000058d000000, 0x000000058d800000, 0x000000058d800000|100%|HC|  |TAMS 0x000000058d000000, 0x000000058d000000| Complete 
|  27|0x000000058d800000, 0x000000058d800000, 0x000000058e000000|  0%| F|  |TAMS 0x000000058d800000, 0x000000058d800000| Untracked 
|  28|0x000000058e000000, 0x000000058e800000, 0x000000058e800000|100%| O|  |TAMS 0x000000058e000000, 0x000000058e000000| Untracked 
|  29|0x000000058e800000, 0x000000058f000000, 0x000000058f000000|100%| O|  |TAMS 0x000000058f000000, 0x000000058e800000| Untracked 
|  30|0x000000058f000000, 0x000000058f800000, 0x000000058f800000|100%| O|  |TAMS 0x000000058f800000, 0x000000058f000000| Untracked 
|  31|0x000000058f800000, 0x000000058f800000, 0x0000000590000000|  0%| F|  |TAMS 0x000000058f800000, 0x000000058f800000| Untracked 
|  32|0x0000000590000000, 0x0000000590800000, 0x0000000590800000|100%| O|  |TAMS 0x0000000590800000, 0x0000000590000000| Untracked 
|  33|0x0000000590800000, 0x0000000591000000, 0x0000000591000000|100%| O|  |TAMS 0x0000000591000000, 0x0000000590800000| Untracked 
|  34|0x0000000591000000, 0x0000000591800000, 0x0000000591800000|100%| O|  |TAMS 0x0000000591800000, 0x0000000591000000| Untracked 
|  35|0x0000000591800000, 0x0000000592000000, 0x0000000592000000|100%| O|  |TAMS 0x0000000592000000, 0x0000000591800000| Untracked 
|  36|0x0000000592000000, 0x0000000592800000, 0x0000000592800000|100%| O|  |TAMS 0x0000000592000000, 0x0000000592000000| Untracked 
|  37|0x0000000592800000, 0x0000000593000000, 0x0000000593000000|100%| O|  |TAMS 0x0000000592800000, 0x0000000592800000| Untracked 
|  38|0x0000000593000000, 0x0000000593800000, 0x0000000593800000|100%| O|  |TAMS 0x0000000593000000, 0x0000000593000000| Untracked 
|  39|0x0000000593800000, 0x0000000594000000, 0x0000000594000000|100%| O|  |TAMS 0x0000000593800000, 0x0000000593800000| Untracked 
|  40|0x0000000594000000, 0x0000000594800000, 0x0000000594800000|100%| O|  |TAMS 0x0000000594000000, 0x0000000594000000| Untracked 
|  41|0x0000000594800000, 0x0000000595000000, 0x0000000595000000|100%| O|  |TAMS 0x0000000595000000, 0x0000000594800000| Untracked 
|  42|0x0000000595000000, 0x0000000595000000, 0x0000000595800000|  0%| F|  |TAMS 0x0000000595000000, 0x0000000595000000| Untracked 
|  43|0x0000000595800000, 0x0000000596000000, 0x0000000596000000|100%| O|  |TAMS 0x0000000595800000, 0x0000000595800000| Untracked 
|  44|0x0000000596000000, 0x0000000596800000, 0x0000000596800000|100%| O|  |TAMS 0x0000000596000000, 0x0000000596000000| Untracked 
|  45|0x0000000596800000, 0x0000000597000000, 0x0000000597000000|100%| O|  |TAMS 0x0000000597000000, 0x0000000596800000| Untracked 
|  46|0x0000000597000000, 0x0000000597800000, 0x0000000597800000|100%| O|  |TAMS 0x0000000597800000, 0x0000000597000000| Untracked 
|  47|0x0000000597800000, 0x0000000598000000, 0x0000000598000000|100%| O|  |TAMS 0x0000000598000000, 0x0000000597800000| Untracked 
|  48|0x0000000598000000, 0x0000000598800000, 0x0000000598800000|100%| O|  |TAMS 0x0000000598800000, 0x0000000598000000| Untracked 
|  49|0x0000000598800000, 0x0000000599000000, 0x0000000599000000|100%| O|  |TAMS 0x0000000599000000, 0x0000000598800000| Untracked 
|  50|0x0000000599000000, 0x0000000599800000, 0x0000000599800000|100%| O|  |TAMS 0x0000000599800000, 0x0000000599000000| Untracked 
|  51|0x0000000599800000, 0x000000059a000000, 0x000000059a000000|100%| O|  |TAMS 0x000000059a000000, 0x0000000599800000| Untracked 
|  52|0x000000059a000000, 0x000000059a800000, 0x000000059a800000|100%| O|  |TAMS 0x000000059a800000, 0x000000059a000000| Untracked 
|  53|0x000000059a800000, 0x000000059b000000, 0x000000059b000000|100%| O|  |TAMS 0x000000059b000000, 0x000000059a800000| Untracked 
|  54|0x000000059b000000, 0x000000059b800000, 0x000000059b800000|100%|HS|  |TAMS 0x000000059b000000, 0x000000059b000000| Complete 
|  55|0x000000059b800000, 0x000000059c000000, 0x000000059c000000|100%|HC|  |TAMS 0x000000059b800000, 0x000000059b800000| Complete 
|  56|0x000000059c000000, 0x000000059c800000, 0x000000059c800000|100%| O|  |TAMS 0x000000059c1bdc00, 0x000000059c000000| Untracked 
|  57|0x000000059c800000, 0x000000059d000000, 0x000000059d000000|100%| O|  |TAMS 0x000000059c800000, 0x000000059c800000| Untracked 
|  58|0x000000059d000000, 0x000000059d000000, 0x000000059d800000|  0%| F|  |TAMS 0x000000059d000000, 0x000000059d000000| Untracked 
|  59|0x000000059d800000, 0x000000059d800000, 0x000000059e000000|  0%| F|  |TAMS 0x000000059d800000, 0x000000059d800000| Untracked 
|  60|0x000000059e000000, 0x000000059e000000, 0x000000059e800000|  0%| F|  |TAMS 0x000000059e000000, 0x000000059e000000| Untracked 
|  61|0x000000059e800000, 0x000000059e800000, 0x000000059f000000|  0%| F|  |TAMS 0x000000059e800000, 0x000000059e800000| Untracked 
|  62|0x000000059f000000, 0x000000059f000000, 0x000000059f800000|  0%| F|  |TAMS 0x000000059f000000, 0x000000059f000000| Untracked 
|  63|0x000000059f800000, 0x000000059f800000, 0x00000005a0000000|  0%| F|  |TAMS 0x000000059f800000, 0x000000059f800000| Untracked 
|  64|0x00000005a0000000, 0x00000005a0000000, 0x00000005a0800000|  0%| F|  |TAMS 0x00000005a0000000, 0x00000005a0000000| Untracked 
|  65|0x00000005a0800000, 0x00000005a0800000, 0x00000005a1000000|  0%| F|  |TAMS 0x00000005a0800000, 0x00000005a0800000| Untracked 
|  66|0x00000005a1000000, 0x00000005a1000000, 0x00000005a1800000|  0%| F|  |TAMS 0x00000005a1000000, 0x00000005a1000000| Untracked 
|  67|0x00000005a1800000, 0x00000005a1e85e68, 0x00000005a2000000| 81%| S|CS|TAMS 0x00000005a1800000, 0x00000005a1800000| Complete 
|  68|0x00000005a2000000, 0x00000005a2800000, 0x00000005a2800000|100%| S|CS|TAMS 0x00000005a2000000, 0x00000005a2000000| Complete 
|  69|0x00000005a2800000, 0x00000005a3000000, 0x00000005a3000000|100%| S|CS|TAMS 0x00000005a2800000, 0x00000005a2800000| Complete 
|  70|0x00000005a3000000, 0x00000005a3800000, 0x00000005a3800000|100%| S|CS|TAMS 0x00000005a3000000, 0x00000005a3000000| Complete 
|  71|0x00000005a3800000, 0x00000005a3800000, 0x00000005a4000000|  0%| F|  |TAMS 0x00000005a3800000, 0x00000005a3800000| Untracked 
|  72|0x00000005a4000000, 0x00000005a4000000, 0x00000005a4800000|  0%| F|  |TAMS 0x00000005a4000000, 0x00000005a4000000| Untracked 
|  73|0x00000005a4800000, 0x00000005a4800000, 0x00000005a5000000|  0%| F|  |TAMS 0x00000005a4800000, 0x00000005a4800000| Untracked 
|  74|0x00000005a5000000, 0x00000005a5000000, 0x00000005a5800000|  0%| F|  |TAMS 0x00000005a5000000, 0x00000005a5000000| Untracked 
|  75|0x00000005a5800000, 0x00000005a5800000, 0x00000005a6000000|  0%| F|  |TAMS 0x00000005a5800000, 0x00000005a5800000| Untracked 
|  76|0x00000005a6000000, 0x00000005a6000000, 0x00000005a6800000|  0%| F|  |TAMS 0x00000005a6000000, 0x00000005a6000000| Untracked 
|  77|0x00000005a6800000, 0x00000005a6800000, 0x00000005a7000000|  0%| F|  |TAMS 0x00000005a6800000, 0x00000005a6800000| Untracked 
|  78|0x00000005a7000000, 0x00000005a7000000, 0x00000005a7800000|  0%| F|  |TAMS 0x00000005a7000000, 0x00000005a7000000| Untracked 
|  79|0x00000005a7800000, 0x00000005a7800000, 0x00000005a8000000|  0%| F|  |TAMS 0x00000005a7800000, 0x00000005a7800000| Untracked 
|  80|0x00000005a8000000, 0x00000005a8000000, 0x00000005a8800000|  0%| F|  |TAMS 0x00000005a8000000, 0x00000005a8000000| Untracked 
|  81|0x00000005a8800000, 0x00000005a8800000, 0x00000005a9000000|  0%| F|  |TAMS 0x00000005a8800000, 0x00000005a8800000| Untracked 
|  82|0x00000005a9000000, 0x00000005a9000000, 0x00000005a9800000|  0%| F|  |TAMS 0x00000005a9000000, 0x00000005a9000000| Untracked 
|  83|0x00000005a9800000, 0x00000005a9800000, 0x00000005aa000000|  0%| F|  |TAMS 0x00000005a9800000, 0x00000005a9800000| Untracked 
|  84|0x00000005aa000000, 0x00000005aa000000, 0x00000005aa800000|  0%| F|  |TAMS 0x00000005aa000000, 0x00000005aa000000| Untracked 
|  85|0x00000005aa800000, 0x00000005aa800000, 0x00000005ab000000|  0%| F|  |TAMS 0x00000005aa800000, 0x00000005aa800000| Untracked 
|  86|0x00000005ab000000, 0x00000005ab000000, 0x00000005ab800000|  0%| F|  |TAMS 0x00000005ab000000, 0x00000005ab000000| Untracked 
|  87|0x00000005ab800000, 0x00000005ab800000, 0x00000005ac000000|  0%| F|  |TAMS 0x00000005ab800000, 0x00000005ab800000| Untracked 
|  88|0x00000005ac000000, 0x00000005ac000000, 0x00000005ac800000|  0%| F|  |TAMS 0x00000005ac000000, 0x00000005ac000000| Untracked 
|  89|0x00000005ac800000, 0x00000005ac800000, 0x00000005ad000000|  0%| F|  |TAMS 0x00000005ac800000, 0x00000005ac800000| Untracked 
|  90|0x00000005ad000000, 0x00000005ad000000, 0x00000005ad800000|  0%| F|  |TAMS 0x00000005ad000000, 0x00000005ad000000| Untracked 
|  91|0x00000005ad800000, 0x00000005ad800000, 0x00000005ae000000|  0%| F|  |TAMS 0x00000005ad800000, 0x00000005ad800000| Untracked 
|  92|0x00000005ae000000, 0x00000005ae000000, 0x00000005ae800000|  0%| F|  |TAMS 0x00000005ae000000, 0x00000005ae000000| Untracked 
|  93|0x00000005ae800000, 0x00000005ae800000, 0x00000005af000000|  0%| F|  |TAMS 0x00000005ae800000, 0x00000005ae800000| Untracked 
|  94|0x00000005af000000, 0x00000005af000000, 0x00000005af800000|  0%| F|  |TAMS 0x00000005af000000, 0x00000005af000000| Untracked 
|  95|0x00000005af800000, 0x00000005af800000, 0x00000005b0000000|  0%| F|  |TAMS 0x00000005af800000, 0x00000005af800000| Untracked 
|  96|0x00000005b0000000, 0x00000005b0000000, 0x00000005b0800000|  0%| F|  |TAMS 0x00000005b0000000, 0x00000005b0000000| Untracked 
|  97|0x00000005b0800000, 0x00000005b0800000, 0x00000005b1000000|  0%| F|  |TAMS 0x00000005b0800000, 0x00000005b0800000| Untracked 
|  98|0x00000005b1000000, 0x00000005b1000000, 0x00000005b1800000|  0%| F|  |TAMS 0x00000005b1000000, 0x00000005b1000000| Untracked 

Card table byte_map: [0x000002cca2db0000,0x000002cca41b0000] _byte_map_base: 0x000002cca01b0000

Marking Bits (Prev, Next): (CMBitMap*) 0x000002cc8f57dc10, (CMBitMap*) 0x000002cc8f57dc50
 Prev Bits: [0x000002cca55b0000, 0x000002ccaf5b0000)
 Next Bits: [0x000002ccaf5b0000, 0x000002ccb95b0000)

Polling page: 0x000002cc8ecb0000

Metaspace:

Usage:
  Non-class:    131.63 MB used.
      Class:     19.26 MB used.
       Both:    150.89 MB used.

Virtual space:
  Non-class space:      136.00 MB reserved,     132.25 MB ( 97%) committed,  17 nodes.
      Class space:        1.00 GB reserved,      19.81 MB (  2%) committed,  1 nodes.
             Both:        1.13 GB reserved,     152.06 MB ( 13%) committed. 

Chunk freelists:
   Non-Class:  3.50 MB
       Class:  289.00 KB
        Both:  3.79 MB

MaxMetaspaceSize: unlimited
CompressedClassSpaceSize: 1.00 GB
Initial GC threshold: 21.00 MB
Current GC threshold: 253.44 MB
CDS: off
MetaspaceReclaimPolicy: balanced
 - commit_granule_bytes: 65536.
 - commit_granule_words: 8192.
 - virtual_space_node_default_size: 1048576.
 - enlarge_chunks_in_place: 1.
 - new_chunks_are_fully_committed: 0.
 - uncommit_free_chunks: 1.
 - use_allocation_guard: 0.
 - handle_deallocations: 1.


Internal statistics:

num_allocs_failed_limit: 9.
num_arena_births: 1772.
num_arena_deaths: 4.
num_vsnodes_births: 18.
num_vsnodes_deaths: 0.
num_space_committed: 2438.
num_space_uncommitted: 6.
num_chunks_returned_to_freelist: 41.
num_chunks_taken_from_freelist: 7825.
num_chunk_merges: 19.
num_chunk_splits: 5136.
num_chunks_enlarged: 3399.
num_purges: 2.
num_inconsistent_stats: 0.

CodeHeap 'non-profiled nmethods': size=120000Kb used=35882Kb max_used=35882Kb free=84117Kb
 bounds [0x000002cc9a480000, 0x000002cc9c790000, 0x000002cca19b0000]
CodeHeap 'profiled nmethods': size=120000Kb used=51680Kb max_used=51680Kb free=68320Kb
 bounds [0x000002cc929b0000, 0x000002cc95c70000, 0x000002cc99ee0000]
CodeHeap 'non-nmethods': size=5760Kb used=2499Kb max_used=2574Kb free=3260Kb
 bounds [0x000002cc99ee0000, 0x000002cc9a180000, 0x000002cc9a480000]
 total_blobs=28316 nmethods=27276 adapters=948
 compilation: enabled
              stopped_count=0, restarted_count=0
 full_count=0

Compilation events (20 events):
Event: 311.403 Thread 0x000002ccca2f1e00 38648       4       java.nio.ShortBuffer::<init> (14 bytes)
Event: 311.405 Thread 0x000002ccbc479b70 nmethod 38661 0x000002cc9bdafc90 code [0x000002cc9bdafec0, 0x000002cc9bdb0b88]
Event: 311.405 Thread 0x000002ccbc479b70 38616       4       java.nio.Buffer::nextPutIndex (30 bytes)
Event: 311.405 Thread 0x000002ccca2f1e00 nmethod 38648 0x000002cc9bdaf510 code [0x000002cc9bdaf6a0, 0x000002cc9bdaf9d8]
Event: 311.405 Thread 0x000002ccbc479b70 nmethod 38616 0x000002cc9bdaf210 code [0x000002cc9bdaf380, 0x000002cc9bdaf438]
Event: 311.405 Thread 0x000002ccca2f1e00 38609   !   4       jdk.internal.misc.ScopedMemoryAccess::putShortUnaligned (27 bytes)
Event: 311.405 Thread 0x000002ccbc479b70 38622       4       java.nio.ByteBufferAsShortBufferL::byteOffset (9 bytes)
Event: 311.405 Thread 0x000002ccbc479b70 nmethod 38622 0x000002cc9bdaef10 code [0x000002cc9bdaf080, 0x000002cc9bdaf0f8]
Event: 311.405 Thread 0x000002ccbc479b70 38613       4       com.android.tools.r8.dex.x::d (19 bytes)
Event: 311.406 Thread 0x000002ccca2f1e00 nmethod 38609 0x000002cc9bdaeb90 code [0x000002cc9bdaed00, 0x000002cc9bdaedd8]
Event: 311.406 Thread 0x000002ccca2f1e00 38611       4       com.android.tools.r8.dex.code.B1::a (28 bytes)
Event: 311.407 Thread 0x000002ccca2f1e00 nmethod 38611 0x000002cc9bdae690 code [0x000002cc9bdae820, 0x000002cc9bdae958]
Event: 311.407 Thread 0x000002ccca2f1e00 38656       4       com.android.tools.r8.internal.c2::a (14 bytes)
Event: 311.408 Thread 0x000002ccca2f1e00 nmethod 38656 0x000002cc9bdae310 code [0x000002cc9bdae4a0, 0x000002cc9bdae568]
Event: 311.408 Thread 0x000002ccca2f1e00 38623       4       com.android.tools.r8.dex.code.B1::e (12 bytes)
Event: 311.408 Thread 0x000002ccca2f1e00 nmethod 38623 0x000002cc9bdae010 code [0x000002cc9bdae180, 0x000002cc9bdae1f8]
Event: 311.408 Thread 0x000002ccca2f1e00 38627       4       com.android.tools.r8.dex.code.B1::d (16 bytes)
Event: 311.408 Thread 0x000002ccca2f1e00 nmethod 38627 0x000002cc9bdadd10 code [0x000002cc9bdade80, 0x000002cc9bdadef8]
Event: 311.410 Thread 0x000002ccbc479b70 nmethod 38613 0x000002cc9bdacf90 code [0x000002cc9bdad160, 0x000002cc9bdad688]
Event: 311.444 Thread 0x000002ccbc479b70 38685   !   4       com.android.tools.r8.dex.J::a (3692 bytes)

GC Heap History (20 events):
Event: 293.780 GC heap after
{Heap after GC invocations=177 (full 0):
 garbage-first heap   total 786432K, used 243739K [0x0000000580000000, 0x0000000800000000)
  region size 8192K, 1 young (8192K), 1 survivors (8192K)
 Metaspace       used 154051K, committed 155072K, reserved 1187840K
  class space    used 19659K, committed 20160K, reserved 1048576K
}
Event: 295.768 GC heap before
{Heap before GC invocations=177 (full 0):
 garbage-first heap   total 786432K, used 677915K [0x0000000580000000, 0x0000000800000000)
  region size 8192K, 54 young (442368K), 1 survivors (8192K)
 Metaspace       used 154057K, committed 155072K, reserved 1187840K
  class space    used 19659K, committed 20160K, reserved 1048576K
}
Event: 295.783 GC heap after
{Heap after GC invocations=178 (full 0):
 garbage-first heap   total 786432K, used 256038K [0x0000000580000000, 0x0000000800000000)
  region size 8192K, 3 young (24576K), 3 survivors (24576K)
 Metaspace       used 154057K, committed 155072K, reserved 1187840K
  class space    used 19659K, committed 20160K, reserved 1048576K
}
Event: 297.615 GC heap before
{Heap before GC invocations=178 (full 0):
 garbage-first heap   total 786432K, used 665638K [0x0000000580000000, 0x0000000800000000)
  region size 8192K, 53 young (434176K), 3 survivors (24576K)
 Metaspace       used 154064K, committed 155072K, reserved 1187840K
  class space    used 19659K, committed 20160K, reserved 1048576K
}
Event: 297.627 GC heap after
{Heap after GC invocations=179 (full 0):
 garbage-first heap   total 786432K, used 253154K [0x0000000580000000, 0x0000000800000000)
  region size 8192K, 2 young (16384K), 2 survivors (16384K)
 Metaspace       used 154064K, committed 155072K, reserved 1187840K
  class space    used 19659K, committed 20160K, reserved 1048576K
}
Event: 300.459 GC heap before
{Heap before GC invocations=179 (full 0):
 garbage-first heap   total 786432K, used 670946K [0x0000000580000000, 0x0000000800000000)
  region size 8192K, 53 young (434176K), 2 survivors (16384K)
 Metaspace       used 154099K, committed 155136K, reserved 1187840K
  class space    used 19659K, committed 20160K, reserved 1048576K
}
Event: 300.468 GC heap after
{Heap after GC invocations=180 (full 0):
 garbage-first heap   total 786432K, used 248040K [0x0000000580000000, 0x0000000800000000)
  region size 8192K, 2 young (16384K), 2 survivors (16384K)
 Metaspace       used 154099K, committed 155136K, reserved 1187840K
  class space    used 19659K, committed 20160K, reserved 1048576K
}
Event: 305.914 GC heap before
{Heap before GC invocations=180 (full 0):
 garbage-first heap   total 786432K, used 657640K [0x0000000580000000, 0x0000000800000000)
  region size 8192K, 53 young (434176K), 2 survivors (16384K)
 Metaspace       used 154972K, committed 156032K, reserved 1187840K
  class space    used 19767K, committed 20288K, reserved 1048576K
}
Event: 305.976 GC heap after
{Heap after GC invocations=181 (full 0):
 garbage-first heap   total 786432K, used 341879K [0x0000000580000000, 0x0000000800000000)
  region size 8192K, 7 young (57344K), 7 survivors (57344K)
 Metaspace       used 154972K, committed 156032K, reserved 1187840K
  class space    used 19767K, committed 20288K, reserved 1048576K
}
Event: 307.605 GC heap before
{Heap before GC invocations=181 (full 0):
 garbage-first heap   total 786432K, used 579447K [0x0000000580000000, 0x0000000800000000)
  region size 8192K, 36 young (294912K), 7 survivors (57344K)
 Metaspace       used 155032K, committed 156096K, reserved 1187840K
  class space    used 19769K, committed 20288K, reserved 1048576K
}
Event: 307.707 GC heap after
{Heap after GC invocations=182 (full 0):
 garbage-first heap   total 786432K, used 443551K [0x0000000580000000, 0x0000000800000000)
  region size 8192K, 5 young (40960K), 5 survivors (40960K)
 Metaspace       used 155032K, committed 156096K, reserved 1187840K
  class space    used 19769K, committed 20288K, reserved 1048576K
}
Event: 308.531 GC heap before
{Heap before GC invocations=182 (full 0):
 garbage-first heap   total 786432K, used 582815K [0x0000000580000000, 0x0000000800000000)
  region size 8192K, 22 young (180224K), 5 survivors (40960K)
 Metaspace       used 155057K, committed 156096K, reserved 1187840K
  class space    used 19769K, committed 20288K, reserved 1048576K
}
Event: 308.591 GC heap after
{Heap after GC invocations=183 (full 0):
 garbage-first heap   total 786432K, used 466344K [0x0000000580000000, 0x0000000800000000)
  region size 8192K, 2 young (16384K), 2 survivors (16384K)
 Metaspace       used 155057K, committed 156096K, reserved 1187840K
  class space    used 19769K, committed 20288K, reserved 1048576K
}
Event: 310.155 GC heap before
{Heap before GC invocations=184 (full 0):
 garbage-first heap   total 811008K, used 564648K [0x0000000580000000, 0x0000000800000000)
  region size 8192K, 19 young (155648K), 2 survivors (16384K)
 Metaspace       used 154511K, committed 155712K, reserved 1187840K
  class space    used 19724K, committed 20288K, reserved 1048576K
}
Event: 310.184 GC heap after
{Heap after GC invocations=185 (full 0):
 garbage-first heap   total 811008K, used 449960K [0x0000000580000000, 0x0000000800000000)
  region size 8192K, 2 young (16384K), 2 survivors (16384K)
 Metaspace       used 154511K, committed 155712K, reserved 1187840K
  class space    used 19724K, committed 20288K, reserved 1048576K
}
Event: 310.275 GC heap before
{Heap before GC invocations=185 (full 0):
 garbage-first heap   total 811008K, used 466344K [0x0000000580000000, 0x0000000800000000)
  region size 8192K, 4 young (32768K), 2 survivors (16384K)
 Metaspace       used 154511K, committed 155712K, reserved 1187840K
  class space    used 19724K, committed 20288K, reserved 1048576K
}
Event: 310.334 GC heap after
{Heap after GC invocations=186 (full 0):
 garbage-first heap   total 811008K, used 390900K [0x0000000580000000, 0x0000000800000000)
  region size 8192K, 1 young (8192K), 1 survivors (8192K)
 Metaspace       used 154511K, committed 155712K, reserved 1187840K
  class space    used 19724K, committed 20288K, reserved 1048576K
}
Event: 310.395 GC heap before
{Heap before GC invocations=186 (full 0):
 garbage-first heap   total 811008K, used 415476K [0x0000000580000000, 0x0000000800000000)
  region size 8192K, 4 young (32768K), 1 survivors (8192K)
 Metaspace       used 154511K, committed 155712K, reserved 1187840K
  class space    used 19724K, committed 20288K, reserved 1048576K
}
Event: 310.446 GC heap after
{Heap after GC invocations=187 (full 0):
 garbage-first heap   total 811008K, used 369117K [0x0000000580000000, 0x0000000800000000)
  region size 8192K, 1 young (8192K), 1 survivors (8192K)
 Metaspace       used 154511K, committed 155712K, reserved 1187840K
  class space    used 19724K, committed 20288K, reserved 1048576K
}
Event: 311.509 GC heap before
{Heap before GC invocations=187 (full 0):
 garbage-first heap   total 811008K, used 639453K [0x0000000580000000, 0x0000000800000000)
  region size 8192K, 28 young (229376K), 1 survivors (8192K)
 Metaspace       used 154512K, committed 155712K, reserved 1187840K
  class space    used 19724K, committed 20288K, reserved 1048576K
}

Dll operation events (2 events):
Event: 0.035 Loaded shared library D:\Program Files\New folder\jbr\bin\java.dll
Event: 0.590 Loaded shared library D:\Program Files\New folder\jbr\bin\verify.dll

Deoptimization events (20 events):
Event: 311.208 Thread 0x000002ccc38386a0 DEOPT PACKING pc=0x000002cc9593b653 sp=0x000000ee28bfe4c0
Event: 311.208 Thread 0x000002ccc38386a0 DEOPT UNPACKING pc=0x000002cc99f37143 sp=0x000000ee28bfd970 mode 0
Event: 311.213 Thread 0x000002ccc38386a0 DEOPT PACKING pc=0x000002cc9593b653 sp=0x000000ee28bfe4c0
Event: 311.213 Thread 0x000002ccc38386a0 DEOPT UNPACKING pc=0x000002cc99f37143 sp=0x000000ee28bfd970 mode 0
Event: 311.220 Thread 0x000002ccc38386a0 DEOPT PACKING pc=0x000002cc9593b653 sp=0x000000ee28bfe4c0
Event: 311.220 Thread 0x000002ccc38386a0 DEOPT UNPACKING pc=0x000002cc99f37143 sp=0x000000ee28bfd970 mode 0
Event: 311.315 Thread 0x000002ccc38386a0 DEOPT PACKING pc=0x000002cc9593b653 sp=0x000000ee28bfe4c0
Event: 311.315 Thread 0x000002ccc38386a0 DEOPT UNPACKING pc=0x000002cc99f37143 sp=0x000000ee28bfd970 mode 0
Event: 311.352 Thread 0x000002ccc38381d0 DEOPT PACKING pc=0x000002cc95c52411 sp=0x000000ee286fea40
Event: 311.352 Thread 0x000002ccc38381d0 DEOPT UNPACKING pc=0x000002cc99f37143 sp=0x000000ee286fe460 mode 0
Event: 311.444 Thread 0x000002ccc6ae9760 DEOPT PACKING pc=0x000002cc95c52411 sp=0x000000ee28ffe800
Event: 311.444 Thread 0x000002ccc6ae9760 DEOPT UNPACKING pc=0x000002cc99f37143 sp=0x000000ee28ffe220 mode 0
Event: 311.496 Thread 0x000002ccc38386a0 Uncommon trap: trap_request=0xffffff45 fr.pc=0x000002cc9c1b2258 relative=0x0000000000004158
Event: 311.496 Thread 0x000002ccc38386a0 Uncommon trap: reason=unstable_if action=reinterpret pc=0x000002cc9c1b2258 method=com.android.tools.r8.utils.v1$g.b()Z @ 4 c2
Event: 311.496 Thread 0x000002ccc38386a0 DEOPT PACKING pc=0x000002cc9c1b2258 sp=0x000000ee28bfe760
Event: 311.496 Thread 0x000002ccc38386a0 DEOPT UNPACKING pc=0x000002cc99f369a3 sp=0x000000ee28bfe650 mode 2
Event: 311.496 Thread 0x000002ccc38386a0 Uncommon trap: trap_request=0xffffff45 fr.pc=0x000002cc9be8924c relative=0x0000000000000b0c
Event: 311.496 Thread 0x000002ccc38386a0 Uncommon trap: reason=unstable_if action=reinterpret pc=0x000002cc9be8924c method=com.android.tools.r8.utils.v1$g.b()Z @ 4 c2
Event: 311.509 Thread 0x000002ccc38386a0 DEOPT PACKING pc=0x000002cc9be8924c sp=0x000000ee28bfe700
Event: 311.509 Thread 0x000002ccc38386a0 DEOPT UNPACKING pc=0x000002cc99f369a3 sp=0x000000ee28bfe568 mode 2

Classes unloaded (20 events):
Event: 309.054 Thread 0x000002ccbba9e170 Unloading class 0x000000080136a460 'com/bumptech/glide/annotation/compiler/RequestBuilderGenerator'
Event: 309.054 Thread 0x000002ccbba9e170 Unloading class 0x000000080136a230 'com/bumptech/glide/annotation/compiler/GlideGenerator'
Event: 309.054 Thread 0x000002ccbba9e170 Unloading class 0x000000080136a000 'com/bumptech/glide/annotation/compiler/RequestManagerFactoryGenerator'
Event: 309.054 Thread 0x000002ccbba9e170 Unloading class 0x0000000801369d88 'com/bumptech/glide/annotation/compiler/RequestManagerGenerator'
Event: 309.054 Thread 0x000002ccbba9e170 Unloading class 0x0000000801369b58 'com/bumptech/glide/annotation/compiler/RequestOptionsOverrideGenerator'
Event: 309.054 Thread 0x000002ccbba9e170 Unloading class 0x0000000801369928 'com/bumptech/glide/annotation/compiler/RequestOptionsGenerator'
Event: 309.054 Thread 0x000002ccbba9e170 Unloading class 0x00000008013696f8 'com/bumptech/glide/annotation/compiler/AppModuleGenerator'
Event: 309.054 Thread 0x000002ccbba9e170 Unloading class 0x00000008013694c8 'com/bumptech/glide/annotation/compiler/AppModuleProcessor'
Event: 309.054 Thread 0x000002ccbba9e170 Unloading class 0x0000000801369298 'com/bumptech/glide/annotation/compiler/LibraryModuleProcessor'
Event: 309.054 Thread 0x000002ccbba9e170 Unloading class 0x0000000801369068 'com/bumptech/glide/annotation/compiler/IndexerGenerator'
Event: 309.054 Thread 0x000002ccbba9e170 Unloading class 0x0000000801368e40 'com/bumptech/glide/repackaged/com/squareup/javapoet/Util'
Event: 309.054 Thread 0x000002ccbba9e170 Unloading class 0x0000000801368bd8 'com/bumptech/glide/repackaged/com/squareup/javapoet/TypeVariableName'
Event: 309.054 Thread 0x000002ccbba9e170 Unloading class 0x0000000801368970 'com/bumptech/glide/repackaged/com/squareup/javapoet/ParameterizedTypeName'
Event: 309.054 Thread 0x000002ccbba9e170 Unloading class 0x0000000801368708 'com/bumptech/glide/repackaged/com/squareup/javapoet/ArrayTypeName'
Event: 309.054 Thread 0x000002ccbba9e170 Unloading class 0x0000000801368488 'com/bumptech/glide/repackaged/com/squareup/javapoet/ClassName'
Event: 309.054 Thread 0x000002ccbba9e170 Unloading class 0x0000000801368220 'com/bumptech/glide/repackaged/com/squareup/javapoet/TypeName'
Event: 309.054 Thread 0x000002ccbba9e170 Unloading class 0x0000000801368000 'com/bumptech/glide/repackaged/com/google/common/base/Function'
Event: 309.054 Thread 0x000002ccbba9e170 Unloading class 0x00000008012ac4d8 'com/bumptech/glide/repackaged/com/google/common/base/Predicate'
Event: 309.054 Thread 0x000002ccbba9e170 Unloading class 0x00000008012ac2a8 'com/bumptech/glide/annotation/compiler/ProcessorUtil'
Event: 309.054 Thread 0x000002ccbba9e170 Unloading class 0x00000008012ac000 'com/bumptech/glide/annotation/compiler/GlideAnnotationProcessor'

Classes redefined (0 events):
No events

Internal exceptions (20 events):
Event: 299.938 Thread 0x000002ccbf4eaf40 Exception <a 'sun/nio/fs/WindowsException'{0x00000005986e3eb8}> (0x00000005986e3eb8) 
thrown [s\src\hotspot\share\prims\jni.cpp, line 517]
Event: 300.234 Thread 0x000002ccbea5ed30 Exception <a 'sun/nio/fs/WindowsException'{0x00000005978660a0}> (0x00000005978660a0) 
thrown [s\src\hotspot\share\prims\jni.cpp, line 517]
Event: 300.234 Thread 0x000002ccbea5ed30 Exception <a 'sun/nio/fs/WindowsException'{0x00000005978664f0}> (0x00000005978664f0) 
thrown [s\src\hotspot\share\prims\jni.cpp, line 517]
Event: 300.277 Thread 0x000002ccbea5ed30 Exception <a 'sun/nio/fs/WindowsException'{0x00000005978a8148}> (0x00000005978a8148) 
thrown [s\src\hotspot\share\prims\jni.cpp, line 517]
Event: 300.286 Thread 0x000002ccbea5ed30 Exception <a 'sun/nio/fs/WindowsException'{0x0000000597a63e88}> (0x0000000597a63e88) 
thrown [s\src\hotspot\share\prims\jni.cpp, line 517]
Event: 300.302 Thread 0x000002ccbf4eaf40 Exception <a 'sun/nio/fs/WindowsException'{0x0000000598728740}> (0x0000000598728740) 
thrown [s\src\hotspot\share\prims\jni.cpp, line 517]
Event: 300.302 Thread 0x000002ccbf4eaf40 Exception <a 'sun/nio/fs/WindowsException'{0x0000000598728b48}> (0x0000000598728b48) 
thrown [s\src\hotspot\share\prims\jni.cpp, line 517]
Event: 300.327 Thread 0x000002ccbf4eaf40 Exception <a 'sun/nio/fs/WindowsException'{0x0000000597e2d788}> (0x0000000597e2d788) 
thrown [s\src\hotspot\share\prims\jni.cpp, line 517]
Event: 301.225 Thread 0x000002ccbf4eaf40 Exception <a 'sun/nio/fs/WindowsException'{0x00000005a3b93a28}> (0x00000005a3b93a28) 
thrown [s\src\hotspot\share\prims\jni.cpp, line 517]
Event: 301.261 Thread 0x000002ccbf4eaf40 Exception <a 'sun/nio/fs/WindowsException'{0x00000005a3bd4ad0}> (0x00000005a3bd4ad0) 
thrown [s\src\hotspot\share\prims\jni.cpp, line 517]
Event: 301.262 Thread 0x000002ccbf4eaf40 Exception <a 'sun/nio/fs/WindowsException'{0x00000005a3bd4f10}> (0x00000005a3bd4f10) 
thrown [s\src\hotspot\share\prims\jni.cpp, line 517]
Event: 301.274 Thread 0x000002ccbf4eaf40 Exception <a 'sun/nio/fs/WindowsException'{0x00000005a3be3778}> (0x00000005a3be3778) 
thrown [s\src\hotspot\share\prims\jni.cpp, line 517]
Event: 301.276 Thread 0x000002ccbf4eaf40 Exception <a 'sun/nio/fs/WindowsException'{0x00000005a3cb4e10}> (0x00000005a3cb4e10) 
thrown [s\src\hotspot\share\prims\jni.cpp, line 517]
Event: 301.312 Thread 0x000002ccbf4eaf40 Exception <a 'sun/nio/fs/WindowsException'{0x00000005a3cf62f0}> (0x00000005a3cf62f0) 
thrown [s\src\hotspot\share\prims\jni.cpp, line 517]
Event: 301.312 Thread 0x000002ccbf4eaf40 Exception <a 'sun/nio/fs/WindowsException'{0x00000005a3cf6770}> (0x00000005a3cf6770) 
thrown [s\src\hotspot\share\prims\jni.cpp, line 517]
Event: 301.326 Thread 0x000002ccbf4eaf40 Exception <a 'sun/nio/fs/WindowsException'{0x00000005a3d00768}> (0x00000005a3d00768) 
thrown [s\src\hotspot\share\prims\jni.cpp, line 517]
Event: 301.329 Thread 0x000002ccbf4eaf40 Exception <a 'sun/nio/fs/WindowsException'{0x00000005a3da8f68}> (0x00000005a3da8f68) 
thrown [s\src\hotspot\share\prims\jni.cpp, line 517]
Event: 303.753 Thread 0x000002ccbf4e9c00 Exception <a 'sun/nio/fs/WindowsException'{0x00000005a1b2dcb0}> (0x00000005a1b2dcb0) 
thrown [s\src\hotspot\share\prims\jni.cpp, line 517]
Event: 305.667 Thread 0x000002ccc38381d0 Exception <a 'java/lang/NoSuchMethodError'{0x0000000597cf42a8}: 'long java.lang.invoke.DirectMethodHandle$Holder.invokeStatic(java.lang.Object, java.lang.Object, java.lang.Object)'> (0x0000000597cf42a8) 
thrown [s\src\hotspot\share\interpreter\linkResolver.cpp, line 771]
Event: 311.011 Thread 0x000002ccc38386a0 Implicit null exception at 0x000002cc9c2887e1 to 0x000002cc9c288c1c

VM Operations (20 events):
Event: 307.519 Executing VM operation: HandshakeAllThreads done
Event: 307.519 Executing VM operation: Cleanup
Event: 307.519 Executing VM operation: Cleanup done
Event: 307.592 Executing VM operation: G1CollectForAllocation
Event: 307.711 Executing VM operation: G1CollectForAllocation done
Event: 308.531 Executing VM operation: G1CollectForAllocation
Event: 308.596 Executing VM operation: G1CollectForAllocation done
Event: 309.053 Executing VM operation: G1Concurrent
Event: 309.074 Executing VM operation: G1Concurrent done
Event: 309.310 Executing VM operation: G1Concurrent
Event: 309.310 Executing VM operation: G1Concurrent done
Event: 310.129 Executing VM operation: G1CollectForAllocation
Event: 310.191 Executing VM operation: G1CollectForAllocation done
Event: 310.269 Executing VM operation: G1CollectForAllocation
Event: 310.347 Executing VM operation: G1CollectForAllocation done
Event: 310.395 Executing VM operation: G1CollectForAllocation
Event: 310.447 Executing VM operation: G1CollectForAllocation done
Event: 311.453 Executing VM operation: Cleanup
Event: 311.496 Executing VM operation: Cleanup done
Event: 311.509 Executing VM operation: G1CollectForAllocation

Events (20 events):
Event: 306.763 Thread 0x000002ccbc47b160 flushing nmethod 0x000002cc95264990
Event: 306.763 Thread 0x000002ccbc47b160 flushing nmethod 0x000002cc9537f710
Event: 306.764 Thread 0x000002ccbc47b160 flushing nmethod 0x000002cc953d4a90
Event: 306.764 Thread 0x000002ccbc47b160 flushing nmethod 0x000002cc953d5090
Event: 306.765 Thread 0x000002ccbc47b160 flushing nmethod 0x000002cc95857210
Event: 306.765 Thread 0x000002ccbc47b160 flushing nmethod 0x000002cc95882810
Event: 306.765 Thread 0x000002ccbc47b160 flushing nmethod 0x000002cc95882e90
Event: 306.765 Thread 0x000002ccbc47b160 flushing nmethod 0x000002cc95883810
Event: 306.766 Thread 0x000002ccbc47b160 flushing nmethod 0x000002cc958d0390
Event: 306.766 Thread 0x000002ccbc47b160 flushing nmethod 0x000002cc958f7910
Event: 306.766 Thread 0x000002ccbc47b160 flushing nmethod 0x000002cc958f7f10
Event: 306.767 Thread 0x000002ccbc47b160 flushing nmethod 0x000002cc95b72b10
Event: 307.468 loading class java/util/concurrent/ForkJoinTask$AdaptedCallable
Event: 307.468 loading class java/util/concurrent/ForkJoinTask$AdaptedCallable done
Event: 307.729 Thread 0x000002ccca2f3c60 Thread exited: 0x000002ccca2f3c60
Event: 308.357 Thread 0x000002ccca2f1e00 Thread added: 0x000002ccca2f1e00
Event: 308.912 Thread 0x000002ccca2f1e00 Thread exited: 0x000002ccca2f1e00
Event: 309.973 Thread 0x000002ccca2f1e00 Thread added: 0x000002ccca2f1e00
Event: 310.691 Thread 0x000002ccca2f1e00 Thread exited: 0x000002ccca2f1e00
Event: 310.694 Thread 0x000002ccca2f1e00 Thread added: 0x000002ccca2f1e00


Dynamic libraries:
0x00007ff7c0230000 - 0x00007ff7c023a000 	D:\Program Files\New folder\jbr\bin\java.exe
0x00007ff928170000 - 0x00007ff928368000 	C:\WINDOWS\SYSTEM32\ntdll.dll
0x00007ff927be0000 - 0x00007ff927c9f000 	C:\WINDOWS\System32\KERNEL32.DLL
0x00007ff925b50000 - 0x00007ff925e2a000 	C:\WINDOWS\System32\KERNELBASE.dll
0x00007ff925ed0000 - 0x00007ff925fd0000 	C:\WINDOWS\System32\ucrtbase.dll
0x00007ff8f6520000 - 0x00007ff8f653b000 	D:\Program Files\New folder\jbr\bin\VCRUNTIME140.dll
0x00007ff8dd910000 - 0x00007ff8dd927000 	D:\Program Files\New folder\jbr\bin\jli.dll
0x00007ff927f90000 - 0x00007ff92812d000 	C:\WINDOWS\System32\USER32.dll
0x00007ff925b20000 - 0x00007ff925b42000 	C:\WINDOWS\System32\win32u.dll
0x00007ff927010000 - 0x00007ff92703b000 	C:\WINDOWS\System32\GDI32.dll
0x00007ff925a10000 - 0x00007ff925b20000 	C:\WINDOWS\System32\gdi32full.dll
0x00007ff925fd0000 - 0x00007ff92606d000 	C:\WINDOWS\System32\msvcp_win.dll
0x00007ff924c80000 - 0x00007ff924f1a000 	C:\WINDOWS\WinSxS\amd64_microsoft.windows.common-controls_6595b64144ccf1df_6.0.19041.1110_none_60b5254171f9507e\COMCTL32.dll
0x00007ff927240000 - 0x00007ff9272de000 	C:\WINDOWS\System32\msvcrt.dll
0x00007ff927e90000 - 0x00007ff927ec0000 	C:\WINDOWS\System32\IMM32.DLL
0x00007ff8ed040000 - 0x00007ff8ed04c000 	D:\Program Files\New folder\jbr\bin\vcruntime140_1.dll
0x00007ff8dcf60000 - 0x00007ff8dcfed000 	D:\Program Files\New folder\jbr\bin\msvcp140.dll
0x00007ff866bc0000 - 0x00007ff86782d000 	D:\Program Files\New folder\jbr\bin\server\jvm.dll
0x00007ff927040000 - 0x00007ff9270ee000 	C:\WINDOWS\System32\ADVAPI32.dll
0x00007ff927d20000 - 0x00007ff927dbc000 	C:\WINDOWS\System32\sechost.dll
0x00007ff926970000 - 0x00007ff926a96000 	C:\WINDOWS\System32\RPCRT4.dll
0x00007ff8feb30000 - 0x00007ff8feb39000 	C:\WINDOWS\SYSTEM32\WSOCK32.dll
0x00007ff915b00000 - 0x00007ff915b27000 	C:\WINDOWS\SYSTEM32\WINMM.dll
0x00007ff91edd0000 - 0x00007ff91edda000 	C:\WINDOWS\SYSTEM32\VERSION.dll
0x00007ff927ec0000 - 0x00007ff927f2b000 	C:\WINDOWS\System32\WS2_32.dll
0x00007ff922960000 - 0x00007ff922972000 	C:\WINDOWS\SYSTEM32\kernel.appcore.dll
0x00007ff8fc080000 - 0x00007ff8fc08a000 	D:\Program Files\New folder\jbr\bin\jimage.dll
0x00007ff9252b0000 - 0x00007ff925494000 	C:\WINDOWS\SYSTEM32\DBGHELP.DLL
0x00007ff925050000 - 0x00007ff925084000 	C:\WINDOWS\SYSTEM32\dbgcore.DLL
0x00007ff9258d0000 - 0x00007ff925952000 	C:\WINDOWS\System32\bcryptPrimitives.dll
0x00007ff8effd0000 - 0x00007ff8efff5000 	D:\Program Files\New folder\jbr\bin\java.dll
0x00007ff8ee970000 - 0x00007ff8ee988000 	D:\Program Files\New folder\jbr\bin\zip.dll
0x00007ff927490000 - 0x00007ff927bd4000 	C:\WINDOWS\System32\SHELL32.dll
0x00007ff922b60000 - 0x00007ff9232f3000 	C:\WINDOWS\SYSTEM32\windows.storage.dll
0x00007ff926610000 - 0x00007ff926964000 	C:\WINDOWS\System32\combase.dll
0x00007ff924be0000 - 0x00007ff924c0e000 	C:\WINDOWS\SYSTEM32\Wldp.dll
0x00007ff927dc0000 - 0x00007ff927e6d000 	C:\WINDOWS\System32\SHCORE.dll
0x00007ff9271d0000 - 0x00007ff927225000 	C:\WINDOWS\System32\shlwapi.dll
0x00007ff9257c0000 - 0x00007ff9257df000 	C:\WINDOWS\SYSTEM32\profapi.dll
0x00007ff8ed070000 - 0x00007ff8ed089000 	D:\Program Files\New folder\jbr\bin\net.dll
0x00007ff91eba0000 - 0x00007ff91ecaa000 	C:\WINDOWS\SYSTEM32\WINHTTP.dll
0x00007ff924ab0000 - 0x00007ff924b1a000 	C:\WINDOWS\system32\mswsock.dll
0x00007ff8ec570000 - 0x00007ff8ec586000 	D:\Program Files\New folder\jbr\bin\nio.dll
0x00007ff8fd350000 - 0x00007ff8fd360000 	D:\Program Files\New folder\jbr\bin\verify.dll
0x00007ff8ddb70000 - 0x00007ff8ddb97000 	D:\Program Files\New folder\.gradle\native\68d5fa5c4cc2d200863cafc0d521ce42e7d3e7ee720ec0a83991735586a16f82\windows-amd64\native-platform.dll
0x00007ff8dacc0000 - 0x00007ff8dae04000 	D:\Program Files\New folder\.gradle\native\e376f236ea51e6404a007f0833ffe2c6e607c4080706a723a18a27aeea778392\windows-amd64\native-platform-file-events.dll
0x00007ff8ea9a0000 - 0x00007ff8ea9a9000 	D:\Program Files\New folder\jbr\bin\management.dll
0x00007ff8ea990000 - 0x00007ff8ea99b000 	D:\Program Files\New folder\jbr\bin\management_ext.dll
0x00007ff927230000 - 0x00007ff927238000 	C:\WINDOWS\System32\PSAPI.DLL
0x00007ff925610000 - 0x00007ff925628000 	C:\WINDOWS\SYSTEM32\CRYPTSP.dll
0x00007ff9242c0000 - 0x00007ff9242f4000 	C:\WINDOWS\system32\rsaenh.dll
0x00007ff925ea0000 - 0x00007ff925ec7000 	C:\WINDOWS\System32\bcrypt.dll
0x00007ff925780000 - 0x00007ff9257ae000 	C:\WINDOWS\SYSTEM32\USERENV.dll
0x00007ff924ba0000 - 0x00007ff924bac000 	C:\WINDOWS\SYSTEM32\CRYPTBASE.dll
0x00007ff924630000 - 0x00007ff92466c000 	C:\WINDOWS\SYSTEM32\IPHLPAPI.DLL
0x00007ff926fa0000 - 0x00007ff926fa8000 	C:\WINDOWS\System32\NSI.dll
0x00007ff91f120000 - 0x00007ff91f137000 	C:\WINDOWS\SYSTEM32\dhcpcsvc6.DLL
0x00007ff91f100000 - 0x00007ff91f11d000 	C:\WINDOWS\SYSTEM32\dhcpcsvc.DLL
0x00007ff924670000 - 0x00007ff92473b000 	C:\WINDOWS\SYSTEM32\DNSAPI.dll
0x00007ff8fc090000 - 0x00007ff8fc097000 	C:\WINDOWS\system32\wshunix.dll
0x00007ff911e70000 - 0x00007ff911e7a000 	C:\Windows\System32\rasadhlp.dll
0x00007ff912170000 - 0x00007ff9121f0000 	C:\WINDOWS\System32\fwpuclnt.dll
0x00007ff9223d0000 - 0x00007ff922460000 	C:\WINDOWS\system32\apphelp.dll
0x00007ff9254f0000 - 0x00007ff925523000 	C:\WINDOWS\SYSTEM32\ntmarta.dll
0x00007ff8dd8f0000 - 0x00007ff8dd908000 	C:\ProgramData\Microsoft\Windows Defender\Platform\4.18.2303.8-0\MpDetoursCopyAccelerator.dll
0x00007ff90ed00000 - 0x00007ff90ee33000 	C:\ProgramData\Microsoft\Windows Defender\Platform\4.18.2303.8-0\mpclient.dll
0x00007ff926070000 - 0x00007ff9261c6000 	C:\WINDOWS\System32\CRYPT32.dll
0x00007ff925e30000 - 0x00007ff925e97000 	C:\WINDOWS\System32\WINTRUST.dll
0x00007ff925030000 - 0x00007ff925042000 	C:\WINDOWS\SYSTEM32\MSASN1.dll
0x00007ff923aa0000 - 0x00007ff923ac3000 	C:\WINDOWS\SYSTEM32\gpapi.dll

dbghelp: loaded successfully - version: 4.0.5 - missing functions: none
symbol engine: initialized successfully - sym options: 0x614 - pdb path: .;D:\Program Files\New folder\jbr\bin;C:\WINDOWS\SYSTEM32;C:\WINDOWS\WinSxS\amd64_microsoft.windows.common-controls_6595b64144ccf1df_6.0.19041.1110_none_60b5254171f9507e;D:\Program Files\New folder\jbr\bin\server;D:\Program Files\New folder\.gradle\native\68d5fa5c4cc2d200863cafc0d521ce42e7d3e7ee720ec0a83991735586a16f82\windows-amd64;D:\Program Files\New folder\.gradle\native\e376f236ea51e6404a007f0833ffe2c6e607c4080706a723a18a27aeea778392\windows-amd64;C:\ProgramData\Microsoft\Windows Defender\Platform\4.18.2303.8-0

VM Arguments:
jvm_args: --add-opens=java.base/java.util=ALL-UNNAMED --add-opens=java.base/java.lang=ALL-UNNAMED --add-opens=java.base/java.lang.invoke=ALL-UNNAMED --add-opens=java.prefs/java.util.prefs=ALL-UNNAMED --add-opens=java.base/java.nio.charset=ALL-UNNAMED --add-opens=java.base/java.net=ALL-UNNAMED --add-opens=java.base/java.util.concurrent.atomic=ALL-UNNAMED -Xmx10240m -Dfile.encoding=UTF-8 -Duser.country=US -Duser.language=en -Duser.variant 
java_command: org.gradle.launcher.daemon.bootstrap.GradleDaemon 8.0
java_class_path (initial): D:\Program Files\New folder\.gradle\gradle-8.0\lib\gradle-launcher-8.0.jar
Launcher Type: SUN_STANDARD

[Global flags]
     intx CICompilerCount                          = 3                                         {product} {ergonomic}
     uint ConcGCThreads                            = 1                                         {product} {ergonomic}
     uint G1ConcRefinementThreads                  = 4                                         {product} {ergonomic}
   size_t G1HeapRegionSize                         = 8388608                                   {product} {ergonomic}
    uintx GCDrainStackTargetSize                   = 64                                        {product} {ergonomic}
   size_t InitialHeapSize                          = 268435456                                 {product} {ergonomic}
   size_t MarkStackSize                            = 4194304                                   {product} {ergonomic}
   size_t MaxHeapSize                              = 10737418240                               {product} {command line}
   size_t MaxNewSize                               = 6442450944                                {product} {ergonomic}
   size_t MinHeapDeltaBytes                        = 8388608                                   {product} {ergonomic}
   size_t MinHeapSize                              = 8388608                                   {product} {ergonomic}
    uintx NonNMethodCodeHeapSize                   = 5832780                                {pd product} {ergonomic}
    uintx NonProfiledCodeHeapSize                  = 122912730                              {pd product} {ergonomic}
    uintx ProfiledCodeHeapSize                     = 122912730                              {pd product} {ergonomic}
    uintx ReservedCodeCacheSize                    = 251658240                              {pd product} {ergonomic}
     bool SegmentedCodeCache                       = true                                      {product} {ergonomic}
   size_t SoftMaxHeapSize                          = 10737418240                            {manageable} {ergonomic}
     bool UseCompressedClassPointers               = true                           {product lp64_product} {ergonomic}
     bool UseCompressedOops                        = true                           {product lp64_product} {ergonomic}
     bool UseG1GC                                  = true                                      {product} {ergonomic}
     bool UseLargePagesIndividualAllocation        = false                                  {pd product} {ergonomic}

Logging:
Log output configuration:
 #0: stdout all=warning uptime,level,tags
 #1: stderr all=off uptime,level,tags

Environment Variables:
JAVA_HOME=C:\Program Files\Common Files\Oracle\Java\javapath
PATH=C:\Program Files\Common Files\Oracle\Java\javapath;C:\Python27\;C:\Python27\Scripts;C:\WINDOWS\system32;C:\WINDOWS;C:\WINDOWS\System32\Wbem;C:\WINDOWS\System32\WindowsPowerShell\v1.0\;C:\WINDOWS\System32\OpenSSH\;C:\Program Files\NVIDIA Corporation\NVIDIA NvDLISR;C:\Program Files (x86)\NVIDIA Corporation\PhysX\Common;C:\Program Files\Microsoft SQL Server\130\Tools\Binn\;C:\Program Files\Microsoft SQL Server\Client SDK\ODBC\170\Tools\Binn\;C:\Program Files (x86)\Microsoft SQL Server\150\DTS\Binn\;C:\Program Files\Azure Data Studio\bin;C:\Program Files (x86)\Microsoft SQL Server\150\Tools\Binn\;C:\Program Files\Microsoft SQL Server\150\Tools\Binn\;C:\Program Files\Microsoft SQL Server\150\DTS\Binn\;C:\Program Files\MongoDB\Server\5.0\bin;C:\Program Files\dotnet\;C:\Program Files (x86)\Java\jdk1.8.0_202;C:\Users\babyu\AppData\Local\Microsoft\WindowsApps;C:\Program Files\Azure Data Studio\bin;C:\Users\babyu\.dotnet\tools;C:\Users\babyu\AppData\Local\Programs\Microsoft VS Code\bin
USERNAME=babyu
OS=Windows_NT
PROCESSOR_IDENTIFIER=Intel64 Family 6 Model 58 Stepping 9, GenuineIntel
TMP=C:\Users\babyu\AppData\Local\Temp
TEMP=C:\Users\babyu\AppData\Local\Temp



---------------  S Y S T E M  ---------------

OS:
 Windows 10 , 64 bit Build 19041 (10.0.19041.2788)
OS uptime: 0 days 0:21 hours

CPU: total 4 (initial active 4) (4 cores per cpu, 1 threads per core) family 6 model 58 stepping 9 microcode 0x21, cx8, cmov, fxsr, mmx, sse, sse2, sse3, ssse3, sse4.1, sse4.2, popcnt, tsc, tscinvbit, avx, aes, erms, clmul, vzeroupper, clflush

Memory: 4k page, system-wide physical 16332M (430M free)
TotalPageFile size 24524M (AvailPageFile size 1146M)
current process WorkingSet (physical memory assigned to process): 1237M, peak: 1251M
current process commit charge ("private bytes"): 1281M, peak: 2633M

vm_info: OpenJDK 64-Bit Server VM (17.0.6+0-b2043.56-9586694) for windows-amd64 JRE (17.0.6+0-b2043.56-9586694), built on Feb  9 2023 20:06:20 by "androidbuild" with MS VC++ 16.10 / 16.11 (VS2019)

END.
