#
# There is insufficient memory for the Java Runtime Environment to continue.
# Native memory allocation (malloc) failed to allocate 1048576 bytes for AllocateHeap
# Possible reasons:
#   The system is out of physical RAM or swap space
#   The process is running with CompressedOops enabled, and the Java Heap may be blocking the growth of the native heap
# Possible solutions:
#   Reduce memory load on the system
#   Increase physical memory or swap space
#   Check if swap backing store is full
#   Decrease Java heap size (-Xmx/-Xms)
#   Decrease number of Java threads
#   Decrease Java thread stack sizes (-Xss)
#   Set larger code cache with -XX:ReservedCodeCacheSize=
#   JVM is running with Zero Based Compressed Oops mode in which the Java heap is
#     placed in the first 32GB address space. The Java Heap base address is the
#     maximum limit for the native heap growth. Please use -XX:HeapBaseMinAddress
#     to set the Java Heap base and to place the Java Heap above 32GB virtual address.
# This output file may be truncated or incomplete.
#
#  Out of Memory Error (src/hotspot/share/memory/allocation.cpp:46), pid=14460, tid=8604
#
# JRE version: OpenJDK Runtime Environment (11.0.15) (build 11.0.15+0-b2043.56-9505619)
# Java VM: OpenJDK 64-Bit Server VM (11.0.15+0-b2043.56-9505619, mixed mode, tiered, compressed oops, g1 gc, windows-amd64)
# No core dump will be written. Minidumps are not enabled by default on client versions of Windows
#

---------------  S U M M A R Y ------------

Command Line: --add-opens=java.base/java.util=ALL-UNNAMED --add-opens=java.base/java.lang=ALL-UNNAMED --add-opens=java.base/java.lang.invoke=ALL-UNNAMED --add-opens=java.prefs/java.util.prefs=ALL-UNNAMED --add-opens=java.base/java.nio.charset=ALL-UNNAMED --add-opens=java.base/java.net=ALL-UNNAMED --add-opens=java.base/java.util.concurrent.atomic=ALL-UNNAMED -Xmx10240m -Dfile.encoding=UTF-8 -Duser.country=US -Duser.language=en -Duser.variant org.gradle.launcher.daemon.bootstrap.GradleDaemon 8.0

Host: Intel(R) Core(TM) i5-3570 CPU @ 3.40GHz, 4 cores, 15G,  Windows 10 , 64 bit Build 19041 (10.0.19041.2788)
Time: Sun Apr 23 05:41:02 2023 Malay Peninsula Standard Time elapsed time: 2.777357 seconds (0d 0h 0m 2s)

---------------  T H R E A D  ---------------

Current thread (0x0000021a79686000):  VMThread "VM Thread" [stack: 0x0000005b7ab00000,0x0000005b7ac00000] [id=8604]

Stack: [0x0000005b7ab00000,0x0000005b7ac00000]
[error occurred during error reporting (printing stack bounds), id 0xc0000005, EXCEPTION_ACCESS_VIOLATION (0xc0000005) at pc=0x0000021a0000112d]

Native frames: (J=compiled Java code, j=interpreted, Vv=VM code, C=native code)
V  [jvm.dll+0x64135a]
V  [jvm.dll+0x7d39f9]
V  [jvm.dll+0x7d51b9]
V  [jvm.dll+0x7d5805]
V  [jvm.dll+0x7d57bb]
V  [jvm.dll+0x640655]
V  [jvm.dll+0x640d68]
C  [ntdll.dll+0xa23df]
C  [ntdll.dll+0x514a4]
C  [ntdll.dll+0xa0f0e]
C  0x0000021a0000112d

VM_Operation (0x0000005b7bff8a30): CollectForMetadataAllocation, mode: safepoint, requested by thread 0x0000021a7b79e800


---------------  P R O C E S S  ---------------

Threads class SMR info:
_java_thread_list=0x0000021a7af23640, length=20, elements={
0x0000021a6d182800, 0x0000021a78dcf800, 0x0000021a78dd5000, 0x0000021a796cb800,
0x0000021a796cd000, 0x0000021a796cf000, 0x0000021a796d4800, 0x0000021a796da800,
0x0000021a796e5800, 0x0000021a79832000, 0x0000021a7b90a800, 0x0000021a7b265000,
0x0000021a7b550800, 0x0000021a7b5c8000, 0x0000021a79d2f800, 0x0000021a7be2f000,
0x0000021a7b79e800, 0x0000021a7be6f800, 0x0000021a7b6e1000, 0x0000021a7a342000
}

Java Threads: ( => current thread )
  0x0000021a6d182800 JavaThread "main" [_thread_blocked, id=9756, stack(0x0000005b7a500000,0x0000005b7a600000)]
  0x0000021a78dcf800 JavaThread "Reference Handler" daemon [_thread_blocked, id=21364, stack(0x0000005b7ac00000,0x0000005b7ad00000)]
  0x0000021a78dd5000 JavaThread "Finalizer" daemon [_thread_blocked, id=20424, stack(0x0000005b7ad00000,0x0000005b7ae00000)]
  0x0000021a796cb800 JavaThread "Signal Dispatcher" daemon [_thread_blocked, id=15276, stack(0x0000005b7ae00000,0x0000005b7af00000)]
  0x0000021a796cd000 JavaThread "Attach Listener" daemon [_thread_blocked, id=19200, stack(0x0000005b7af00000,0x0000005b7b000000)]
  0x0000021a796cf000 JavaThread "Service Thread" daemon [_thread_blocked, id=18928, stack(0x0000005b7b000000,0x0000005b7b100000)]
  0x0000021a796d4800 JavaThread "C2 CompilerThread0" daemon [_thread_blocked, id=21248, stack(0x0000005b7b100000,0x0000005b7b200000)]
  0x0000021a796da800 JavaThread "C1 CompilerThread0" daemon [_thread_blocked, id=17700, stack(0x0000005b7b200000,0x0000005b7b300000)]
  0x0000021a796e5800 JavaThread "Sweeper thread" daemon [_thread_blocked, id=7952, stack(0x0000005b7b300000,0x0000005b7b400000)]
  0x0000021a79832000 JavaThread "Common-Cleaner" daemon [_thread_blocked, id=16868, stack(0x0000005b7b400000,0x0000005b7b500000)]
  0x0000021a7b90a800 JavaThread "Daemon health stats" [_thread_blocked, id=16656, stack(0x0000005b7ba00000,0x0000005b7bb00000)]
  0x0000021a7b265000 JavaThread "Incoming local TCP Connector on port 55915" [_thread_in_native, id=21352, stack(0x0000005b7bb00000,0x0000005b7bc00000)]
  0x0000021a7b550800 JavaThread "Daemon periodic checks" [_thread_blocked, id=15112, stack(0x0000005b7bc00000,0x0000005b7bd00000)]
  0x0000021a7b5c8000 JavaThread "Daemon" [_thread_blocked, id=19684, stack(0x0000005b7bd00000,0x0000005b7be00000)]
  0x0000021a79d2f800 JavaThread "Handler for socket connection from /127.0.0.1:55915 to /127.0.0.1:55916" [_thread_in_native, id=5200, stack(0x0000005b7be00000,0x0000005b7bf00000)]
  0x0000021a7be2f000 JavaThread "Cancel handler" [_thread_blocked, id=12388, stack(0x0000005b7b600000,0x0000005b7b700000)]
  0x0000021a7b79e800 JavaThread "Daemon worker" [_thread_blocked, id=16564, stack(0x0000005b7bf00000,0x0000005b7c000000)]
  0x0000021a7be6f800 JavaThread "Asynchronous log dispatcher for DefaultDaemonConnection: socket connection from /127.0.0.1:55915 to /127.0.0.1:55916" [_thread_blocked, id=5400, stack(0x0000005b7c000000,0x0000005b7c100000)]
  0x0000021a7b6e1000 JavaThread "Stdin handler" [_thread_blocked, id=16176, stack(0x0000005b7c100000,0x0000005b7c200000)]
  0x0000021a7a342000 JavaThread "Daemon client event forwarder" [_thread_blocked, id=19652, stack(0x0000005b7c200000,0x0000005b7c300000)]

Other Threads:
=>0x0000021a79686000 VMThread "VM Thread" [stack: 0x0000005b7ab00000,0x0000005b7ac00000] [id=8604]
  0x0000021a7983b000 WatcherThread [stack: 0x0000005b7b500000,0x0000005b7b600000] [id=15800]
  0x0000021a6d199800 GCTaskThread "GC Thread#0" [stack: 0x0000005b7a600000,0x0000005b7a700000] [id=10540]
  0x0000021a7992e000 GCTaskThread "GC Thread#1" [stack: 0x0000005b7b700000,0x0000005b7b800000] [id=21184]
  0x0000021a79d21000 GCTaskThread "GC Thread#2" [stack: 0x0000005b7b800000,0x0000005b7b900000] [id=17124]
  0x0000021a79d21800 GCTaskThread "GC Thread#3" [stack: 0x0000005b7b900000,0x0000005b7ba00000] [id=3636]
  0x0000021a6d236800 ConcurrentGCThread "G1 Main Marker" [stack: 0x0000005b7a700000,0x0000005b7a800000] [id=8740]
  0x0000021a6d23a800 ConcurrentGCThread "G1 Conc#0" [stack: 0x0000005b7a800000,0x0000005b7a900000] [id=8536]
  0x0000021a78caa000 ConcurrentGCThread "G1 Refine#0" [stack: 0x0000005b7a900000,0x0000005b7aa00000] [id=10404]
  0x0000021a78cab000 ConcurrentGCThread "G1 Young RemSet Sampling" [stack: 0x0000005b7aa00000,0x0000005b7ab00000] [id=4008]

Threads with active compile tasks:
C2 CompilerThread0     2789 1847       4       java.io.DataOutputStream::writeUTF (435 bytes)

VM state:at safepoint (normal execution)

VM Mutex/Monitor currently owned by a thread:  ([mutex/lock_event])
[0x0000021a6d17dde0] Threads_lock - owner thread: 0x0000021a79686000
[0x0000021a6d17d3c0] Heap_lock - owner thread: 0x0000021a7b79e800

Heap address: 0x0000000580000000, size: 10240 MB, Compressed Oops mode: Zero based, Oop shift amount: 3
Narrow klass base: 0x0000000800000000, Narrow klass shift: 0
Compressed class space size: 1073741824 Address: 0x0000000800000000

Heap:
 garbage-first heap   total 262144K, used 17841K [0x0000000580000000, 0x0000000800000000)
  region size 2048K, 6 young (12288K), 6 survivors (12288K)
 Metaspace       used 19116K, capacity 19500K, committed 19584K, reserved 1075200K
  class space    used 2219K, capacity 2364K, committed 2432K, reserved 1048576K
Heap Regions: E=young(eden), S=young(survivor), O=old, HS=humongous(starts), HC=humongous(continues), CS=collection set, F=free, A=archive, TAMS=top-at-mark-start (previous, next)
|   0|0x0000000580000000, 0x0000000580200000, 0x0000000580200000|100%| O|  |TAMS 0x0000000580000000, 0x0000000580200000| Untracked 
|   1|0x0000000580200000, 0x0000000580203200, 0x0000000580400000|  0%| O|  |TAMS 0x0000000580200000, 0x0000000580203200| Untracked 
|   2|0x0000000580400000, 0x0000000580600000, 0x0000000580600000|100%|HS|  |TAMS 0x0000000580400000, 0x0000000580600000| Complete 
|   3|0x0000000580600000, 0x0000000580800000, 0x0000000580800000|100%|HC|  |TAMS 0x0000000580600000, 0x0000000580800000| Complete 
|   4|0x0000000580800000, 0x0000000580800000, 0x0000000580a00000|  0%| F|  |TAMS 0x0000000580800000, 0x0000000580800000| Untracked 
|   5|0x0000000580a00000, 0x0000000580a00000, 0x0000000580c00000|  0%| F|  |TAMS 0x0000000580a00000, 0x0000000580a00000| Untracked 
|   6|0x0000000580c00000, 0x0000000580c00000, 0x0000000580e00000|  0%| F|  |TAMS 0x0000000580c00000, 0x0000000580c00000| Untracked 
|   7|0x0000000580e00000, 0x0000000580e00000, 0x0000000581000000|  0%| F|  |TAMS 0x0000000580e00000, 0x0000000580e00000| Untracked 
|   8|0x0000000581000000, 0x0000000581000000, 0x0000000581200000|  0%| F|  |TAMS 0x0000000581000000, 0x0000000581000000| Untracked 
|   9|0x0000000581200000, 0x0000000581200000, 0x0000000581400000|  0%| F|  |TAMS 0x0000000581200000, 0x0000000581200000| Untracked 
|  10|0x0000000581400000, 0x0000000581400000, 0x0000000581600000|  0%| F|  |TAMS 0x0000000581400000, 0x0000000581400000| Untracked 
|  11|0x0000000581600000, 0x0000000581600000, 0x0000000581800000|  0%| F|  |TAMS 0x0000000581600000, 0x0000000581600000| Untracked 
|  12|0x0000000581800000, 0x0000000581800000, 0x0000000581a00000|  0%| F|  |TAMS 0x0000000581800000, 0x0000000581800000| Untracked 
|  13|0x0000000581a00000, 0x0000000581a00000, 0x0000000581c00000|  0%| F|  |TAMS 0x0000000581a00000, 0x0000000581a00000| Untracked 
|  14|0x0000000581c00000, 0x0000000581c00000, 0x0000000581e00000|  0%| F|  |TAMS 0x0000000581c00000, 0x0000000581c00000| Untracked 
|  15|0x0000000581e00000, 0x0000000581e00000, 0x0000000582000000|  0%| F|  |TAMS 0x0000000581e00000, 0x0000000581e00000| Untracked 
|  16|0x0000000582000000, 0x0000000582000000, 0x0000000582200000|  0%| F|  |TAMS 0x0000000582000000, 0x0000000582000000| Untracked 
|  17|0x0000000582200000, 0x0000000582200000, 0x0000000582400000|  0%| F|  |TAMS 0x0000000582200000, 0x0000000582200000| Untracked 
|  18|0x0000000582400000, 0x0000000582400000, 0x0000000582600000|  0%| F|  |TAMS 0x0000000582400000, 0x0000000582400000| Untracked 
|  19|0x0000000582600000, 0x0000000582600000, 0x0000000582800000|  0%| F|  |TAMS 0x0000000582600000, 0x0000000582600000| Untracked 
|  20|0x0000000582800000, 0x0000000582800000, 0x0000000582a00000|  0%| F|  |TAMS 0x0000000582800000, 0x0000000582800000| Untracked 
|  21|0x0000000582a00000, 0x0000000582a00000, 0x0000000582c00000|  0%| F|  |TAMS 0x0000000582a00000, 0x0000000582a00000| Untracked 
|  22|0x0000000582c00000, 0x0000000582c00000, 0x0000000582e00000|  0%| F|  |TAMS 0x0000000582c00000, 0x0000000582c00000| Untracked 
|  23|0x0000000582e00000, 0x0000000582e00000, 0x0000000583000000|  0%| F|  |TAMS 0x0000000582e00000, 0x0000000582e00000| Untracked 
|  24|0x0000000583000000, 0x0000000583000000, 0x0000000583200000|  0%| F|  |TAMS 0x0000000583000000, 0x0000000583000000| Untracked 
|  25|0x0000000583200000, 0x0000000583200000, 0x0000000583400000|  0%| F|  |TAMS 0x0000000583200000, 0x0000000583200000| Untracked 
|  26|0x0000000583400000, 0x0000000583400000, 0x0000000583600000|  0%| F|  |TAMS 0x0000000583400000, 0x0000000583400000| Untracked 
|  27|0x0000000583600000, 0x0000000583600000, 0x0000000583800000|  0%| F|  |TAMS 0x0000000583600000, 0x0000000583600000| Untracked 
|  28|0x0000000583800000, 0x0000000583800000, 0x0000000583a00000|  0%| F|  |TAMS 0x0000000583800000, 0x0000000583800000| Untracked 
|  29|0x0000000583a00000, 0x0000000583a00000, 0x0000000583c00000|  0%| F|  |TAMS 0x0000000583a00000, 0x0000000583a00000| Untracked 
|  30|0x0000000583c00000, 0x0000000583c00000, 0x0000000583e00000|  0%| F|  |TAMS 0x0000000583c00000, 0x0000000583c00000| Untracked 
|  31|0x0000000583e00000, 0x0000000583e00000, 0x0000000584000000|  0%| F|  |TAMS 0x0000000583e00000, 0x0000000583e00000| Untracked 
|  32|0x0000000584000000, 0x0000000584000000, 0x0000000584200000|  0%| F|  |TAMS 0x0000000584000000, 0x0000000584000000| Untracked 
|  33|0x0000000584200000, 0x0000000584200000, 0x0000000584400000|  0%| F|  |TAMS 0x0000000584200000, 0x0000000584200000| Untracked 
|  34|0x0000000584400000, 0x0000000584400000, 0x0000000584600000|  0%| F|  |TAMS 0x0000000584400000, 0x0000000584400000| Untracked 
|  35|0x0000000584600000, 0x0000000584600000, 0x0000000584800000|  0%| F|  |TAMS 0x0000000584600000, 0x0000000584600000| Untracked 
|  36|0x0000000584800000, 0x0000000584800000, 0x0000000584a00000|  0%| F|  |TAMS 0x0000000584800000, 0x0000000584800000| Untracked 
|  37|0x0000000584a00000, 0x0000000584a00000, 0x0000000584c00000|  0%| F|  |TAMS 0x0000000584a00000, 0x0000000584a00000| Untracked 
|  38|0x0000000584c00000, 0x0000000584c00000, 0x0000000584e00000|  0%| F|  |TAMS 0x0000000584c00000, 0x0000000584c00000| Untracked 
|  39|0x0000000584e00000, 0x0000000584e00000, 0x0000000585000000|  0%| F|  |TAMS 0x0000000584e00000, 0x0000000584e00000| Untracked 
|  40|0x0000000585000000, 0x0000000585000000, 0x0000000585200000|  0%| F|  |TAMS 0x0000000585000000, 0x0000000585000000| Untracked 
|  41|0x0000000585200000, 0x0000000585200000, 0x0000000585400000|  0%| F|  |TAMS 0x0000000585200000, 0x0000000585200000| Untracked 
|  42|0x0000000585400000, 0x0000000585400000, 0x0000000585600000|  0%| F|  |TAMS 0x0000000585400000, 0x0000000585400000| Untracked 
|  43|0x0000000585600000, 0x0000000585600000, 0x0000000585800000|  0%| F|  |TAMS 0x0000000585600000, 0x0000000585600000| Untracked 
|  44|0x0000000585800000, 0x0000000585800000, 0x0000000585a00000|  0%| F|  |TAMS 0x0000000585800000, 0x0000000585800000| Untracked 
|  45|0x0000000585a00000, 0x0000000585a00000, 0x0000000585c00000|  0%| F|  |TAMS 0x0000000585a00000, 0x0000000585a00000| Untracked 
|  46|0x0000000585c00000, 0x0000000585c00000, 0x0000000585e00000|  0%| F|  |TAMS 0x0000000585c00000, 0x0000000585c00000| Untracked 
|  47|0x0000000585e00000, 0x0000000585e00000, 0x0000000586000000|  0%| F|  |TAMS 0x0000000585e00000, 0x0000000585e00000| Untracked 
|  48|0x0000000586000000, 0x0000000586000000, 0x0000000586200000|  0%| F|  |TAMS 0x0000000586000000, 0x0000000586000000| Untracked 
|  49|0x0000000586200000, 0x0000000586200000, 0x0000000586400000|  0%| F|  |TAMS 0x0000000586200000, 0x0000000586200000| Untracked 
|  50|0x0000000586400000, 0x0000000586400000, 0x0000000586600000|  0%| F|  |TAMS 0x0000000586400000, 0x0000000586400000| Untracked 
|  51|0x0000000586600000, 0x0000000586600000, 0x0000000586800000|  0%| F|  |TAMS 0x0000000586600000, 0x0000000586600000| Untracked 
|  52|0x0000000586800000, 0x0000000586800000, 0x0000000586a00000|  0%| F|  |TAMS 0x0000000586800000, 0x0000000586800000| Untracked 
|  53|0x0000000586a00000, 0x0000000586a00000, 0x0000000586c00000|  0%| F|  |TAMS 0x0000000586a00000, 0x0000000586a00000| Untracked 
|  54|0x0000000586c00000, 0x0000000586c00000, 0x0000000586e00000|  0%| F|  |TAMS 0x0000000586c00000, 0x0000000586c00000| Untracked 
|  55|0x0000000586e00000, 0x0000000586e00000, 0x0000000587000000|  0%| F|  |TAMS 0x0000000586e00000, 0x0000000586e00000| Untracked 
|  56|0x0000000587000000, 0x0000000587000000, 0x0000000587200000|  0%| F|  |TAMS 0x0000000587000000, 0x0000000587000000| Untracked 
|  57|0x0000000587200000, 0x0000000587200000, 0x0000000587400000|  0%| F|  |TAMS 0x0000000587200000, 0x0000000587200000| Untracked 
|  58|0x0000000587400000, 0x0000000587400000, 0x0000000587600000|  0%| F|  |TAMS 0x0000000587400000, 0x0000000587400000| Untracked 
|  59|0x0000000587600000, 0x0000000587600000, 0x0000000587800000|  0%| F|  |TAMS 0x0000000587600000, 0x0000000587600000| Untracked 
|  60|0x0000000587800000, 0x0000000587800000, 0x0000000587a00000|  0%| F|  |TAMS 0x0000000587800000, 0x0000000587800000| Untracked 
|  61|0x0000000587a00000, 0x0000000587a00000, 0x0000000587c00000|  0%| F|  |TAMS 0x0000000587a00000, 0x0000000587a00000| Untracked 
|  62|0x0000000587c00000, 0x0000000587c00000, 0x0000000587e00000|  0%| F|  |TAMS 0x0000000587c00000, 0x0000000587c00000| Untracked 
|  63|0x0000000587e00000, 0x0000000587e00000, 0x0000000588000000|  0%| F|  |TAMS 0x0000000587e00000, 0x0000000587e00000| Untracked 
|  64|0x0000000588000000, 0x0000000588000000, 0x0000000588200000|  0%| F|  |TAMS 0x0000000588000000, 0x0000000588000000| Untracked 
|  65|0x0000000588200000, 0x0000000588200000, 0x0000000588400000|  0%| F|  |TAMS 0x0000000588200000, 0x0000000588200000| Untracked 
|  66|0x0000000588400000, 0x0000000588400000, 0x0000000588600000|  0%| F|  |TAMS 0x0000000588400000, 0x0000000588400000| Untracked 
|  67|0x0000000588600000, 0x0000000588600000, 0x0000000588800000|  0%| F|  |TAMS 0x0000000588600000, 0x0000000588600000| Untracked 
|  68|0x0000000588800000, 0x0000000588800000, 0x0000000588a00000|  0%| F|  |TAMS 0x0000000588800000, 0x0000000588800000| Untracked 
|  69|0x0000000588a00000, 0x0000000588a00000, 0x0000000588c00000|  0%| F|  |TAMS 0x0000000588a00000, 0x0000000588a00000| Untracked 
|  70|0x0000000588c00000, 0x0000000588c00000, 0x0000000588e00000|  0%| F|  |TAMS 0x0000000588c00000, 0x0000000588c00000| Untracked 
|  71|0x0000000588e00000, 0x0000000588e00000, 0x0000000589000000|  0%| F|  |TAMS 0x0000000588e00000, 0x0000000588e00000| Untracked 
|  72|0x0000000589000000, 0x0000000589000000, 0x0000000589200000|  0%| F|  |TAMS 0x0000000589000000, 0x0000000589000000| Untracked 
|  73|0x0000000589200000, 0x0000000589200000, 0x0000000589400000|  0%| F|  |TAMS 0x0000000589200000, 0x0000000589200000| Untracked 
|  74|0x0000000589400000, 0x0000000589400000, 0x0000000589600000|  0%| F|  |TAMS 0x0000000589400000, 0x0000000589400000| Untracked 
|  75|0x0000000589600000, 0x0000000589600000, 0x0000000589800000|  0%| F|  |TAMS 0x0000000589600000, 0x0000000589600000| Untracked 
|  76|0x0000000589800000, 0x00000005899694a0, 0x0000000589a00000| 70%| S|CS|TAMS 0x0000000589800000, 0x0000000589800000| Complete 
|  77|0x0000000589a00000, 0x0000000589c00000, 0x0000000589c00000|100%| S|CS|TAMS 0x0000000589a00000, 0x0000000589a00000| Complete 
|  78|0x0000000589c00000, 0x0000000589e00000, 0x0000000589e00000|100%| S|CS|TAMS 0x0000000589c00000, 0x0000000589c00000| Complete 
|  79|0x0000000589e00000, 0x000000058a000000, 0x000000058a000000|100%| S|CS|TAMS 0x0000000589e00000, 0x0000000589e00000| Complete 
|  80|0x000000058a000000, 0x000000058a200000, 0x000000058a200000|100%| S|CS|TAMS 0x000000058a000000, 0x000000058a000000| Complete 
|  81|0x000000058a200000, 0x000000058a400000, 0x000000058a400000|100%| S|CS|TAMS 0x000000058a200000, 0x000000058a200000| Complete 
|  82|0x000000058a400000, 0x000000058a400000, 0x000000058a600000|  0%| F|  |TAMS 0x000000058a400000, 0x000000058a400000| Untracked 
|  83|0x000000058a600000, 0x000000058a600000, 0x000000058a800000|  0%| F|  |TAMS 0x000000058a600000, 0x000000058a600000| Untracked 
|  84|0x000000058a800000, 0x000000058a800000, 0x000000058aa00000|  0%| F|  |TAMS 0x000000058a800000, 0x000000058a800000| Untracked 
|  85|0x000000058aa00000, 0x000000058aa00000, 0x000000058ac00000|  0%| F|  |TAMS 0x000000058aa00000, 0x000000058aa00000| Untracked 
|  86|0x000000058ac00000, 0x000000058ac00000, 0x000000058ae00000|  0%| F|  |TAMS 0x000000058ac00000, 0x000000058ac00000| Untracked 
|  87|0x000000058ae00000, 0x000000058ae00000, 0x000000058b000000|  0%| F|  |TAMS 0x000000058ae00000, 0x000000058ae00000| Untracked 
|  88|0x000000058b000000, 0x000000058b000000, 0x000000058b200000|  0%| F|  |TAMS 0x000000058b000000, 0x000000058b000000| Untracked 
|  89|0x000000058b200000, 0x000000058b200000, 0x000000058b400000|  0%| F|  |TAMS 0x000000058b200000, 0x000000058b200000| Untracked 
|  90|0x000000058b400000, 0x000000058b400000, 0x000000058b600000|  0%| F|  |TAMS 0x000000058b400000, 0x000000058b400000| Untracked 
|  91|0x000000058b600000, 0x000000058b600000, 0x000000058b800000|  0%| F|  |TAMS 0x000000058b600000, 0x000000058b600000| Untracked 
|  92|0x000000058b800000, 0x000000058b800000, 0x000000058ba00000|  0%| F|  |TAMS 0x000000058b800000, 0x000000058b800000| Untracked 
|  93|0x000000058ba00000, 0x000000058ba00000, 0x000000058bc00000|  0%| F|  |TAMS 0x000000058ba00000, 0x000000058ba00000| Untracked 
|  94|0x000000058bc00000, 0x000000058bc00000, 0x000000058be00000|  0%| F|  |TAMS 0x000000058bc00000, 0x000000058bc00000| Untracked 
|  95|0x000000058be00000, 0x000000058be00000, 0x000000058c000000|  0%| F|  |TAMS 0x000000058be00000, 0x000000058be00000| Untracked 
|  96|0x000000058c000000, 0x000000058c000000, 0x000000058c200000|  0%| F|  |TAMS 0x000000058c000000, 0x000000058c000000| Untracked 
|  97|0x000000058c200000, 0x000000058c200000, 0x000000058c400000|  0%| F|  |TAMS 0x000000058c200000, 0x000000058c200000| Untracked 
|  98|0x000000058c400000, 0x000000058c400000, 0x000000058c600000|  0%| F|  |TAMS 0x000000058c400000, 0x000000058c400000| Untracked 
|  99|0x000000058c600000, 0x000000058c600000, 0x000000058c800000|  0%| F|  |TAMS 0x000000058c600000, 0x000000058c600000| Untracked 
| 100|0x000000058c800000, 0x000000058c800000, 0x000000058ca00000|  0%| F|  |TAMS 0x000000058c800000, 0x000000058c800000| Untracked 
| 101|0x000000058ca00000, 0x000000058ca00000, 0x000000058cc00000|  0%| F|  |TAMS 0x000000058ca00000, 0x000000058ca00000| Untracked 
| 102|0x000000058cc00000, 0x000000058cc00000, 0x000000058ce00000|  0%| F|  |TAMS 0x000000058cc00000, 0x000000058cc00000| Untracked 
| 103|0x000000058ce00000, 0x000000058ce00000, 0x000000058d000000|  0%| F|  |TAMS 0x000000058ce00000, 0x000000058ce00000| Untracked 
| 104|0x000000058d000000, 0x000000058d000000, 0x000000058d200000|  0%| F|  |TAMS 0x000000058d000000, 0x000000058d000000| Untracked 
| 105|0x000000058d200000, 0x000000058d200000, 0x000000058d400000|  0%| F|  |TAMS 0x000000058d200000, 0x000000058d200000| Untracked 
| 106|0x000000058d400000, 0x000000058d400000, 0x000000058d600000|  0%| F|  |TAMS 0x000000058d400000, 0x000000058d400000| Untracked 
| 107|0x000000058d600000, 0x000000058d600000, 0x000000058d800000|  0%| F|  |TAMS 0x000000058d600000, 0x000000058d600000| Untracked 
| 108|0x000000058d800000, 0x000000058d800000, 0x000000058da00000|  0%| F|  |TAMS 0x000000058d800000, 0x000000058d800000| Untracked 
| 109|0x000000058da00000, 0x000000058da00000, 0x000000058dc00000|  0%| F|  |TAMS 0x000000058da00000, 0x000000058da00000| Untracked 
| 110|0x000000058dc00000, 0x000000058dc00000, 0x000000058de00000|  0%| F|  |TAMS 0x000000058dc00000, 0x000000058dc00000| Untracked 
| 111|0x000000058de00000, 0x000000058de00000, 0x000000058e000000|  0%| F|  |TAMS 0x000000058de00000, 0x000000058de00000| Untracked 
| 112|0x000000058e000000, 0x000000058e000000, 0x000000058e200000|  0%| F|  |TAMS 0x000000058e000000, 0x000000058e000000| Untracked 
| 113|0x000000058e200000, 0x000000058e200000, 0x000000058e400000|  0%| F|  |TAMS 0x000000058e200000, 0x000000058e200000| Untracked 
| 114|0x000000058e400000, 0x000000058e400000, 0x000000058e600000|  0%| F|  |TAMS 0x000000058e400000, 0x000000058e400000| Untracked 
| 115|0x000000058e600000, 0x000000058e600000, 0x000000058e800000|  0%| F|  |TAMS 0x000000058e600000, 0x000000058e600000| Untracked 
| 116|0x000000058e800000, 0x000000058e800000, 0x000000058ea00000|  0%| F|  |TAMS 0x000000058e800000, 0x000000058e800000| Untracked 
| 117|0x000000058ea00000, 0x000000058ea00000, 0x000000058ec00000|  0%| F|  |TAMS 0x000000058ea00000, 0x000000058ea00000| Untracked 
| 118|0x000000058ec00000, 0x000000058ec00000, 0x000000058ee00000|  0%| F|  |TAMS 0x000000058ec00000, 0x000000058ec00000| Untracked 
| 119|0x000000058ee00000, 0x000000058ee00000, 0x000000058f000000|  0%| F|  |TAMS 0x000000058ee00000, 0x000000058ee00000| Untracked 
| 120|0x000000058f000000, 0x000000058f000000, 0x000000058f200000|  0%| F|  |TAMS 0x000000058f000000, 0x000000058f000000| Untracked 
| 121|0x000000058f200000, 0x000000058f200000, 0x000000058f400000|  0%| F|  |TAMS 0x000000058f200000, 0x000000058f200000| Untracked 
| 122|0x000000058f400000, 0x000000058f400000, 0x000000058f600000|  0%| F|  |TAMS 0x000000058f400000, 0x000000058f400000| Untracked 
| 123|0x000000058f600000, 0x000000058f600000, 0x000000058f800000|  0%| F|  |TAMS 0x000000058f600000, 0x000000058f600000| Untracked 
| 124|0x000000058f800000, 0x000000058f800000, 0x000000058fa00000|  0%| F|  |TAMS 0x000000058f800000, 0x000000058f800000| Untracked 
| 125|0x000000058fa00000, 0x000000058fa00000, 0x000000058fc00000|  0%| F|  |TAMS 0x000000058fa00000, 0x000000058fa00000| Untracked 
| 126|0x000000058fc00000, 0x000000058fc00000, 0x000000058fe00000|  0%| F|  |TAMS 0x000000058fc00000, 0x000000058fc00000| Untracked 
| 127|0x000000058fe00000, 0x000000058fe00000, 0x0000000590000000|  0%| F|  |TAMS 0x000000058fe00000, 0x000000058fe00000| Untracked 

Card table byte_map: [0x0000021a73ef0000,0x0000021a752f0000] _byte_map_base: 0x0000021a712f0000

Marking Bits (Prev, Next): (CMBitMap*) 0x0000021a6d2218a8, (CMBitMap*) 0x0000021a6d2218e0
 Prev Bits: [0x0000021a0f000000, 0x0000021a19000000)
 Next Bits: [0x0000021a19000000, 0x0000021a23000000)

Polling page: 0x0000021a6d050000

Metaspace:

Usage:
  Non-class:     16.73 MB capacity,    16.50 MB ( 99%) used,   204.66 KB (  1%) free+waste,    33.75 KB ( <1%) overhead. 
      Class:      2.31 MB capacity,     2.17 MB ( 94%) used,   128.69 KB (  5%) free+waste,    16.19 KB ( <1%) overhead. 
       Both:     19.04 MB capacity,    18.67 MB ( 98%) used,   333.35 KB (  2%) free+waste,    49.94 KB ( <1%) overhead. 

Virtual space:
  Non-class space:       26.00 MB reserved,      16.75 MB ( 64%) committed 
      Class space:        1.00 GB reserved,       2.38 MB ( <1%) committed 
             Both:        1.03 GB reserved,      19.12 MB (  2%) committed 

Chunk freelists:
   Non-Class:  16.00 KB
       Class:  4.00 KB
        Both:  20.00 KB

MaxMetaspaceSize: 17179869184.00 GB
CompressedClassSpaceSize: 1.00 GB
Initial GC threshold: 20.80 MB
Current GC threshold: 21.12 MB
CDS: off

CodeHeap 'non-profiled nmethods': size=120064Kb used=884Kb max_used=884Kb free=119179Kb
 bounds [0x0000021a07ac0000, 0x0000021a07d30000, 0x0000021a0f000000]
CodeHeap 'profiled nmethods': size=120000Kb used=3987Kb max_used=3987Kb free=116012Kb
 bounds [0x0000021a00590000, 0x0000021a00980000, 0x0000021a07ac0000]
CodeHeap 'non-nmethods': size=5696Kb used=1197Kb max_used=1210Kb free=4498Kb
 bounds [0x0000021a00000000, 0x0000021a00270000, 0x0000021a00590000]
 total_blobs=2320 nmethods=1856 adapters=376
 compilation: enabled
              stopped_count=0, restarted_count=0
 full_count=0

Compilation events (20 events):
Event: 2.727 Thread 0x0000021a796da800 1849       3       sun.reflect.generics.parser.SignatureParser::mark (9 bytes)
Event: 2.728 Thread 0x0000021a796da800 nmethod 1849 0x0000021a0096f790 code [0x0000021a0096f940, 0x0000021a0096fa38]
Event: 2.728 Thread 0x0000021a796da800 1850       3       sun.reflect.generics.parser.SignatureParser::markToCurrent (16 bytes)
Event: 2.728 Thread 0x0000021a796da800 nmethod 1850 0x0000021a0096fb10 code [0x0000021a0096fcc0, 0x0000021a0096fe08]
Event: 2.729 Thread 0x0000021a796da800 1851       1       java.lang.invoke.MethodHandleImpl::isCompileConstant (2 bytes)
Event: 2.729 Thread 0x0000021a796da800 nmethod 1851 0x0000021a07b9c510 code [0x0000021a07b9c6c0, 0x0000021a07b9c758]
Event: 2.729 Thread 0x0000021a796da800 1852       3       java.lang.WeakPairMap$Pair$Weak::first (5 bytes)
Event: 2.729 Thread 0x0000021a796da800 nmethod 1852 0x0000021a07b9c810 code [0x0000021a07b9c9c0, 0x0000021a07b9cb78]
Event: 2.729 Thread 0x0000021a796d4800 nmethod 1845 0x0000021a07b9cc10 code [0x0000021a07b9cdc0, 0x0000021a07b9d018]
Event: 2.729 Thread 0x0000021a796d4800 1847       4       java.io.DataOutputStream::writeUTF (435 bytes)
Event: 2.731 Thread 0x0000021a796da800 1853       3       java.lang.invoke.DirectMethodHandle::shouldBeInitialized (123 bytes)
Event: 2.732 Thread 0x0000021a796da800 nmethod 1853 0x0000021a0096ff10 code [0x0000021a00970300, 0x0000021a00971998]
Event: 2.732 Thread 0x0000021a796da800 1855       3       java.lang.reflect.Modifier::isAbstract (14 bytes)
Event: 2.732 Thread 0x0000021a796da800 nmethod 1855 0x0000021a00972090 code [0x0000021a00972240, 0x0000021a00972378]
Event: 2.734 Thread 0x0000021a796da800 1856       3       java.util.concurrent.ConcurrentHashMap::get (162 bytes)
Event: 2.734 Thread 0x0000021a796da800 nmethod 1856 0x0000021a00972410 code [0x0000021a00972680, 0x0000021a009733b8]
Event: 2.736 Thread 0x0000021a796da800 1857   !   3       java.lang.reflect.Executable::declaredAnnotations (85 bytes)
Event: 2.736 Thread 0x0000021a796da800 nmethod 1857 0x0000021a00973710 code [0x0000021a00973960, 0x0000021a00974348]
Event: 2.736 Thread 0x0000021a796da800 1858       3       java.lang.invoke.Invokers$Holder::linkToTargetMethod (10 bytes)
Event: 2.736 Thread 0x0000021a796da800 nmethod 1858 0x0000021a00974710 code [0x0000021a009748e0, 0x0000021a00974d58]

GC Heap History (4 events):
Event: 0.619 GC heap before
{Heap before GC invocations=0 (full 0):
 garbage-first heap   total 262144K, used 14336K [0x0000000580000000, 0x0000000800000000)
  region size 2048K, 7 young (14336K), 0 survivors (0K)
 Metaspace       used 6757K, capacity 6997K, committed 7168K, reserved 1056768K
  class space    used 571K, capacity 650K, committed 768K, reserved 1048576K
}
Event: 0.625 GC heap after
{Heap after GC invocations=1 (full 0):
 garbage-first heap   total 262144K, used 4108K [0x0000000580000000, 0x0000000800000000)
  region size 2048K, 1 young (2048K), 1 survivors (2048K)
 Metaspace       used 6757K, capacity 6997K, committed 7168K, reserved 1056768K
  class space    used 571K, capacity 650K, committed 768K, reserved 1048576K
}
Event: 2.738 GC heap before
{Heap before GC invocations=1 (full 0):
 garbage-first heap   total 262144K, used 98316K [0x0000000580000000, 0x0000000800000000)
  region size 2048K, 46 young (94208K), 1 survivors (2048K)
 Metaspace       used 19116K, capacity 19500K, committed 19584K, reserved 1073152K
  class space    used 2219K, capacity 2364K, committed 2432K, reserved 1048576K
}
Event: 2.745 GC heap after
{Heap after GC invocations=2 (full 0):
 garbage-first heap   total 262144K, used 17841K [0x0000000580000000, 0x0000000800000000)
  region size 2048K, 6 young (12288K), 6 survivors (12288K)
 Metaspace       used 19116K, capacity 19500K, committed 19584K, reserved 1073152K
  class space    used 2219K, capacity 2364K, committed 2432K, reserved 1048576K
}

Deoptimization events (20 events):
Event: 2.425 Thread 0x0000021a6d182800 Uncommon trap: trap_request=0xffffffc6 fr.pc=0x0000021a07b3a950 relative=0x0000000000000110
Event: 2.425 Thread 0x0000021a6d182800 Uncommon trap: reason=bimorphic_or_optimized_type_check action=maybe_recompile pc=0x0000021a07b3a950 method=java.util.AbstractList$Itr.next()Ljava/lang/Object; @ 14 c2
Event: 2.425 Thread 0x0000021a6d182800 DEOPT PACKING pc=0x0000021a07b3a950 sp=0x0000005b7a5fd4c0
Event: 2.425 Thread 0x0000021a6d182800 DEOPT UNPACKING pc=0x0000021a0004a1af sp=0x0000005b7a5fd458 mode 2
Event: 2.520 Thread 0x0000021a7b265000 Uncommon trap: trap_request=0xffffffc6 fr.pc=0x0000021a07b3a5a4 relative=0x0000000000000084
Event: 2.520 Thread 0x0000021a7b265000 Uncommon trap: reason=bimorphic_or_optimized_type_check action=maybe_recompile pc=0x0000021a07b3a5a4 method=java.util.AbstractList$Itr.hasNext()Z @ 8 c2
Event: 2.520 Thread 0x0000021a7b265000 DEOPT PACKING pc=0x0000021a07b3a5a4 sp=0x0000005b7bbfe390
Event: 2.520 Thread 0x0000021a7b265000 DEOPT UNPACKING pc=0x0000021a0004a1af sp=0x0000005b7bbfe328 mode 2
Event: 2.520 Thread 0x0000021a7b265000 Uncommon trap: trap_request=0xffffffc6 fr.pc=0x0000021a07b3a950 relative=0x0000000000000110
Event: 2.520 Thread 0x0000021a7b265000 Uncommon trap: reason=bimorphic_or_optimized_type_check action=maybe_recompile pc=0x0000021a07b3a950 method=java.util.AbstractList$Itr.next()Ljava/lang/Object; @ 14 c2
Event: 2.520 Thread 0x0000021a7b265000 DEOPT PACKING pc=0x0000021a07b3a950 sp=0x0000005b7bbfe380
Event: 2.520 Thread 0x0000021a7b265000 DEOPT UNPACKING pc=0x0000021a0004a1af sp=0x0000005b7bbfe318 mode 2
Event: 2.564 Thread 0x0000021a79d2f800 Uncommon trap: trap_request=0xffffff4d fr.pc=0x0000021a07b65de4 relative=0x00000000000013a4
Event: 2.564 Thread 0x0000021a79d2f800 Uncommon trap: reason=unstable_if action=reinterpret pc=0x0000021a07b65de4 method=java.util.concurrent.ConcurrentHashMap.putVal(Ljava/lang/Object;Ljava/lang/Object;Z)Ljava/lang/Object; @ 231 c2
Event: 2.564 Thread 0x0000021a79d2f800 DEOPT PACKING pc=0x0000021a07b65de4 sp=0x0000005b7befdfd0
Event: 2.564 Thread 0x0000021a79d2f800 DEOPT UNPACKING pc=0x0000021a0004a1af sp=0x0000005b7befdf50 mode 2
Event: 2.729 Thread 0x0000021a7b79e800 Uncommon trap: trap_request=0xffffff4d fr.pc=0x0000021a07b17d74 relative=0x00000000000003b4
Event: 2.729 Thread 0x0000021a7b79e800 Uncommon trap: reason=unstable_if action=reinterpret pc=0x0000021a07b17d74 method=java.util.concurrent.ConcurrentHashMap.get(Ljava/lang/Object;)Ljava/lang/Object; @ 76 c2
Event: 2.729 Thread 0x0000021a7b79e800 DEOPT PACKING pc=0x0000021a07b17d74 sp=0x0000005b7bff9860
Event: 2.729 Thread 0x0000021a7b79e800 DEOPT UNPACKING pc=0x0000021a0004a1af sp=0x0000005b7bff97d8 mode 2

Classes redefined (0 events):
No events

Internal exceptions (20 events):
Event: 0.202 Thread 0x0000021a6d182800 Exception <a 'java/lang/NoSuchMethodError'{0x000000058fc34618}: 'int java.lang.invoke.DirectMethodHandle$Holder.invokeStaticInit(java.lang.Object, java.lang.Object)'> (0x000000058fc34618) thrown at [src/hotspot/share/interpreter/linkResolver.cpp, line 773]
Event: 0.246 Thread 0x0000021a6d182800 Exception <a 'java/lang/NoSuchMethodError'{0x000000058fd05020}: 'int java.lang.invoke.DirectMethodHandle$Holder.invokeSpecial(java.lang.Object, java.lang.Object, java.lang.Object, java.lang.Object)'> (0x000000058fd05020) thrown at [src/hotspot/share/interpreter/linkResolver.cpp, line 773]
Event: 0.256 Thread 0x0000021a6d182800 Exception <a 'java/lang/NoSuchMethodError'{0x000000058fd3d018}: 'int java.lang.invoke.DirectMethodHandle$Holder.invokeSpecialIFC(java.lang.Object, java.lang.Object, int)'> (0x000000058fd3d018) thrown at [src/hotspot/share/interpreter/linkResolver.cpp, line 773]
Event: 0.659 Thread 0x0000021a6d182800 Exception <a 'java/lang/NoClassDefFoundError'{0x000000058fc297c8}: org/slf4j/impl/StaticMarkerBinder> (0x000000058fc297c8) thrown at [src/hotspot/share/classfile/systemDictionary.cpp, line 219]
Event: 0.761 Thread 0x0000021a6d182800 Exception <a 'java/lang/NoSuchMethodError'{0x000000058fb72758}: 'java.lang.Object java.lang.invoke.DirectMethodHandle$Holder.invokeVirtual(java.lang.Object, java.lang.Object, java.lang.Object, java.lang.Object, java.lang.Object, java.lang.Object, java.lang.Object)'> (0x000000058fb72758) thrown at [src/hotspot/share/interpreter/linkResolver.cpp, line 773]
Event: 0.766 Thread 0x0000021a6d182800 Exception <a 'java/lang/NoSuchMethodError'{0x000000058fb87210}: 'java.lang.Object java.lang.invoke.Invokers$Holder.invoker(java.lang.Object, java.lang.Object, java.lang.Object)'> (0x000000058fb87210) thrown at [src/hotspot/share/interpreter/linkResolver.cpp, line 773]
Event: 0.769 Thread 0x0000021a6d182800 Exception <a 'java/lang/NoSuchMethodError'{0x000000058fb98288}: 'void java.lang.invoke.DelegatingMethodHandle$Holder.delegate(java.lang.Object, java.lang.Object, int, java.lang.Object)'> (0x000000058fb98288) thrown at [src/hotspot/share/interpreter/linkResolver.cpp, line 773]
Event: 1.726 Thread 0x0000021a6d182800 Exception <a 'java/security/PrivilegedActionException'{0x000000058d20d360}> (0x000000058d20d360) thrown at [src/hotspot/share/prims/jvm.cpp, line 1306]
Event: 1.726 Thread 0x0000021a6d182800 Exception <a 'java/security/PrivilegedActionException'{0x000000058d20d8d8}> (0x000000058d20d8d8) thrown at [src/hotspot/share/prims/jvm.cpp, line 1306]
Event: 2.078 Thread 0x0000021a6d182800 Exception <a 'java/lang/NoSuchMethodError'{0x000000058c08f608}: 'java.lang.Object java.lang.invoke.DirectMethodHandle$Holder.invokeStaticInit(java.lang.Object, java.lang.Object, java.lang.Object)'> (0x000000058c08f608) thrown at [src/hotspot/share/interpreter/linkResolver.cpp, line 773]
Event: 2.227 Thread 0x0000021a6d182800 Exception <a 'java/lang/NoSuchMethodError'{0x000000058bb9c200}: 'java.lang.Object java.lang.invoke.DirectMethodHandle$Holder.invokeStaticInit(java.lang.Object, int, int, int, int)'> (0x000000058bb9c200) thrown at [src/hotspot/share/interpreter/linkResolver.cpp, line 773]
Event: 2.316 Thread 0x0000021a6d182800 Exception <a 'java/lang/NoSuchMethodError'{0x000000058bbffa68}: 'java.lang.Object java.lang.invoke.DirectMethodHandle$Holder.invokeStaticInit(java.lang.Object, java.lang.Object, int, int, int, int)'> (0x000000058bbffa68) thrown at [src/hotspot/share/interpreter/linkResolver.cpp, line 773]
Event: 2.467 Thread 0x0000021a6d182800 Exception <a 'java/lang/NoSuchMethodError'{0x000000058b69d2b0}: 'void java.lang.invoke.DirectMethodHandle$Holder.invokeSpecial(java.lang.Object, java.lang.Object)'> (0x000000058b69d2b0) thrown at [src/hotspot/share/interpreter/linkResolver.cpp, line 773]
Event: 2.475 Thread 0x0000021a6d182800 Exception <a 'java/io/IOException'{0x000000058b6b6720}> (0x000000058b6b6720) thrown at [src/hotspot/share/prims/jni.cpp, line 617]
Event: 2.568 Thread 0x0000021a79d2f800 Exception <a 'java/lang/NoSuchMethodError'{0x000000058b201aa0}: <clinit>> (0x000000058b201aa0) thrown at [src/hotspot/share/prims/jni.cpp, line 1367]
Event: 2.570 Thread 0x0000021a79d2f800 Exception <a 'java/lang/NoSuchMethodError'{0x000000058b2198b0}: <clinit>> (0x000000058b2198b0) thrown at [src/hotspot/share/prims/jni.cpp, line 1367]
Event: 2.570 Thread 0x0000021a79d2f800 Exception <a 'java/lang/NoSuchMethodError'{0x000000058b223278}: <clinit>> (0x000000058b223278) thrown at [src/hotspot/share/prims/jni.cpp, line 1367]
Event: 2.573 Thread 0x0000021a79d2f800 Exception <a 'java/lang/NoSuchMethodError'{0x000000058b238628}: <clinit>> (0x000000058b238628) thrown at [src/hotspot/share/prims/jni.cpp, line 1367]
Event: 2.640 Thread 0x0000021a7b79e800 Exception <a 'java/lang/NoSuchMethodError'{0x000000058ad3b1c0}: 'long java.lang.invoke.DirectMethodHandle$Holder.invokeInterface(java.lang.Object, java.lang.Object)'> (0x000000058ad3b1c0) thrown at [src/hotspot/share/interpreter/linkResolver.cpp, line 773]
Event: 2.645 Thread 0x0000021a7b79e800 Exception <a 'java/lang/NoSuchMethodError'{0x000000058ad86788}: 'java.lang.Object java.lang.invoke.DirectMethodHandle$Holder.invokeVirtual(java.lang.Object, java.lang.Object, java.lang.Object)'> (0x000000058ad86788) thrown at [src/hotspot/share/interpreter/linkResolver.cpp, line 773]

Events (20 events):
Event: 2.731 loading class java/util/stream/MatchOps$BooleanTerminalSink done
Event: 2.731 loading class java/util/stream/MatchOps$1MatchSink
Event: 2.731 loading class java/util/stream/MatchOps$1MatchSink done
Event: 2.732 loading class groovy/lang/Closure
Event: 2.732 loading class groovy/lang/Closure done
Event: 2.732 Executing VM operation: RevokeBias
Event: 2.732 Executing VM operation: RevokeBias done
Event: 2.732 Executing VM operation: BulkRevokeBias
Event: 2.732 Executing VM operation: BulkRevokeBias done
Event: 2.732 Executing VM operation: RevokeBias
Event: 2.732 Executing VM operation: RevokeBias done
Event: 2.733 loading class groovy/lang/GroovyCallable
Event: 2.733 loading class groovy/lang/GroovyCallable done
Event: 2.734 loading class groovy/lang/GroovyObjectSupport
Event: 2.734 loading class groovy/lang/GroovyObjectSupport done
Event: 2.735 loading class org/gradle/internal/instantiation/generator/AbstractClassGenerator$PropertyMetadata
Event: 2.735 loading class org/gradle/internal/instantiation/generator/AbstractClassGenerator$PropertyMetadata done
Event: 2.736 loading class org/gradle/internal/instantiation/generator/AsmBackedClassGenerator$ClassBuilderImpl
Event: 2.736 loading class org/gradle/internal/instantiation/generator/AsmBackedClassGenerator$ClassBuilderImpl done
Event: 2.737 Executing VM operation: CollectForMetadataAllocation


Dynamic libraries:
0x00007ff683d30000 - 0x00007ff683d3a000 	D:\Program Files\Android Studio\jbr\bin\java.exe
0x00007ffae5f30000 - 0x00007ffae6128000 	C:\WINDOWS\SYSTEM32\ntdll.dll
0x00007ffae4020000 - 0x00007ffae40df000 	C:\WINDOWS\System32\KERNEL32.DLL
0x00007ffae3a00000 - 0x00007ffae3cda000 	C:\WINDOWS\System32\KERNELBASE.dll
0x00007ffae3870000 - 0x00007ffae3970000 	C:\WINDOWS\System32\ucrtbase.dll
0x00007ffabcb00000 - 0x00007ffabcb1b000 	D:\Program Files\Android Studio\jbr\bin\VCRUNTIME140.dll
0x00007ffabc5b0000 - 0x00007ffabc5c7000 	D:\Program Files\Android Studio\jbr\bin\jli.dll
0x00007ffae59f0000 - 0x00007ffae5b8d000 	C:\WINDOWS\System32\USER32.dll
0x00007ffae3690000 - 0x00007ffae36b2000 	C:\WINDOWS\System32\win32u.dll
0x00007ffae59c0000 - 0x00007ffae59eb000 	C:\WINDOWS\System32\GDI32.dll
0x00007ffae36c0000 - 0x00007ffae37d0000 	C:\WINDOWS\System32\gdi32full.dll
0x00007ffae2a40000 - 0x00007ffae2cda000 	C:\WINDOWS\WinSxS\amd64_microsoft.windows.common-controls_6595b64144ccf1df_6.0.19041.1110_none_60b5254171f9507e\COMCTL32.dll
0x00007ffae37d0000 - 0x00007ffae386d000 	C:\WINDOWS\System32\msvcp_win.dll
0x00007ffae4630000 - 0x00007ffae46ce000 	C:\WINDOWS\System32\msvcrt.dll
0x00007ffae3f90000 - 0x00007ffae3fc0000 	C:\WINDOWS\System32\IMM32.DLL
0x00007ffacc270000 - 0x00007ffacc27c000 	D:\Program Files\Android Studio\jbr\bin\vcruntime140_1.dll
0x00007ffaba680000 - 0x00007ffaba70d000 	D:\Program Files\Android Studio\jbr\bin\msvcp140.dll
0x00007ffa33bc0000 - 0x00007ffa3477c000 	D:\Program Files\Android Studio\jbr\bin\server\jvm.dll
0x00007ffae4f20000 - 0x00007ffae4fce000 	C:\WINDOWS\System32\ADVAPI32.dll
0x00007ffae4590000 - 0x00007ffae462c000 	C:\WINDOWS\System32\sechost.dll
0x00007ffae5890000 - 0x00007ffae59b6000 	C:\WINDOWS\System32\RPCRT4.dll
0x00007ffae5080000 - 0x00007ffae5088000 	C:\WINDOWS\System32\PSAPI.DLL
0x00007ffade4e0000 - 0x00007ffade4e9000 	C:\WINDOWS\SYSTEM32\WSOCK32.dll
0x00007ffadcb20000 - 0x00007ffadcb2a000 	C:\WINDOWS\SYSTEM32\VERSION.dll
0x00007ffae4960000 - 0x00007ffae49cb000 	C:\WINDOWS\System32\WS2_32.dll
0x00007ffad2e30000 - 0x00007ffad2e57000 	C:\WINDOWS\SYSTEM32\WINMM.dll
0x00007ffae0820000 - 0x00007ffae0832000 	C:\WINDOWS\SYSTEM32\kernel.appcore.dll
0x00007ffabaaa0000 - 0x00007ffabaab0000 	D:\Program Files\Android Studio\jbr\bin\verify.dll
0x00007ffae3070000 - 0x00007ffae3254000 	C:\WINDOWS\SYSTEM32\DBGHELP.DLL
0x00007ffae2e10000 - 0x00007ffae2e44000 	C:\WINDOWS\SYSTEM32\dbgcore.DLL
0x00007ffae3970000 - 0x00007ffae39f2000 	C:\WINDOWS\System32\bcryptPrimitives.dll
0x00007ffa8ffb0000 - 0x00007ffa8ffd8000 	D:\Program Files\Android Studio\jbr\bin\java.dll
0x00007ffaaee50000 - 0x00007ffaaee5a000 	D:\Program Files\Android Studio\jbr\bin\jimage.dll
0x00007ffa8fff0000 - 0x00007ffa90008000 	D:\Program Files\Android Studio\jbr\bin\zip.dll
0x00007ffae5140000 - 0x00007ffae5884000 	C:\WINDOWS\System32\SHELL32.dll
0x00007ffae0a20000 - 0x00007ffae11b3000 	C:\WINDOWS\SYSTEM32\windows.storage.dll
0x00007ffae5b90000 - 0x00007ffae5ee4000 	C:\WINDOWS\System32\combase.dll
0x00007ffae29a0000 - 0x00007ffae29ce000 	C:\WINDOWS\SYSTEM32\Wldp.dll
0x00007ffae4fd0000 - 0x00007ffae507d000 	C:\WINDOWS\System32\SHCORE.dll
0x00007ffae40e0000 - 0x00007ffae4135000 	C:\WINDOWS\System32\shlwapi.dll
0x00007ffae3580000 - 0x00007ffae359f000 	C:\WINDOWS\SYSTEM32\profapi.dll
0x00007ffa8f320000 - 0x00007ffa8f339000 	D:\Program Files\Android Studio\jbr\bin\net.dll
0x00007ffadc8e0000 - 0x00007ffadc9ea000 	C:\WINDOWS\SYSTEM32\WINHTTP.dll
0x00007ffae2870000 - 0x00007ffae28da000 	C:\WINDOWS\system32\mswsock.dll
0x00007ffa8d530000 - 0x00007ffa8d543000 	D:\Program Files\Android Studio\jbr\bin\nio.dll
0x00007ffacc2f0000 - 0x00007ffacc317000 	C:\Users\babyu\.gradle\native\68d5fa5c4cc2d200863cafc0d521ce42e7d3e7ee720ec0a83991735586a16f82\windows-amd64\native-platform.dll
0x00007ffaa9c80000 - 0x00007ffaa9dc4000 	C:\Users\babyu\.gradle\native\e376f236ea51e6404a007f0833ffe2c6e607c4080706a723a18a27aeea778392\windows-amd64\native-platform-file-events.dll
0x00007ffaaed30000 - 0x00007ffaaed3a000 	D:\Program Files\Android Studio\jbr\bin\management.dll
0x00007ffaa6030000 - 0x00007ffaa603b000 	D:\Program Files\Android Studio\jbr\bin\management_ext.dll
0x00007ffae33d0000 - 0x00007ffae33e8000 	C:\WINDOWS\SYSTEM32\CRYPTSP.dll
0x00007ffae2080000 - 0x00007ffae20b4000 	C:\WINDOWS\system32\rsaenh.dll
0x00007ffae3ce0000 - 0x00007ffae3d07000 	C:\WINDOWS\System32\bcrypt.dll
0x00007ffae3500000 - 0x00007ffae352e000 	C:\WINDOWS\SYSTEM32\USERENV.dll
0x00007ffae2960000 - 0x00007ffae296c000 	C:\WINDOWS\SYSTEM32\CRYPTBASE.dll
0x00007ffae23f0000 - 0x00007ffae242c000 	C:\WINDOWS\SYSTEM32\IPHLPAPI.DLL
0x00007ffae4160000 - 0x00007ffae4168000 	C:\WINDOWS\System32\NSI.dll
0x00007ffadcf30000 - 0x00007ffadcf47000 	C:\WINDOWS\SYSTEM32\dhcpcsvc6.DLL
0x00007ffadcf10000 - 0x00007ffadcf2d000 	C:\WINDOWS\SYSTEM32\dhcpcsvc.DLL
0x00007ffae2430000 - 0x00007ffae24fb000 	C:\WINDOWS\SYSTEM32\DNSAPI.dll

dbghelp: loaded successfully - version: 4.0.5 - missing functions: none
symbol engine: initialized successfully - sym options: 0x614 - pdb path: .;D:\Program Files\Android Studio\jbr\bin;C:\WINDOWS\SYSTEM32;C:\WINDOWS\WinSxS\amd64_microsoft.windows.common-controls_6595b64144ccf1df_6.0.19041.1110_none_60b5254171f9507e;D:\Program Files\Android Studio\jbr\bin\server;C:\Users\babyu\.gradle\native\68d5fa5c4cc2d200863cafc0d521ce42e7d3e7ee720ec0a83991735586a16f82\windows-amd64;C:\Users\babyu\.gradle\native\e376f236ea51e6404a007f0833ffe2c6e607c4080706a723a18a27aeea778392\windows-amd64

VM Arguments:
jvm_args: --add-opens=java.base/java.util=ALL-UNNAMED --add-opens=java.base/java.lang=ALL-UNNAMED --add-opens=java.base/java.lang.invoke=ALL-UNNAMED --add-opens=java.prefs/java.util.prefs=ALL-UNNAMED --add-opens=java.base/java.nio.charset=ALL-UNNAMED --add-opens=java.base/java.net=ALL-UNNAMED --add-opens=java.base/java.util.concurrent.atomic=ALL-UNNAMED -Xmx10240m -Dfile.encoding=UTF-8 -Duser.country=US -Duser.language=en -Duser.variant 
java_command: org.gradle.launcher.daemon.bootstrap.GradleDaemon 8.0
java_class_path (initial): C:\Users\babyu\.gradle\wrapper\dists\gradle-8.0-bin\ca5e32bp14vu59qr306oxotwh\gradle-8.0\lib\gradle-launcher-8.0.jar
Launcher Type: SUN_STANDARD

[Global flags]
     intx CICompilerCount                          = 3                                         {product} {ergonomic}
     uint ConcGCThreads                            = 1                                         {product} {ergonomic}
     uint G1ConcRefinementThreads                  = 4                                         {product} {ergonomic}
   size_t G1HeapRegionSize                         = 2097152                                   {product} {ergonomic}
    uintx GCDrainStackTargetSize                   = 64                                        {product} {ergonomic}
   size_t InitialHeapSize                          = 268435456                                 {product} {ergonomic}
   size_t MarkStackSize                            = 4194304                                   {product} {ergonomic}
   size_t MaxHeapSize                              = 10737418240                               {product} {command line}
   size_t MaxNewSize                               = 6442450944                                {product} {ergonomic}
   size_t MinHeapDeltaBytes                        = 2097152                                   {product} {ergonomic}
    uintx NonNMethodCodeHeapSize                   = 5830732                                {pd product} {ergonomic}
    uintx NonProfiledCodeHeapSize                  = 122913754                              {pd product} {ergonomic}
    uintx ProfiledCodeHeapSize                     = 122913754                              {pd product} {ergonomic}
    uintx ReservedCodeCacheSize                    = 251658240                              {pd product} {ergonomic}
     bool SegmentedCodeCache                       = true                                      {product} {ergonomic}
     bool UseCompressedClassPointers               = true                                 {lp64_product} {ergonomic}
     bool UseCompressedOops                        = true                                 {lp64_product} {ergonomic}
     bool UseG1GC                                  = true                                      {product} {ergonomic}
     bool UseLargePagesIndividualAllocation        = false                                  {pd product} {ergonomic}

Logging:
Log output configuration:
 #0: stdout all=warning uptime,level,tags
 #1: stderr all=off uptime,level,tags

Environment Variables:
JAVA_HOME=C:\Program Files\Common Files\Oracle\Java\javapath
PATH=C:\Program Files\Common Files\Oracle\Java\javapath;C:\Python27\;C:\Python27\Scripts;C:\WINDOWS\system32;C:\WINDOWS;C:\WINDOWS\System32\Wbem;C:\WINDOWS\System32\WindowsPowerShell\v1.0\;C:\WINDOWS\System32\OpenSSH\;C:\Program Files\NVIDIA Corporation\NVIDIA NvDLISR;C:\Program Files (x86)\NVIDIA Corporation\PhysX\Common;C:\Program Files\Microsoft SQL Server\130\Tools\Binn\;C:\Program Files\Microsoft SQL Server\Client SDK\ODBC\170\Tools\Binn\;C:\Program Files (x86)\Microsoft SQL Server\150\DTS\Binn\;C:\Program Files\Azure Data Studio\bin;C:\Program Files (x86)\Microsoft SQL Server\150\Tools\Binn\;C:\Program Files\Microsoft SQL Server\150\Tools\Binn\;C:\Program Files\Microsoft SQL Server\150\DTS\Binn\;C:\Program Files\MongoDB\Server\5.0\bin;C:\Program Files\dotnet\;C:\Program Files (x86)\Java\jdk1.8.0_202;C:\Users\babyu\AppData\Local\Microsoft\WindowsApps;C:\Program Files\Azure Data Studio\bin;C:\Users\babyu\.dotnet\tools;C:\Users\babyu\AppData\Local\Programs\Microsoft VS Code\bin
USERNAME=babyu
OS=Windows_NT
PROCESSOR_IDENTIFIER=Intel64 Family 6 Model 58 Stepping 9, GenuineIntel



---------------  S Y S T E M  ---------------

OS: Windows 10 , 64 bit Build 19041 (10.0.19041.2788)
OS uptime: 0 days 15:27 hours

CPU:total 4 (initial active 4) (4 cores per cpu, 1 threads per core) family 6 model 58 stepping 9 microcode 0x21, cmov, cx8, fxsr, mmx, sse, sse2, sse3, ssse3, sse4.1, sse4.2, popcnt, avx, aes, clmul, erms, tsc, tscinvbit, tscinv

Memory: 4k page, system-wide physical 16332M (934M free)
TotalPageFile size 24524M (AvailPageFile size 5M)
current process WorkingSet (physical memory assigned to process): 201M, peak: 201M
current process commit charge ("private bytes"): 387M, peak: 388M

vm_info: OpenJDK 64-Bit Server VM (11.0.15+0-b2043.56-9505619) for windows-amd64 JRE (11.0.15+0-b2043.56-9505619), built on Jan 19 2023 02:48:00 by "builduser" with unknown MS VC++:1929

END.
