#
# There is insufficient memory for the Java Runtime Environment to continue.
# Native memory allocation (malloc) failed to allocate 1048576 bytes for AllocateHeap
# Possible reasons:
#   The system is out of physical RAM or swap space
#   The process is running with CompressedOops enabled, and the Java Heap may be blocking the growth of the native heap
# Possible solutions:
#   Reduce memory load on the system
#   Increase physical memory or swap space
#   Check if swap backing store is full
#   Decrease Java heap size (-Xmx/-Xms)
#   Decrease number of Java threads
#   Decrease Java thread stack sizes (-Xss)
#   Set larger code cache with -XX:ReservedCodeCacheSize=
#   JVM is running with Unscaled Compressed Oops mode in which the Java heap is
#     placed in the first 4GB address space. The Java Heap base address is the
#     maximum limit for the native heap growth. Please use -XX:HeapBaseMinAddress
#     to set the Java Heap base and to place the Java Heap above 4GB virtual address.
# This output file may be truncated or incomplete.
#
#  Out of Memory Error (./src/hotspot/share/memory/allocation.cpp:46), pid=10716, tid=5000
#
# JRE version: OpenJDK Runtime Environment (11.0.13) (build 11.0.13+0-b1751.21-8125866)
# Java VM: OpenJDK 64-Bit Server VM (11.0.13+0-b1751.21-8125866, mixed mode, tiered, compressed oops, g1 gc, windows-amd64)
# No core dump will be written. Minidumps are not enabled by default on client versions of Windows
#

---------------  S U M M A R Y ------------

Command Line: --add-opens=java.base/java.util=ALL-UNNAMED --add-opens=java.base/java.lang=ALL-UNNAMED --add-opens=java.base/java.lang.invoke=ALL-UNNAMED --add-opens=java.base/java.util=ALL-UNNAMED --add-opens=java.prefs/java.util.prefs=ALL-UNNAMED --add-opens=java.prefs/java.util.prefs=ALL-UNNAMED --add-opens=java.base/java.nio.charset=ALL-UNNAMED --add-opens=java.base/java.net=ALL-UNNAMED --add-opens=java.base/java.util.concurrent.atomic=ALL-UNNAMED -Xmx2048m -Dfile.encoding=UTF-8 -Duser.country=US -Duser.language=en -Duser.variant org.gradle.launcher.daemon.bootstrap.GradleDaemon 7.4

Host: Intel(R) Core(TM) i5-3570 CPU @ 3.40GHz, 4 cores, 15G,  Windows 10 , 64 bit Build 19041 (10.0.19041.2546)
Time: Wed Feb 22 01:10:01 2023 Malay Peninsula Standard Time elapsed time: 4024.582526 seconds (0d 1h 7m 4s)

---------------  T H R E A D  ---------------

Current thread (0x000002e0d4ccd800):  VMThread "VM Thread" [stack: 0x000000eee1600000,0x000000eee1700000] [id=5000]

Stack: [0x000000eee1600000,0x000000eee1700000]
[error occurred during error reporting (printing stack bounds), id 0xc0000005, EXCEPTION_ACCESS_VIOLATION (0xc0000005) at pc=0x000002e0be42112d]

Native frames: (J=compiled Java code, j=interpreted, Vv=VM code, C=native code)
V  [jvm.dll+0x6100fa]
V  [jvm.dll+0x747090]
V  [jvm.dll+0x7486ad]
V  [jvm.dll+0x748ce5]
V  [jvm.dll+0x748c9b]
V  [jvm.dll+0x60f224]
V  [jvm.dll+0x60f9b8]
C  [ntdll.dll+0xa241f]
C  [ntdll.dll+0x514a4]
C  [ntdll.dll+0xa0f4e]
C  0x000002e0be42112d

VM_Operation (0x000000eee69f6280): CollectForMetadataAllocation, mode: safepoint, requested by thread 0x000002e0e06ca000


---------------  P R O C E S S  ---------------

Threads class SMR info:
_java_thread_list=0x000002e0e089af30, length=94, elements={
0x000002e0b9138000, 0x000002e0d5507000, 0x000002e0d550a800, 0x000002e0d5565800,
0x000002e0d5566800, 0x000002e0d556b000, 0x000002e0d557a800, 0x000002e0d557b800,
0x000002e0d557f000, 0x000002e0d56dc800, 0x000002e0d7e2d800, 0x000002e0d75a6800,
0x000002e0d6f81000, 0x000002e0d77af800, 0x000002e0d77ad000, 0x000002e0d77ae000,
0x000002e0d77ae800, 0x000002e0d77b0800, 0x000002e0d77ab800, 0x000002e0d77aa800,
0x000002e0d77ac000, 0x000002e0d77b1000, 0x000002e0d7d70800, 0x000002e0d7d6c000,
0x000002e0da85f000, 0x000002e0da853000, 0x000002e0da854800, 0x000002e0da856000,
0x000002e0da850800, 0x000002e0da855000, 0x000002e0da852000, 0x000002e0da853800,
0x000002e0da857000, 0x000002e0da851000, 0x000002e0da85d800, 0x000002e0da85c800,
0x000002e0da857800, 0x000002e0da858800, 0x000002e0da859800, 0x000002e0da85e000,
0x000002e0da85a000, 0x000002e0da85b000, 0x000002e0da85b800, 0x000002e0d5f33000,
0x000002e0d5f38000, 0x000002e0d5f39000, 0x000002e0d5f37000, 0x000002e0d5f39800,
0x000002e0d5f35000, 0x000002e0d5f3a800, 0x000002e0d5f3b800, 0x000002e0d5f36800,
0x000002e0d5f3e800, 0x000002e0d5f42000, 0x000002e0d5f3f800, 0x000002e0d5f40000,
0x000002e0d5f3d000, 0x000002e0d5f41000, 0x000002e0d5f3e000, 0x000002e0d5f3c000,
0x000002e0d7d6f000, 0x000002e0d7d6c800, 0x000002e0d7d73000, 0x000002e0d7d6d800,
0x000002e0d7d70000, 0x000002e0d7d71800, 0x000002e0d7d78000, 0x000002e0d7d72800,
0x000002e0d7d76800, 0x000002e0d7d79000, 0x000002e0d7d79800, 0x000002e0d7d74000,
0x000002e0d7d7a800, 0x000002e0e06c9000, 0x000002e0e06c7800, 0x000002e0e06c6000,
0x000002e0e06c4800, 0x000002e0e06c7000, 0x000002e0e06c5000, 0x000002e0e06c3800,
0x000002e0e06ca000, 0x000002e0e06c8800, 0x000002e0e06cf000, 0x000002e0e06cb800,
0x000002e0e06cd800, 0x000002e0e06cf800, 0x000002e0e06d0800, 0x000002e0e06cb000,
0x000002e0e06d1800, 0x000002e0e06d2000, 0x000002e0e06cc800, 0x000002e0e0dbe000,
0x000002e0e0dbc800, 0x000002e0e0dbd800
}

Java Threads: ( => current thread )
  0x000002e0b9138000 JavaThread "main" [_thread_blocked, id=13996, stack(0x000000eee1000000,0x000000eee1100000)]
  0x000002e0d5507000 JavaThread "Reference Handler" daemon [_thread_blocked, id=14056, stack(0x000000eee1700000,0x000000eee1800000)]
  0x000002e0d550a800 JavaThread "Finalizer" daemon [_thread_blocked, id=5620, stack(0x000000eee1800000,0x000000eee1900000)]
  0x000002e0d5565800 JavaThread "Signal Dispatcher" daemon [_thread_blocked, id=14028, stack(0x000000eee1900000,0x000000eee1a00000)]
  0x000002e0d5566800 JavaThread "Attach Listener" daemon [_thread_blocked, id=9372, stack(0x000000eee1a00000,0x000000eee1b00000)]
  0x000002e0d556b000 JavaThread "Service Thread" daemon [_thread_blocked, id=19752, stack(0x000000eee1b00000,0x000000eee1c00000)]
  0x000002e0d557a800 JavaThread "C2 CompilerThread0" daemon [_thread_blocked, id=8948, stack(0x000000eee1c00000,0x000000eee1d00000)]
  0x000002e0d557b800 JavaThread "C1 CompilerThread0" daemon [_thread_blocked, id=8584, stack(0x000000eee1d00000,0x000000eee1e00000)]
  0x000002e0d557f000 JavaThread "Sweeper thread" daemon [_thread_blocked, id=19344, stack(0x000000eee1e00000,0x000000eee1f00000)]
  0x000002e0d56dc800 JavaThread "Common-Cleaner" daemon [_thread_blocked, id=14940, stack(0x000000eee1f00000,0x000000eee2000000)]
  0x000002e0d7e2d800 JavaThread "Daemon health stats" [_thread_blocked, id=16524, stack(0x000000eee2500000,0x000000eee2600000)]
  0x000002e0d75a6800 JavaThread "Incoming local TCP Connector on port 57679" [_thread_in_native, id=5368, stack(0x000000eee2600000,0x000000eee2700000)]
  0x000002e0d6f81000 JavaThread "Daemon periodic checks" [_thread_blocked, id=16912, stack(0x000000eee2700000,0x000000eee2800000)]
  0x000002e0d77af800 JavaThread "Cache worker for journal cache (C:\Users\babyu\.gradle\caches\journal-1)" [_thread_blocked, id=6816, stack(0x000000eee2f00000,0x000000eee3000000)]
  0x000002e0d77ad000 JavaThread "File lock request listener" [_thread_in_native, id=3228, stack(0x000000eee3000000,0x000000eee3100000)]
  0x000002e0d77ae000 JavaThread "Cache worker for file hash cache (C:\Users\babyu\.gradle\caches\7.4\fileHashes)" [_thread_blocked, id=16148, stack(0x000000eee3100000,0x000000eee3200000)]
  0x000002e0d77ae800 JavaThread "File watcher server" daemon [_thread_blocked, id=3292, stack(0x000000eee3200000,0x000000eee3300000)]
  0x000002e0d77b0800 JavaThread "File watcher consumer" daemon [_thread_blocked, id=20376, stack(0x000000eee3300000,0x000000eee3400000)]
  0x000002e0d77ab800 JavaThread "jar transforms" [_thread_blocked, id=12640, stack(0x000000eee2100000,0x000000eee2200000)]
  0x000002e0d77aa800 JavaThread "jar transforms Thread 2" [_thread_blocked, id=704, stack(0x000000eee3400000,0x000000eee3500000)]
  0x000002e0d77ac000 JavaThread "jar transforms Thread 3" [_thread_blocked, id=18772, stack(0x000000eee3500000,0x000000eee3600000)]
  0x000002e0d77b1000 JavaThread "jar transforms Thread 4" [_thread_blocked, id=5852, stack(0x000000eee3600000,0x000000eee3700000)]
  0x000002e0d7d70800 JavaThread "Cache worker for execution history cache (C:\Users\babyu\.gradle\caches\7.4\executionHistory)" [_thread_blocked, id=18100, stack(0x000000eee3c00000,0x000000eee3d00000)]
  0x000002e0d7d6c000 JavaThread "Cache worker for file content cache (C:\Users\babyu\.gradle\caches\7.4\fileContent)" [_thread_blocked, id=1584, stack(0x000000eee3d00000,0x000000eee3e00000)]
  0x000002e0da85f000 JavaThread "Memory manager" [_thread_blocked, id=8120, stack(0x000000eee6800000,0x000000eee6900000)]
  0x000002e0da853000 JavaThread "Daemon Thread 2" [_thread_blocked, id=1476, stack(0x000000eee0e00000,0x000000eee0f00000)]
  0x000002e0da854800 JavaThread "Handler for socket connection from /127.0.0.1:57679 to /127.0.0.1:63673" [_thread_in_native, id=18220, stack(0x000000eee0f00000,0x000000eee1000000)]
  0x000002e0da856000 JavaThread "Cancel handler" [_thread_blocked, id=18784, stack(0x000000eee2800000,0x000000eee2900000)]
  0x000002e0da850800 JavaThread "Daemon worker Thread 2" [_thread_blocked, id=9244, stack(0x000000eee2900000,0x000000eee2a00000)]
  0x000002e0da855000 JavaThread "Asynchronous log dispatcher for DefaultDaemonConnection: socket connection from /127.0.0.1:57679 to /127.0.0.1:63673" [_thread_blocked, id=18460, stack(0x000000eee2a00000,0x000000eee2b00000)]
  0x000002e0da852000 JavaThread "Stdin handler" [_thread_blocked, id=16224, stack(0x000000eee2b00000,0x000000eee2c00000)]
  0x000002e0da853800 JavaThread "Daemon client event forwarder" [_thread_blocked, id=10736, stack(0x000000eee2c00000,0x000000eee2d00000)]
  0x000002e0da857000 JavaThread "Cache worker for checksums cache (D:\Bitoy\3rd Yr 2nd Sem\CAPSTONE\App\.gradle\7.4\checksums)" [_thread_blocked, id=19100, stack(0x000000eee2e00000,0x000000eee2f00000)]
  0x000002e0da851000 JavaThread "Cache worker for cache directory md-rule (C:\Users\babyu\.gradle\caches\7.4\md-rule)" [_thread_blocked, id=8024, stack(0x000000eee3700000,0x000000eee3800000)]
  0x000002e0da85d800 JavaThread "Cache worker for file hash cache (D:\Bitoy\3rd Yr 2nd Sem\CAPSTONE\App\.gradle\7.4\fileHashes)" [_thread_blocked, id=7052, stack(0x000000eee3800000,0x000000eee3900000)]
  0x000002e0da85c800 JavaThread "Cache worker for cache directory md-supplier (C:\Users\babyu\.gradle\caches\7.4\md-supplier)" [_thread_blocked, id=13040, stack(0x000000eee3900000,0x000000eee3a00000)]
  0x000002e0da857800 JavaThread "Cache worker for dependencies-accessors (D:\Bitoy\3rd Yr 2nd Sem\CAPSTONE\App\.gradle\7.4\dependencies-accessors)" [_thread_blocked, id=14544, stack(0x000000eee3a00000,0x000000eee3b00000)]
  0x000002e0da858800 JavaThread "Cache worker for Build Output Cleanup Cache (D:\Bitoy\3rd Yr 2nd Sem\CAPSTONE\App\.gradle\buildOutputCleanup)" [_thread_blocked, id=15616, stack(0x000000eee3b00000,0x000000eee3c00000)]
  0x000002e0da859800 JavaThread "Unconstrained build operations" [_thread_blocked, id=7288, stack(0x000000eee3e00000,0x000000eee3f00000)]
  0x000002e0da85e000 JavaThread "Unconstrained build operations Thread 2" [_thread_blocked, id=13784, stack(0x000000eee3f00000,0x000000eee4000000)]
  0x000002e0da85a000 JavaThread "Unconstrained build operations Thread 3" [_thread_blocked, id=15136, stack(0x000000eee4000000,0x000000eee4100000)]
  0x000002e0da85b000 JavaThread "Unconstrained build operations Thread 4" [_thread_blocked, id=4628, stack(0x000000eee4100000,0x000000eee4200000)]
  0x000002e0da85b800 JavaThread "Unconstrained build operations Thread 5" [_thread_blocked, id=17480, stack(0x000000eee4200000,0x000000eee4300000)]
  0x000002e0d5f33000 JavaThread "Unconstrained build operations Thread 6" [_thread_blocked, id=16688, stack(0x000000eee4300000,0x000000eee4400000)]
  0x000002e0d5f38000 JavaThread "Unconstrained build operations Thread 7" [_thread_blocked, id=11028, stack(0x000000eee4400000,0x000000eee4500000)]
  0x000002e0d5f39000 JavaThread "Unconstrained build operations Thread 8" [_thread_blocked, id=2856, stack(0x000000eee4500000,0x000000eee4600000)]
  0x000002e0d5f37000 JavaThread "Unconstrained build operations Thread 9" [_thread_blocked, id=13372, stack(0x000000eee4600000,0x000000eee4700000)]
  0x000002e0d5f39800 JavaThread "Unconstrained build operations Thread 10" [_thread_blocked, id=11244, stack(0x000000eee4700000,0x000000eee4800000)]
  0x000002e0d5f35000 JavaThread "Unconstrained build operations Thread 11" [_thread_blocked, id=14920, stack(0x000000eee4800000,0x000000eee4900000)]
  0x000002e0d5f3a800 JavaThread "Unconstrained build operations Thread 12" [_thread_blocked, id=13276, stack(0x000000eee4900000,0x000000eee4a00000)]
  0x000002e0d5f3b800 JavaThread "Unconstrained build operations Thread 13" [_thread_blocked, id=19696, stack(0x000000eee4a00000,0x000000eee4b00000)]
  0x000002e0d5f36800 JavaThread "Unconstrained build operations Thread 14" [_thread_blocked, id=6412, stack(0x000000eee4b00000,0x000000eee4c00000)]
  0x000002e0d5f3e800 JavaThread "Unconstrained build operations Thread 15" [_thread_blocked, id=5468, stack(0x000000eee4c00000,0x000000eee4d00000)]
  0x000002e0d5f42000 JavaThread "Unconstrained build operations Thread 16" [_thread_blocked, id=2920, stack(0x000000eee4d00000,0x000000eee4e00000)]
  0x000002e0d5f3f800 JavaThread "Unconstrained build operations Thread 17" [_thread_blocked, id=11252, stack(0x000000eee4e00000,0x000000eee4f00000)]
  0x000002e0d5f40000 JavaThread "Unconstrained build operations Thread 18" [_thread_blocked, id=5776, stack(0x000000eee4f00000,0x000000eee5000000)]
  0x000002e0d5f3d000 JavaThread "Unconstrained build operations Thread 19" [_thread_blocked, id=11100, stack(0x000000eee5000000,0x000000eee5100000)]
  0x000002e0d5f41000 JavaThread "Unconstrained build operations Thread 20" [_thread_blocked, id=5152, stack(0x000000eee5100000,0x000000eee5200000)]
  0x000002e0d5f3e000 JavaThread "Unconstrained build operations Thread 21" [_thread_blocked, id=13416, stack(0x000000eee5200000,0x000000eee5300000)]
  0x000002e0d5f3c000 JavaThread "Unconstrained build operations Thread 22" [_thread_blocked, id=12224, stack(0x000000eee5300000,0x000000eee5400000)]
  0x000002e0d7d6f000 JavaThread "Unconstrained build operations Thread 23" [_thread_blocked, id=7744, stack(0x000000eee5400000,0x000000eee5500000)]
  0x000002e0d7d6c800 JavaThread "Unconstrained build operations Thread 24" [_thread_blocked, id=15828, stack(0x000000eee5500000,0x000000eee5600000)]
  0x000002e0d7d73000 JavaThread "Unconstrained build operations Thread 25" [_thread_blocked, id=580, stack(0x000000eee5600000,0x000000eee5700000)]
  0x000002e0d7d6d800 JavaThread "Unconstrained build operations Thread 26" [_thread_blocked, id=14500, stack(0x000000eee5700000,0x000000eee5800000)]
  0x000002e0d7d70000 JavaThread "Unconstrained build operations Thread 27" [_thread_blocked, id=15728, stack(0x000000eee5800000,0x000000eee5900000)]
  0x000002e0d7d71800 JavaThread "Unconstrained build operations Thread 28" [_thread_blocked, id=6848, stack(0x000000eee5900000,0x000000eee5a00000)]
  0x000002e0d7d78000 JavaThread "Unconstrained build operations Thread 29" [_thread_blocked, id=9652, stack(0x000000eee5a00000,0x000000eee5b00000)]
  0x000002e0d7d72800 JavaThread "Unconstrained build operations Thread 30" [_thread_blocked, id=5104, stack(0x000000eee5b00000,0x000000eee5c00000)]
  0x000002e0d7d76800 JavaThread "Unconstrained build operations Thread 31" [_thread_blocked, id=11956, stack(0x000000eee5c00000,0x000000eee5d00000)]
  0x000002e0d7d79000 JavaThread "Unconstrained build operations Thread 32" [_thread_blocked, id=14792, stack(0x000000eee5d00000,0x000000eee5e00000)]
  0x000002e0d7d79800 JavaThread "Unconstrained build operations Thread 33" [_thread_blocked, id=11464, stack(0x000000eee5e00000,0x000000eee5f00000)]
  0x000002e0d7d74000 JavaThread "Unconstrained build operations Thread 34" [_thread_blocked, id=12396, stack(0x000000eee5f00000,0x000000eee6000000)]
  0x000002e0d7d7a800 JavaThread "Unconstrained build operations Thread 35" [_thread_blocked, id=10608, stack(0x000000eee6000000,0x000000eee6100000)]
  0x000002e0e06c9000 JavaThread "Unconstrained build operations Thread 36" [_thread_blocked, id=14640, stack(0x000000eee6100000,0x000000eee6200000)]
  0x000002e0e06c7800 JavaThread "Unconstrained build operations Thread 37" [_thread_blocked, id=7952, stack(0x000000eee6200000,0x000000eee6300000)]
  0x000002e0e06c6000 JavaThread "Unconstrained build operations Thread 38" [_thread_blocked, id=3780, stack(0x000000eee6300000,0x000000eee6400000)]
  0x000002e0e06c4800 JavaThread "Unconstrained build operations Thread 39" [_thread_blocked, id=12540, stack(0x000000eee6400000,0x000000eee6500000)]
  0x000002e0e06c7000 JavaThread "Unconstrained build operations Thread 40" [_thread_blocked, id=3692, stack(0x000000eee6500000,0x000000eee6600000)]
  0x000002e0e06c5000 JavaThread "build event listener" [_thread_blocked, id=17772, stack(0x000000eee6600000,0x000000eee6700000)]
  0x000002e0e06c3800 JavaThread "included builds" [_thread_blocked, id=5204, stack(0x000000eee6700000,0x000000eee6800000)]
  0x000002e0e06ca000 JavaThread "Execution worker for ':'" [_thread_blocked, id=12908, stack(0x000000eee6900000,0x000000eee6a00000)]
  0x000002e0e06c8800 JavaThread "Execution worker for ':' Thread 2" [_thread_blocked, id=16028, stack(0x000000eee6a00000,0x000000eee6b00000)]
  0x000002e0e06cf000 JavaThread "Execution worker for ':' Thread 3" [_thread_blocked, id=7632, stack(0x000000eee6b00000,0x000000eee6c00000)]
  0x000002e0e06cb800 JavaThread "Cache worker for execution history cache (D:\Bitoy\3rd Yr 2nd Sem\CAPSTONE\App\.gradle\7.4\executionHistory)" [_thread_blocked, id=10812, stack(0x000000eee6c00000,0x000000eee6d00000)]
  0x000002e0e06cd800 JavaThread "WorkerExecutor Queue" [_thread_blocked, id=11112, stack(0x000000eee6d00000,0x000000eee6e00000)]
  0x000002e0e06cf800 JavaThread "WorkerExecutor Queue Thread 2" [_thread_blocked, id=18068, stack(0x000000eee6e00000,0x000000eee6f00000)]
  0x000002e0e06d0800 JavaThread "pool-4-thread-1" [_thread_blocked, id=19892, stack(0x000000eee6f00000,0x000000eee7000000)]
  0x000002e0e06cb000 JavaThread "stderr" [_thread_in_native, id=7344, stack(0x000000eee7000000,0x000000eee7100000)]
  0x000002e0e06d1800 JavaThread "stdout" [_thread_in_native, id=20400, stack(0x000000eee7100000,0x000000eee7200000)]
  0x000002e0e06d2000 JavaThread "Cache worker for Java compile cache (C:\Users\babyu\.gradle\caches\7.4\javaCompile)" [_thread_blocked, id=3716, stack(0x000000eee7200000,0x000000eee7300000)]
  0x000002e0e06cc800 JavaThread "Build operations" [_thread_blocked, id=17376, stack(0x000000eee7300000,0x000000eee7400000)]
  0x000002e0e0dbe000 JavaThread "Build operations Thread 2" [_thread_blocked, id=9112, stack(0x000000eee7400000,0x000000eee7500000)]
  0x000002e0e0dbc800 JavaThread "Build operations Thread 3" [_thread_blocked, id=17272, stack(0x000000eee7500000,0x000000eee7600000)]
  0x000002e0e0dbd800 JavaThread "Build operations Thread 4" [_thread_blocked, id=11628, stack(0x000000eee7600000,0x000000eee7700000)]

Other Threads:
=>0x000002e0d4ccd800 VMThread "VM Thread" [stack: 0x000000eee1600000,0x000000eee1700000] [id=5000]
  0x000002e0d56e7800 WatcherThread [stack: 0x000000eee2000000,0x000000eee2100000] [id=1236]
  0x000002e0b9151000 GCTaskThread "GC Thread#0" [stack: 0x000000eee1100000,0x000000eee1200000] [id=6148]
  0x000002e0d5f00000 GCTaskThread "GC Thread#1" [stack: 0x000000eee2200000,0x000000eee2300000] [id=17180]
  0x000002e0d61c9800 GCTaskThread "GC Thread#2" [stack: 0x000000eee2300000,0x000000eee2400000] [id=17568]
  0x000002e0d57b6000 GCTaskThread "GC Thread#3" [stack: 0x000000eee2400000,0x000000eee2500000] [id=13896]
  0x000002e0b9182800 ConcurrentGCThread "G1 Main Marker" [stack: 0x000000eee1200000,0x000000eee1300000] [id=12248]
  0x000002e0b9183800 ConcurrentGCThread "G1 Conc#0" [stack: 0x000000eee1300000,0x000000eee1400000] [id=11804]
  0x000002e0b920e000 ConcurrentGCThread "G1 Refine#0" [stack: 0x000000eee1400000,0x000000eee1500000] [id=6036]
  0x000002e0d4b50800 ConcurrentGCThread "G1 Young RemSet Sampling" [stack: 0x000000eee1500000,0x000000eee1600000] [id=6136]

Threads with active compile tasks:
C2 CompilerThread04024601 16646  s    4       jdk.internal.jimage.BasicImageReader::findLocation (115 bytes)

VM state:at safepoint (normal execution)

VM Mutex/Monitor currently owned by a thread:  ([mutex/lock_event])
[0x000002e0b91356d0] Threads_lock - owner thread: 0x000002e0d4ccd800
[0x000002e0b9134440] Heap_lock - owner thread: 0x000002e0e06ca000

Heap address: 0x0000000080000000, size: 2048 MB, Compressed Oops mode: 32-bit
Narrow klass base: 0x0000000000000000, Narrow klass shift: 3
Compressed class space size: 1073741824 Address: 0x0000000100000000

Heap:
 garbage-first heap   total 262144K, used 187224K [0x0000000080000000, 0x0000000100000000)
  region size 1024K, 1 young (1024K), 1 survivors (1024K)
 Metaspace       used 116198K, capacity 118777K, committed 118960K, reserved 1161216K
  class space    used 14518K, capacity 15507K, committed 15616K, reserved 1048576K
Heap Regions: E=young(eden), S=young(survivor), O=old, HS=humongous(starts), HC=humongous(continues), CS=collection set, F=free, A=archive, TAMS=top-at-mark-start (previous, next)
|   0|0x0000000080000000, 0x0000000080100000, 0x0000000080100000|100%|HS|  |TAMS 0x0000000080100000, 0x0000000080100000| Complete 
|   1|0x0000000080100000, 0x0000000080200000, 0x0000000080200000|100%|HC|  |TAMS 0x0000000080200000, 0x0000000080200000| Complete 
|   2|0x0000000080200000, 0x0000000080300000, 0x0000000080300000|100%|HC|  |TAMS 0x0000000080300000, 0x0000000080300000| Complete 
|   3|0x0000000080300000, 0x0000000080400000, 0x0000000080400000|100%| O|  |TAMS 0x0000000080400000, 0x0000000080400000| Untracked 
|   4|0x0000000080400000, 0x0000000080500000, 0x0000000080500000|100%| O|  |TAMS 0x0000000080500000, 0x0000000080500000| Untracked 
|   5|0x0000000080500000, 0x0000000080600000, 0x0000000080600000|100%| O|  |TAMS 0x0000000080600000, 0x0000000080600000| Untracked 
|   6|0x0000000080600000, 0x0000000080700000, 0x0000000080700000|100%| O|  |TAMS 0x0000000080700000, 0x0000000080700000| Untracked 
|   7|0x0000000080700000, 0x0000000080800000, 0x0000000080800000|100%| O|  |TAMS 0x0000000080800000, 0x0000000080800000| Untracked 
|   8|0x0000000080800000, 0x0000000080900000, 0x0000000080900000|100%| O|  |TAMS 0x0000000080900000, 0x0000000080900000| Untracked 
|   9|0x0000000080900000, 0x0000000080a00000, 0x0000000080a00000|100%| O|  |TAMS 0x0000000080a00000, 0x0000000080a00000| Untracked 
|  10|0x0000000080a00000, 0x0000000080b00000, 0x0000000080b00000|100%| O|  |TAMS 0x0000000080b00000, 0x0000000080b00000| Untracked 
|  11|0x0000000080b00000, 0x0000000080c00000, 0x0000000080c00000|100%| O|  |TAMS 0x0000000080c00000, 0x0000000080c00000| Untracked 
|  12|0x0000000080c00000, 0x0000000080d00000, 0x0000000080d00000|100%| O|  |TAMS 0x0000000080d00000, 0x0000000080d00000| Untracked 
|  13|0x0000000080d00000, 0x0000000080e00000, 0x0000000080e00000|100%|HS|  |TAMS 0x0000000080e00000, 0x0000000080e00000| Complete 
|  14|0x0000000080e00000, 0x0000000080f00000, 0x0000000080f00000|100%|HC|  |TAMS 0x0000000080f00000, 0x0000000080f00000| Complete 
|  15|0x0000000080f00000, 0x0000000081000000, 0x0000000081000000|100%|HS|  |TAMS 0x0000000081000000, 0x0000000081000000| Complete 
|  16|0x0000000081000000, 0x0000000081100000, 0x0000000081100000|100%|HC|  |TAMS 0x0000000081100000, 0x0000000081100000| Complete 
|  17|0x0000000081100000, 0x0000000081200000, 0x0000000081200000|100%|HC|  |TAMS 0x0000000081200000, 0x0000000081200000| Complete 
|  18|0x0000000081200000, 0x0000000081300000, 0x0000000081300000|100%|HS|  |TAMS 0x0000000081300000, 0x0000000081300000| Complete 
|  19|0x0000000081300000, 0x0000000081400000, 0x0000000081400000|100%|HC|  |TAMS 0x0000000081400000, 0x0000000081400000| Complete 
|  20|0x0000000081400000, 0x0000000081500000, 0x0000000081500000|100%|HC|  |TAMS 0x0000000081500000, 0x0000000081500000| Complete 
|  21|0x0000000081500000, 0x0000000081600000, 0x0000000081600000|100%|HS|  |TAMS 0x0000000081600000, 0x0000000081600000| Complete 
|  22|0x0000000081600000, 0x0000000081700000, 0x0000000081700000|100%|HC|  |TAMS 0x0000000081700000, 0x0000000081700000| Complete 
|  23|0x0000000081700000, 0x0000000081800000, 0x0000000081800000|100%|HC|  |TAMS 0x0000000081800000, 0x0000000081800000| Complete 
|  24|0x0000000081800000, 0x0000000081900000, 0x0000000081900000|100%|HC|  |TAMS 0x0000000081900000, 0x0000000081900000| Complete 
|  25|0x0000000081900000, 0x0000000081a00000, 0x0000000081a00000|100%|HC|  |TAMS 0x0000000081a00000, 0x0000000081a00000| Complete 
|  26|0x0000000081a00000, 0x0000000081b00000, 0x0000000081b00000|100%|HS|  |TAMS 0x0000000081b00000, 0x0000000081b00000| Complete 
|  27|0x0000000081b00000, 0x0000000081c00000, 0x0000000081c00000|100%|HS|  |TAMS 0x0000000081c00000, 0x0000000081c00000| Complete 
|  28|0x0000000081c00000, 0x0000000081d00000, 0x0000000081d00000|100%| O|  |TAMS 0x0000000081d00000, 0x0000000081d00000| Untracked 
|  29|0x0000000081d00000, 0x0000000081e00000, 0x0000000081e00000|100%|HS|  |TAMS 0x0000000081e00000, 0x0000000081e00000| Complete 
|  30|0x0000000081e00000, 0x0000000081f00000, 0x0000000081f00000|100%|HC|  |TAMS 0x0000000081f00000, 0x0000000081f00000| Complete 
|  31|0x0000000081f00000, 0x0000000082000000, 0x0000000082000000|100%|HC|  |TAMS 0x0000000082000000, 0x0000000082000000| Complete 
|  32|0x0000000082000000, 0x0000000082100000, 0x0000000082100000|100%|HC|  |TAMS 0x0000000082100000, 0x0000000082100000| Complete 
|  33|0x0000000082100000, 0x0000000082200000, 0x0000000082200000|100%|HS|  |TAMS 0x0000000082200000, 0x0000000082200000| Complete 
|  34|0x0000000082200000, 0x0000000082300000, 0x0000000082300000|100%|HC|  |TAMS 0x0000000082300000, 0x0000000082300000| Complete 
|  35|0x0000000082300000, 0x0000000082400000, 0x0000000082400000|100%|HC|  |TAMS 0x0000000082400000, 0x0000000082400000| Complete 
|  36|0x0000000082400000, 0x0000000082500000, 0x0000000082500000|100%|HS|  |TAMS 0x0000000082500000, 0x0000000082500000| Complete 
|  37|0x0000000082500000, 0x0000000082600000, 0x0000000082600000|100%|HC|  |TAMS 0x0000000082600000, 0x0000000082600000| Complete 
|  38|0x0000000082600000, 0x0000000082700000, 0x0000000082700000|100%|HS|  |TAMS 0x0000000082700000, 0x0000000082700000| Complete 
|  39|0x0000000082700000, 0x0000000082800000, 0x0000000082800000|100%|HC|  |TAMS 0x0000000082800000, 0x0000000082800000| Complete 
|  40|0x0000000082800000, 0x0000000082900000, 0x0000000082900000|100%|HC|  |TAMS 0x0000000082900000, 0x0000000082900000| Complete 
|  41|0x0000000082900000, 0x0000000082a00000, 0x0000000082a00000|100%| O|  |TAMS 0x0000000082a00000, 0x0000000082a00000| Untracked 
|  42|0x0000000082a00000, 0x0000000082b00000, 0x0000000082b00000|100%| O|  |TAMS 0x0000000082b00000, 0x0000000082b00000| Untracked 
|  43|0x0000000082b00000, 0x0000000082c00000, 0x0000000082c00000|100%| O|  |TAMS 0x0000000082c00000, 0x0000000082c00000| Untracked 
|  44|0x0000000082c00000, 0x0000000082d00000, 0x0000000082d00000|100%| O|  |TAMS 0x0000000082d00000, 0x0000000082d00000| Untracked 
|  45|0x0000000082d00000, 0x0000000082e00000, 0x0000000082e00000|100%| O|  |TAMS 0x0000000082e00000, 0x0000000082e00000| Untracked 
|  46|0x0000000082e00000, 0x0000000082f00000, 0x0000000082f00000|100%| O|  |TAMS 0x0000000082f00000, 0x0000000082f00000| Untracked 
|  47|0x0000000082f00000, 0x0000000083000000, 0x0000000083000000|100%| O|  |TAMS 0x0000000083000000, 0x0000000083000000| Untracked 
|  48|0x0000000083000000, 0x0000000083100000, 0x0000000083100000|100%| O|  |TAMS 0x0000000083100000, 0x0000000083100000| Untracked 
|  49|0x0000000083100000, 0x0000000083200000, 0x0000000083200000|100%|HS|  |TAMS 0x0000000083200000, 0x0000000083200000| Complete 
|  50|0x0000000083200000, 0x0000000083300000, 0x0000000083300000|100%|HC|  |TAMS 0x0000000083300000, 0x0000000083300000| Complete 
|  51|0x0000000083300000, 0x0000000083400000, 0x0000000083400000|100%|HC|  |TAMS 0x0000000083400000, 0x0000000083400000| Complete 
|  52|0x0000000083400000, 0x0000000083500000, 0x0000000083500000|100%|HC|  |TAMS 0x0000000083500000, 0x0000000083500000| Complete 
|  53|0x0000000083500000, 0x0000000083600000, 0x0000000083600000|100%|HC|  |TAMS 0x0000000083600000, 0x0000000083600000| Complete 
|  54|0x0000000083600000, 0x0000000083700000, 0x0000000083700000|100%|HS|  |TAMS 0x0000000083700000, 0x0000000083700000| Complete 
|  55|0x0000000083700000, 0x0000000083800000, 0x0000000083800000|100%|HC|  |TAMS 0x0000000083800000, 0x0000000083800000| Complete 
|  56|0x0000000083800000, 0x0000000083900000, 0x0000000083900000|100%| O|  |TAMS 0x0000000083900000, 0x0000000083900000| Untracked 
|  57|0x0000000083900000, 0x0000000083a00000, 0x0000000083a00000|100%| O|  |TAMS 0x0000000083a00000, 0x0000000083a00000| Untracked 
|  58|0x0000000083a00000, 0x0000000083b00000, 0x0000000083b00000|100%| O|  |TAMS 0x0000000083b00000, 0x0000000083b00000| Untracked 
|  59|0x0000000083b00000, 0x0000000083c00000, 0x0000000083c00000|100%| O|  |TAMS 0x0000000083c00000, 0x0000000083c00000| Untracked 
|  60|0x0000000083c00000, 0x0000000083d00000, 0x0000000083d00000|100%| O|  |TAMS 0x0000000083d00000, 0x0000000083d00000| Untracked 
|  61|0x0000000083d00000, 0x0000000083e00000, 0x0000000083e00000|100%| O|  |TAMS 0x0000000083e00000, 0x0000000083e00000| Untracked 
|  62|0x0000000083e00000, 0x0000000083f00000, 0x0000000083f00000|100%| O|  |TAMS 0x0000000083f00000, 0x0000000083f00000| Untracked 
|  63|0x0000000083f00000, 0x0000000084000000, 0x0000000084000000|100%| O|  |TAMS 0x0000000084000000, 0x0000000084000000| Untracked 
|  64|0x0000000084000000, 0x0000000084100000, 0x0000000084100000|100%| O|  |TAMS 0x0000000084100000, 0x0000000084100000| Untracked 
|  65|0x0000000084100000, 0x0000000084200000, 0x0000000084200000|100%| O|  |TAMS 0x0000000084200000, 0x0000000084200000| Untracked 
|  66|0x0000000084200000, 0x0000000084300000, 0x0000000084300000|100%| O|  |TAMS 0x0000000084300000, 0x0000000084300000| Untracked 
|  67|0x0000000084300000, 0x0000000084400000, 0x0000000084400000|100%| O|  |TAMS 0x0000000084400000, 0x0000000084400000| Untracked 
|  68|0x0000000084400000, 0x0000000084500000, 0x0000000084500000|100%| O|  |TAMS 0x0000000084500000, 0x0000000084500000| Untracked 
|  69|0x0000000084500000, 0x0000000084600000, 0x0000000084600000|100%| O|  |TAMS 0x0000000084600000, 0x0000000084600000| Untracked 
|  70|0x0000000084600000, 0x0000000084700000, 0x0000000084700000|100%| O|  |TAMS 0x0000000084700000, 0x0000000084700000| Untracked 
|  71|0x0000000084700000, 0x0000000084800000, 0x0000000084800000|100%| O|  |TAMS 0x0000000084800000, 0x0000000084800000| Untracked 
|  72|0x0000000084800000, 0x0000000084900000, 0x0000000084900000|100%| O|  |TAMS 0x0000000084900000, 0x0000000084900000| Untracked 
|  73|0x0000000084900000, 0x0000000084a00000, 0x0000000084a00000|100%| O|  |TAMS 0x0000000084a00000, 0x0000000084a00000| Untracked 
|  74|0x0000000084a00000, 0x0000000084b00000, 0x0000000084b00000|100%| O|  |TAMS 0x0000000084b00000, 0x0000000084b00000| Untracked 
|  75|0x0000000084b00000, 0x0000000084c00000, 0x0000000084c00000|100%| O|  |TAMS 0x0000000084c00000, 0x0000000084c00000| Untracked 
|  76|0x0000000084c00000, 0x0000000084d00000, 0x0000000084d00000|100%| O|  |TAMS 0x0000000084d00000, 0x0000000084d00000| Untracked 
|  77|0x0000000084d00000, 0x0000000084e00000, 0x0000000084e00000|100%| O|  |TAMS 0x0000000084e00000, 0x0000000084e00000| Untracked 
|  78|0x0000000084e00000, 0x0000000084f00000, 0x0000000084f00000|100%| O|  |TAMS 0x0000000084f00000, 0x0000000084f00000| Untracked 
|  79|0x0000000084f00000, 0x0000000085000000, 0x0000000085000000|100%| O|  |TAMS 0x0000000085000000, 0x0000000085000000| Untracked 
|  80|0x0000000085000000, 0x0000000085100000, 0x0000000085100000|100%| O|  |TAMS 0x0000000085100000, 0x0000000085100000| Untracked 
|  81|0x0000000085100000, 0x0000000085200000, 0x0000000085200000|100%|HS|  |TAMS 0x0000000085200000, 0x0000000085200000| Complete 
|  82|0x0000000085200000, 0x0000000085300000, 0x0000000085300000|100%| O|  |TAMS 0x0000000085300000, 0x0000000085300000| Untracked 
|  83|0x0000000085300000, 0x0000000085400000, 0x0000000085400000|100%| O|  |TAMS 0x0000000085400000, 0x0000000085400000| Untracked 
|  84|0x0000000085400000, 0x0000000085500000, 0x0000000085500000|100%| O|  |TAMS 0x0000000085500000, 0x0000000085500000| Untracked 
|  85|0x0000000085500000, 0x0000000085600000, 0x0000000085600000|100%|HS|  |TAMS 0x0000000085600000, 0x0000000085600000| Complete 
|  86|0x0000000085600000, 0x0000000085700000, 0x0000000085700000|100%|HC|  |TAMS 0x0000000085700000, 0x0000000085700000| Complete 
|  87|0x0000000085700000, 0x0000000085800000, 0x0000000085800000|100%|HC|  |TAMS 0x0000000085800000, 0x0000000085800000| Complete 
|  88|0x0000000085800000, 0x0000000085900000, 0x0000000085900000|100%|HC|  |TAMS 0x0000000085900000, 0x0000000085900000| Complete 
|  89|0x0000000085900000, 0x0000000085a00000, 0x0000000085a00000|100%|HS|  |TAMS 0x0000000085a00000, 0x0000000085a00000| Complete 
|  90|0x0000000085a00000, 0x0000000085b00000, 0x0000000085b00000|100%|HC|  |TAMS 0x0000000085b00000, 0x0000000085b00000| Complete 
|  91|0x0000000085b00000, 0x0000000085c00000, 0x0000000085c00000|100%|HS|  |TAMS 0x0000000085c00000, 0x0000000085c00000| Complete 
|  92|0x0000000085c00000, 0x0000000085d00000, 0x0000000085d00000|100%|HC|  |TAMS 0x0000000085d00000, 0x0000000085d00000| Complete 
|  93|0x0000000085d00000, 0x0000000085e00000, 0x0000000085e00000|100%|HC|  |TAMS 0x0000000085e00000, 0x0000000085e00000| Complete 
|  94|0x0000000085e00000, 0x0000000085f00000, 0x0000000085f00000|100%|HS|  |TAMS 0x0000000085f00000, 0x0000000085f00000| Complete 
|  95|0x0000000085f00000, 0x0000000086000000, 0x0000000086000000|100%|HC|  |TAMS 0x0000000086000000, 0x0000000086000000| Complete 
|  96|0x0000000086000000, 0x0000000086100000, 0x0000000086100000|100%|HC|  |TAMS 0x0000000086100000, 0x0000000086100000| Complete 
|  97|0x0000000086100000, 0x0000000086200000, 0x0000000086200000|100%|HS|  |TAMS 0x0000000086200000, 0x0000000086200000| Complete 
|  98|0x0000000086200000, 0x0000000086300000, 0x0000000086300000|100%|HC|  |TAMS 0x0000000086300000, 0x0000000086300000| Complete 
|  99|0x0000000086300000, 0x0000000086400000, 0x0000000086400000|100%|HC|  |TAMS 0x0000000086400000, 0x0000000086400000| Complete 
| 100|0x0000000086400000, 0x0000000086500000, 0x0000000086500000|100%|HC|  |TAMS 0x0000000086500000, 0x0000000086500000| Complete 
| 101|0x0000000086500000, 0x0000000086600000, 0x0000000086600000|100%|HC|  |TAMS 0x0000000086600000, 0x0000000086600000| Complete 
| 102|0x0000000086600000, 0x0000000086700000, 0x0000000086700000|100%|HS|  |TAMS 0x0000000086700000, 0x0000000086700000| Complete 
| 103|0x0000000086700000, 0x0000000086800000, 0x0000000086800000|100%|HS|  |TAMS 0x0000000086800000, 0x0000000086800000| Complete 
| 104|0x0000000086800000, 0x0000000086900000, 0x0000000086900000|100%|HC|  |TAMS 0x0000000086900000, 0x0000000086900000| Complete 
| 105|0x0000000086900000, 0x0000000086a00000, 0x0000000086a00000|100%|HC|  |TAMS 0x0000000086a00000, 0x0000000086a00000| Complete 
| 106|0x0000000086a00000, 0x0000000086b00000, 0x0000000086b00000|100%|HC|  |TAMS 0x0000000086b00000, 0x0000000086b00000| Complete 
| 107|0x0000000086b00000, 0x0000000086c00000, 0x0000000086c00000|100%| O|  |TAMS 0x0000000086c00000, 0x0000000086c00000| Untracked 
| 108|0x0000000086c00000, 0x0000000086d00000, 0x0000000086d00000|100%| O|  |TAMS 0x0000000086d00000, 0x0000000086d00000| Untracked 
| 109|0x0000000086d00000, 0x0000000086e00000, 0x0000000086e00000|100%| O|  |TAMS 0x0000000086e00000, 0x0000000086e00000| Untracked 
| 110|0x0000000086e00000, 0x0000000086f00000, 0x0000000086f00000|100%| O|  |TAMS 0x0000000086f00000, 0x0000000086f00000| Untracked 
| 111|0x0000000086f00000, 0x0000000087000000, 0x0000000087000000|100%| O|  |TAMS 0x0000000087000000, 0x0000000087000000| Untracked 
| 112|0x0000000087000000, 0x0000000087100000, 0x0000000087100000|100%| O|  |TAMS 0x0000000087100000, 0x0000000087100000| Untracked 
| 113|0x0000000087100000, 0x0000000087200000, 0x0000000087200000|100%| O|  |TAMS 0x000000008710a800, 0x0000000087200000| Untracked 
| 114|0x0000000087200000, 0x0000000087300000, 0x0000000087300000|100%| O|  |TAMS 0x0000000087300000, 0x0000000087300000| Untracked 
| 115|0x0000000087300000, 0x0000000087400000, 0x0000000087400000|100%| O|  |TAMS 0x0000000087400000, 0x0000000087400000| Untracked 
| 116|0x0000000087400000, 0x0000000087500000, 0x0000000087500000|100%| O|  |TAMS 0x0000000087500000, 0x0000000087500000| Untracked 
| 117|0x0000000087500000, 0x0000000087600000, 0x0000000087600000|100%| O|  |TAMS 0x0000000087600000, 0x0000000087600000| Untracked 
| 118|0x0000000087600000, 0x0000000087700000, 0x0000000087700000|100%| O|  |TAMS 0x0000000087700000, 0x0000000087700000| Untracked 
| 119|0x0000000087700000, 0x0000000087800000, 0x0000000087800000|100%| O|  |TAMS 0x0000000087800000, 0x0000000087800000| Untracked 
| 120|0x0000000087800000, 0x0000000087900000, 0x0000000087900000|100%| O|  |TAMS 0x0000000087900000, 0x0000000087900000| Untracked 
| 121|0x0000000087900000, 0x0000000087a00000, 0x0000000087a00000|100%| O|  |TAMS 0x0000000087a00000, 0x0000000087a00000| Untracked 
| 122|0x0000000087a00000, 0x0000000087b00000, 0x0000000087b00000|100%| O|  |TAMS 0x0000000087b00000, 0x0000000087b00000| Untracked 
| 123|0x0000000087b00000, 0x0000000087c00000, 0x0000000087c00000|100%| O|  |TAMS 0x0000000087c00000, 0x0000000087c00000| Untracked 
| 124|0x0000000087c00000, 0x0000000087d00000, 0x0000000087d00000|100%| O|  |TAMS 0x0000000087d00000, 0x0000000087d00000| Untracked 
| 125|0x0000000087d00000, 0x0000000087e00000, 0x0000000087e00000|100%| O|  |TAMS 0x0000000087e00000, 0x0000000087e00000| Untracked 
| 126|0x0000000087e00000, 0x0000000087f00000, 0x0000000087f00000|100%| O|  |TAMS 0x0000000087f00000, 0x0000000087f00000| Untracked 
| 127|0x0000000087f00000, 0x0000000088000000, 0x0000000088000000|100%| O|  |TAMS 0x0000000088000000, 0x0000000088000000| Untracked 
| 128|0x0000000088000000, 0x0000000088100000, 0x0000000088100000|100%| O|  |TAMS 0x0000000088000000, 0x0000000088100000| Untracked 
| 129|0x0000000088100000, 0x0000000088200000, 0x0000000088200000|100%| O|  |TAMS 0x0000000088100000, 0x0000000088200000| Untracked 
| 130|0x0000000088200000, 0x0000000088300000, 0x0000000088300000|100%| O|  |TAMS 0x0000000088200000, 0x0000000088300000| Untracked 
| 131|0x0000000088300000, 0x0000000088400000, 0x0000000088400000|100%| O|  |TAMS 0x0000000088300000, 0x0000000088400000| Untracked 
| 132|0x0000000088400000, 0x0000000088500000, 0x0000000088500000|100%| O|  |TAMS 0x0000000088500000, 0x0000000088500000| Untracked 
| 133|0x0000000088500000, 0x0000000088600000, 0x0000000088600000|100%| O|  |TAMS 0x0000000088600000, 0x0000000088600000| Untracked 
| 134|0x0000000088600000, 0x0000000088700000, 0x0000000088700000|100%| O|  |TAMS 0x0000000088700000, 0x0000000088700000| Untracked 
| 135|0x0000000088700000, 0x0000000088800000, 0x0000000088800000|100%| O|  |TAMS 0x0000000088800000, 0x0000000088800000| Untracked 
| 136|0x0000000088800000, 0x0000000088900000, 0x0000000088900000|100%| O|  |TAMS 0x0000000088900000, 0x0000000088900000| Untracked 
| 137|0x0000000088900000, 0x0000000088a00000, 0x0000000088a00000|100%| O|  |TAMS 0x0000000088a00000, 0x0000000088a00000| Untracked 
| 138|0x0000000088a00000, 0x0000000088b00000, 0x0000000088b00000|100%| O|  |TAMS 0x0000000088b00000, 0x0000000088b00000| Untracked 
| 139|0x0000000088b00000, 0x0000000088c00000, 0x0000000088c00000|100%| O|  |TAMS 0x0000000088c00000, 0x0000000088c00000| Untracked 
| 140|0x0000000088c00000, 0x0000000088d00000, 0x0000000088d00000|100%| O|  |TAMS 0x0000000088c00000, 0x0000000088d00000| Untracked 
| 141|0x0000000088d00000, 0x0000000088e00000, 0x0000000088e00000|100%| O|  |TAMS 0x0000000088d00000, 0x0000000088e00000| Untracked 
| 142|0x0000000088e00000, 0x0000000088f00000, 0x0000000088f00000|100%| O|  |TAMS 0x0000000088e00000, 0x0000000088f00000| Untracked 
| 143|0x0000000088f00000, 0x0000000089000000, 0x0000000089000000|100%| O|  |TAMS 0x0000000088f00000, 0x0000000089000000| Untracked 
| 144|0x0000000089000000, 0x0000000089100000, 0x0000000089100000|100%| O|  |TAMS 0x0000000089100000, 0x0000000089100000| Untracked 
| 145|0x0000000089100000, 0x0000000089200000, 0x0000000089200000|100%| O|  |TAMS 0x0000000089200000, 0x0000000089200000| Untracked 
| 146|0x0000000089200000, 0x0000000089300000, 0x0000000089300000|100%| O|  |TAMS 0x0000000089200000, 0x0000000089300000| Untracked 
| 147|0x0000000089300000, 0x0000000089400000, 0x0000000089400000|100%| O|  |TAMS 0x0000000089400000, 0x0000000089400000| Untracked 
| 148|0x0000000089400000, 0x0000000089500000, 0x0000000089500000|100%| O|  |TAMS 0x0000000089500000, 0x0000000089500000| Untracked 
| 149|0x0000000089500000, 0x0000000089600000, 0x0000000089600000|100%| O|  |TAMS 0x0000000089600000, 0x0000000089600000| Untracked 
| 150|0x0000000089600000, 0x0000000089700000, 0x0000000089700000|100%| O|  |TAMS 0x0000000089700000, 0x0000000089700000| Untracked 
| 151|0x0000000089700000, 0x0000000089800000, 0x0000000089800000|100%| O|  |TAMS 0x0000000089800000, 0x0000000089800000| Untracked 
| 152|0x0000000089800000, 0x0000000089900000, 0x0000000089900000|100%| O|  |TAMS 0x0000000089800000, 0x0000000089900000| Untracked 
| 153|0x0000000089900000, 0x0000000089a00000, 0x0000000089a00000|100%| O|  |TAMS 0x0000000089900000, 0x0000000089a00000| Untracked 
| 154|0x0000000089a00000, 0x0000000089b00000, 0x0000000089b00000|100%| O|  |TAMS 0x0000000089a00000, 0x0000000089b00000| Untracked 
| 155|0x0000000089b00000, 0x0000000089c00000, 0x0000000089c00000|100%| O|  |TAMS 0x0000000089c00000, 0x0000000089c00000| Untracked 
| 156|0x0000000089c00000, 0x0000000089d00000, 0x0000000089d00000|100%| O|  |TAMS 0x0000000089d00000, 0x0000000089d00000| Untracked 
| 157|0x0000000089d00000, 0x0000000089e00000, 0x0000000089e00000|100%| O|  |TAMS 0x0000000089d00000, 0x0000000089e00000| Untracked 
| 158|0x0000000089e00000, 0x0000000089f00000, 0x0000000089f00000|100%| O|  |TAMS 0x0000000089f00000, 0x0000000089f00000| Untracked 
| 159|0x0000000089f00000, 0x000000008a000000, 0x000000008a000000|100%| O|  |TAMS 0x000000008a000000, 0x000000008a000000| Untracked 
| 160|0x000000008a000000, 0x000000008a100000, 0x000000008a100000|100%| O|  |TAMS 0x000000008a100000, 0x000000008a100000| Untracked 
| 161|0x000000008a100000, 0x000000008a200000, 0x000000008a200000|100%| O|  |TAMS 0x000000008a200000, 0x000000008a200000| Untracked 
| 162|0x000000008a200000, 0x000000008a300000, 0x000000008a300000|100%| O|  |TAMS 0x000000008a200000, 0x000000008a300000| Untracked 
| 163|0x000000008a300000, 0x000000008a400000, 0x000000008a400000|100%| O|  |TAMS 0x000000008a300000, 0x000000008a400000| Untracked 
| 164|0x000000008a400000, 0x000000008a500000, 0x000000008a500000|100%| O|  |TAMS 0x000000008a400000, 0x000000008a500000| Untracked 
| 165|0x000000008a500000, 0x000000008a600000, 0x000000008a600000|100%| O|  |TAMS 0x000000008a500000, 0x000000008a600000| Untracked 
| 166|0x000000008a600000, 0x000000008a700000, 0x000000008a700000|100%| O|  |TAMS 0x000000008a600000, 0x000000008a700000| Untracked 
| 167|0x000000008a700000, 0x000000008a800000, 0x000000008a800000|100%| O|  |TAMS 0x000000008a700000, 0x000000008a800000| Untracked 
| 168|0x000000008a800000, 0x000000008a900000, 0x000000008a900000|100%| O|  |TAMS 0x000000008a800000, 0x000000008a900000| Untracked 
| 169|0x000000008a900000, 0x000000008aa00000, 0x000000008aa00000|100%| O|  |TAMS 0x000000008a900000, 0x000000008aa00000| Untracked 
| 170|0x000000008aa00000, 0x000000008ab00000, 0x000000008ab00000|100%| O|  |TAMS 0x000000008aa00000, 0x000000008ab00000| Untracked 
| 171|0x000000008ab00000, 0x000000008ac00000, 0x000000008ac00000|100%| O|  |TAMS 0x000000008ab00000, 0x000000008ac00000| Untracked 
| 172|0x000000008ac00000, 0x000000008ad00000, 0x000000008ad00000|100%| O|  |TAMS 0x000000008ac00000, 0x000000008ad00000| Untracked 
| 173|0x000000008ad00000, 0x000000008add6200, 0x000000008ae00000| 83%| O|  |TAMS 0x000000008ad00000, 0x000000008add6200| Untracked 
| 174|0x000000008ae00000, 0x000000008ae00000, 0x000000008af00000|  0%| F|  |TAMS 0x000000008ae00000, 0x000000008ae00000| Untracked 
| 175|0x000000008af00000, 0x000000008af00000, 0x000000008b000000|  0%| F|  |TAMS 0x000000008af00000, 0x000000008af00000| Untracked 
| 176|0x000000008b000000, 0x000000008b100000, 0x000000008b100000|100%| O|  |TAMS 0x000000008b100000, 0x000000008b100000| Untracked 
| 177|0x000000008b100000, 0x000000008b200000, 0x000000008b200000|100%| O|  |TAMS 0x000000008b200000, 0x000000008b200000| Untracked 
| 178|0x000000008b200000, 0x000000008b300000, 0x000000008b300000|100%| O|  |TAMS 0x000000008b300000, 0x000000008b300000| Untracked 
| 179|0x000000008b300000, 0x000000008b400000, 0x000000008b400000|100%| O|  |TAMS 0x000000008b400000, 0x000000008b400000| Untracked 
| 180|0x000000008b400000, 0x000000008b500000, 0x000000008b500000|100%| O|  |TAMS 0x000000008b500000, 0x000000008b500000| Untracked 
| 181|0x000000008b500000, 0x000000008b600000, 0x000000008b600000|100%| O|  |TAMS 0x000000008b600000, 0x000000008b600000| Untracked 
| 182|0x000000008b600000, 0x000000008b700000, 0x000000008b700000|100%| O|  |TAMS 0x000000008b700000, 0x000000008b700000| Untracked 
| 183|0x000000008b700000, 0x000000008b800000, 0x000000008b800000|100%| O|  |TAMS 0x000000008b800000, 0x000000008b800000| Untracked 
| 184|0x000000008b800000, 0x000000008b800000, 0x000000008b900000|  0%| F|  |TAMS 0x000000008b800000, 0x000000008b800000| Untracked 
| 185|0x000000008b900000, 0x000000008b900000, 0x000000008ba00000|  0%| F|  |TAMS 0x000000008b900000, 0x000000008b900000| Untracked 
| 186|0x000000008ba00000, 0x000000008ba00000, 0x000000008bb00000|  0%| F|  |TAMS 0x000000008ba00000, 0x000000008ba00000| Untracked 
| 187|0x000000008bb00000, 0x000000008bb00000, 0x000000008bc00000|  0%| F|  |TAMS 0x000000008bb00000, 0x000000008bb00000| Untracked 
| 188|0x000000008bc00000, 0x000000008bc00000, 0x000000008bd00000|  0%| F|  |TAMS 0x000000008bc00000, 0x000000008bc00000| Untracked 
| 189|0x000000008bd00000, 0x000000008bd00000, 0x000000008be00000|  0%| F|  |TAMS 0x000000008bd00000, 0x000000008bd00000| Untracked 
| 190|0x000000008be00000, 0x000000008be00000, 0x000000008bf00000|  0%| F|  |TAMS 0x000000008be00000, 0x000000008be00000| Untracked 
| 191|0x000000008bf00000, 0x000000008bf00000, 0x000000008c000000|  0%| F|  |TAMS 0x000000008bf00000, 0x000000008bf00000| Untracked 
| 192|0x000000008c000000, 0x000000008c000000, 0x000000008c100000|  0%| F|  |TAMS 0x000000008c000000, 0x000000008c000000| Untracked 
| 193|0x000000008c100000, 0x000000008c100000, 0x000000008c200000|  0%| F|  |TAMS 0x000000008c100000, 0x000000008c100000| Untracked 
| 194|0x000000008c200000, 0x000000008c200000, 0x000000008c300000|  0%| F|  |TAMS 0x000000008c200000, 0x000000008c200000| Untracked 
| 195|0x000000008c300000, 0x000000008c300000, 0x000000008c400000|  0%| F|  |TAMS 0x000000008c300000, 0x000000008c300000| Untracked 
| 196|0x000000008c400000, 0x000000008c400000, 0x000000008c500000|  0%| F|  |TAMS 0x000000008c400000, 0x000000008c400000| Untracked 
| 197|0x000000008c500000, 0x000000008c500000, 0x000000008c600000|  0%| F|  |TAMS 0x000000008c500000, 0x000000008c500000| Untracked 
| 198|0x000000008c600000, 0x000000008c600000, 0x000000008c700000|  0%| F|  |TAMS 0x000000008c600000, 0x000000008c600000| Untracked 
| 199|0x000000008c700000, 0x000000008c700000, 0x000000008c800000|  0%| F|  |TAMS 0x000000008c700000, 0x000000008c700000| Untracked 
| 200|0x000000008c800000, 0x000000008c800000, 0x000000008c900000|  0%| F|  |TAMS 0x000000008c800000, 0x000000008c800000| Untracked 
| 201|0x000000008c900000, 0x000000008c900000, 0x000000008ca00000|  0%| F|  |TAMS 0x000000008c900000, 0x000000008c900000| Untracked 
| 202|0x000000008ca00000, 0x000000008ca00000, 0x000000008cb00000|  0%| F|  |TAMS 0x000000008ca00000, 0x000000008ca00000| Untracked 
| 203|0x000000008cb00000, 0x000000008cb00000, 0x000000008cc00000|  0%| F|  |TAMS 0x000000008cb00000, 0x000000008cb00000| Untracked 
| 204|0x000000008cc00000, 0x000000008cc00000, 0x000000008cd00000|  0%| F|  |TAMS 0x000000008cc00000, 0x000000008cc00000| Untracked 
| 205|0x000000008cd00000, 0x000000008cd00000, 0x000000008ce00000|  0%| F|  |TAMS 0x000000008cd00000, 0x000000008cd00000| Untracked 
| 206|0x000000008ce00000, 0x000000008ce00000, 0x000000008cf00000|  0%| F|  |TAMS 0x000000008ce00000, 0x000000008ce00000| Untracked 
| 207|0x000000008cf00000, 0x000000008cf00000, 0x000000008d000000|  0%| F|  |TAMS 0x000000008cf00000, 0x000000008cf00000| Untracked 
| 208|0x000000008d000000, 0x000000008d000000, 0x000000008d100000|  0%| F|  |TAMS 0x000000008d000000, 0x000000008d000000| Untracked 
| 209|0x000000008d100000, 0x000000008d100000, 0x000000008d200000|  0%| F|  |TAMS 0x000000008d100000, 0x000000008d100000| Untracked 
| 210|0x000000008d200000, 0x000000008d200000, 0x000000008d300000|  0%| F|  |TAMS 0x000000008d200000, 0x000000008d200000| Untracked 
| 211|0x000000008d300000, 0x000000008d300000, 0x000000008d400000|  0%| F|  |TAMS 0x000000008d300000, 0x000000008d300000| Untracked 
| 212|0x000000008d400000, 0x000000008d400000, 0x000000008d500000|  0%| F|  |TAMS 0x000000008d400000, 0x000000008d400000| Untracked 
| 213|0x000000008d500000, 0x000000008d500000, 0x000000008d600000|  0%| F|  |TAMS 0x000000008d500000, 0x000000008d500000| Untracked 
| 214|0x000000008d600000, 0x000000008d600000, 0x000000008d700000|  0%| F|  |TAMS 0x000000008d600000, 0x000000008d600000| Untracked 
| 215|0x000000008d700000, 0x000000008d700000, 0x000000008d800000|  0%| F|  |TAMS 0x000000008d700000, 0x000000008d700000| Untracked 
| 216|0x000000008d800000, 0x000000008d800000, 0x000000008d900000|  0%| F|  |TAMS 0x000000008d800000, 0x000000008d800000| Untracked 
| 217|0x000000008d900000, 0x000000008d900000, 0x000000008da00000|  0%| F|  |TAMS 0x000000008d900000, 0x000000008d900000| Untracked 
| 218|0x000000008da00000, 0x000000008da00000, 0x000000008db00000|  0%| F|  |TAMS 0x000000008da00000, 0x000000008da00000| Untracked 
| 219|0x000000008db00000, 0x000000008db00000, 0x000000008dc00000|  0%| F|  |TAMS 0x000000008db00000, 0x000000008db00000| Untracked 
| 220|0x000000008dc00000, 0x000000008dc00000, 0x000000008dd00000|  0%| F|  |TAMS 0x000000008dc00000, 0x000000008dc00000| Untracked 
| 221|0x000000008dd00000, 0x000000008dd00000, 0x000000008de00000|  0%| F|  |TAMS 0x000000008dd00000, 0x000000008dd00000| Untracked 
| 222|0x000000008de00000, 0x000000008de00000, 0x000000008df00000|  0%| F|  |TAMS 0x000000008de00000, 0x000000008de00000| Untracked 
| 223|0x000000008df00000, 0x000000008df00000, 0x000000008e000000|  0%| F|  |TAMS 0x000000008df00000, 0x000000008df00000| Untracked 
| 224|0x000000008e000000, 0x000000008e000000, 0x000000008e100000|  0%| F|  |TAMS 0x000000008e000000, 0x000000008e000000| Untracked 
| 225|0x000000008e100000, 0x000000008e100000, 0x000000008e200000|  0%| F|  |TAMS 0x000000008e100000, 0x000000008e100000| Untracked 
| 226|0x000000008e200000, 0x000000008e200000, 0x000000008e300000|  0%| F|  |TAMS 0x000000008e200000, 0x000000008e200000| Untracked 
| 227|0x000000008e300000, 0x000000008e300000, 0x000000008e400000|  0%| F|  |TAMS 0x000000008e300000, 0x000000008e300000| Untracked 
| 228|0x000000008e400000, 0x000000008e400000, 0x000000008e500000|  0%| F|  |TAMS 0x000000008e400000, 0x000000008e400000| Untracked 
| 229|0x000000008e500000, 0x000000008e500000, 0x000000008e600000|  0%| F|  |TAMS 0x000000008e500000, 0x000000008e500000| Untracked 
| 230|0x000000008e600000, 0x000000008e600000, 0x000000008e700000|  0%| F|  |TAMS 0x000000008e600000, 0x000000008e600000| Untracked 
| 231|0x000000008e700000, 0x000000008e700000, 0x000000008e800000|  0%| F|  |TAMS 0x000000008e700000, 0x000000008e700000| Untracked 
| 232|0x000000008e800000, 0x000000008e800000, 0x000000008e900000|  0%| F|  |TAMS 0x000000008e800000, 0x000000008e800000| Untracked 
| 233|0x000000008e900000, 0x000000008e900000, 0x000000008ea00000|  0%| F|  |TAMS 0x000000008e900000, 0x000000008e900000| Untracked 
| 234|0x000000008ea00000, 0x000000008ea00000, 0x000000008eb00000|  0%| F|  |TAMS 0x000000008ea00000, 0x000000008ea00000| Untracked 
| 235|0x000000008eb00000, 0x000000008eb00000, 0x000000008ec00000|  0%| F|  |TAMS 0x000000008eb00000, 0x000000008eb00000| Untracked 
| 236|0x000000008ec00000, 0x000000008ec00000, 0x000000008ed00000|  0%| F|  |TAMS 0x000000008ec00000, 0x000000008ec00000| Untracked 
| 237|0x000000008ed00000, 0x000000008ed00000, 0x000000008ee00000|  0%| F|  |TAMS 0x000000008ed00000, 0x000000008ed00000| Untracked 
| 238|0x000000008ee00000, 0x000000008ee00000, 0x000000008ef00000|  0%| F|  |TAMS 0x000000008ee00000, 0x000000008ee00000| Untracked 
| 239|0x000000008ef00000, 0x000000008ef00000, 0x000000008f000000|  0%| F|  |TAMS 0x000000008ef00000, 0x000000008ef00000| Untracked 
| 240|0x000000008f000000, 0x000000008f000000, 0x000000008f100000|  0%| F|  |TAMS 0x000000008f000000, 0x000000008f000000| Untracked 
| 241|0x000000008f100000, 0x000000008f100000, 0x000000008f200000|  0%| F|  |TAMS 0x000000008f100000, 0x000000008f100000| Untracked 
| 242|0x000000008f200000, 0x000000008f200000, 0x000000008f300000|  0%| F|  |TAMS 0x000000008f200000, 0x000000008f200000| Untracked 
| 243|0x000000008f300000, 0x000000008f300000, 0x000000008f400000|  0%| F|  |TAMS 0x000000008f300000, 0x000000008f300000| Untracked 
| 244|0x000000008f400000, 0x000000008f400000, 0x000000008f500000|  0%| F|  |TAMS 0x000000008f400000, 0x000000008f400000| Untracked 
| 245|0x000000008f500000, 0x000000008f500000, 0x000000008f600000|  0%| F|  |TAMS 0x000000008f500000, 0x000000008f500000| Untracked 
| 246|0x000000008f600000, 0x000000008f600000, 0x000000008f700000|  0%| F|  |TAMS 0x000000008f600000, 0x000000008f600000| Untracked 
| 247|0x000000008f700000, 0x000000008f700000, 0x000000008f800000|  0%| F|  |TAMS 0x000000008f700000, 0x000000008f700000| Untracked 
| 248|0x000000008f800000, 0x000000008f800000, 0x000000008f900000|  0%| F|  |TAMS 0x000000008f800000, 0x000000008f800000| Untracked 
| 249|0x000000008f900000, 0x000000008f900000, 0x000000008fa00000|  0%| F|  |TAMS 0x000000008f900000, 0x000000008f900000| Untracked 
| 250|0x000000008fa00000, 0x000000008fb00000, 0x000000008fb00000|100%| S|CS|TAMS 0x000000008fa00000, 0x000000008fa00000| Complete 
| 251|0x000000008fb00000, 0x000000008fb00000, 0x000000008fc00000|  0%| F|  |TAMS 0x000000008fb00000, 0x000000008fb00000| Untracked 
| 252|0x000000008fc00000, 0x000000008fc00000, 0x000000008fd00000|  0%| F|  |TAMS 0x000000008fc00000, 0x000000008fc00000| Untracked 
| 253|0x000000008fd00000, 0x000000008fd00000, 0x000000008fe00000|  0%| F|  |TAMS 0x000000008fd00000, 0x000000008fd00000| Untracked 
| 254|0x000000008fe00000, 0x000000008fe00000, 0x000000008ff00000|  0%| F|  |TAMS 0x000000008fe00000, 0x000000008fe00000| Untracked 
| 255|0x000000008ff00000, 0x000000008ff00000, 0x0000000090000000|  0%| F|  |TAMS 0x000000008ff00000, 0x000000008ff00000| Untracked 

Card table byte_map: [0x000002e0cde50000,0x000002e0ce250000] _byte_map_base: 0x000002e0cda50000

Marking Bits (Prev, Next): (CMBitMap*) 0x000002e0b9179bb8, (CMBitMap*) 0x000002e0b9179bf0
 Prev Bits: [0x000002e0ce650000, 0x000002e0d0650000)
 Next Bits: [0x000002e0d0650000, 0x000002e0d2650000)

Polling page: 0x000002e0ba9c0000

Metaspace:

Usage:
  Non-class:    100.85 MB capacity,    99.30 MB ( 98%) used,     1.24 MB (  1%) free+waste,   316.94 KB ( <1%) overhead. 
      Class:     15.14 MB capacity,    14.18 MB ( 94%) used,   851.14 KB (  5%) free+waste,   137.63 KB ( <1%) overhead. 
       Both:    115.99 MB capacity,   113.48 MB ( 98%) used,     2.07 MB (  2%) free+waste,   454.56 KB ( <1%) overhead. 

Virtual space:
  Non-class space:      110.00 MB reserved,     100.92 MB ( 92%) committed 
      Class space:        1.00 GB reserved,      15.25 MB (  1%) committed 
             Both:        1.11 GB reserved,     116.17 MB ( 10%) committed 

Chunk freelists:
   Non-Class:  74.00 KB
       Class:  13.00 KB
        Both:  87.00 KB

MaxMetaspaceSize: 17179869184.00 GB
CompressedClassSpaceSize: 1.00 GB
Initial GC threshold: 20.80 MB
Current GC threshold: 182.90 MB
CDS: off

CodeHeap 'non-profiled nmethods': size=120064Kb used=12770Kb max_used=12862Kb free=107293Kb
 bounds [0x000002e0c5ee0000, 0x000002e0c6ba0000, 0x000002e0cd420000]
CodeHeap 'profiled nmethods': size=120000Kb used=34648Kb max_used=35560Kb free=85351Kb
 bounds [0x000002e0be9b0000, 0x000002e0c0c80000, 0x000002e0c5ee0000]
CodeHeap 'non-nmethods': size=5696Kb used=2440Kb max_used=2490Kb free=3255Kb
 bounds [0x000002e0be420000, 0x000002e0be6a0000, 0x000002e0be9b0000]
 total_blobs=16723 nmethods=15752 adapters=883
 compilation: enabled
              stopped_count=0, restarted_count=0
 full_count=0

Compilation events (20 events):
Event: 4024.420 Thread 0x000002e0d557b800 nmethod 16635 0x000002e0beb39e10 code [0x000002e0beb3a000, 0x000002e0beb3a3c8]
Event: 4024.420 Thread 0x000002e0d557b800 16636   !   3       jdk.internal.loader.BuiltinClassLoader::defineClass (162 bytes)
Event: 4024.421 Thread 0x000002e0d557b800 nmethod 16636 0x000002e0bec22110 code [0x000002e0bec22420, 0x000002e0bec23828]
Event: 4024.421 Thread 0x000002e0d557b800 16638       3       jdk.internal.jimage.decompressor.ZipDecompressor::decompress (81 bytes)
Event: 4024.422 Thread 0x000002e0d557b800 nmethod 16638 0x000002e0befd8510 code [0x000002e0befd87c0, 0x000002e0befd9798]
Event: 4024.422 Thread 0x000002e0d557b800 16637       3       jdk.internal.jimage.decompressor.ZipDecompressor::decompress (10 bytes)
Event: 4024.422 Thread 0x000002e0d557b800 nmethod 16637 0x000002e0beade190 code [0x000002e0beade340, 0x000002e0beade468]
Event: 4024.422 Thread 0x000002e0d557b800 16639       3       jdk.internal.module.SystemModuleFinders$SystemModuleReader::release (10 bytes)
Event: 4024.422 Thread 0x000002e0d557b800 nmethod 16639 0x000002e0bf1b0b90 code [0x000002e0bf1b0d80, 0x000002e0bf1b11d8]
Event: 4024.428 Thread 0x000002e0d557b800 16640       3       java.lang.ClassLoader::defineClass (108 bytes)
Event: 4024.429 Thread 0x000002e0d557b800 nmethod 16640 0x000002e0bf1af290 code [0x000002e0bf1af580, 0x000002e0bf1b0518]
Event: 4024.469 Thread 0x000002e0d557b800 16642   !   3       jdk.internal.jimage.BasicImageReader::readBuffer (232 bytes)
Event: 4024.470 Thread 0x000002e0d557b800 nmethod 16642 0x000002e0bea21310 code [0x000002e0bea21680, 0x000002e0bea22bf8]
Event: 4024.470 Thread 0x000002e0d557b800 16643   !   3       jdk.internal.jimage.decompressor.Decompressor::decompressResource (260 bytes)
Event: 4024.472 Thread 0x000002e0d557b800 nmethod 16643 0x000002e0bec3f890 code [0x000002e0bec3fe00, 0x000002e0bec42da8]
Event: 4024.479 Thread 0x000002e0d557a800 16644       4       jdk.internal.loader.BuiltinClassLoader::moduleReaderFor (45 bytes)
Event: 4024.484 Thread 0x000002e0d557a800 nmethod 16644 0x000002e0c5f3b110 code [0x000002e0c5f3b320, 0x000002e0c5f3b790]
Event: 4024.486 Thread 0x000002e0d557a800 16645       4       java.util.TimSort::countRunAndMakeAscending (128 bytes)
Event: 4024.502 Thread 0x000002e0d557a800 nmethod 16645 0x000002e0c5f3a610 code [0x000002e0c5f3a7c0, 0x000002e0c5f3add8]
Event: 4024.502 Thread 0x000002e0d557a800 16646  s    4       jdk.internal.jimage.BasicImageReader::findLocation (115 bytes)

GC Heap History (20 events):
Event: 4010.804 GC heap before
{Heap before GC invocations=38 (full 0):
 garbage-first heap   total 262144K, used 199942K [0x0000000080000000, 0x0000000100000000)
  region size 1024K, 41 young (41984K), 4 survivors (4096K)
 Metaspace       used 106688K, capacity 109274K, committed 109872K, reserved 1144832K
  class space    used 13348K, capacity 14286K, committed 14464K, reserved 1048576K
}
Event: 4010.812 GC heap after
{Heap after GC invocations=39 (full 0):
 garbage-first heap   total 262144K, used 165164K [0x0000000080000000, 0x0000000100000000)
  region size 1024K, 5 young (5120K), 5 survivors (5120K)
 Metaspace       used 106688K, capacity 109274K, committed 109872K, reserved 1144832K
  class space    used 13348K, capacity 14286K, committed 14464K, reserved 1048576K
}
Event: 4010.859 GC heap before
{Heap before GC invocations=39 (full 0):
 garbage-first heap   total 262144K, used 171308K [0x0000000080000000, 0x0000000100000000)
  region size 1024K, 12 young (12288K), 5 survivors (5120K)
 Metaspace       used 106865K, capacity 109434K, committed 109872K, reserved 1144832K
  class space    used 13377K, capacity 14318K, committed 14464K, reserved 1048576K
}
Event: 4010.867 GC heap after
{Heap after GC invocations=40 (full 0):
 garbage-first heap   total 262144K, used 160626K [0x0000000080000000, 0x0000000100000000)
  region size 1024K, 1 young (1024K), 1 survivors (1024K)
 Metaspace       used 106865K, capacity 109434K, committed 109872K, reserved 1144832K
  class space    used 13377K, capacity 14318K, committed 14464K, reserved 1048576K
}
Event: 4011.336 GC heap before
{Heap before GC invocations=40 (full 0):
 garbage-first heap   total 262144K, used 207730K [0x0000000080000000, 0x0000000100000000)
  region size 1024K, 48 young (49152K), 1 survivors (1024K)
 Metaspace       used 108642K, capacity 111195K, committed 111664K, reserved 1146880K
  class space    used 13609K, capacity 14542K, committed 14720K, reserved 1048576K
}
Event: 4011.341 GC heap after
{Heap after GC invocations=41 (full 0):
 garbage-first heap   total 262144K, used 162025K [0x0000000080000000, 0x0000000100000000)
  region size 1024K, 3 young (3072K), 3 survivors (3072K)
 Metaspace       used 108642K, capacity 111195K, committed 111664K, reserved 1146880K
  class space    used 13609K, capacity 14542K, committed 14720K, reserved 1048576K
}
Event: 4011.898 GC heap before
{Heap before GC invocations=42 (full 0):
 garbage-first heap   total 262144K, used 211177K [0x0000000080000000, 0x0000000100000000)
  region size 1024K, 52 young (53248K), 3 survivors (3072K)
 Metaspace       used 109907K, capacity 112479K, committed 113072K, reserved 1146880K
  class space    used 13747K, capacity 14670K, committed 14848K, reserved 1048576K
}
Event: 4011.905 GC heap after
{Heap after GC invocations=43 (full 0):
 garbage-first heap   total 262144K, used 165513K [0x0000000080000000, 0x0000000100000000)
  region size 1024K, 6 young (6144K), 6 survivors (6144K)
 Metaspace       used 109907K, capacity 112479K, committed 113072K, reserved 1146880K
  class space    used 13747K, capacity 14670K, committed 14848K, reserved 1048576K
}
Event: 4012.571 GC heap before
{Heap before GC invocations=43 (full 0):
 garbage-first heap   total 262144K, used 213641K [0x0000000080000000, 0x0000000100000000)
  region size 1024K, 54 young (55296K), 6 survivors (6144K)
 Metaspace       used 110339K, capacity 112866K, committed 113328K, reserved 1148928K
  class space    used 13799K, capacity 14715K, committed 14848K, reserved 1048576K
}
Event: 4012.580 GC heap after
{Heap after GC invocations=44 (full 0):
 garbage-first heap   total 262144K, used 168231K [0x0000000080000000, 0x0000000100000000)
  region size 1024K, 3 young (3072K), 3 survivors (3072K)
 Metaspace       used 110339K, capacity 112866K, committed 113328K, reserved 1148928K
  class space    used 13799K, capacity 14715K, committed 14848K, reserved 1048576K
}
Event: 4021.940 GC heap before
{Heap before GC invocations=44 (full 0):
 garbage-first heap   total 262144K, used 216359K [0x0000000080000000, 0x0000000100000000)
  region size 1024K, 51 young (52224K), 3 survivors (3072K)
 Metaspace       used 111190K, capacity 113684K, committed 114224K, reserved 1148928K
  class space    used 13888K, capacity 14816K, committed 14976K, reserved 1048576K
}
Event: 4021.950 GC heap after
{Heap after GC invocations=45 (full 0):
 garbage-first heap   total 262144K, used 174487K [0x0000000080000000, 0x0000000100000000)
  region size 1024K, 7 young (7168K), 7 survivors (7168K)
 Metaspace       used 111190K, capacity 113684K, committed 114224K, reserved 1148928K
  class space    used 13888K, capacity 14816K, committed 14976K, reserved 1048576K
}
Event: 4022.728 GC heap before
{Heap before GC invocations=45 (full 0):
 garbage-first heap   total 262144K, used 218519K [0x0000000080000000, 0x0000000100000000)
  region size 1024K, 51 young (52224K), 7 survivors (7168K)
 Metaspace       used 111507K, capacity 114076K, committed 114480K, reserved 1148928K
  class space    used 13924K, capacity 14861K, committed 14976K, reserved 1048576K
}
Event: 4022.735 GC heap after
{Heap after GC invocations=46 (full 0):
 garbage-first heap   total 262144K, used 176066K [0x0000000080000000, 0x0000000100000000)
  region size 1024K, 2 young (2048K), 2 survivors (2048K)
 Metaspace       used 111507K, capacity 114076K, committed 114480K, reserved 1148928K
  class space    used 13924K, capacity 14861K, committed 14976K, reserved 1048576K
}
Event: 4023.221 GC heap before
{Heap before GC invocations=46 (full 0):
 garbage-first heap   total 262144K, used 219074K [0x0000000080000000, 0x0000000100000000)
  region size 1024K, 45 young (46080K), 2 survivors (2048K)
 Metaspace       used 112302K, capacity 114898K, committed 115248K, reserved 1148928K
  class space    used 14000K, capacity 14942K, committed 14976K, reserved 1048576K
}
Event: 4023.228 GC heap after
{Heap after GC invocations=47 (full 0):
 garbage-first heap   total 262144K, used 179516K [0x0000000080000000, 0x0000000100000000)
  region size 1024K, 5 young (5120K), 5 survivors (5120K)
 Metaspace       used 112302K, capacity 114898K, committed 115248K, reserved 1148928K
  class space    used 14000K, capacity 14942K, committed 14976K, reserved 1048576K
}
Event: 4024.490 GC heap before
{Heap before GC invocations=47 (full 0):
 garbage-first heap   total 262144K, used 221500K [0x0000000080000000, 0x0000000100000000)
  region size 1024K, 47 young (48128K), 5 survivors (5120K)
 Metaspace       used 115142K, capacity 117731K, committed 118064K, reserved 1153024K
  class space    used 14376K, capacity 15371K, committed 15488K, reserved 1048576K
}
Event: 4024.501 GC heap after
{Heap after GC invocations=48 (full 0):
 garbage-first heap   total 262144K, used 185931K [0x0000000080000000, 0x0000000100000000)
  region size 1024K, 6 young (6144K), 6 survivors (6144K)
 Metaspace       used 115142K, capacity 117731K, committed 118064K, reserved 1153024K
  class space    used 14376K, capacity 15371K, committed 15488K, reserved 1048576K
}
Event: 4024.573 GC heap before
{Heap before GC invocations=48 (full 0):
 garbage-first heap   total 262144K, used 189003K [0x0000000080000000, 0x0000000100000000)
  region size 1024K, 11 young (11264K), 6 survivors (6144K)
 Metaspace       used 116198K, capacity 118777K, committed 118960K, reserved 1159168K
  class space    used 14518K, capacity 15507K, committed 15616K, reserved 1048576K
}
Event: 4024.580 GC heap after
{Heap after GC invocations=49 (full 0):
 garbage-first heap   total 262144K, used 187224K [0x0000000080000000, 0x0000000100000000)
  region size 1024K, 1 young (1024K), 1 survivors (1024K)
 Metaspace       used 116198K, capacity 118777K, committed 118960K, reserved 1159168K
  class space    used 14518K, capacity 15507K, committed 15616K, reserved 1048576K
}

Deoptimization events (20 events):
Event: 4024.204 Thread 0x000002e0e06ca000 Uncommon trap: trap_request=0xffffff4d fr.pc=0x000002e0c6ab47ec relative=0x00000000000025ac
Event: 4024.204 Thread 0x000002e0e06ca000 Uncommon trap: reason=unstable_if action=reinterpret pc=0x000002e0c6ab47ec method=java.util.regex.Pattern.split(Ljava/lang/CharSequence;I)[Ljava/lang/String; @ 230 c2
Event: 4024.204 Thread 0x000002e0e06ca000 DEOPT PACKING pc=0x000002e0c6ab47ec sp=0x000000eee69f9350
Event: 4024.204 Thread 0x000002e0e06ca000 DEOPT UNPACKING pc=0x000002e0be46a1af sp=0x000000eee69f9368 mode 2
Event: 4024.342 Thread 0x000002e0e06ca000 Uncommon trap: trap_request=0xffffffbe fr.pc=0x000002e0c616ed10 relative=0x00000000000004d0
Event: 4024.343 Thread 0x000002e0e06ca000 Uncommon trap: reason=profile_predicate action=maybe_recompile pc=0x000002e0c616ed10 method=sun.nio.fs.WindowsPath.hashCode()I @ 19 c2
Event: 4024.343 Thread 0x000002e0e06ca000 DEOPT PACKING pc=0x000002e0c616ed10 sp=0x000000eee69f9530
Event: 4024.343 Thread 0x000002e0e06ca000 DEOPT UNPACKING pc=0x000002e0be46a1af sp=0x000000eee69f94c0 mode 2
Event: 4024.343 Thread 0x000002e0e06ca000 Uncommon trap: trap_request=0xffffffbe fr.pc=0x000002e0c616ed10 relative=0x00000000000004d0
Event: 4024.343 Thread 0x000002e0e06ca000 Uncommon trap: reason=profile_predicate action=maybe_recompile pc=0x000002e0c616ed10 method=sun.nio.fs.WindowsPath.hashCode()I @ 19 c2
Event: 4024.343 Thread 0x000002e0e06ca000 DEOPT PACKING pc=0x000002e0c616ed10 sp=0x000000eee69f9530
Event: 4024.343 Thread 0x000002e0e06ca000 DEOPT UNPACKING pc=0x000002e0be46a1af sp=0x000000eee69f94c0 mode 2
Event: 4024.344 Thread 0x000002e0e06ca000 Uncommon trap: trap_request=0xffffffbe fr.pc=0x000002e0c616ed10 relative=0x00000000000004d0
Event: 4024.344 Thread 0x000002e0e06ca000 Uncommon trap: reason=profile_predicate action=maybe_recompile pc=0x000002e0c616ed10 method=sun.nio.fs.WindowsPath.hashCode()I @ 19 c2
Event: 4024.344 Thread 0x000002e0e06ca000 DEOPT PACKING pc=0x000002e0c616ed10 sp=0x000000eee69f9530
Event: 4024.344 Thread 0x000002e0e06ca000 DEOPT UNPACKING pc=0x000002e0be46a1af sp=0x000000eee69f94c0 mode 2
Event: 4024.346 Thread 0x000002e0e06ca000 Uncommon trap: trap_request=0xffffffbe fr.pc=0x000002e0c616ed10 relative=0x00000000000004d0
Event: 4024.346 Thread 0x000002e0e06ca000 Uncommon trap: reason=profile_predicate action=maybe_recompile pc=0x000002e0c616ed10 method=sun.nio.fs.WindowsPath.hashCode()I @ 19 c2
Event: 4024.346 Thread 0x000002e0e06ca000 DEOPT PACKING pc=0x000002e0c616ed10 sp=0x000000eee69f9530
Event: 4024.346 Thread 0x000002e0e06ca000 DEOPT UNPACKING pc=0x000002e0be46a1af sp=0x000000eee69f94c0 mode 2

Classes redefined (0 events):
No events

Internal exceptions (20 events):
Event: 4009.732 Thread 0x000002e0e06ca000 Implicit null exception at 0x000002e0c641fc37 to 0x000002e0c641ffbc
Event: 4010.109 Thread 0x000002e0e06ca000 Exception <a 'java/lang/NoSuchMethodError'{0x000000008e578928}: <clinit>> (0x000000008e578928) thrown at [./src/hotspot/share/prims/jni.cpp, line 1366]
Event: 4010.110 Thread 0x000002e0e06ca000 Exception <a 'java/lang/NoSuchMethodError'{0x000000008e579f18}: <clinit>> (0x000000008e579f18) thrown at [./src/hotspot/share/prims/jni.cpp, line 1366]
Event: 4010.110 Thread 0x000002e0e06ca000 Exception <a 'java/lang/NoSuchMethodError'{0x000000008e57cb18}: <clinit>> (0x000000008e57cb18) thrown at [./src/hotspot/share/prims/jni.cpp, line 1366]
Event: 4010.111 Thread 0x000002e0e06ca000 Exception <a 'java/lang/NoSuchMethodError'{0x000000008e594bc0}: <clinit>> (0x000000008e594bc0) thrown at [./src/hotspot/share/prims/jni.cpp, line 1366]
Event: 4010.111 Thread 0x000002e0e06ca000 Exception <a 'java/lang/NoSuchMethodError'{0x000000008e595df8}: <clinit>> (0x000000008e595df8) thrown at [./src/hotspot/share/prims/jni.cpp, line 1366]
Event: 4010.672 Thread 0x000002e0e06ca000 Exception <a 'java/lang/NoSuchMethodError'{0x000000008e7d8e20}: <clinit>> (0x000000008e7d8e20) thrown at [./src/hotspot/share/prims/jni.cpp, line 1366]
Event: 4010.681 Thread 0x000002e0e06ca000 Exception <a 'java/lang/NoSuchMethodError'{0x000000008e625d58}: <clinit>> (0x000000008e625d58) thrown at [./src/hotspot/share/prims/jni.cpp, line 1366]
Event: 4010.682 Thread 0x000002e0e06ca000 Exception <a 'java/lang/NoSuchMethodError'{0x000000008e6384e8}: <clinit>> (0x000000008e6384e8) thrown at [./src/hotspot/share/prims/jni.cpp, line 1366]
Event: 4012.176 Thread 0x000002e0e06cd800 Exception <a 'java/lang/NoSuchMethodError'{0x000000008f6d5520}: 'void java.lang.invoke.DirectMethodHandle$Holder.invokeStatic(java.lang.Object, long)'> (0x000000008f6d5520) thrown at [./src/hotspot/share/interpreter/linkResolver.cpp, line 773]
Event: 4012.177 Thread 0x000002e0e06cd800 Exception <a 'java/lang/NoSuchMethodError'{0x000000008f6da9e0}: 'java.lang.Object java.lang.invoke.DirectMethodHandle$Holder.invokeStatic(java.lang.Object, long)'> (0x000000008f6da9e0) thrown at [./src/hotspot/share/interpreter/linkResolver.cpp, line 773]
Event: 4012.177 Thread 0x000002e0e06cd800 Exception <a 'java/lang/NoSuchMethodError'{0x000000008f6e0d60}: 'java.lang.Object java.lang.invoke.Invokers$Holder.linkToTargetMethod(long, java.lang.Object)'> (0x000000008f6e0d60) thrown at [./src/hotspot/share/interpreter/linkResolver.cpp, line 773]
Event: 4012.178 Thread 0x000002e0e06cd800 Exception <a 'java/lang/NoSuchMethodError'{0x000000008f6e9348}: 'java.lang.Object java.lang.invoke.DirectMethodHandle$Holder.invokeStaticInit(java.lang.Object, java.lang.Object, long, java.lang.Object)'> (0x000000008f6e9348) thrown at [./src/hotspot/share/interpreter/linkResolver.cpp, line 773]
Event: 4012.178 Thread 0x000002e0e06cd800 Exception <a 'java/lang/NoSuchMethodError'{0x000000008f6ef4e0}: 'java.lang.Object java.lang.invoke.DirectMethodHandle$Holder.invokeStatic(java.lang.Object, java.lang.Object, long)'> (0x000000008f6ef4e0) thrown at [./src/hotspot/share/interpreter/linkResolver.cpp, line 773]
Event: 4012.179 Thread 0x000002e0e06cd800 Exception <a 'java/lang/NoSuchMethodError'{0x000000008f6f5a58}: 'java.lang.Object java.lang.invoke.Invokers$Holder.linkToTargetMethod(java.lang.Object, long, java.lang.Object)'> (0x000000008f6f5a58) thrown at [./src/hotspot/share/interpreter/linkResolver.cpp, line 773]
Event: 4021.870 Thread 0x000002e0e06cd800 Exception <a 'sun/nio/fs/WindowsException'{0x000000008d65d818}> (0x000000008d65d818) thrown at [./src/hotspot/share/prims/jni.cpp, line 616]
Event: 4021.870 Thread 0x000002e0e06cd800 Exception <a 'sun/nio/fs/WindowsException'{0x000000008d65d900}> (0x000000008d65d900) thrown at [./src/hotspot/share/prims/jni.cpp, line 616]
Event: 4024.418 Thread 0x000002e0e06ca000 Exception <a 'sun/nio/fs/WindowsException'{0x000000008da4e3d0}> (0x000000008da4e3d0) thrown at [./src/hotspot/share/prims/jni.cpp, line 616]
Event: 4024.420 Thread 0x000002e0e06ca000 Exception <a 'java/lang/NoSuchMethodError'{0x000000008da5a640}: 'java.lang.Object java.lang.invoke.Invokers$Holder.linkToTargetMethod(java.lang.Object, java.lang.Object, java.lang.Object, int, int, java.lang.Object)'> (0x000000008da5a640) thrown at [./src/hotspot/share/interpreter/linkResolver.cpp, line 773]
Event: 4024.434 Thread 0x000002e0e06ca000 Exception <a 'java/lang/NoSuchMethodError'{0x000000008daa8448}: 'void java.lang.invoke.DirectMethodHandle$Holder.invokeVirtual(java.lang.Object, java.lang.Object, java.lang.Object, java.lang.Object)'> (0x000000008daa8448) thrown at [./src/hotspot/share/interpreter/linkResolver.cpp, line 773]

Events (20 events):
Event: 4024.553 loading class com/sun/tools/javac/code/Symbol done
Event: 4024.553 loading class com/sun/tools/javac/code/Symbol
Event: 4024.553 loading class com/sun/tools/javac/code/Symbol done
Event: 4024.553 loading class com/sun/tools/javac/util/Filter
Event: 4024.553 loading class com/sun/tools/javac/util/Filter done
Event: 4024.566 loading class com/sun/tools/javac/comp/Env
Event: 4024.566 loading class com/sun/tools/javac/comp/Env done
Event: 4024.566 loading class com/sun/tools/javac/comp/Env
Event: 4024.566 loading class com/sun/tools/javac/comp/Env done
Event: 4024.567 loading class com/sun/tools/javac/comp/Resolve$RecoveryLoadClass
Event: 4024.567 loading class com/sun/tools/javac/comp/Resolve$RecoveryLoadClass done
Event: 4024.567 loading class com/sun/tools/javac/comp/Env
Event: 4024.567 loading class com/sun/tools/javac/comp/Env done
Event: 4024.567 loading class com/sun/tools/javac/comp/Resolve
Event: 4024.567 loading class com/sun/tools/javac/comp/Resolve done
Event: 4024.568 loading class com/sun/tools/javac/comp/Env
Event: 4024.568 loading class com/sun/tools/javac/comp/Env done
Event: 4024.568 loading class com/sun/tools/javac/comp/Resolve
Event: 4024.568 loading class com/sun/tools/javac/comp/Resolve done
Event: 4024.573 Executing VM operation: CollectForMetadataAllocation


Dynamic libraries:
0x00007ff785c70000 - 0x00007ff785c7a000 	C:\Program Files\Android\Android Studio\jre\bin\java.exe
0x00007fff62d30000 - 0x00007fff62f28000 	C:\WINDOWS\SYSTEM32\ntdll.dll
0x00007fff62b90000 - 0x00007fff62c4f000 	C:\WINDOWS\System32\KERNEL32.DLL
0x00007fff60780000 - 0x00007fff60a52000 	C:\WINDOWS\System32\KERNELBASE.dll
0x00007fff5dc90000 - 0x00007fff5dd20000 	C:\WINDOWS\SYSTEM32\apphelp.dll
0x00007fff60a60000 - 0x00007fff60b60000 	C:\WINDOWS\System32\ucrtbase.dll
0x00007fff51ae0000 - 0x00007fff51af7000 	C:\Program Files\Android\Android Studio\jre\bin\VCRUNTIME140.dll
0x00007fff51a50000 - 0x00007fff51a69000 	C:\Program Files\Android\Android Studio\jre\bin\jli.dll
0x00007fff610a0000 - 0x00007fff61241000 	C:\WINDOWS\System32\USER32.dll
0x00007fff60420000 - 0x00007fff60442000 	C:\WINDOWS\System32\win32u.dll
0x00007fff61380000 - 0x00007fff613ab000 	C:\WINDOWS\System32\GDI32.dll
0x00007fff60b60000 - 0x00007fff60c6f000 	C:\WINDOWS\System32\gdi32full.dll
0x00007fff60510000 - 0x00007fff605ad000 	C:\WINDOWS\System32\msvcp_win.dll
0x00007fff42080000 - 0x00007fff4231a000 	C:\WINDOWS\WinSxS\amd64_microsoft.windows.common-controls_6595b64144ccf1df_6.0.19041.1110_none_60b5254171f9507e\COMCTL32.dll
0x00007fff626e0000 - 0x00007fff6277e000 	C:\WINDOWS\System32\msvcrt.dll
0x00007fff613b0000 - 0x00007fff613e2000 	C:\WINDOWS\System32\IMM32.DLL
0x00007fff21990000 - 0x00007fff21a2d000 	C:\Program Files\Android\Android Studio\jre\bin\msvcp140.dll
0x00007fff19350000 - 0x00007fff19e52000 	C:\Program Files\Android\Android Studio\jre\bin\server\jvm.dll
0x00007fff628d0000 - 0x00007fff6297e000 	C:\WINDOWS\System32\ADVAPI32.dll
0x00007fff62c50000 - 0x00007fff62cec000 	C:\WINDOWS\System32\sechost.dll
0x00007fff60d80000 - 0x00007fff60ea5000 	C:\WINDOWS\System32\RPCRT4.dll
0x00007fff60fe0000 - 0x00007fff60fe8000 	C:\WINDOWS\System32\PSAPI.DLL
0x00007fff5db30000 - 0x00007fff5db39000 	C:\WINDOWS\SYSTEM32\WSOCK32.dll
0x00007fff584d0000 - 0x00007fff584f7000 	C:\WINDOWS\SYSTEM32\WINMM.dll
0x00007fff62860000 - 0x00007fff628cb000 	C:\WINDOWS\System32\WS2_32.dll
0x00007fff5a5b0000 - 0x00007fff5a5ba000 	C:\WINDOWS\SYSTEM32\VERSION.dll
0x00007fff5e300000 - 0x00007fff5e312000 	C:\WINDOWS\SYSTEM32\kernel.appcore.dll
0x00007fff5d570000 - 0x00007fff5d581000 	C:\Program Files\Android\Android Studio\jre\bin\verify.dll
0x00007fff55510000 - 0x00007fff556f4000 	C:\WINDOWS\SYSTEM32\DBGHELP.DLL
0x00007fff4a6c0000 - 0x00007fff4a6f5000 	C:\WINDOWS\SYSTEM32\dbgcore.DLL
0x00007fff60480000 - 0x00007fff60502000 	C:\WINDOWS\System32\bcryptPrimitives.dll
0x00007fff5b2d0000 - 0x00007fff5b2f9000 	C:\Program Files\Android\Android Studio\jre\bin\java.dll
0x00007fff5d480000 - 0x00007fff5d48b000 	C:\Program Files\Android\Android Studio\jre\bin\jimage.dll
0x00007fff5b290000 - 0x00007fff5b2a8000 	C:\Program Files\Android\Android Studio\jre\bin\zip.dll
0x00007fff61860000 - 0x00007fff61fa5000 	C:\WINDOWS\System32\SHELL32.dll
0x00007fff5e500000 - 0x00007fff5ec92000 	C:\WINDOWS\SYSTEM32\windows.storage.dll
0x00007fff62320000 - 0x00007fff62675000 	C:\WINDOWS\System32\combase.dll
0x00007fff5fe80000 - 0x00007fff5feb0000 	C:\WINDOWS\SYSTEM32\Wldp.dll
0x00007fff60ff0000 - 0x00007fff6109d000 	C:\WINDOWS\System32\SHCORE.dll
0x00007fff62b30000 - 0x00007fff62b85000 	C:\WINDOWS\System32\shlwapi.dll
0x00007fff60360000 - 0x00007fff6037f000 	C:\WINDOWS\SYSTEM32\profapi.dll
0x00007fff5b270000 - 0x00007fff5b28a000 	C:\Program Files\Android\Android Studio\jre\bin\net.dll
0x00007fff59960000 - 0x00007fff59a6c000 	C:\WINDOWS\SYSTEM32\WINHTTP.dll
0x00007fff5fbe0000 - 0x00007fff5fc4a000 	C:\WINDOWS\system32\mswsock.dll
0x00007fff57d80000 - 0x00007fff57d94000 	C:\Program Files\Android\Android Studio\jre\bin\nio.dll
0x00007fff52a40000 - 0x00007fff52a67000 	C:\Users\babyu\.gradle\native\e1d6ef7f7dcc3fd88c89a11ec53ec762bb8ba0a96d01ffa2cd45eb1d1d8dd5c5\windows-amd64\native-platform.dll
0x00007ffef12e0000 - 0x00007ffef1424000 	C:\Users\babyu\.gradle\native\0d407fdbe67a94daf76414ababcb853783967236a71b16ec16e742cd7a986fd3\windows-amd64\native-platform-file-events.dll
0x00007fff5b2c0000 - 0x00007fff5b2ca000 	C:\Program Files\Android\Android Studio\jre\bin\management.dll
0x00007fff57d70000 - 0x00007fff57d7d000 	C:\Program Files\Android\Android Studio\jre\bin\management_ext.dll
0x00007fff5fde0000 - 0x00007fff5fdf8000 	C:\WINDOWS\SYSTEM32\CRYPTSP.dll
0x00007fff5f490000 - 0x00007fff5f4c4000 	C:\WINDOWS\system32\rsaenh.dll
0x00007fff60450000 - 0x00007fff60477000 	C:\WINDOWS\System32\bcrypt.dll
0x00007fff602e0000 - 0x00007fff6030e000 	C:\WINDOWS\SYSTEM32\USERENV.dll
0x00007fff5fdd0000 - 0x00007fff5fddc000 	C:\WINDOWS\SYSTEM32\CRYPTBASE.dll
0x00007fff5f880000 - 0x00007fff5f8bb000 	C:\WINDOWS\SYSTEM32\IPHLPAPI.DLL
0x00007fff61370000 - 0x00007fff61378000 	C:\WINDOWS\System32\NSI.dll
0x00007fff5a910000 - 0x00007fff5a927000 	C:\WINDOWS\SYSTEM32\dhcpcsvc6.DLL
0x00007fff5a8f0000 - 0x00007fff5a90d000 	C:\WINDOWS\SYSTEM32\dhcpcsvc.DLL
0x00007fff5f8c0000 - 0x00007fff5f98b000 	C:\WINDOWS\SYSTEM32\DNSAPI.dll

dbghelp: loaded successfully - version: 4.0.5 - missing functions: none
symbol engine: initialized successfully - sym options: 0x614 - pdb path: .;C:\Program Files\Android\Android Studio\jre\bin;C:\WINDOWS\SYSTEM32;C:\WINDOWS\WinSxS\amd64_microsoft.windows.common-controls_6595b64144ccf1df_6.0.19041.1110_none_60b5254171f9507e;C:\Program Files\Android\Android Studio\jre\bin\server;C:\Users\babyu\.gradle\native\e1d6ef7f7dcc3fd88c89a11ec53ec762bb8ba0a96d01ffa2cd45eb1d1d8dd5c5\windows-amd64;C:\Users\babyu\.gradle\native\0d407fdbe67a94daf76414ababcb853783967236a71b16ec16e742cd7a986fd3\windows-amd64

VM Arguments:
jvm_args: --add-opens=java.base/java.util=ALL-UNNAMED --add-opens=java.base/java.lang=ALL-UNNAMED --add-opens=java.base/java.lang.invoke=ALL-UNNAMED --add-opens=java.base/java.util=ALL-UNNAMED --add-opens=java.prefs/java.util.prefs=ALL-UNNAMED --add-opens=java.prefs/java.util.prefs=ALL-UNNAMED --add-opens=java.base/java.nio.charset=ALL-UNNAMED --add-opens=java.base/java.net=ALL-UNNAMED --add-opens=java.base/java.util.concurrent.atomic=ALL-UNNAMED -Xmx2048m -Dfile.encoding=UTF-8 -Duser.country=US -Duser.language=en -Duser.variant 
java_command: org.gradle.launcher.daemon.bootstrap.GradleDaemon 7.4
java_class_path (initial): C:\Users\babyu\.gradle\wrapper\dists\gradle-7.4-bin\c0gwcg53nkjbqw7r0h0umtfvt\gradle-7.4\lib\gradle-launcher-7.4.jar
Launcher Type: SUN_STANDARD

[Global flags]
     intx CICompilerCount                          = 3                                         {product} {ergonomic}
     uint ConcGCThreads                            = 1                                         {product} {ergonomic}
     uint G1ConcRefinementThreads                  = 4                                         {product} {ergonomic}
   size_t G1HeapRegionSize                         = 1048576                                   {product} {ergonomic}
    uintx GCDrainStackTargetSize                   = 64                                        {product} {ergonomic}
   size_t InitialHeapSize                          = 268435456                                 {product} {ergonomic}
   size_t MarkStackSize                            = 4194304                                   {product} {ergonomic}
   size_t MaxHeapSize                              = 2147483648                                {product} {command line}
   size_t MaxNewSize                               = 1287651328                                {product} {ergonomic}
   size_t MinHeapDeltaBytes                        = 1048576                                   {product} {ergonomic}
    uintx NonNMethodCodeHeapSize                   = 5830732                                {pd product} {ergonomic}
    uintx NonProfiledCodeHeapSize                  = 122913754                              {pd product} {ergonomic}
    uintx ProfiledCodeHeapSize                     = 122913754                              {pd product} {ergonomic}
    uintx ReservedCodeCacheSize                    = 251658240                              {pd product} {ergonomic}
     bool SegmentedCodeCache                       = true                                      {product} {ergonomic}
     bool UseCompressedClassPointers               = true                                 {lp64_product} {ergonomic}
     bool UseCompressedOops                        = true                                 {lp64_product} {ergonomic}
     bool UseG1GC                                  = true                                      {product} {ergonomic}
     bool UseLargePagesIndividualAllocation        = false                                  {pd product} {ergonomic}

Logging:
Log output configuration:
 #0: stdout all=warning uptime,level,tags
 #1: stderr all=off uptime,level,tags

Environment Variables:
JAVA_HOME=C:\Program Files\Eclipse Adoptium\jdk-8.0.332.9-hotspot\
PATH=C:\Program Files (x86)\Common Files\Oracle\Java\javapath;C:\Program Files\Common Files\Oracle\Java\javapath;C:\Python27\;C:\Python27\Scripts;C:\Program Files\Eclipse Adoptium\jdk-8.0.332.9-hotspot\bin;C:\WINDOWS\system32;C:\WINDOWS;C:\WINDOWS\System32\Wbem;C:\WINDOWS\System32\WindowsPowerShell\v1.0\;C:\WINDOWS\System32\OpenSSH\;C:\Program Files\NVIDIA Corporation\NVIDIA NvDLISR;C:\Program Files (x86)\NVIDIA Corporation\PhysX\Common;C:\Program Files\Microsoft SQL Server\130\Tools\Binn\;C:\Program Files\Microsoft SQL Server\Client SDK\ODBC\170\Tools\Binn\;C:\Program Files (x86)\Microsoft SQL Server\150\DTS\Binn\;C:\Program Files\Azure Data Studio\bin;C:\Program Files (x86)\Microsoft SQL Server\150\Tools\Binn\;C:\Program Files\Microsoft SQL Server\150\Tools\Binn\;C:\Program Files\Microsoft SQL Server\150\DTS\Binn\;C:\Program Files\MongoDB\Server\5.0\bin;C:\Program Files\dotnet\;C:\Users\babyu\AppData\Local\Microsoft\WindowsApps;C:\Users\babyu\.dotnet\tools
USERNAME=babyu
OS=Windows_NT
PROCESSOR_IDENTIFIER=Intel64 Family 6 Model 58 Stepping 9, GenuineIntel



---------------  S Y S T E M  ---------------

OS: Windows 10 , 64 bit Build 19041 (10.0.19041.2546)
OS uptime: 3 days 16:12 hours

CPU:total 4 (initial active 4) (4 cores per cpu, 1 threads per core) family 6 model 58 stepping 9 microcode 0x21, cmov, cx8, fxsr, mmx, sse, sse2, sse3, ssse3, sse4.1, sse4.2, popcnt, avx, aes, clmul, erms, tsc, tscinvbit, tscinv

Memory: 4k page, system-wide physical 16332M (2158M free)
TotalPageFile size 24524M (AvailPageFile size 2M)
current process WorkingSet (physical memory assigned to process): 485M, peak: 572M
current process commit charge ("private bytes"): 616M, peak: 618M

vm_info: OpenJDK 64-Bit Server VM (11.0.13+0-b1751.21-8125866) for windows-amd64 JRE (11.0.13+0-b1751.21-8125866), built on Feb  2 2022 03:00:22 by "builder" with MS VC++ 14.0 (VS2015)

END.
